[ 30%] Built target i2c_interface_node
[ 46%] Built target gmock_main
[ 69%] Built target gmock
[100%] Built target i2c_interface_test
-- Install configuration: ""
-- Execute custom install script
-- Up-to-date symlink: /home/jetpack/SEAME-Cluster-24-25/JetRacer/install/i2c_interface/lib/i2c_interface/i2c_interface_node
-- Up-to-date symlink: /home/jetpack/SEAME-Cluster-24-25/JetRacer/install/i2c_interface/share/ament_index/resource_index/package_run_dependencies/i2c_interface
-- Up-to-date symlink: /home/jetpack/SEAME-Cluster-24-25/JetRacer/install/i2c_interface/share/ament_index/resource_index/parent_prefix_path/i2c_interface
-- Up-to-date symlink: /home/jetpack/SEAME-Cluster-24-25/JetRacer/install/i2c_interface/share/i2c_interface/environment/ament_prefix_path.sh
-- Up-to-date symlink: /home/jetpack/SEAME-Cluster-24-25/JetRacer/install/i2c_interface/share/i2c_interface/environment/ament_prefix_path.dsv
-- Up-to-date symlink: /home/jetpack/SEAME-Cluster-24-25/JetRacer/install/i2c_interface/share/i2c_interface/environment/path.sh
-- Up-to-date symlink: /home/jetpack/SEAME-Cluster-24-25/JetRacer/install/i2c_interface/share/i2c_interface/environment/path.dsv
-- Up-to-date symlink: /home/jetpack/SEAME-Cluster-24-25/JetRacer/install/i2c_interface/share/i2c_interface/local_setup.bash
-- Up-to-date symlink: /home/jetpack/SEAME-Cluster-24-25/JetRacer/install/i2c_interface/share/i2c_interface/local_setup.sh
-- Up-to-date symlink: /home/jetpack/SEAME-Cluster-24-25/JetRacer/install/i2c_interface/share/i2c_interface/local_setup.zsh
-- Up-to-date symlink: /home/jetpack/SEAME-Cluster-24-25/JetRacer/install/i2c_interface/share/i2c_interface/local_setup.dsv
-- Symlinking: /home/jetpack/SEAME-Cluster-24-25/JetRacer/install/i2c_interface/share/i2c_interface/package.dsv
-- Up-to-date symlink: /home/jetpack/SEAME-Cluster-24-25/JetRacer/install/i2c_interface/share/ament_index/resource_index/packages/i2c_interface
-- Up-to-date symlink: /home/jetpack/SEAME-Cluster-24-25/JetRacer/install/i2c_interface/share/i2c_interface/cmake/i2c_interfaceConfig.cmake
-- Up-to-date symlink: /home/jetpack/SEAME-Cluster-24-25/JetRacer/install/i2c_interface/share/i2c_interface/cmake/i2c_interfaceConfig-version.cmake
-- Up-to-date symlink: /home/jetpack/SEAME-Cluster-24-25/JetRacer/install/i2c_interface/share/i2c_interface/package.xml
