-- The C compiler identification is GNU 13.3.0
-- The CXX compiler identification is GNU 13.3.0
-- Detecting C compiler ABI info
-- Detecting C compiler ABI info - done
-- Check for working C compiler: /usr/bin/cc - skipped
-- Detecting C compile features
-- Detecting C compile features - done
-- Detecting CXX compiler ABI info
-- Detecting CXX compiler ABI info - done
-- Check for working CXX compiler: /usr/bin/c++ - skipped
-- Detecting CXX compile features
-- Detecting CXX compile features - done
-- Found ament_cmake: 2.5.2 (/opt/ros/jazzy/share/ament_cmake/cmake)
-- Found Python3: /usr/bin/python3 (found version "3.12.3") found components: Interpreter 
-- Override CMake install command with custom implementation using symlinks instead of copying resources
-- Found rosidl_default_generators: 1.6.0 (/opt/ros/jazzy/share/rosidl_default_generators/cmake)
-- Using all available rosidl_typesupport_c: rosidl_typesupport_fastrtps_c;rosidl_typesupport_introspection_c
-- Using all available rosidl_typesupport_cpp: rosidl_typesupport_fastrtps_cpp;rosidl_typesupport_introspection_cpp
-- Found rosidl_adapter: 4.6.4 (/opt/ros/jazzy/share/rosidl_adapter/cmake)
-- Found ament_cmake_ros: 0.12.0 (/opt/ros/jazzy/share/ament_cmake_ros/cmake)
-- Using all available rosidl_typesupport_c: rosidl_typesupport_fastrtps_c;rosidl_typesupport_introspection_c
-- Using all available rosidl_typesupport_cpp: rosidl_typesupport_fastrtps_cpp;rosidl_typesupport_introspection_cpp
-- Found python_cmake_module: 0.11.1 (/opt/ros/jazzy/share/python_cmake_module/cmake)
-- Found PythonExtra: /usr/bin/python3  
-- Found Python3: /usr/bin/python3 (found version "3.12.3") found components: Interpreter Development NumPy Development.Module Development.Embed 
-- Configuring done (26.4s)
-- Generating done (0.7s)
-- Build files have been written to: /home/jetpack/SEAME-Cluster-24-25/JetRacer/build/custom_msgs
[  1%] [34m[1mGenerating type hashes for ROS interfaces[0m
[  1%] Built target ament_cmake_python_symlink_custom_msgs
[  1%] Built target custom_msgs__rosidl_generator_type_description
[  3%] [34m[1mGenerating C code for ROS interfaces[0m
[  4%] [34m[1mGenerating C++ code for ROS interfaces[0m
running egg_info
creating custom_msgs.egg-info
writing custom_msgs.egg-info/PKG-INFO
writing dependency_links to custom_msgs.egg-info/dependency_links.txt
writing top-level names to custom_msgs.egg-info/top_level.txt
writing manifest file 'custom_msgs.egg-info/SOURCES.txt'
reading manifest file 'custom_msgs.egg-info/SOURCES.txt'
writing manifest file 'custom_msgs.egg-info/SOURCES.txt'
[  4%] Built target ament_cmake_python_build_custom_msgs_egg
[  4%] Built target custom_msgs__cpp
[  6%] [32mBuilding C object CMakeFiles/custom_msgs__rosidl_generator_c.dir/rosidl_generator_c/custom_msgs/msg/detail/can_frame__description.c.o[0m
[  7%] [32mBuilding C object CMakeFiles/custom_msgs__rosidl_generator_c.dir/rosidl_generator_c/custom_msgs/msg/detail/display__description.c.o[0m
[  9%] [32mBuilding C object CMakeFiles/custom_msgs__rosidl_generator_c.dir/rosidl_generator_c/custom_msgs/msg/detail/display__functions.c.o[0m
[ 10%] [32mBuilding C object CMakeFiles/custom_msgs__rosidl_generator_c.dir/rosidl_generator_c/custom_msgs/msg/detail/display__type_support.c.o[0m
[ 12%] [32mBuilding C object CMakeFiles/custom_msgs__rosidl_generator_c.dir/rosidl_generator_c/custom_msgs/srv/detail/i2c_service__description.c.o[0m
[ 14%] [32mBuilding C object CMakeFiles/custom_msgs__rosidl_generator_c.dir/rosidl_generator_c/custom_msgs/srv/detail/i2c_service__functions.c.o[0m
[ 15%] [32mBuilding C object CMakeFiles/custom_msgs__rosidl_generator_c.dir/rosidl_generator_c/custom_msgs/srv/detail/i2c_service__type_support.c.o[0m
[ 17%] [32mBuilding C object CMakeFiles/custom_msgs__rosidl_generator_c.dir/rosidl_generator_c/custom_msgs/srv/detail/can_service__description.c.o[0m
[ 18%] [32mBuilding C object CMakeFiles/custom_msgs__rosidl_generator_c.dir/rosidl_generator_c/custom_msgs/srv/detail/can_service__functions.c.o[0m
[ 20%] [32mBuilding C object CMakeFiles/custom_msgs__rosidl_generator_c.dir/rosidl_generator_c/custom_msgs/srv/detail/can_service__type_support.c.o[0m
[ 21%] [32mBuilding C object CMakeFiles/custom_msgs__rosidl_generator_c.dir/rosidl_generator_c/custom_msgs/msg/detail/can_frame__type_support.c.o[0m
[ 23%] [32mBuilding C object CMakeFiles/custom_msgs__rosidl_generator_c.dir/rosidl_generator_c/custom_msgs/msg/detail/can_frame__functions.c.o[0m
[ 25%] [32m[1mLinking C shared library libcustom_msgs__rosidl_generator_c.so[0m
[ 25%] Built target custom_msgs__rosidl_generator_c
[ 26%] [34m[1mGenerating C++ type support dispatch for ROS interfaces[0m
[ 28%] [32mBuilding CXX object CMakeFiles/custom_msgs__rosidl_typesupport_cpp.dir/rosidl_typesupport_cpp/custom_msgs/msg/can_frame__type_support.cpp.o[0m
[ 29%] [32mBuilding CXX object CMakeFiles/custom_msgs__rosidl_typesupport_cpp.dir/rosidl_typesupport_cpp/custom_msgs/msg/display__type_support.cpp.o[0m
[ 31%] [32mBuilding CXX object CMakeFiles/custom_msgs__rosidl_typesupport_cpp.dir/rosidl_typesupport_cpp/custom_msgs/srv/i2c_service__type_support.cpp.o[0m
[ 32%] [32mBuilding CXX object CMakeFiles/custom_msgs__rosidl_typesupport_cpp.dir/rosidl_typesupport_cpp/custom_msgs/srv/can_service__type_support.cpp.o[0m
[ 34%] [32m[1mLinking CXX shared library libcustom_msgs__rosidl_typesupport_cpp.so[0m
[ 34%] Built target custom_msgs__rosidl_typesupport_cpp
[ 35%] [34m[1mGenerating C type support dispatch for ROS interfaces[0m
[ 37%] [32mBuilding CXX object CMakeFiles/custom_msgs__rosidl_typesupport_c.dir/rosidl_typesupport_c/custom_msgs/msg/can_frame__type_support.cpp.o[0m
[ 39%] [32mBuilding CXX object CMakeFiles/custom_msgs__rosidl_typesupport_c.dir/rosidl_typesupport_c/custom_msgs/msg/display__type_support.cpp.o[0m
[ 40%] [32mBuilding CXX object CMakeFiles/custom_msgs__rosidl_typesupport_c.dir/rosidl_typesupport_c/custom_msgs/srv/i2c_service__type_support.cpp.o[0m
[ 42%] [32mBuilding CXX object CMakeFiles/custom_msgs__rosidl_typesupport_c.dir/rosidl_typesupport_c/custom_msgs/srv/can_service__type_support.cpp.o[0m
[ 43%] [32m[1mLinking CXX shared library libcustom_msgs__rosidl_typesupport_c.so[0m
[ 43%] Built target custom_msgs__rosidl_typesupport_c
[ 45%] [34m[1mGenerating C++ type support for eProsima Fast-RTPS[0m
[ 46%] [32mBuilding CXX object CMakeFiles/custom_msgs__rosidl_typesupport_fastrtps_cpp.dir/rosidl_typesupport_fastrtps_cpp/custom_msgs/msg/detail/dds_fastrtps/can_frame__type_support.cpp.o[0m
[ 48%] [32mBuilding CXX object CMakeFiles/custom_msgs__rosidl_typesupport_fastrtps_cpp.dir/rosidl_typesupport_fastrtps_cpp/custom_msgs/msg/detail/dds_fastrtps/display__type_support.cpp.o[0m
[ 50%] [32mBuilding CXX object CMakeFiles/custom_msgs__rosidl_typesupport_fastrtps_cpp.dir/rosidl_typesupport_fastrtps_cpp/custom_msgs/srv/detail/dds_fastrtps/i2c_service__type_support.cpp.o[0m
[ 51%] [32mBuilding CXX object CMakeFiles/custom_msgs__rosidl_typesupport_fastrtps_cpp.dir/rosidl_typesupport_fastrtps_cpp/custom_msgs/srv/detail/dds_fastrtps/can_service__type_support.cpp.o[0m
[ 53%] [32m[1mLinking CXX shared library libcustom_msgs__rosidl_typesupport_fastrtps_cpp.so[0m
[ 53%] Built target custom_msgs__rosidl_typesupport_fastrtps_cpp
[ 56%] [34m[1mGenerating C introspection for ROS interfaces[0m
[ 56%] [34m[1mGenerating C++ introspection for ROS interfaces[0m
[ 57%] [34m[1mGenerating C type support for eProsima Fast-RTPS[0m
[ 59%] [32mBuilding CXX object CMakeFiles/custom_msgs__rosidl_typesupport_introspection_cpp.dir/rosidl_typesupport_introspection_cpp/custom_msgs/msg/detail/can_frame__type_support.cpp.o[0m
[ 60%] [32mBuilding CXX object CMakeFiles/custom_msgs__rosidl_typesupport_introspection_cpp.dir/rosidl_typesupport_introspection_cpp/custom_msgs/msg/detail/display__type_support.cpp.o[0m
[ 62%] [32mBuilding C object CMakeFiles/custom_msgs__rosidl_typesupport_introspection_c.dir/rosidl_typesupport_introspection_c/custom_msgs/msg/detail/can_frame__type_support.c.o[0m
[ 64%] [32mBuilding C object CMakeFiles/custom_msgs__rosidl_typesupport_introspection_c.dir/rosidl_typesupport_introspection_c/custom_msgs/msg/detail/display__type_support.c.o[0m
[ 65%] [32mBuilding C object CMakeFiles/custom_msgs__rosidl_typesupport_introspection_c.dir/rosidl_typesupport_introspection_c/custom_msgs/srv/detail/i2c_service__type_support.c.o[0m
[ 67%] [32mBuilding CXX object CMakeFiles/custom_msgs__rosidl_typesupport_fastrtps_c.dir/rosidl_typesupport_fastrtps_c/custom_msgs/msg/detail/can_frame__type_support_c.cpp.o[0m
[ 68%] [32mBuilding C object CMakeFiles/custom_msgs__rosidl_typesupport_introspection_c.dir/rosidl_typesupport_introspection_c/custom_msgs/srv/detail/can_service__type_support.c.o[0m
[ 70%] [32m[1mLinking C shared library libcustom_msgs__rosidl_typesupport_introspection_c.so[0m
[ 71%] [32mBuilding CXX object CMakeFiles/custom_msgs__rosidl_typesupport_introspection_cpp.dir/rosidl_typesupport_introspection_cpp/custom_msgs/srv/detail/i2c_service__type_support.cpp.o[0m
[ 71%] Built target custom_msgs__rosidl_typesupport_introspection_c
[ 73%] [32mBuilding CXX object CMakeFiles/custom_msgs__rosidl_typesupport_introspection_cpp.dir/rosidl_typesupport_introspection_cpp/custom_msgs/srv/detail/can_service__type_support.cpp.o[0m
[ 75%] [32mBuilding CXX object CMakeFiles/custom_msgs__rosidl_typesupport_fastrtps_c.dir/rosidl_typesupport_fastrtps_c/custom_msgs/msg/detail/display__type_support_c.cpp.o[0m
[ 76%] [32mBuilding CXX object CMakeFiles/custom_msgs__rosidl_typesupport_fastrtps_c.dir/rosidl_typesupport_fastrtps_c/custom_msgs/srv/detail/i2c_service__type_support_c.cpp.o[0m
[ 78%] [32mBuilding CXX object CMakeFiles/custom_msgs__rosidl_typesupport_fastrtps_c.dir/rosidl_typesupport_fastrtps_c/custom_msgs/srv/detail/can_service__type_support_c.cpp.o[0m
[ 79%] [32m[1mLinking CXX shared library libcustom_msgs__rosidl_typesupport_introspection_cpp.so[0m
[ 79%] Built target custom_msgs__rosidl_typesupport_introspection_cpp
[ 81%] [32m[1mLinking CXX shared library libcustom_msgs__rosidl_typesupport_fastrtps_c.so[0m
[ 81%] Built target custom_msgs__rosidl_typesupport_fastrtps_c
[ 81%] Built target custom_msgs
[ 82%] [34m[1mGenerating Python code for ROS interfaces[0m
[ 82%] Built target custom_msgs__py
[ 84%] [32mBuilding C object CMakeFiles/custom_msgs__rosidl_generator_py.dir/rosidl_generator_py/custom_msgs/msg/_can_frame_s.c.o[0m
[ 85%] [32mBuilding C object CMakeFiles/custom_msgs__rosidl_generator_py.dir/rosidl_generator_py/custom_msgs/msg/_display_s.c.o[0m
[ 87%] [32mBuilding C object CMakeFiles/custom_msgs__rosidl_generator_py.dir/rosidl_generator_py/custom_msgs/srv/_i2c_service_s.c.o[0m
[ 89%] [32mBuilding C object CMakeFiles/custom_msgs__rosidl_generator_py.dir/rosidl_generator_py/custom_msgs/srv/_can_service_s.c.o[0m
[ 90%] [32m[1mLinking C shared library libcustom_msgs__rosidl_generator_py.so[0m
[ 90%] Built target custom_msgs__rosidl_generator_py
[ 92%] [32mBuilding C object CMakeFiles/custom_msgs_s__rosidl_typesupport_fastrtps_c.dir/rosidl_generator_py/custom_msgs/_custom_msgs_s.ep.rosidl_typesupport_fastrtps_c.c.o[0m
[ 93%] [32mBuilding C object CMakeFiles/custom_msgs_s__rosidl_typesupport_introspection_c.dir/rosidl_generator_py/custom_msgs/_custom_msgs_s.ep.rosidl_typesupport_introspection_c.c.o[0m
[ 95%] [32mBuilding C object CMakeFiles/custom_msgs_s__rosidl_typesupport_c.dir/rosidl_generator_py/custom_msgs/_custom_msgs_s.ep.rosidl_typesupport_c.c.o[0m
[ 98%] [32m[1mLinking C shared module rosidl_generator_py/custom_msgs/custom_msgs_s__rosidl_typesupport_c.so[0m
[ 98%] [32m[1mLinking C shared module rosidl_generator_py/custom_msgs/custom_msgs_s__rosidl_typesupport_introspection_c.so[0m
[100%] [32m[1mLinking C shared module rosidl_generator_py/custom_msgs/custom_msgs_s__rosidl_typesupport_fastrtps_c.so[0m
[100%] Built target custom_msgs_s__rosidl_typesupport_introspection_c
[100%] Built target custom_msgs_s__rosidl_typesupport_c
[100%] Built target custom_msgs_s__rosidl_typesupport_fastrtps_c
-- Install configuration: ""
-- Execute custom install script
-- Symlinking: /home/jetpack/SEAME-Cluster-24-25/JetRacer/install/custom_msgs/share/ament_index/resource_index/rosidl_interfaces/custom_msgs
-- Symlinking: /home/jetpack/SEAME-Cluster-24-25/JetRacer/install/custom_msgs/share/custom_msgs/msg/CanFrame.json
-- Symlinking: /home/jetpack/SEAME-Cluster-24-25/JetRacer/install/custom_msgs/share/custom_msgs/msg/Display.json
-- Symlinking: /home/jetpack/SEAME-Cluster-24-25/JetRacer/install/custom_msgs/share/custom_msgs/srv/I2cService.json
-- Symlinking: /home/jetpack/SEAME-Cluster-24-25/JetRacer/install/custom_msgs/share/custom_msgs/srv/CanService.json
-- Symlinking: /home/jetpack/SEAME-Cluster-24-25/JetRacer/install/custom_msgs/include/custom_msgs/custom_msgs/msg/can_frame.h
-- Symlinking: /home/jetpack/SEAME-Cluster-24-25/JetRacer/install/custom_msgs/include/custom_msgs/custom_msgs/msg/detail/can_frame__functions.h
-- Symlinking: /home/jetpack/SEAME-Cluster-24-25/JetRacer/install/custom_msgs/include/custom_msgs/custom_msgs/msg/detail/can_frame__struct.h
-- Symlinking: /home/jetpack/SEAME-Cluster-24-25/JetRacer/install/custom_msgs/include/custom_msgs/custom_msgs/msg/detail/can_frame__type_support.h
-- Symlinking: /home/jetpack/SEAME-Cluster-24-25/JetRacer/install/custom_msgs/include/custom_msgs/custom_msgs/msg/detail/display__functions.h
-- Symlinking: /home/jetpack/SEAME-Cluster-24-25/JetRacer/install/custom_msgs/include/custom_msgs/custom_msgs/msg/detail/display__struct.h
-- Symlinking: /home/jetpack/SEAME-Cluster-24-25/JetRacer/install/custom_msgs/include/custom_msgs/custom_msgs/msg/detail/display__type_support.h
-- Symlinking: /home/jetpack/SEAME-Cluster-24-25/JetRacer/install/custom_msgs/include/custom_msgs/custom_msgs/msg/display.h
-- Symlinking: /home/jetpack/SEAME-Cluster-24-25/JetRacer/install/custom_msgs/include/custom_msgs/custom_msgs/msg/rosidl_generator_c__visibility_control.h
-- Symlinking: /home/jetpack/SEAME-Cluster-24-25/JetRacer/install/custom_msgs/include/custom_msgs/custom_msgs/srv/can_service.h
-- Symlinking: /home/jetpack/SEAME-Cluster-24-25/JetRacer/install/custom_msgs/include/custom_msgs/custom_msgs/srv/detail/can_service__functions.h
-- Symlinking: /home/jetpack/SEAME-Cluster-24-25/JetRacer/install/custom_msgs/include/custom_msgs/custom_msgs/srv/detail/can_service__struct.h
-- Symlinking: /home/jetpack/SEAME-Cluster-24-25/JetRacer/install/custom_msgs/include/custom_msgs/custom_msgs/srv/detail/can_service__type_support.h
-- Symlinking: /home/jetpack/SEAME-Cluster-24-25/JetRacer/install/custom_msgs/include/custom_msgs/custom_msgs/srv/detail/i2c_service__functions.h
-- Symlinking: /home/jetpack/SEAME-Cluster-24-25/JetRacer/install/custom_msgs/include/custom_msgs/custom_msgs/srv/detail/i2c_service__struct.h
-- Symlinking: /home/jetpack/SEAME-Cluster-24-25/JetRacer/install/custom_msgs/include/custom_msgs/custom_msgs/srv/detail/i2c_service__type_support.h
-- Symlinking: /home/jetpack/SEAME-Cluster-24-25/JetRacer/install/custom_msgs/include/custom_msgs/custom_msgs/srv/i2c_service.h
-- Symlinking: /home/jetpack/SEAME-Cluster-24-25/JetRacer/install/custom_msgs/share/custom_msgs/environment/library_path.sh
-- Symlinking: /home/jetpack/SEAME-Cluster-24-25/JetRacer/install/custom_msgs/share/custom_msgs/environment/library_path.dsv
-- Symlinking: /home/jetpack/SEAME-Cluster-24-25/JetRacer/install/custom_msgs/include/custom_msgs/custom_msgs/msg/detail/can_frame__rosidl_typesupport_fastrtps_c.h
-- Symlinking: /home/jetpack/SEAME-Cluster-24-25/JetRacer/install/custom_msgs/include/custom_msgs/custom_msgs/msg/detail/display__rosidl_typesupport_fastrtps_c.h
-- Symlinking: /home/jetpack/SEAME-Cluster-24-25/JetRacer/install/custom_msgs/include/custom_msgs/custom_msgs/msg/rosidl_typesupport_fastrtps_c__visibility_control.h
-- Symlinking: /home/jetpack/SEAME-Cluster-24-25/JetRacer/install/custom_msgs/include/custom_msgs/custom_msgs/srv/detail/can_service__rosidl_typesupport_fastrtps_c.h
-- Symlinking: /home/jetpack/SEAME-Cluster-24-25/JetRacer/install/custom_msgs/include/custom_msgs/custom_msgs/srv/detail/i2c_service__rosidl_typesupport_fastrtps_c.h
-- Symlinking: /home/jetpack/SEAME-Cluster-24-25/JetRacer/install/custom_msgs/include/custom_msgs/custom_msgs/msg/detail/can_frame__rosidl_typesupport_introspection_c.h
-- Symlinking: /home/jetpack/SEAME-Cluster-24-25/JetRacer/install/custom_msgs/include/custom_msgs/custom_msgs/msg/detail/display__rosidl_typesupport_introspection_c.h
-- Symlinking: /home/jetpack/SEAME-Cluster-24-25/JetRacer/install/custom_msgs/include/custom_msgs/custom_msgs/msg/rosidl_typesupport_introspection_c__visibility_control.h
-- Symlinking: /home/jetpack/SEAME-Cluster-24-25/JetRacer/install/custom_msgs/include/custom_msgs/custom_msgs/srv/detail/can_service__rosidl_typesupport_introspection_c.h
-- Symlinking: /home/jetpack/SEAME-Cluster-24-25/JetRacer/install/custom_msgs/include/custom_msgs/custom_msgs/srv/detail/i2c_service__rosidl_typesupport_introspection_c.h
-- Symlinking: /home/jetpack/SEAME-Cluster-24-25/JetRacer/install/custom_msgs/include/custom_msgs/custom_msgs/msg/can_frame.hpp
-- Symlinking: /home/jetpack/SEAME-Cluster-24-25/JetRacer/install/custom_msgs/include/custom_msgs/custom_msgs/msg/detail/can_frame__builder.hpp
-- Symlinking: /home/jetpack/SEAME-Cluster-24-25/JetRacer/install/custom_msgs/include/custom_msgs/custom_msgs/msg/detail/can_frame__struct.hpp
-- Symlinking: /home/jetpack/SEAME-Cluster-24-25/JetRacer/install/custom_msgs/include/custom_msgs/custom_msgs/msg/detail/can_frame__traits.hpp
-- Symlinking: /home/jetpack/SEAME-Cluster-24-25/JetRacer/install/custom_msgs/include/custom_msgs/custom_msgs/msg/detail/can_frame__type_support.hpp
-- Symlinking: /home/jetpack/SEAME-Cluster-24-25/JetRacer/install/custom_msgs/include/custom_msgs/custom_msgs/msg/detail/display__builder.hpp
-- Symlinking: /home/jetpack/SEAME-Cluster-24-25/JetRacer/install/custom_msgs/include/custom_msgs/custom_msgs/msg/detail/display__struct.hpp
-- Symlinking: /home/jetpack/SEAME-Cluster-24-25/JetRacer/install/custom_msgs/include/custom_msgs/custom_msgs/msg/detail/display__traits.hpp
-- Symlinking: /home/jetpack/SEAME-Cluster-24-25/JetRacer/install/custom_msgs/include/custom_msgs/custom_msgs/msg/detail/display__type_support.hpp
-- Symlinking: /home/jetpack/SEAME-Cluster-24-25/JetRacer/install/custom_msgs/include/custom_msgs/custom_msgs/msg/display.hpp
-- Symlinking: /home/jetpack/SEAME-Cluster-24-25/JetRacer/install/custom_msgs/include/custom_msgs/custom_msgs/msg/rosidl_generator_cpp__visibility_control.hpp
-- Symlinking: /home/jetpack/SEAME-Cluster-24-25/JetRacer/install/custom_msgs/include/custom_msgs/custom_msgs/srv/can_service.hpp
-- Symlinking: /home/jetpack/SEAME-Cluster-24-25/JetRacer/install/custom_msgs/include/custom_msgs/custom_msgs/srv/detail/can_service__builder.hpp
-- Symlinking: /home/jetpack/SEAME-Cluster-24-25/JetRacer/install/custom_msgs/include/custom_msgs/custom_msgs/srv/detail/can_service__struct.hpp
-- Symlinking: /home/jetpack/SEAME-Cluster-24-25/JetRacer/install/custom_msgs/include/custom_msgs/custom_msgs/srv/detail/can_service__traits.hpp
-- Symlinking: /home/jetpack/SEAME-Cluster-24-25/JetRacer/install/custom_msgs/include/custom_msgs/custom_msgs/srv/detail/can_service__type_support.hpp
-- Symlinking: /home/jetpack/SEAME-Cluster-24-25/JetRacer/install/custom_msgs/include/custom_msgs/custom_msgs/srv/detail/i2c_service__builder.hpp
-- Symlinking: /home/jetpack/SEAME-Cluster-24-25/JetRacer/install/custom_msgs/include/custom_msgs/custom_msgs/srv/detail/i2c_service__struct.hpp
-- Symlinking: /home/jetpack/SEAME-Cluster-24-25/JetRacer/install/custom_msgs/include/custom_msgs/custom_msgs/srv/detail/i2c_service__traits.hpp
-- Symlinking: /home/jetpack/SEAME-Cluster-24-25/JetRacer/install/custom_msgs/include/custom_msgs/custom_msgs/srv/detail/i2c_service__type_support.hpp
-- Symlinking: /home/jetpack/SEAME-Cluster-24-25/JetRacer/install/custom_msgs/include/custom_msgs/custom_msgs/srv/i2c_service.hpp
-- Symlinking: /home/jetpack/SEAME-Cluster-24-25/JetRacer/install/custom_msgs/include/custom_msgs/custom_msgs/msg/detail/can_frame__rosidl_typesupport_fastrtps_cpp.hpp
-- Symlinking: /home/jetpack/SEAME-Cluster-24-25/JetRacer/install/custom_msgs/include/custom_msgs/custom_msgs/msg/detail/display__rosidl_typesupport_fastrtps_cpp.hpp
-- Symlinking: /home/jetpack/SEAME-Cluster-24-25/JetRacer/install/custom_msgs/include/custom_msgs/custom_msgs/msg/rosidl_typesupport_fastrtps_cpp__visibility_control.h
-- Symlinking: /home/jetpack/SEAME-Cluster-24-25/JetRacer/install/custom_msgs/include/custom_msgs/custom_msgs/srv/detail/can_service__rosidl_typesupport_fastrtps_cpp.hpp
-- Symlinking: /home/jetpack/SEAME-Cluster-24-25/JetRacer/install/custom_msgs/include/custom_msgs/custom_msgs/srv/detail/i2c_service__rosidl_typesupport_fastrtps_cpp.hpp
-- Symlinking: /home/jetpack/SEAME-Cluster-24-25/JetRacer/install/custom_msgs/include/custom_msgs/custom_msgs/msg/detail/can_frame__rosidl_typesupport_introspection_cpp.hpp
-- Symlinking: /home/jetpack/SEAME-Cluster-24-25/JetRacer/install/custom_msgs/include/custom_msgs/custom_msgs/msg/detail/display__rosidl_typesupport_introspection_cpp.hpp
-- Symlinking: /home/jetpack/SEAME-Cluster-24-25/JetRacer/install/custom_msgs/include/custom_msgs/custom_msgs/srv/detail/can_service__rosidl_typesupport_introspection_cpp.hpp
-- Symlinking: /home/jetpack/SEAME-Cluster-24-25/JetRacer/install/custom_msgs/include/custom_msgs/custom_msgs/srv/detail/i2c_service__rosidl_typesupport_introspection_cpp.hpp
-- Symlinking: /home/jetpack/SEAME-Cluster-24-25/JetRacer/install/custom_msgs/share/custom_msgs/environment/pythonpath.sh
-- Symlinking: /home/jetpack/SEAME-Cluster-24-25/JetRacer/install/custom_msgs/share/custom_msgs/environment/pythonpath.dsv
-- Symlinking: /home/jetpack/SEAME-Cluster-24-25/JetRacer/install/custom_msgs/lib/python3.12/site-packages/custom_msgs-0.0.0-py3.12.egg-info/PKG-INFO
-- Symlinking: /home/jetpack/SEAME-Cluster-24-25/JetRacer/install/custom_msgs/lib/python3.12/site-packages/custom_msgs-0.0.0-py3.12.egg-info/SOURCES.txt
-- Symlinking: /home/jetpack/SEAME-Cluster-24-25/JetRacer/install/custom_msgs/lib/python3.12/site-packages/custom_msgs-0.0.0-py3.12.egg-info/dependency_links.txt
-- Symlinking: /home/jetpack/SEAME-Cluster-24-25/JetRacer/install/custom_msgs/lib/python3.12/site-packages/custom_msgs-0.0.0-py3.12.egg-info/top_level.txt
-- Symlinking: /home/jetpack/SEAME-Cluster-24-25/JetRacer/install/custom_msgs/lib/python3.12/site-packages/custom_msgs/__init__.py
-- Symlinking: /home/jetpack/SEAME-Cluster-24-25/JetRacer/install/custom_msgs/lib/python3.12/site-packages/custom_msgs/_custom_msgs_s.ep.rosidl_typesupport_c.c
-- Symlinking: /home/jetpack/SEAME-Cluster-24-25/JetRacer/install/custom_msgs/lib/python3.12/site-packages/custom_msgs/_custom_msgs_s.ep.rosidl_typesupport_fastrtps_c.c
-- Symlinking: /home/jetpack/SEAME-Cluster-24-25/JetRacer/install/custom_msgs/lib/python3.12/site-packages/custom_msgs/_custom_msgs_s.ep.rosidl_typesupport_introspection_c.c
-- Symlinking: /home/jetpack/SEAME-Cluster-24-25/JetRacer/install/custom_msgs/lib/python3.12/site-packages/custom_msgs/custom_msgs_s__rosidl_typesupport_c.so
-- Symlinking: /home/jetpack/SEAME-Cluster-24-25/JetRacer/install/custom_msgs/lib/python3.12/site-packages/custom_msgs/custom_msgs_s__rosidl_typesupport_fastrtps_c.so
-- Symlinking: /home/jetpack/SEAME-Cluster-24-25/JetRacer/install/custom_msgs/lib/python3.12/site-packages/custom_msgs/custom_msgs_s__rosidl_typesupport_introspection_c.so
-- Symlinking: /home/jetpack/SEAME-Cluster-24-25/JetRacer/install/custom_msgs/lib/python3.12/site-packages/custom_msgs/msg/__init__.py
-- Symlinking: /home/jetpack/SEAME-Cluster-24-25/JetRacer/install/custom_msgs/lib/python3.12/site-packages/custom_msgs/msg/_can_frame.py
-- Symlinking: /home/jetpack/SEAME-Cluster-24-25/JetRacer/install/custom_msgs/lib/python3.12/site-packages/custom_msgs/msg/_can_frame_s.c
-- Symlinking: /home/jetpack/SEAME-Cluster-24-25/JetRacer/install/custom_msgs/lib/python3.12/site-packages/custom_msgs/msg/_display.py
-- Symlinking: /home/jetpack/SEAME-Cluster-24-25/JetRacer/install/custom_msgs/lib/python3.12/site-packages/custom_msgs/msg/_display_s.c
-- Symlinking: /home/jetpack/SEAME-Cluster-24-25/JetRacer/install/custom_msgs/lib/python3.12/site-packages/custom_msgs/srv/__init__.py
-- Symlinking: /home/jetpack/SEAME-Cluster-24-25/JetRacer/install/custom_msgs/lib/python3.12/site-packages/custom_msgs/srv/_can_service.py
-- Symlinking: /home/jetpack/SEAME-Cluster-24-25/JetRacer/install/custom_msgs/lib/python3.12/site-packages/custom_msgs/srv/_can_service_s.c
-- Symlinking: /home/jetpack/SEAME-Cluster-24-25/JetRacer/install/custom_msgs/lib/python3.12/site-packages/custom_msgs/srv/_i2c_service.py
-- Symlinking: /home/jetpack/SEAME-Cluster-24-25/JetRacer/install/custom_msgs/lib/python3.12/site-packages/custom_msgs/srv/_i2c_service_s.c
-- Up-to-date symlink: /home/jetpack/SEAME-Cluster-24-25/JetRacer/install/custom_msgs/lib/python3.12/site-packages/custom_msgs/custom_msgs_s__rosidl_typesupport_fastrtps_c.so
-- Up-to-date symlink: /home/jetpack/SEAME-Cluster-24-25/JetRacer/install/custom_msgs/lib/python3.12/site-packages/custom_msgs/custom_msgs_s__rosidl_typesupport_introspection_c.so
-- Up-to-date symlink: /home/jetpack/SEAME-Cluster-24-25/JetRacer/install/custom_msgs/lib/python3.12/site-packages/custom_msgs/custom_msgs_s__rosidl_typesupport_c.so
-- Symlinking: /home/jetpack/SEAME-Cluster-24-25/JetRacer/install/custom_msgs/share/custom_msgs/msg/CanFrame.idl
-- Symlinking: /home/jetpack/SEAME-Cluster-24-25/JetRacer/install/custom_msgs/share/custom_msgs/msg/Display.idl
-- Symlinking: /home/jetpack/SEAME-Cluster-24-25/JetRacer/install/custom_msgs/share/custom_msgs/srv/I2cService.idl
-- Symlinking: /home/jetpack/SEAME-Cluster-24-25/JetRacer/install/custom_msgs/share/custom_msgs/srv/CanService.idl
-- Symlinking: /home/jetpack/SEAME-Cluster-24-25/JetRacer/install/custom_msgs/share/custom_msgs/msg/CanFrame.msg
-- Symlinking: /home/jetpack/SEAME-Cluster-24-25/JetRacer/install/custom_msgs/share/custom_msgs/msg/Display.msg
-- Symlinking: /home/jetpack/SEAME-Cluster-24-25/JetRacer/install/custom_msgs/share/custom_msgs/srv/I2cService.srv
-- Symlinking: /home/jetpack/SEAME-Cluster-24-25/JetRacer/install/custom_msgs/share/custom_msgs/srv/CanService.srv
-- Symlinking: /home/jetpack/SEAME-Cluster-24-25/JetRacer/install/custom_msgs/share/ament_index/resource_index/package_run_dependencies/custom_msgs
-- Symlinking: /home/jetpack/SEAME-Cluster-24-25/JetRacer/install/custom_msgs/share/ament_index/resource_index/parent_prefix_path/custom_msgs
-- Symlinking: /home/jetpack/SEAME-Cluster-24-25/JetRacer/install/custom_msgs/share/custom_msgs/environment/ament_prefix_path.sh
-- Symlinking: /home/jetpack/SEAME-Cluster-24-25/JetRacer/install/custom_msgs/share/custom_msgs/environment/ament_prefix_path.dsv
-- Symlinking: /home/jetpack/SEAME-Cluster-24-25/JetRacer/install/custom_msgs/share/custom_msgs/environment/path.sh
-- Symlinking: /home/jetpack/SEAME-Cluster-24-25/JetRacer/install/custom_msgs/share/custom_msgs/environment/path.dsv
-- Symlinking: /home/jetpack/SEAME-Cluster-24-25/JetRacer/install/custom_msgs/share/custom_msgs/local_setup.bash
-- Symlinking: /home/jetpack/SEAME-Cluster-24-25/JetRacer/install/custom_msgs/share/custom_msgs/local_setup.sh
-- Symlinking: /home/jetpack/SEAME-Cluster-24-25/JetRacer/install/custom_msgs/share/custom_msgs/local_setup.zsh
-- Symlinking: /home/jetpack/SEAME-Cluster-24-25/JetRacer/install/custom_msgs/share/custom_msgs/local_setup.dsv
-- Symlinking: /home/jetpack/SEAME-Cluster-24-25/JetRacer/install/custom_msgs/share/custom_msgs/package.dsv
-- Symlinking: /home/jetpack/SEAME-Cluster-24-25/JetRacer/install/custom_msgs/share/ament_index/resource_index/packages/custom_msgs
-- Symlinking: /home/jetpack/SEAME-Cluster-24-25/JetRacer/install/custom_msgs/share/custom_msgs/cmake/rosidl_cmake-extras.cmake
-- Symlinking: /home/jetpack/SEAME-Cluster-24-25/JetRacer/install/custom_msgs/share/custom_msgs/cmake/ament_cmake_export_dependencies-extras.cmake
-- Symlinking: /home/jetpack/SEAME-Cluster-24-25/JetRacer/install/custom_msgs/share/custom_msgs/cmake/ament_cmake_export_include_directories-extras.cmake
-- Symlinking: /home/jetpack/SEAME-Cluster-24-25/JetRacer/install/custom_msgs/share/custom_msgs/cmake/ament_cmake_export_libraries-extras.cmake
-- Symlinking: /home/jetpack/SEAME-Cluster-24-25/JetRacer/install/custom_msgs/share/custom_msgs/cmake/ament_cmake_export_targets-extras.cmake
-- Symlinking: /home/jetpack/SEAME-Cluster-24-25/JetRacer/install/custom_msgs/share/custom_msgs/cmake/rosidl_cmake_export_typesupport_targets-extras.cmake
-- Symlinking: /home/jetpack/SEAME-Cluster-24-25/JetRacer/install/custom_msgs/share/custom_msgs/cmake/rosidl_cmake_export_typesupport_libraries-extras.cmake
-- Symlinking: /home/jetpack/SEAME-Cluster-24-25/JetRacer/install/custom_msgs/share/custom_msgs/cmake/custom_msgsConfig.cmake
-- Symlinking: /home/jetpack/SEAME-Cluster-24-25/JetRacer/install/custom_msgs/share/custom_msgs/cmake/custom_msgsConfig-version.cmake
-- Symlinking: /home/jetpack/SEAME-Cluster-24-25/JetRacer/install/custom_msgs/share/custom_msgs/package.xml
-- Installing: /home/jetpack/SEAME-Cluster-24-25/JetRacer/install/custom_msgs/lib/libcustom_msgs__rosidl_generator_c.so
-- Set non-toolchain portion of runtime path of "/home/jetpack/SEAME-Cluster-24-25/JetRacer/install/custom_msgs/lib/libcustom_msgs__rosidl_generator_c.so" to ""
-- Installing: /home/jetpack/SEAME-Cluster-24-25/JetRacer/install/custom_msgs/lib/libcustom_msgs__rosidl_typesupport_fastrtps_c.so
-- Set non-toolchain portion of runtime path of "/home/jetpack/SEAME-Cluster-24-25/JetRacer/install/custom_msgs/lib/libcustom_msgs__rosidl_typesupport_fastrtps_c.so" to ""
-- Installing: /home/jetpack/SEAME-Cluster-24-25/JetRacer/install/custom_msgs/lib/libcustom_msgs__rosidl_typesupport_introspection_c.so
-- Set non-toolchain portion of runtime path of "/home/jetpack/SEAME-Cluster-24-25/JetRacer/install/custom_msgs/lib/libcustom_msgs__rosidl_typesupport_introspection_c.so" to ""
-- Installing: /home/jetpack/SEAME-Cluster-24-25/JetRacer/install/custom_msgs/lib/libcustom_msgs__rosidl_typesupport_c.so
-- Set non-toolchain portion of runtime path of "/home/jetpack/SEAME-Cluster-24-25/JetRacer/install/custom_msgs/lib/libcustom_msgs__rosidl_typesupport_c.so" to ""
-- Installing: /home/jetpack/SEAME-Cluster-24-25/JetRacer/install/custom_msgs/lib/libcustom_msgs__rosidl_typesupport_fastrtps_cpp.so
-- Set non-toolchain portion of runtime path of "/home/jetpack/SEAME-Cluster-24-25/JetRacer/install/custom_msgs/lib/libcustom_msgs__rosidl_typesupport_fastrtps_cpp.so" to ""
-- Installing: /home/jetpack/SEAME-Cluster-24-25/JetRacer/install/custom_msgs/lib/libcustom_msgs__rosidl_typesupport_introspection_cpp.so
-- Set non-toolchain portion of runtime path of "/home/jetpack/SEAME-Cluster-24-25/JetRacer/install/custom_msgs/lib/libcustom_msgs__rosidl_typesupport_introspection_cpp.so" to ""
-- Installing: /home/jetpack/SEAME-Cluster-24-25/JetRacer/install/custom_msgs/lib/libcustom_msgs__rosidl_typesupport_cpp.so
-- Set non-toolchain portion of runtime path of "/home/jetpack/SEAME-Cluster-24-25/JetRacer/install/custom_msgs/lib/libcustom_msgs__rosidl_typesupport_cpp.so" to ""
Listing '/home/jetpack/SEAME-Cluster-24-25/JetRacer/install/custom_msgs/lib/python3.12/site-packages/custom_msgs'...
Compiling '/home/jetpack/SEAME-Cluster-24-25/JetRacer/install/custom_msgs/lib/python3.12/site-packages/custom_msgs/__init__.py'...
Listing '/home/jetpack/SEAME-Cluster-24-25/JetRacer/install/custom_msgs/lib/python3.12/site-packages/custom_msgs/msg'...
Compiling '/home/jetpack/SEAME-Cluster-24-25/JetRacer/install/custom_msgs/lib/python3.12/site-packages/custom_msgs/msg/__init__.py'...
Compiling '/home/jetpack/SEAME-Cluster-24-25/JetRacer/install/custom_msgs/lib/python3.12/site-packages/custom_msgs/msg/_can_frame.py'...
Compiling '/home/jetpack/SEAME-Cluster-24-25/JetRacer/install/custom_msgs/lib/python3.12/site-packages/custom_msgs/msg/_display.py'...
Listing '/home/jetpack/SEAME-Cluster-24-25/JetRacer/install/custom_msgs/lib/python3.12/site-packages/custom_msgs/srv'...
Compiling '/home/jetpack/SEAME-Cluster-24-25/JetRacer/install/custom_msgs/lib/python3.12/site-packages/custom_msgs/srv/__init__.py'...
Compiling '/home/jetpack/SEAME-Cluster-24-25/JetRacer/install/custom_msgs/lib/python3.12/site-packages/custom_msgs/srv/_can_service.py'...
Compiling '/home/jetpack/SEAME-Cluster-24-25/JetRacer/install/custom_msgs/lib/python3.12/site-packages/custom_msgs/srv/_i2c_service.py'...
-- Installing: /home/jetpack/SEAME-Cluster-24-25/JetRacer/install/custom_msgs/lib/libcustom_msgs__rosidl_generator_py.so
-- Set non-toolchain portion of runtime path of "/home/jetpack/SEAME-Cluster-24-25/JetRacer/install/custom_msgs/lib/libcustom_msgs__rosidl_generator_py.so" to ""
-- Installing: /home/jetpack/SEAME-Cluster-24-25/JetRacer/install/custom_msgs/share/custom_msgs/cmake/export_custom_msgs__rosidl_generator_cExport.cmake
-- Installing: /home/jetpack/SEAME-Cluster-24-25/JetRacer/install/custom_msgs/share/custom_msgs/cmake/export_custom_msgs__rosidl_generator_cExport-noconfig.cmake
-- Installing: /home/jetpack/SEAME-Cluster-24-25/JetRacer/install/custom_msgs/share/custom_msgs/cmake/export_custom_msgs__rosidl_typesupport_fastrtps_cExport.cmake
-- Installing: /home/jetpack/SEAME-Cluster-24-25/JetRacer/install/custom_msgs/share/custom_msgs/cmake/export_custom_msgs__rosidl_typesupport_fastrtps_cExport-noconfig.cmake
-- Installing: /home/jetpack/SEAME-Cluster-24-25/JetRacer/install/custom_msgs/share/custom_msgs/cmake/custom_msgs__rosidl_typesupport_introspection_cExport.cmake
-- Installing: /home/jetpack/SEAME-Cluster-24-25/JetRacer/install/custom_msgs/share/custom_msgs/cmake/custom_msgs__rosidl_typesupport_introspection_cExport-noconfig.cmake
-- Installing: /home/jetpack/SEAME-Cluster-24-25/JetRacer/install/custom_msgs/share/custom_msgs/cmake/custom_msgs__rosidl_typesupport_cExport.cmake
-- Installing: /home/jetpack/SEAME-Cluster-24-25/JetRacer/install/custom_msgs/share/custom_msgs/cmake/custom_msgs__rosidl_typesupport_cExport-noconfig.cmake
-- Installing: /home/jetpack/SEAME-Cluster-24-25/JetRacer/install/custom_msgs/share/custom_msgs/cmake/export_custom_msgs__rosidl_generator_cppExport.cmake
-- Installing: /home/jetpack/SEAME-Cluster-24-25/JetRacer/install/custom_msgs/share/custom_msgs/cmake/export_custom_msgs__rosidl_typesupport_fastrtps_cppExport.cmake
-- Installing: /home/jetpack/SEAME-Cluster-24-25/JetRacer/install/custom_msgs/share/custom_msgs/cmake/export_custom_msgs__rosidl_typesupport_fastrtps_cppExport-noconfig.cmake
-- Installing: /home/jetpack/SEAME-Cluster-24-25/JetRacer/install/custom_msgs/share/custom_msgs/cmake/custom_msgs__rosidl_typesupport_introspection_cppExport.cmake
-- Installing: /home/jetpack/SEAME-Cluster-24-25/JetRacer/install/custom_msgs/share/custom_msgs/cmake/custom_msgs__rosidl_typesupport_introspection_cppExport-noconfig.cmake
-- Installing: /home/jetpack/SEAME-Cluster-24-25/JetRacer/install/custom_msgs/share/custom_msgs/cmake/custom_msgs__rosidl_typesupport_cppExport.cmake
-- Installing: /home/jetpack/SEAME-Cluster-24-25/JetRacer/install/custom_msgs/share/custom_msgs/cmake/custom_msgs__rosidl_typesupport_cppExport-noconfig.cmake
-- Installing: /home/jetpack/SEAME-Cluster-24-25/JetRacer/install/custom_msgs/share/custom_msgs/cmake/export_custom_msgs__rosidl_generator_pyExport.cmake
-- Installing: /home/jetpack/SEAME-Cluster-24-25/JetRacer/install/custom_msgs/share/custom_msgs/cmake/export_custom_msgs__rosidl_generator_pyExport-noconfig.cmake
