[0.073s] Invoking command in '/home/jetpack/SEAME-Cluster-24-25/JetRacer/build/dc_motors': AMENT_PREFIX_PATH=/home/jetpack/SEAME-Cluster-24-25/JetRacer/install/pca9685_driver:/home/jetpack/SEAME-Cluster-24-25/JetRacer/install/custom_msgs:${AMENT_PREFIX_PATH} CMAKE_PREFIX_PATH=/home/jetpack/SEAME-Cluster-24-25/JetRacer/install/pca9685_driver:/home/jetpack/SEAME-Cluster-24-25/JetRacer/install/custom_msgs:/opt/ros/jazzy LD_LIBRARY_PATH=/home/jetpack/SEAME-Cluster-24-25/JetRacer/install/pca9685_driver/lib:/home/jetpack/SEAME-Cluster-24-25/JetRacer/install/custom_msgs/lib:${LD_LIBRARY_PATH} PYTHONPATH=/home/jetpack/SEAME-Cluster-24-25/JetRacer/install/custom_msgs/lib/python3.12/site-packages:${PYTHONPATH} /usr/bin/cmake /home/jetpack/SEAME-Cluster-24-25/JetRacer/src/peripherals/dc_motors -DAMENT_CMAKE_SYMLINK_INSTALL=1 -DCMAKE_INSTALL_PREFIX=/home/jetpack/SEAME-Cluster-24-25/JetRacer/install/dc_motors
[0.444s] -- The C compiler identification is GNU 13.2.0
[0.835s] -- The CXX compiler identification is GNU 13.2.0
[0.943s] -- Detecting C compiler ABI info
[1.552s] -- Detecting C compiler ABI info - done
[1.609s] -- Check for working C compiler: /usr/bin/cc - skipped
[1.619s] -- Detecting C compile features
[1.621s] -- Detecting C compile features - done
[1.678s] -- Detecting CXX compiler ABI info
[2.355s] -- Detecting CXX compiler ABI info - done
[2.399s] -- Check for working CXX compiler: /usr/bin/c++ - skipped
[2.401s] -- Detecting CXX compile features
[2.403s] -- Detecting CXX compile features - done
[2.445s] -- Found ament_cmake: 2.5.2 (/opt/ros/jazzy/share/ament_cmake/cmake)
[3.351s] -- Found Python3: /usr/bin/python3 (found version "3.12.3") found components: Interpreter 
[3.799s] -- Override CMake install command with custom implementation using symlinks instead of copying resources
[4.117s] -- Found rclcpp: 28.1.5 (/opt/ros/jazzy/share/rclcpp/cmake)
[4.473s] -- Found rosidl_generator_c: 4.6.4 (/opt/ros/jazzy/share/rosidl_generator_c/cmake)
[4.583s] -- Found rosidl_generator_cpp: 4.6.4 (/opt/ros/jazzy/share/rosidl_generator_cpp/cmake)
[4.706s] -- Using all available rosidl_typesupport_c: rosidl_typesupport_fastrtps_c;rosidl_typesupport_introspection_c
[4.843s] -- Using all available rosidl_typesupport_cpp: rosidl_typesupport_fastrtps_cpp;rosidl_typesupport_introspection_cpp
[5.357s] -- Found rmw_implementation_cmake: 7.3.1 (/opt/ros/jazzy/share/rmw_implementation_cmake/cmake)
[5.384s] -- Found rmw_fastrtps_cpp: 8.4.1 (/opt/ros/jazzy/share/rmw_fastrtps_cpp/cmake)
[5.876s] -- Found OpenSSL: /usr/lib/aarch64-linux-gnu/libcrypto.so (found version "3.0.13")  
[5.992s] -- Found FastRTPS: /opt/ros/jazzy/include (Required is at least version "2.13") 
[6.108s] -- Using RMW implementation 'rmw_fastrtps_cpp' as default
[6.562s] -- Found std_msgs: 5.3.5 (/opt/ros/jazzy/share/std_msgs/cmake)
[6.636s] -- Found pca9685_driver: 0.0.0 (/home/jetpack/SEAME-Cluster-24-25/JetRacer/install/pca9685_driver/share/pca9685_driver/cmake)
[6.642s] -- Found custom_msgs: 0.0.0 (/home/jetpack/SEAME-Cluster-24-25/JetRacer/install/custom_msgs/share/custom_msgs/cmake)
[7.289s] -- Configuring done (7.2s)
[7.377s] -- Generating done (0.1s)
[7.401s] -- Build files have been written to: /home/jetpack/SEAME-Cluster-24-25/JetRacer/build/dc_motors
