[0.084s] Invoking command in '/home/jetpack/SEAME-Cluster-24-25/JetRacer/build/teleop': CMAKE_PREFIX_PATH=${CMAKE_PREFIX_PATH}:/opt/ros/jazzy /usr/bin/cmake --build /home/jetpack/SEAME-Cluster-24-25/JetRacer/build/teleop -- -j4 -l4
[0.476s] [100%] Built target teleop_node
[0.588s] Invoked command in '/home/jetpack/SEAME-Cluster-24-25/JetRacer/build/teleop' returned '0': CMAKE_PREFIX_PATH=${CMAKE_PREFIX_PATH}:/opt/ros/jazzy /usr/bin/cmake --build /home/jetpack/SEAME-Cluster-24-25/JetRacer/build/teleop -- -j4 -l4
[0.677s] Invoking command in '/home/jetpack/SEAME-Cluster-24-25/JetRacer/build/teleop': CMAKE_PREFIX_PATH=${CMAKE_PREFIX_PATH}:/opt/ros/jazzy /usr/bin/cmake --install /home/jetpack/SEAME-Cluster-24-25/JetRacer/build/teleop
[0.766s] -- Install configuration: ""
[0.767s] -- Execute custom install script
[0.774s] -- Up-to-date symlink: /home/jetpack/SEAME-Cluster-24-25/JetRacer/install/teleop/lib/teleop/teleop_node
[0.779s] -- Up-to-date symlink: /home/jetpack/SEAME-Cluster-24-25/JetRacer/install/teleop/share/ament_index/resource_index/package_run_dependencies/teleop
[0.786s] -- Up-to-date symlink: /home/jetpack/SEAME-Cluster-24-25/JetRacer/install/teleop/share/ament_index/resource_index/parent_prefix_path/teleop
[0.788s] -- Up-to-date symlink: /home/jetpack/SEAME-Cluster-24-25/JetRacer/install/teleop/share/teleop/environment/ament_prefix_path.sh
[0.789s] -- Up-to-date symlink: /home/jetpack/SEAME-Cluster-24-25/JetRacer/install/teleop/share/teleop/environment/ament_prefix_path.dsv
[0.790s] -- Up-to-date symlink: /home/jetpack/SEAME-Cluster-24-25/JetRacer/install/teleop/share/teleop/environment/path.sh
[0.794s] -- Up-to-date symlink: /home/jetpack/SEAME-Cluster-24-25/JetRacer/install/teleop/share/teleop/environment/path.dsv
[0.796s] -- Up-to-date symlink: /home/jetpack/SEAME-Cluster-24-25/JetRacer/install/teleop/share/teleop/local_setup.bash
[0.801s] -- Up-to-date symlink: /home/jetpack/SEAME-Cluster-24-25/JetRacer/install/teleop/share/teleop/local_setup.sh
[0.802s] -- Up-to-date symlink: /home/jetpack/SEAME-Cluster-24-25/JetRacer/install/teleop/share/teleop/local_setup.zsh
[0.803s] -- Up-to-date symlink: /home/jetpack/SEAME-Cluster-24-25/JetRacer/install/teleop/share/teleop/local_setup.dsv
[0.803s] -- Symlinking: /home/jetpack/SEAME-Cluster-24-25/JetRacer/install/teleop/share/teleop/package.dsv
[0.870s] -- Up-to-date symlink: /home/jetpack/SEAME-Cluster-24-25/JetRacer/install/teleop/share/ament_index/resource_index/packages/teleop
[0.874s] -- Up-to-date symlink: /home/jetpack/SEAME-Cluster-24-25/JetRacer/install/teleop/share/teleop/cmake/teleopConfig.cmake
[0.877s] -- Up-to-date symlink: /home/jetpack/SEAME-Cluster-24-25/JetRacer/install/teleop/share/teleop/cmake/teleopConfig-version.cmake
[0.878s] -- Up-to-date symlink: /home/jetpack/SEAME-Cluster-24-25/JetRacer/install/teleop/share/teleop/package.xml
[0.890s] Invoked command in '/home/jetpack/SEAME-Cluster-24-25/JetRacer/build/teleop' returned '0': CMAKE_PREFIX_PATH=${CMAKE_PREFIX_PATH}:/opt/ros/jazzy /usr/bin/cmake --install /home/jetpack/SEAME-Cluster-24-25/JetRacer/build/teleop
