[100%] Built target speed_sensor_node
-- Install configuration: ""
-- Execute custom install script
-- Symlinking: /home/jetpack/SEAME-Cluster-24-25/JetRacer/install/speed_sensor/lib/speed_sensor/speed_sensor_node
-- Symlinking: /home/jetpack/SEAME-Cluster-24-25/JetRacer/install/speed_sensor/share/ament_index/resource_index/package_run_dependencies/speed_sensor
-- Symlinking: /home/jetpack/SEAME-Cluster-24-25/JetRacer/install/speed_sensor/share/ament_index/resource_index/parent_prefix_path/speed_sensor
-- Symlinking: /home/jetpack/SEAME-Cluster-24-25/JetRacer/install/speed_sensor/share/speed_sensor/environment/ament_prefix_path.sh
-- Symlinking: /home/jetpack/SEAME-Cluster-24-25/JetRacer/install/speed_sensor/share/speed_sensor/environment/ament_prefix_path.dsv
-- Symlinking: /home/jetpack/SEAME-Cluster-24-25/JetRacer/install/speed_sensor/share/speed_sensor/environment/path.sh
-- Symlinking: /home/jetpack/SEAME-Cluster-24-25/JetRacer/install/speed_sensor/share/speed_sensor/environment/path.dsv
-- Symlinking: /home/jetpack/SEAME-Cluster-24-25/JetRacer/install/speed_sensor/share/speed_sensor/local_setup.bash
-- Symlinking: /home/jetpack/SEAME-Cluster-24-25/JetRacer/install/speed_sensor/share/speed_sensor/local_setup.sh
-- Symlinking: /home/jetpack/SEAME-Cluster-24-25/JetRacer/install/speed_sensor/share/speed_sensor/local_setup.zsh
-- Symlinking: /home/jetpack/SEAME-Cluster-24-25/JetRacer/install/speed_sensor/share/speed_sensor/local_setup.dsv
-- Symlinking: /home/jetpack/SEAME-Cluster-24-25/JetRacer/install/speed_sensor/share/speed_sensor/package.dsv
-- Symlinking: /home/jetpack/SEAME-Cluster-24-25/JetRacer/install/speed_sensor/share/ament_index/resource_index/packages/speed_sensor
-- Symlinking: /home/jetpack/SEAME-Cluster-24-25/JetRacer/install/speed_sensor/share/speed_sensor/cmake/ament_cmake_export_dependencies-extras.cmake
-- Symlinking: /home/jetpack/SEAME-Cluster-24-25/JetRacer/install/speed_sensor/share/speed_sensor/cmake/speed_sensorConfig.cmake
-- Symlinking: /home/jetpack/SEAME-Cluster-24-25/JetRacer/install/speed_sensor/share/speed_sensor/cmake/speed_sensorConfig-version.cmake
-- Symlinking: /home/jetpack/SEAME-Cluster-24-25/JetRacer/install/speed_sensor/share/speed_sensor/package.xml
