[ 33%] [32mBuilding CXX object CMakeFiles/display_routine_node.dir/src/main.cpp.o[0m
[ 66%] [32mBuilding CXX object CMakeFiles/display_routine_node.dir/src/DisplayRoutineNode.cpp.o[0m
[100%] [32m[1mLinking CXX executable display_routine_node[0m
[100%] Built target display_routine_node
-- Install configuration: ""
-- Execute custom install script
-- Up-to-date symlink: /home/jetpack/SEAME-Cluster-24-25/JetRacer/install/display_routine/lib/display_routine/display_routine_node
-- Up-to-date symlink: /home/jetpack/SEAME-Cluster-24-25/JetRacer/install/display_routine/share/ament_index/resource_index/package_run_dependencies/display_routine
-- Up-to-date symlink: /home/jetpack/SEAME-Cluster-24-25/JetRacer/install/display_routine/share/ament_index/resource_index/parent_prefix_path/display_routine
-- Up-to-date symlink: /home/jetpack/SEAME-Cluster-24-25/JetRacer/install/display_routine/share/display_routine/environment/ament_prefix_path.sh
-- Up-to-date symlink: /home/jetpack/SEAME-Cluster-24-25/JetRacer/install/display_routine/share/display_routine/environment/ament_prefix_path.dsv
-- Up-to-date symlink: /home/jetpack/SEAME-Cluster-24-25/JetRacer/install/display_routine/share/display_routine/environment/path.sh
-- Up-to-date symlink: /home/jetpack/SEAME-Cluster-24-25/JetRacer/install/display_routine/share/display_routine/environment/path.dsv
-- Up-to-date symlink: /home/jetpack/SEAME-Cluster-24-25/JetRacer/install/display_routine/share/display_routine/local_setup.bash
-- Up-to-date symlink: /home/jetpack/SEAME-Cluster-24-25/JetRacer/install/display_routine/share/display_routine/local_setup.sh
-- Up-to-date symlink: /home/jetpack/SEAME-Cluster-24-25/JetRacer/install/display_routine/share/display_routine/local_setup.zsh
-- Up-to-date symlink: /home/jetpack/SEAME-Cluster-24-25/JetRacer/install/display_routine/share/display_routine/local_setup.dsv
-- Symlinking: /home/jetpack/SEAME-Cluster-24-25/JetRacer/install/display_routine/share/display_routine/package.dsv
-- Up-to-date symlink: /home/jetpack/SEAME-Cluster-24-25/JetRacer/install/display_routine/share/ament_index/resource_index/packages/display_routine
-- Up-to-date symlink: /home/jetpack/SEAME-Cluster-24-25/JetRacer/install/display_routine/share/display_routine/cmake/display_routineConfig.cmake
-- Up-to-date symlink: /home/jetpack/SEAME-Cluster-24-25/JetRacer/install/display_routine/share/display_routine/cmake/display_routineConfig-version.cmake
-- Up-to-date symlink: /home/jetpack/SEAME-Cluster-24-25/JetRacer/install/display_routine/share/display_routine/package.xml
