[0.095s] Invoking command in '/home/jetpack/SEAME-Cluster-24-25/JetRacer/build/camera_ros': CMAKE_PREFIX_PATH=${CMAKE_PREFIX_PATH}:/opt/ros/jazzy /usr/bin/cmake --build /home/jetpack/SEAME-Cluster-24-25/JetRacer/build/camera_ros -- -j4 -l4
[0.578s] [ 16%] Built target camera_node
[0.619s] [ 83%] Built target utils
[0.862s] [100%] Built target camera_component
[0.942s] Invoked command in '/home/jetpack/SEAME-Cluster-24-25/JetRacer/build/camera_ros' returned '0': CMAKE_PREFIX_PATH=${CMAKE_PREFIX_PATH}:/opt/ros/jazzy /usr/bin/cmake --build /home/jetpack/SEAME-Cluster-24-25/JetRacer/build/camera_ros -- -j4 -l4
[0.955s] Invoking command in '/home/jetpack/SEAME-Cluster-24-25/JetRacer/build/camera_ros': CMAKE_PREFIX_PATH=${CMAKE_PREFIX_PATH}:/opt/ros/jazzy /usr/bin/cmake --install /home/jetpack/SEAME-Cluster-24-25/JetRacer/build/camera_ros
[1.023s] -- Install configuration: ""
[1.027s] -- Execute custom install script
[1.035s] -- Up-to-date symlink: /home/jetpack/SEAME-Cluster-24-25/JetRacer/install/camera_ros/lib/camera_ros/camera_node
[1.040s] -- Up-to-date symlink: /home/jetpack/SEAME-Cluster-24-25/JetRacer/install/camera_ros/share/camera_ros/environment/library_path.sh
[1.043s] -- Up-to-date symlink: /home/jetpack/SEAME-Cluster-24-25/JetRacer/install/camera_ros/share/camera_ros/environment/library_path.dsv
[1.053s] -- Up-to-date symlink: /home/jetpack/SEAME-Cluster-24-25/JetRacer/install/camera_ros/share/camera_ros//launch/camera.launch.py
[1.059s] -- Up-to-date symlink: /home/jetpack/SEAME-Cluster-24-25/JetRacer/install/camera_ros/share/ament_index/resource_index/package_run_dependencies/camera_ros
[1.062s] -- Up-to-date symlink: /home/jetpack/SEAME-Cluster-24-25/JetRacer/install/camera_ros/share/ament_index/resource_index/parent_prefix_path/camera_ros
[1.068s] -- Up-to-date symlink: /home/jetpack/SEAME-Cluster-24-25/JetRacer/install/camera_ros/share/camera_ros/environment/ament_prefix_path.sh
[1.070s] -- Up-to-date symlink: /home/jetpack/SEAME-Cluster-24-25/JetRacer/install/camera_ros/share/camera_ros/environment/ament_prefix_path.dsv
[1.071s] -- Up-to-date symlink: /home/jetpack/SEAME-Cluster-24-25/JetRacer/install/camera_ros/share/camera_ros/environment/path.sh
[1.078s] -- Up-to-date symlink: /home/jetpack/SEAME-Cluster-24-25/JetRacer/install/camera_ros/share/camera_ros/environment/path.dsv
[1.078s] -- Up-to-date symlink: /home/jetpack/SEAME-Cluster-24-25/JetRacer/install/camera_ros/share/camera_ros/local_setup.bash
[1.083s] -- Up-to-date symlink: /home/jetpack/SEAME-Cluster-24-25/JetRacer/install/camera_ros/share/camera_ros/local_setup.sh
[1.085s] -- Up-to-date symlink: /home/jetpack/SEAME-Cluster-24-25/JetRacer/install/camera_ros/share/camera_ros/local_setup.zsh
[1.085s] -- Up-to-date symlink: /home/jetpack/SEAME-Cluster-24-25/JetRacer/install/camera_ros/share/camera_ros/local_setup.dsv
[1.089s] -- Symlinking: /home/jetpack/SEAME-Cluster-24-25/JetRacer/install/camera_ros/share/camera_ros/package.dsv
[1.174s] -- Up-to-date symlink: /home/jetpack/SEAME-Cluster-24-25/JetRacer/install/camera_ros/share/ament_index/resource_index/packages/camera_ros
[1.187s] -- Up-to-date symlink: /home/jetpack/SEAME-Cluster-24-25/JetRacer/install/camera_ros/share/ament_index/resource_index/rclcpp_components/camera_ros
[1.187s] -- Up-to-date symlink: /home/jetpack/SEAME-Cluster-24-25/JetRacer/install/camera_ros/share/camera_ros/cmake/ament_cmake_export_targets-extras.cmake
[1.188s] -- Up-to-date symlink: /home/jetpack/SEAME-Cluster-24-25/JetRacer/install/camera_ros/share/camera_ros/cmake/ament_cmake_export_dependencies-extras.cmake
[1.198s] -- Up-to-date symlink: /home/jetpack/SEAME-Cluster-24-25/JetRacer/install/camera_ros/share/camera_ros/cmake/camera_rosConfig.cmake
[1.199s] -- Up-to-date symlink: /home/jetpack/SEAME-Cluster-24-25/JetRacer/install/camera_ros/share/camera_ros/cmake/camera_rosConfig-version.cmake
[1.201s] -- Up-to-date symlink: /home/jetpack/SEAME-Cluster-24-25/JetRacer/install/camera_ros/share/camera_ros/package.xml
[1.210s] -- Up-to-date: /home/jetpack/SEAME-Cluster-24-25/JetRacer/install/camera_ros/lib/libcamera_component.so
[1.211s] -- Up-to-date: /home/jetpack/SEAME-Cluster-24-25/JetRacer/install/camera_ros/share/camera_ros/cmake/camera_componentTargetsExport.cmake
[1.217s] -- Up-to-date: /home/jetpack/SEAME-Cluster-24-25/JetRacer/install/camera_ros/share/camera_ros/cmake/camera_componentTargetsExport-noconfig.cmake
[1.299s] Invoked command in '/home/jetpack/SEAME-Cluster-24-25/JetRacer/build/camera_ros' returned '0': CMAKE_PREFIX_PATH=${CMAKE_PREFIX_PATH}:/opt/ros/jazzy /usr/bin/cmake --install /home/jetpack/SEAME-Cluster-24-25/JetRacer/build/camera_ros
