[0.082s] Invoking command in '/home/jetpack/SEAME-Cluster-24-25/JetRacer/build/teleop': CMAKE_PREFIX_PATH=${CMAKE_PREFIX_PATH}:/opt/ros/jazzy /usr/bin/cmake --build /home/jetpack/SEAME-Cluster-24-25/JetRacer/build/teleop -- -j4 -l4
[0.578s] [100%] Built target teleop_node
[0.664s] Invoked command in '/home/jetpack/SEAME-Cluster-24-25/JetRacer/build/teleop' returned '0': CMAKE_PREFIX_PATH=${CMAKE_PREFIX_PATH}:/opt/ros/jazzy /usr/bin/cmake --build /home/jetpack/SEAME-Cluster-24-25/JetRacer/build/teleop -- -j4 -l4
[0.765s] Invoking command in '/home/jetpack/SEAME-Cluster-24-25/JetRacer/build/teleop': CMAKE_PREFIX_PATH=${CMAKE_PREFIX_PATH}:/opt/ros/jazzy /usr/bin/cmake --install /home/jetpack/SEAME-Cluster-24-25/JetRacer/build/teleop
[0.890s] -- Install configuration: ""
[0.894s] -- Execute custom install script
[0.898s] -- Up-to-date symlink: /home/jetpack/SEAME-Cluster-24-25/JetRacer/install/teleop/lib/teleop/teleop_node
[0.901s] -- Up-to-date symlink: /home/jetpack/SEAME-Cluster-24-25/JetRacer/install/teleop/share/ament_index/resource_index/package_run_dependencies/teleop
[0.908s] -- Up-to-date symlink: /home/jetpack/SEAME-Cluster-24-25/JetRacer/install/teleop/share/ament_index/resource_index/parent_prefix_path/teleop
[0.915s] -- Up-to-date symlink: /home/jetpack/SEAME-Cluster-24-25/JetRacer/install/teleop/share/teleop/environment/ament_prefix_path.sh
[0.930s] -- Up-to-date symlink: /home/jetpack/SEAME-Cluster-24-25/JetRacer/install/teleop/share/teleop/environment/ament_prefix_path.dsv
[0.932s] -- Up-to-date symlink: /home/jetpack/SEAME-Cluster-24-25/JetRacer/install/teleop/share/teleop/environment/path.sh
[0.933s] -- Up-to-date symlink: /home/jetpack/SEAME-Cluster-24-25/JetRacer/install/teleop/share/teleop/environment/path.dsv
[0.934s] -- Up-to-date symlink: /home/jetpack/SEAME-Cluster-24-25/JetRacer/install/teleop/share/teleop/local_setup.bash
[0.934s] -- Up-to-date symlink: /home/jetpack/SEAME-Cluster-24-25/JetRacer/install/teleop/share/teleop/local_setup.sh
[0.939s] -- Up-to-date symlink: /home/jetpack/SEAME-Cluster-24-25/JetRacer/install/teleop/share/teleop/local_setup.zsh
[0.940s] -- Up-to-date symlink: /home/jetpack/SEAME-Cluster-24-25/JetRacer/install/teleop/share/teleop/local_setup.dsv
[0.944s] -- Symlinking: /home/jetpack/SEAME-Cluster-24-25/JetRacer/install/teleop/share/teleop/package.dsv
[1.027s] -- Up-to-date symlink: /home/jetpack/SEAME-Cluster-24-25/JetRacer/install/teleop/share/ament_index/resource_index/packages/teleop
[1.030s] -- Up-to-date symlink: /home/jetpack/SEAME-Cluster-24-25/JetRacer/install/teleop/share/teleop/cmake/teleopConfig.cmake
[1.032s] -- Up-to-date symlink: /home/jetpack/SEAME-Cluster-24-25/JetRacer/install/teleop/share/teleop/cmake/teleopConfig-version.cmake
[1.035s] -- Up-to-date symlink: /home/jetpack/SEAME-Cluster-24-25/JetRacer/install/teleop/share/teleop/package.xml
[1.048s] Invoked command in '/home/jetpack/SEAME-Cluster-24-25/JetRacer/build/teleop' returned '0': CMAKE_PREFIX_PATH=${CMAKE_PREFIX_PATH}:/opt/ros/jazzy /usr/bin/cmake --install /home/jetpack/SEAME-Cluster-24-25/JetRacer/build/teleop
