[ 33%] [32mBuilding CXX object CMakeFiles/battery_node.dir/src/main.cpp.o[0m
[ 66%] [32mBuilding CXX object CMakeFiles/battery_node.dir/src/BatteryNode.cpp.o[0m
[100%] [32m[1mLinking CXX executable battery_node[0m
[100%] Built target battery_node
-- Install configuration: ""
-- Execute custom install script
-- Up-to-date symlink: /home/jetpack/SEAME-Cluster-24-25/JetRacer/install/battery/lib/battery/battery_node
-- Up-to-date symlink: /home/jetpack/SEAME-Cluster-24-25/JetRacer/install/battery/share/ament_index/resource_index/package_run_dependencies/battery
-- Up-to-date symlink: /home/jetpack/SEAME-Cluster-24-25/JetRacer/install/battery/share/ament_index/resource_index/parent_prefix_path/battery
-- Up-to-date symlink: /home/jetpack/SEAME-Cluster-24-25/JetRacer/install/battery/share/battery/environment/ament_prefix_path.sh
-- Up-to-date symlink: /home/jetpack/SEAME-Cluster-24-25/JetRacer/install/battery/share/battery/environment/ament_prefix_path.dsv
-- Up-to-date symlink: /home/jetpack/SEAME-Cluster-24-25/JetRacer/install/battery/share/battery/environment/path.sh
-- Up-to-date symlink: /home/jetpack/SEAME-Cluster-24-25/JetRacer/install/battery/share/battery/environment/path.dsv
-- Up-to-date symlink: /home/jetpack/SEAME-Cluster-24-25/JetRacer/install/battery/share/battery/local_setup.bash
-- Up-to-date symlink: /home/jetpack/SEAME-Cluster-24-25/JetRacer/install/battery/share/battery/local_setup.sh
-- Up-to-date symlink: /home/jetpack/SEAME-Cluster-24-25/JetRacer/install/battery/share/battery/local_setup.zsh
-- Up-to-date symlink: /home/jetpack/SEAME-Cluster-24-25/JetRacer/install/battery/share/battery/local_setup.dsv
-- Symlinking: /home/jetpack/SEAME-Cluster-24-25/JetRacer/install/battery/share/battery/package.dsv
-- Up-to-date symlink: /home/jetpack/SEAME-Cluster-24-25/JetRacer/install/battery/share/ament_index/resource_index/packages/battery
-- Up-to-date symlink: /home/jetpack/SEAME-Cluster-24-25/JetRacer/install/battery/share/battery/cmake/batteryConfig.cmake
-- Up-to-date symlink: /home/jetpack/SEAME-Cluster-24-25/JetRacer/install/battery/share/battery/cmake/batteryConfig-version.cmake
-- Up-to-date symlink: /home/jetpack/SEAME-Cluster-24-25/JetRacer/install/battery/share/battery/package.xml
