-- The C compiler identification is GNU 13.2.0
-- The CXX compiler identification is GNU 13.2.0
-- Detecting C compiler ABI info
-- Detecting C compiler ABI info - done
-- Check for working C compiler: /usr/bin/cc - skipped
-- Detecting C compile features
-- Detecting C compile features - done
-- Detecting CXX compiler ABI info
-- Detecting CXX compiler ABI info - done
-- Check for working CXX compiler: /usr/bin/c++ - skipped
-- Detecting CXX compile features
-- Detecting CXX compile features - done
-- Found ament_cmake: 2.5.2 (/opt/ros/jazzy/share/ament_cmake/cmake)
-- Found Python3: /usr/bin/python3 (found version "3.12.3") found components: Interpreter 
-- Found rclcpp: 28.1.5 (/opt/ros/jazzy/share/rclcpp/cmake)
-- Found rosidl_generator_c: 4.6.4 (/opt/ros/jazzy/share/rosidl_generator_c/cmake)
-- Found rosidl_generator_cpp: 4.6.4 (/opt/ros/jazzy/share/rosidl_generator_cpp/cmake)
-- Using all available rosidl_typesupport_c: rosidl_typesupport_fastrtps_c;rosidl_typesupport_introspection_c
-- Using all available rosidl_typesupport_cpp: rosidl_typesupport_fastrtps_cpp;rosidl_typesupport_introspection_cpp
-- Found rmw_implementation_cmake: 7.3.1 (/opt/ros/jazzy/share/rmw_implementation_cmake/cmake)
-- Found rmw_fastrtps_cpp: 8.4.1 (/opt/ros/jazzy/share/rmw_fastrtps_cpp/cmake)
-- Found OpenSSL: /usr/lib/aarch64-linux-gnu/libcrypto.so (found version "3.0.13")  
-- Found FastRTPS: /opt/ros/jazzy/include (Required is at least version "2.13") 
-- Using RMW implementation 'rmw_fastrtps_cpp' as default
-- Found sensor_msgs: 5.3.5 (/opt/ros/jazzy/share/sensor_msgs/cmake)
-- Found image_transport: 5.1.5 (/home/jetpack/ros2_v4l2/install/image_transport/share/image_transport/cmake)
-- Found OpenCV: /usr (found version "4.6.0") 
-- Found PkgConfig: /usr/bin/pkg-config (found version "1.8.1") 
-- Checking for module 'libcamera'
--   Found libcamera, version 0.3.2
-- Configuring done (8.5s)
-- Generating done (0.0s)
-- Build files have been written to: /home/jetpack/SEAME-Cluster-24-25/JetRacer/build/camera
[ 33%] [32mBuilding CXX object CMakeFiles/camera_node.dir/src/main.cpp.o[0m
[ 66%] [32mBuilding CXX object CMakeFiles/camera_node.dir/src/CameraNode.cpp.o[0m
[100%] [32m[1mLinking CXX executable camera_node[0m
[100%] Built target camera_node
-- Install configuration: ""
-- Installing: /home/jetpack/SEAME-Cluster-24-25/JetRacer/install/camera/lib/camera/camera_node
-- Set non-toolchain portion of runtime path of "/home/jetpack/SEAME-Cluster-24-25/JetRacer/install/camera/lib/camera/camera_node" to ""
-- Installing: /home/jetpack/SEAME-Cluster-24-25/JetRacer/install/camera/share/ament_index/resource_index/package_run_dependencies/camera
-- Installing: /home/jetpack/SEAME-Cluster-24-25/JetRacer/install/camera/share/ament_index/resource_index/parent_prefix_path/camera
-- Installing: /home/jetpack/SEAME-Cluster-24-25/JetRacer/install/camera/share/camera/environment/ament_prefix_path.sh
-- Installing: /home/jetpack/SEAME-Cluster-24-25/JetRacer/install/camera/share/camera/environment/ament_prefix_path.dsv
-- Installing: /home/jetpack/SEAME-Cluster-24-25/JetRacer/install/camera/share/camera/environment/path.sh
-- Installing: /home/jetpack/SEAME-Cluster-24-25/JetRacer/install/camera/share/camera/environment/path.dsv
-- Installing: /home/jetpack/SEAME-Cluster-24-25/JetRacer/install/camera/share/camera/local_setup.bash
-- Installing: /home/jetpack/SEAME-Cluster-24-25/JetRacer/install/camera/share/camera/local_setup.sh
-- Installing: /home/jetpack/SEAME-Cluster-24-25/JetRacer/install/camera/share/camera/local_setup.zsh
-- Installing: /home/jetpack/SEAME-Cluster-24-25/JetRacer/install/camera/share/camera/local_setup.dsv
-- Installing: /home/jetpack/SEAME-Cluster-24-25/JetRacer/install/camera/share/camera/package.dsv
-- Installing: /home/jetpack/SEAME-Cluster-24-25/JetRacer/install/camera/share/ament_index/resource_index/packages/camera
-- Installing: /home/jetpack/SEAME-Cluster-24-25/JetRacer/install/camera/share/camera/cmake/cameraConfig.cmake
-- Installing: /home/jetpack/SEAME-Cluster-24-25/JetRacer/install/camera/share/camera/cmake/cameraConfig-version.cmake
-- Installing: /home/jetpack/SEAME-Cluster-24-25/JetRacer/install/camera/share/camera/package.xml
