[  1%] Built target custom_msgs__rosidl_generator_type_description
[  1%] Built target ament_cmake_python_symlink_custom_msgs
[  3%] Built target custom_msgs__cpp
[ 25%] Built target custom_msgs__rosidl_generator_c
[ 34%] Built target custom_msgs__rosidl_typesupport_introspection_c
[ 43%] Built target custom_msgs__rosidl_typesupport_cpp
[ 53%] Built target custom_msgs__rosidl_typesupport_fastrtps_c
[ 62%] Built target custom_msgs__rosidl_typesupport_c
[ 71%] Built target custom_msgs__rosidl_typesupport_introspection_cpp
[ 81%] Built target custom_msgs__rosidl_typesupport_fastrtps_cpp
[ 81%] Built target custom_msgs
[ 82%] Built target custom_msgs__py
[ 90%] Built target custom_msgs__rosidl_generator_py
running egg_info
[ 93%] Built target custom_msgs_s__rosidl_typesupport_introspection_c
[100%] Built target custom_msgs_s__rosidl_typesupport_fastrtps_c
[100%] Built target custom_msgs_s__rosidl_typesupport_c
writing custom_msgs.egg-info/PKG-INFO
writing dependency_links to custom_msgs.egg-info/dependency_links.txt
writing top-level names to custom_msgs.egg-info/top_level.txt
reading manifest file 'custom_msgs.egg-info/SOURCES.txt'
writing manifest file 'custom_msgs.egg-info/SOURCES.txt'
[100%] Built target ament_cmake_python_build_custom_msgs_egg
-- Install configuration: ""
-- Execute custom install script
-- Up-to-date symlink: /home/jetpack/SEAME-Cluster-24-25/JetRacer/install/custom_msgs/share/ament_index/resource_index/rosidl_interfaces/custom_msgs
-- Up-to-date symlink: /home/jetpack/SEAME-Cluster-24-25/JetRacer/install/custom_msgs/share/custom_msgs/msg/CanFrame.json
-- Up-to-date symlink: /home/jetpack/SEAME-Cluster-24-25/JetRacer/install/custom_msgs/share/custom_msgs/msg/Display.json
-- Up-to-date symlink: /home/jetpack/SEAME-Cluster-24-25/JetRacer/install/custom_msgs/share/custom_msgs/srv/I2cService.json
-- Up-to-date symlink: /home/jetpack/SEAME-Cluster-24-25/JetRacer/install/custom_msgs/share/custom_msgs/srv/CanService.json
-- Up-to-date symlink: /home/jetpack/SEAME-Cluster-24-25/JetRacer/install/custom_msgs/include/custom_msgs/custom_msgs/msg/can_frame.h
-- Up-to-date symlink: /home/jetpack/SEAME-Cluster-24-25/JetRacer/install/custom_msgs/include/custom_msgs/custom_msgs/msg/detail/can_frame__functions.h
-- Up-to-date symlink: /home/jetpack/SEAME-Cluster-24-25/JetRacer/install/custom_msgs/include/custom_msgs/custom_msgs/msg/detail/can_frame__struct.h
-- Up-to-date symlink: /home/jetpack/SEAME-Cluster-24-25/JetRacer/install/custom_msgs/include/custom_msgs/custom_msgs/msg/detail/can_frame__type_support.h
-- Up-to-date symlink: /home/jetpack/SEAME-Cluster-24-25/JetRacer/install/custom_msgs/include/custom_msgs/custom_msgs/msg/detail/display__functions.h
-- Up-to-date symlink: /home/jetpack/SEAME-Cluster-24-25/JetRacer/install/custom_msgs/include/custom_msgs/custom_msgs/msg/detail/display__struct.h
-- Up-to-date symlink: /home/jetpack/SEAME-Cluster-24-25/JetRacer/install/custom_msgs/include/custom_msgs/custom_msgs/msg/detail/display__type_support.h
-- Up-to-date symlink: /home/jetpack/SEAME-Cluster-24-25/JetRacer/install/custom_msgs/include/custom_msgs/custom_msgs/msg/display.h
-- Up-to-date symlink: /home/jetpack/SEAME-Cluster-24-25/JetRacer/install/custom_msgs/include/custom_msgs/custom_msgs/msg/rosidl_generator_c__visibility_control.h
-- Up-to-date symlink: /home/jetpack/SEAME-Cluster-24-25/JetRacer/install/custom_msgs/include/custom_msgs/custom_msgs/srv/can_service.h
-- Up-to-date symlink: /home/jetpack/SEAME-Cluster-24-25/JetRacer/install/custom_msgs/include/custom_msgs/custom_msgs/srv/detail/can_service__functions.h
-- Up-to-date symlink: /home/jetpack/SEAME-Cluster-24-25/JetRacer/install/custom_msgs/include/custom_msgs/custom_msgs/srv/detail/can_service__struct.h
-- Up-to-date symlink: /home/jetpack/SEAME-Cluster-24-25/JetRacer/install/custom_msgs/include/custom_msgs/custom_msgs/srv/detail/can_service__type_support.h
-- Up-to-date symlink: /home/jetpack/SEAME-Cluster-24-25/JetRacer/install/custom_msgs/include/custom_msgs/custom_msgs/srv/detail/i2c_service__functions.h
-- Up-to-date symlink: /home/jetpack/SEAME-Cluster-24-25/JetRacer/install/custom_msgs/include/custom_msgs/custom_msgs/srv/detail/i2c_service__struct.h
-- Up-to-date symlink: /home/jetpack/SEAME-Cluster-24-25/JetRacer/install/custom_msgs/include/custom_msgs/custom_msgs/srv/detail/i2c_service__type_support.h
-- Up-to-date symlink: /home/jetpack/SEAME-Cluster-24-25/JetRacer/install/custom_msgs/include/custom_msgs/custom_msgs/srv/i2c_service.h
-- Up-to-date symlink: /home/jetpack/SEAME-Cluster-24-25/JetRacer/install/custom_msgs/share/custom_msgs/environment/library_path.sh
-- Up-to-date symlink: /home/jetpack/SEAME-Cluster-24-25/JetRacer/install/custom_msgs/share/custom_msgs/environment/library_path.dsv
-- Up-to-date symlink: /home/jetpack/SEAME-Cluster-24-25/JetRacer/install/custom_msgs/include/custom_msgs/custom_msgs/msg/detail/can_frame__rosidl_typesupport_fastrtps_c.h
-- Up-to-date symlink: /home/jetpack/SEAME-Cluster-24-25/JetRacer/install/custom_msgs/include/custom_msgs/custom_msgs/msg/detail/display__rosidl_typesupport_fastrtps_c.h
-- Up-to-date symlink: /home/jetpack/SEAME-Cluster-24-25/JetRacer/install/custom_msgs/include/custom_msgs/custom_msgs/msg/rosidl_typesupport_fastrtps_c__visibility_control.h
-- Up-to-date symlink: /home/jetpack/SEAME-Cluster-24-25/JetRacer/install/custom_msgs/include/custom_msgs/custom_msgs/srv/detail/can_service__rosidl_typesupport_fastrtps_c.h
-- Up-to-date symlink: /home/jetpack/SEAME-Cluster-24-25/JetRacer/install/custom_msgs/include/custom_msgs/custom_msgs/srv/detail/i2c_service__rosidl_typesupport_fastrtps_c.h
-- Up-to-date symlink: /home/jetpack/SEAME-Cluster-24-25/JetRacer/install/custom_msgs/include/custom_msgs/custom_msgs/msg/detail/can_frame__rosidl_typesupport_introspection_c.h
-- Up-to-date symlink: /home/jetpack/SEAME-Cluster-24-25/JetRacer/install/custom_msgs/include/custom_msgs/custom_msgs/msg/detail/display__rosidl_typesupport_introspection_c.h
-- Up-to-date symlink: /home/jetpack/SEAME-Cluster-24-25/JetRacer/install/custom_msgs/include/custom_msgs/custom_msgs/msg/rosidl_typesupport_introspection_c__visibility_control.h
-- Up-to-date symlink: /home/jetpack/SEAME-Cluster-24-25/JetRacer/install/custom_msgs/include/custom_msgs/custom_msgs/srv/detail/can_service__rosidl_typesupport_introspection_c.h
-- Up-to-date symlink: /home/jetpack/SEAME-Cluster-24-25/JetRacer/install/custom_msgs/include/custom_msgs/custom_msgs/srv/detail/i2c_service__rosidl_typesupport_introspection_c.h
-- Up-to-date symlink: /home/jetpack/SEAME-Cluster-24-25/JetRacer/install/custom_msgs/include/custom_msgs/custom_msgs/msg/can_frame.hpp
-- Up-to-date symlink: /home/jetpack/SEAME-Cluster-24-25/JetRacer/install/custom_msgs/include/custom_msgs/custom_msgs/msg/detail/can_frame__builder.hpp
-- Up-to-date symlink: /home/jetpack/SEAME-Cluster-24-25/JetRacer/install/custom_msgs/include/custom_msgs/custom_msgs/msg/detail/can_frame__struct.hpp
-- Up-to-date symlink: /home/jetpack/SEAME-Cluster-24-25/JetRacer/install/custom_msgs/include/custom_msgs/custom_msgs/msg/detail/can_frame__traits.hpp
-- Up-to-date symlink: /home/jetpack/SEAME-Cluster-24-25/JetRacer/install/custom_msgs/include/custom_msgs/custom_msgs/msg/detail/can_frame__type_support.hpp
-- Up-to-date symlink: /home/jetpack/SEAME-Cluster-24-25/JetRacer/install/custom_msgs/include/custom_msgs/custom_msgs/msg/detail/display__builder.hpp
-- Up-to-date symlink: /home/jetpack/SEAME-Cluster-24-25/JetRacer/install/custom_msgs/include/custom_msgs/custom_msgs/msg/detail/display__struct.hpp
-- Up-to-date symlink: /home/jetpack/SEAME-Cluster-24-25/JetRacer/install/custom_msgs/include/custom_msgs/custom_msgs/msg/detail/display__traits.hpp
-- Up-to-date symlink: /home/jetpack/SEAME-Cluster-24-25/JetRacer/install/custom_msgs/include/custom_msgs/custom_msgs/msg/detail/display__type_support.hpp
-- Up-to-date symlink: /home/jetpack/SEAME-Cluster-24-25/JetRacer/install/custom_msgs/include/custom_msgs/custom_msgs/msg/display.hpp
-- Up-to-date symlink: /home/jetpack/SEAME-Cluster-24-25/JetRacer/install/custom_msgs/include/custom_msgs/custom_msgs/msg/rosidl_generator_cpp__visibility_control.hpp
-- Up-to-date symlink: /home/jetpack/SEAME-Cluster-24-25/JetRacer/install/custom_msgs/include/custom_msgs/custom_msgs/srv/can_service.hpp
-- Up-to-date symlink: /home/jetpack/SEAME-Cluster-24-25/JetRacer/install/custom_msgs/include/custom_msgs/custom_msgs/srv/detail/can_service__builder.hpp
-- Up-to-date symlink: /home/jetpack/SEAME-Cluster-24-25/JetRacer/install/custom_msgs/include/custom_msgs/custom_msgs/srv/detail/can_service__struct.hpp
-- Up-to-date symlink: /home/jetpack/SEAME-Cluster-24-25/JetRacer/install/custom_msgs/include/custom_msgs/custom_msgs/srv/detail/can_service__traits.hpp
-- Up-to-date symlink: /home/jetpack/SEAME-Cluster-24-25/JetRacer/install/custom_msgs/include/custom_msgs/custom_msgs/srv/detail/can_service__type_support.hpp
-- Up-to-date symlink: /home/jetpack/SEAME-Cluster-24-25/JetRacer/install/custom_msgs/include/custom_msgs/custom_msgs/srv/detail/i2c_service__builder.hpp
-- Up-to-date symlink: /home/jetpack/SEAME-Cluster-24-25/JetRacer/install/custom_msgs/include/custom_msgs/custom_msgs/srv/detail/i2c_service__struct.hpp
-- Up-to-date symlink: /home/jetpack/SEAME-Cluster-24-25/JetRacer/install/custom_msgs/include/custom_msgs/custom_msgs/srv/detail/i2c_service__traits.hpp
-- Up-to-date symlink: /home/jetpack/SEAME-Cluster-24-25/JetRacer/install/custom_msgs/include/custom_msgs/custom_msgs/srv/detail/i2c_service__type_support.hpp
-- Up-to-date symlink: /home/jetpack/SEAME-Cluster-24-25/JetRacer/install/custom_msgs/include/custom_msgs/custom_msgs/srv/i2c_service.hpp
-- Up-to-date symlink: /home/jetpack/SEAME-Cluster-24-25/JetRacer/install/custom_msgs/include/custom_msgs/custom_msgs/msg/detail/can_frame__rosidl_typesupport_fastrtps_cpp.hpp
-- Up-to-date symlink: /home/jetpack/SEAME-Cluster-24-25/JetRacer/install/custom_msgs/include/custom_msgs/custom_msgs/msg/detail/display__rosidl_typesupport_fastrtps_cpp.hpp
-- Up-to-date symlink: /home/jetpack/SEAME-Cluster-24-25/JetRacer/install/custom_msgs/include/custom_msgs/custom_msgs/msg/rosidl_typesupport_fastrtps_cpp__visibility_control.h
-- Up-to-date symlink: /home/jetpack/SEAME-Cluster-24-25/JetRacer/install/custom_msgs/include/custom_msgs/custom_msgs/srv/detail/can_service__rosidl_typesupport_fastrtps_cpp.hpp
-- Up-to-date symlink: /home/jetpack/SEAME-Cluster-24-25/JetRacer/install/custom_msgs/include/custom_msgs/custom_msgs/srv/detail/i2c_service__rosidl_typesupport_fastrtps_cpp.hpp
-- Up-to-date symlink: /home/jetpack/SEAME-Cluster-24-25/JetRacer/install/custom_msgs/include/custom_msgs/custom_msgs/msg/detail/can_frame__rosidl_typesupport_introspection_cpp.hpp
-- Up-to-date symlink: /home/jetpack/SEAME-Cluster-24-25/JetRacer/install/custom_msgs/include/custom_msgs/custom_msgs/msg/detail/display__rosidl_typesupport_introspection_cpp.hpp
-- Up-to-date symlink: /home/jetpack/SEAME-Cluster-24-25/JetRacer/install/custom_msgs/include/custom_msgs/custom_msgs/srv/detail/can_service__rosidl_typesupport_introspection_cpp.hpp
-- Up-to-date symlink: /home/jetpack/SEAME-Cluster-24-25/JetRacer/install/custom_msgs/include/custom_msgs/custom_msgs/srv/detail/i2c_service__rosidl_typesupport_introspection_cpp.hpp
-- Up-to-date symlink: /home/jetpack/SEAME-Cluster-24-25/JetRacer/install/custom_msgs/share/custom_msgs/environment/pythonpath.sh
-- Up-to-date symlink: /home/jetpack/SEAME-Cluster-24-25/JetRacer/install/custom_msgs/share/custom_msgs/environment/pythonpath.dsv
-- Up-to-date symlink: /home/jetpack/SEAME-Cluster-24-25/JetRacer/install/custom_msgs/lib/python3.12/site-packages/custom_msgs-0.0.0-py3.12.egg-info/PKG-INFO
-- Up-to-date symlink: /home/jetpack/SEAME-Cluster-24-25/JetRacer/install/custom_msgs/lib/python3.12/site-packages/custom_msgs-0.0.0-py3.12.egg-info/SOURCES.txt
-- Up-to-date symlink: /home/jetpack/SEAME-Cluster-24-25/JetRacer/install/custom_msgs/lib/python3.12/site-packages/custom_msgs-0.0.0-py3.12.egg-info/dependency_links.txt
-- Up-to-date symlink: /home/jetpack/SEAME-Cluster-24-25/JetRacer/install/custom_msgs/lib/python3.12/site-packages/custom_msgs-0.0.0-py3.12.egg-info/top_level.txt
-- Up-to-date symlink: /home/jetpack/SEAME-Cluster-24-25/JetRacer/install/custom_msgs/lib/python3.12/site-packages/custom_msgs/__init__.py
-- Up-to-date symlink: /home/jetpack/SEAME-Cluster-24-25/JetRacer/install/custom_msgs/lib/python3.12/site-packages/custom_msgs/_custom_msgs_s.ep.rosidl_typesupport_c.c
-- Up-to-date symlink: /home/jetpack/SEAME-Cluster-24-25/JetRacer/install/custom_msgs/lib/python3.12/site-packages/custom_msgs/_custom_msgs_s.ep.rosidl_typesupport_fastrtps_c.c
-- Up-to-date symlink: /home/jetpack/SEAME-Cluster-24-25/JetRacer/install/custom_msgs/lib/python3.12/site-packages/custom_msgs/_custom_msgs_s.ep.rosidl_typesupport_introspection_c.c
-- Up-to-date symlink: /home/jetpack/SEAME-Cluster-24-25/JetRacer/install/custom_msgs/lib/python3.12/site-packages/custom_msgs/custom_msgs_s__rosidl_typesupport_c.so
-- Up-to-date symlink: /home/jetpack/SEAME-Cluster-24-25/JetRacer/install/custom_msgs/lib/python3.12/site-packages/custom_msgs/custom_msgs_s__rosidl_typesupport_fastrtps_c.so
-- Up-to-date symlink: /home/jetpack/SEAME-Cluster-24-25/JetRacer/install/custom_msgs/lib/python3.12/site-packages/custom_msgs/custom_msgs_s__rosidl_typesupport_introspection_c.so
-- Up-to-date symlink: /home/jetpack/SEAME-Cluster-24-25/JetRacer/install/custom_msgs/lib/python3.12/site-packages/custom_msgs/msg/__init__.py
-- Up-to-date symlink: /home/jetpack/SEAME-Cluster-24-25/JetRacer/install/custom_msgs/lib/python3.12/site-packages/custom_msgs/msg/_can_frame.py
-- Up-to-date symlink: /home/jetpack/SEAME-Cluster-24-25/JetRacer/install/custom_msgs/lib/python3.12/site-packages/custom_msgs/msg/_can_frame_s.c
-- Up-to-date symlink: /home/jetpack/SEAME-Cluster-24-25/JetRacer/install/custom_msgs/lib/python3.12/site-packages/custom_msgs/msg/_display.py
-- Up-to-date symlink: /home/jetpack/SEAME-Cluster-24-25/JetRacer/install/custom_msgs/lib/python3.12/site-packages/custom_msgs/msg/_display_s.c
-- Up-to-date symlink: /home/jetpack/SEAME-Cluster-24-25/JetRacer/install/custom_msgs/lib/python3.12/site-packages/custom_msgs/srv/__init__.py
-- Up-to-date symlink: /home/jetpack/SEAME-Cluster-24-25/JetRacer/install/custom_msgs/lib/python3.12/site-packages/custom_msgs/srv/_can_service.py
-- Up-to-date symlink: /home/jetpack/SEAME-Cluster-24-25/JetRacer/install/custom_msgs/lib/python3.12/site-packages/custom_msgs/srv/_can_service_s.c
-- Up-to-date symlink: /home/jetpack/SEAME-Cluster-24-25/JetRacer/install/custom_msgs/lib/python3.12/site-packages/custom_msgs/srv/_i2c_service.py
-- Up-to-date symlink: /home/jetpack/SEAME-Cluster-24-25/JetRacer/install/custom_msgs/lib/python3.12/site-packages/custom_msgs/srv/_i2c_service_s.c
-- Up-to-date symlink: /home/jetpack/SEAME-Cluster-24-25/JetRacer/install/custom_msgs/lib/python3.12/site-packages/custom_msgs/custom_msgs_s__rosidl_typesupport_fastrtps_c.so
-- Up-to-date symlink: /home/jetpack/SEAME-Cluster-24-25/JetRacer/install/custom_msgs/lib/python3.12/site-packages/custom_msgs/custom_msgs_s__rosidl_typesupport_introspection_c.so
-- Up-to-date symlink: /home/jetpack/SEAME-Cluster-24-25/JetRacer/install/custom_msgs/lib/python3.12/site-packages/custom_msgs/custom_msgs_s__rosidl_typesupport_c.so
-- Up-to-date symlink: /home/jetpack/SEAME-Cluster-24-25/JetRacer/install/custom_msgs/share/custom_msgs/msg/CanFrame.idl
-- Up-to-date symlink: /home/jetpack/SEAME-Cluster-24-25/JetRacer/install/custom_msgs/share/custom_msgs/msg/Display.idl
-- Up-to-date symlink: /home/jetpack/SEAME-Cluster-24-25/JetRacer/install/custom_msgs/share/custom_msgs/srv/I2cService.idl
-- Up-to-date symlink: /home/jetpack/SEAME-Cluster-24-25/JetRacer/install/custom_msgs/share/custom_msgs/srv/CanService.idl
-- Up-to-date symlink: /home/jetpack/SEAME-Cluster-24-25/JetRacer/install/custom_msgs/share/custom_msgs/msg/CanFrame.msg
-- Up-to-date symlink: /home/jetpack/SEAME-Cluster-24-25/JetRacer/install/custom_msgs/share/custom_msgs/msg/Display.msg
-- Up-to-date symlink: /home/jetpack/SEAME-Cluster-24-25/JetRacer/install/custom_msgs/share/custom_msgs/srv/I2cService.srv
-- Up-to-date symlink: /home/jetpack/SEAME-Cluster-24-25/JetRacer/install/custom_msgs/share/custom_msgs/srv/CanService.srv
-- Up-to-date symlink: /home/jetpack/SEAME-Cluster-24-25/JetRacer/install/custom_msgs/share/ament_index/resource_index/package_run_dependencies/custom_msgs
-- Up-to-date symlink: /home/jetpack/SEAME-Cluster-24-25/JetRacer/install/custom_msgs/share/ament_index/resource_index/parent_prefix_path/custom_msgs
-- Up-to-date symlink: /home/jetpack/SEAME-Cluster-24-25/JetRacer/install/custom_msgs/share/custom_msgs/environment/ament_prefix_path.sh
-- Up-to-date symlink: /home/jetpack/SEAME-Cluster-24-25/JetRacer/install/custom_msgs/share/custom_msgs/environment/ament_prefix_path.dsv
-- Up-to-date symlink: /home/jetpack/SEAME-Cluster-24-25/JetRacer/install/custom_msgs/share/custom_msgs/environment/path.sh
-- Up-to-date symlink: /home/jetpack/SEAME-Cluster-24-25/JetRacer/install/custom_msgs/share/custom_msgs/environment/path.dsv
-- Up-to-date symlink: /home/jetpack/SEAME-Cluster-24-25/JetRacer/install/custom_msgs/share/custom_msgs/local_setup.bash
-- Up-to-date symlink: /home/jetpack/SEAME-Cluster-24-25/JetRacer/install/custom_msgs/share/custom_msgs/local_setup.sh
-- Up-to-date symlink: /home/jetpack/SEAME-Cluster-24-25/JetRacer/install/custom_msgs/share/custom_msgs/local_setup.zsh
-- Up-to-date symlink: /home/jetpack/SEAME-Cluster-24-25/JetRacer/install/custom_msgs/share/custom_msgs/local_setup.dsv
-- Symlinking: /home/jetpack/SEAME-Cluster-24-25/JetRacer/install/custom_msgs/share/custom_msgs/package.dsv
-- Up-to-date symlink: /home/jetpack/SEAME-Cluster-24-25/JetRacer/install/custom_msgs/share/ament_index/resource_index/packages/custom_msgs
-- Up-to-date symlink: /home/jetpack/SEAME-Cluster-24-25/JetRacer/install/custom_msgs/share/custom_msgs/cmake/rosidl_cmake-extras.cmake
-- Up-to-date symlink: /home/jetpack/SEAME-Cluster-24-25/JetRacer/install/custom_msgs/share/custom_msgs/cmake/ament_cmake_export_dependencies-extras.cmake
-- Up-to-date symlink: /home/jetpack/SEAME-Cluster-24-25/JetRacer/install/custom_msgs/share/custom_msgs/cmake/ament_cmake_export_include_directories-extras.cmake
-- Up-to-date symlink: /home/jetpack/SEAME-Cluster-24-25/JetRacer/install/custom_msgs/share/custom_msgs/cmake/ament_cmake_export_libraries-extras.cmake
-- Up-to-date symlink: /home/jetpack/SEAME-Cluster-24-25/JetRacer/install/custom_msgs/share/custom_msgs/cmake/ament_cmake_export_targets-extras.cmake
-- Up-to-date symlink: /home/jetpack/SEAME-Cluster-24-25/JetRacer/install/custom_msgs/share/custom_msgs/cmake/rosidl_cmake_export_typesupport_targets-extras.cmake
-- Up-to-date symlink: /home/jetpack/SEAME-Cluster-24-25/JetRacer/install/custom_msgs/share/custom_msgs/cmake/rosidl_cmake_export_typesupport_libraries-extras.cmake
-- Up-to-date symlink: /home/jetpack/SEAME-Cluster-24-25/JetRacer/install/custom_msgs/share/custom_msgs/cmake/custom_msgsConfig.cmake
-- Up-to-date symlink: /home/jetpack/SEAME-Cluster-24-25/JetRacer/install/custom_msgs/share/custom_msgs/cmake/custom_msgsConfig-version.cmake
-- Up-to-date symlink: /home/jetpack/SEAME-Cluster-24-25/JetRacer/install/custom_msgs/share/custom_msgs/package.xml
-- Up-to-date: /home/jetpack/SEAME-Cluster-24-25/JetRacer/install/custom_msgs/lib/libcustom_msgs__rosidl_generator_c.so
-- Up-to-date: /home/jetpack/SEAME-Cluster-24-25/JetRacer/install/custom_msgs/lib/libcustom_msgs__rosidl_typesupport_fastrtps_c.so
-- Up-to-date: /home/jetpack/SEAME-Cluster-24-25/JetRacer/install/custom_msgs/lib/libcustom_msgs__rosidl_typesupport_introspection_c.so
-- Up-to-date: /home/jetpack/SEAME-Cluster-24-25/JetRacer/install/custom_msgs/lib/libcustom_msgs__rosidl_typesupport_c.so
-- Up-to-date: /home/jetpack/SEAME-Cluster-24-25/JetRacer/install/custom_msgs/lib/libcustom_msgs__rosidl_typesupport_fastrtps_cpp.so
-- Up-to-date: /home/jetpack/SEAME-Cluster-24-25/JetRacer/install/custom_msgs/lib/libcustom_msgs__rosidl_typesupport_introspection_cpp.so
-- Up-to-date: /home/jetpack/SEAME-Cluster-24-25/JetRacer/install/custom_msgs/lib/libcustom_msgs__rosidl_typesupport_cpp.so
Listing '/home/jetpack/SEAME-Cluster-24-25/JetRacer/install/custom_msgs/lib/python3.12/site-packages/custom_msgs'...
Listing '/home/jetpack/SEAME-Cluster-24-25/JetRacer/install/custom_msgs/lib/python3.12/site-packages/custom_msgs/msg'...
Listing '/home/jetpack/SEAME-Cluster-24-25/JetRacer/install/custom_msgs/lib/python3.12/site-packages/custom_msgs/srv'...
-- Up-to-date: /home/jetpack/SEAME-Cluster-24-25/JetRacer/install/custom_msgs/lib/libcustom_msgs__rosidl_generator_py.so
-- Up-to-date: /home/jetpack/SEAME-Cluster-24-25/JetRacer/install/custom_msgs/share/custom_msgs/cmake/export_custom_msgs__rosidl_generator_cExport.cmake
-- Up-to-date: /home/jetpack/SEAME-Cluster-24-25/JetRacer/install/custom_msgs/share/custom_msgs/cmake/export_custom_msgs__rosidl_generator_cExport-noconfig.cmake
-- Up-to-date: /home/jetpack/SEAME-Cluster-24-25/JetRacer/install/custom_msgs/share/custom_msgs/cmake/export_custom_msgs__rosidl_typesupport_fastrtps_cExport.cmake
-- Up-to-date: /home/jetpack/SEAME-Cluster-24-25/JetRacer/install/custom_msgs/share/custom_msgs/cmake/export_custom_msgs__rosidl_typesupport_fastrtps_cExport-noconfig.cmake
-- Up-to-date: /home/jetpack/SEAME-Cluster-24-25/JetRacer/install/custom_msgs/share/custom_msgs/cmake/custom_msgs__rosidl_typesupport_introspection_cExport.cmake
-- Up-to-date: /home/jetpack/SEAME-Cluster-24-25/JetRacer/install/custom_msgs/share/custom_msgs/cmake/custom_msgs__rosidl_typesupport_introspection_cExport-noconfig.cmake
-- Up-to-date: /home/jetpack/SEAME-Cluster-24-25/JetRacer/install/custom_msgs/share/custom_msgs/cmake/custom_msgs__rosidl_typesupport_cExport.cmake
-- Up-to-date: /home/jetpack/SEAME-Cluster-24-25/JetRacer/install/custom_msgs/share/custom_msgs/cmake/custom_msgs__rosidl_typesupport_cExport-noconfig.cmake
-- Up-to-date: /home/jetpack/SEAME-Cluster-24-25/JetRacer/install/custom_msgs/share/custom_msgs/cmake/export_custom_msgs__rosidl_generator_cppExport.cmake
-- Up-to-date: /home/jetpack/SEAME-Cluster-24-25/JetRacer/install/custom_msgs/share/custom_msgs/cmake/export_custom_msgs__rosidl_typesupport_fastrtps_cppExport.cmake
-- Up-to-date: /home/jetpack/SEAME-Cluster-24-25/JetRacer/install/custom_msgs/share/custom_msgs/cmake/export_custom_msgs__rosidl_typesupport_fastrtps_cppExport-noconfig.cmake
-- Up-to-date: /home/jetpack/SEAME-Cluster-24-25/JetRacer/install/custom_msgs/share/custom_msgs/cmake/custom_msgs__rosidl_typesupport_introspection_cppExport.cmake
-- Up-to-date: /home/jetpack/SEAME-Cluster-24-25/JetRacer/install/custom_msgs/share/custom_msgs/cmake/custom_msgs__rosidl_typesupport_introspection_cppExport-noconfig.cmake
-- Up-to-date: /home/jetpack/SEAME-Cluster-24-25/JetRacer/install/custom_msgs/share/custom_msgs/cmake/custom_msgs__rosidl_typesupport_cppExport.cmake
-- Up-to-date: /home/jetpack/SEAME-Cluster-24-25/JetRacer/install/custom_msgs/share/custom_msgs/cmake/custom_msgs__rosidl_typesupport_cppExport-noconfig.cmake
-- Up-to-date: /home/jetpack/SEAME-Cluster-24-25/JetRacer/install/custom_msgs/share/custom_msgs/cmake/export_custom_msgs__rosidl_generator_pyExport.cmake
-- Up-to-date: /home/jetpack/SEAME-Cluster-24-25/JetRacer/install/custom_msgs/share/custom_msgs/cmake/export_custom_msgs__rosidl_generator_pyExport-noconfig.cmake
