[0.121s] Invoking command in '/home/jetpack/SEAME-Cluster-24-25/JetRacer/build/custom_msgs': CMAKE_PREFIX_PATH=${CMAKE_PREFIX_PATH}:/opt/ros/jazzy /usr/bin/cmake --build /home/jetpack/SEAME-Cluster-24-25/JetRacer/build/custom_msgs -- -j4 -l4
[0.531s] [  1%] Built target custom_msgs__rosidl_generator_type_description
[0.597s] [  1%] Built target ament_cmake_python_symlink_custom_msgs
[0.745s] [  3%] Built target custom_msgs__cpp
[0.828s] [ 25%] Built target custom_msgs__rosidl_generator_c
[1.146s] [ 34%] Built target custom_msgs__rosidl_typesupport_introspection_c
[1.209s] [ 43%] Built target custom_msgs__rosidl_typesupport_cpp
[1.211s] [ 53%] Built target custom_msgs__rosidl_typesupport_fastrtps_c
[1.423s] [ 62%] Built target custom_msgs__rosidl_typesupport_c
[1.461s] [ 71%] Built target custom_msgs__rosidl_typesupport_introspection_cpp
[1.492s] [ 81%] Built target custom_msgs__rosidl_typesupport_fastrtps_cpp
[1.630s] [ 81%] Built target custom_msgs
[1.766s] [ 82%] Built target custom_msgs__py
[1.938s] [ 90%] Built target custom_msgs__rosidl_generator_py
[2.000s] running egg_info
[2.123s] [ 93%] Built target custom_msgs_s__rosidl_typesupport_introspection_c
[2.126s] [100%] Built target custom_msgs_s__rosidl_typesupport_fastrtps_c
[2.127s] [100%] Built target custom_msgs_s__rosidl_typesupport_c
[2.150s] writing custom_msgs.egg-info/PKG-INFO
[2.151s] writing dependency_links to custom_msgs.egg-info/dependency_links.txt
[2.152s] writing top-level names to custom_msgs.egg-info/top_level.txt
[2.422s] reading manifest file 'custom_msgs.egg-info/SOURCES.txt'
[2.428s] writing manifest file 'custom_msgs.egg-info/SOURCES.txt'
[2.586s] [100%] Built target ament_cmake_python_build_custom_msgs_egg
[2.650s] Invoked command in '/home/jetpack/SEAME-Cluster-24-25/JetRacer/build/custom_msgs' returned '0': CMAKE_PREFIX_PATH=${CMAKE_PREFIX_PATH}:/opt/ros/jazzy /usr/bin/cmake --build /home/jetpack/SEAME-Cluster-24-25/JetRacer/build/custom_msgs -- -j4 -l4
[2.660s] Invoking command in '/home/jetpack/SEAME-Cluster-24-25/JetRacer/build/custom_msgs': CMAKE_PREFIX_PATH=${CMAKE_PREFIX_PATH}:/opt/ros/jazzy /usr/bin/cmake --install /home/jetpack/SEAME-Cluster-24-25/JetRacer/build/custom_msgs
[2.713s] -- Install configuration: ""
[2.716s] -- Execute custom install script
[2.718s] -- Up-to-date symlink: /home/jetpack/SEAME-Cluster-24-25/JetRacer/install/custom_msgs/share/ament_index/resource_index/rosidl_interfaces/custom_msgs
[2.719s] -- Up-to-date symlink: /home/jetpack/SEAME-Cluster-24-25/JetRacer/install/custom_msgs/share/custom_msgs/msg/CanFrame.json
[2.721s] -- Up-to-date symlink: /home/jetpack/SEAME-Cluster-24-25/JetRacer/install/custom_msgs/share/custom_msgs/msg/Display.json
[2.723s] -- Up-to-date symlink: /home/jetpack/SEAME-Cluster-24-25/JetRacer/install/custom_msgs/share/custom_msgs/srv/I2cService.json
[2.725s] -- Up-to-date symlink: /home/jetpack/SEAME-Cluster-24-25/JetRacer/install/custom_msgs/share/custom_msgs/srv/CanService.json
[2.731s] -- Up-to-date symlink: /home/jetpack/SEAME-Cluster-24-25/JetRacer/install/custom_msgs/include/custom_msgs/custom_msgs/msg/can_frame.h
[2.733s] -- Up-to-date symlink: /home/jetpack/SEAME-Cluster-24-25/JetRacer/install/custom_msgs/include/custom_msgs/custom_msgs/msg/detail/can_frame__functions.h
[2.734s] -- Up-to-date symlink: /home/jetpack/SEAME-Cluster-24-25/JetRacer/install/custom_msgs/include/custom_msgs/custom_msgs/msg/detail/can_frame__struct.h
[2.736s] -- Up-to-date symlink: /home/jetpack/SEAME-Cluster-24-25/JetRacer/install/custom_msgs/include/custom_msgs/custom_msgs/msg/detail/can_frame__type_support.h
[2.737s] -- Up-to-date symlink: /home/jetpack/SEAME-Cluster-24-25/JetRacer/install/custom_msgs/include/custom_msgs/custom_msgs/msg/detail/display__functions.h
[2.739s] -- Up-to-date symlink: /home/jetpack/SEAME-Cluster-24-25/JetRacer/install/custom_msgs/include/custom_msgs/custom_msgs/msg/detail/display__struct.h
[2.741s] -- Up-to-date symlink: /home/jetpack/SEAME-Cluster-24-25/JetRacer/install/custom_msgs/include/custom_msgs/custom_msgs/msg/detail/display__type_support.h
[2.742s] -- Up-to-date symlink: /home/jetpack/SEAME-Cluster-24-25/JetRacer/install/custom_msgs/include/custom_msgs/custom_msgs/msg/display.h
[2.744s] -- Up-to-date symlink: /home/jetpack/SEAME-Cluster-24-25/JetRacer/install/custom_msgs/include/custom_msgs/custom_msgs/msg/rosidl_generator_c__visibility_control.h
[2.746s] -- Up-to-date symlink: /home/jetpack/SEAME-Cluster-24-25/JetRacer/install/custom_msgs/include/custom_msgs/custom_msgs/srv/can_service.h
[2.748s] -- Up-to-date symlink: /home/jetpack/SEAME-Cluster-24-25/JetRacer/install/custom_msgs/include/custom_msgs/custom_msgs/srv/detail/can_service__functions.h
[2.750s] -- Up-to-date symlink: /home/jetpack/SEAME-Cluster-24-25/JetRacer/install/custom_msgs/include/custom_msgs/custom_msgs/srv/detail/can_service__struct.h
[2.752s] -- Up-to-date symlink: /home/jetpack/SEAME-Cluster-24-25/JetRacer/install/custom_msgs/include/custom_msgs/custom_msgs/srv/detail/can_service__type_support.h
[2.754s] -- Up-to-date symlink: /home/jetpack/SEAME-Cluster-24-25/JetRacer/install/custom_msgs/include/custom_msgs/custom_msgs/srv/detail/i2c_service__functions.h
[2.755s] -- Up-to-date symlink: /home/jetpack/SEAME-Cluster-24-25/JetRacer/install/custom_msgs/include/custom_msgs/custom_msgs/srv/detail/i2c_service__struct.h
[2.757s] -- Up-to-date symlink: /home/jetpack/SEAME-Cluster-24-25/JetRacer/install/custom_msgs/include/custom_msgs/custom_msgs/srv/detail/i2c_service__type_support.h
[2.758s] -- Up-to-date symlink: /home/jetpack/SEAME-Cluster-24-25/JetRacer/install/custom_msgs/include/custom_msgs/custom_msgs/srv/i2c_service.h
[2.760s] -- Up-to-date symlink: /home/jetpack/SEAME-Cluster-24-25/JetRacer/install/custom_msgs/share/custom_msgs/environment/library_path.sh
[2.761s] -- Up-to-date symlink: /home/jetpack/SEAME-Cluster-24-25/JetRacer/install/custom_msgs/share/custom_msgs/environment/library_path.dsv
[2.767s] -- Up-to-date symlink: /home/jetpack/SEAME-Cluster-24-25/JetRacer/install/custom_msgs/include/custom_msgs/custom_msgs/msg/detail/can_frame__rosidl_typesupport_fastrtps_c.h
[2.769s] -- Up-to-date symlink: /home/jetpack/SEAME-Cluster-24-25/JetRacer/install/custom_msgs/include/custom_msgs/custom_msgs/msg/detail/display__rosidl_typesupport_fastrtps_c.h
[2.770s] -- Up-to-date symlink: /home/jetpack/SEAME-Cluster-24-25/JetRacer/install/custom_msgs/include/custom_msgs/custom_msgs/msg/rosidl_typesupport_fastrtps_c__visibility_control.h
[2.772s] -- Up-to-date symlink: /home/jetpack/SEAME-Cluster-24-25/JetRacer/install/custom_msgs/include/custom_msgs/custom_msgs/srv/detail/can_service__rosidl_typesupport_fastrtps_c.h
[2.774s] -- Up-to-date symlink: /home/jetpack/SEAME-Cluster-24-25/JetRacer/install/custom_msgs/include/custom_msgs/custom_msgs/srv/detail/i2c_service__rosidl_typesupport_fastrtps_c.h
[2.777s] -- Up-to-date symlink: /home/jetpack/SEAME-Cluster-24-25/JetRacer/install/custom_msgs/include/custom_msgs/custom_msgs/msg/detail/can_frame__rosidl_typesupport_introspection_c.h
[2.779s] -- Up-to-date symlink: /home/jetpack/SEAME-Cluster-24-25/JetRacer/install/custom_msgs/include/custom_msgs/custom_msgs/msg/detail/display__rosidl_typesupport_introspection_c.h
[2.780s] -- Up-to-date symlink: /home/jetpack/SEAME-Cluster-24-25/JetRacer/install/custom_msgs/include/custom_msgs/custom_msgs/msg/rosidl_typesupport_introspection_c__visibility_control.h
[2.782s] -- Up-to-date symlink: /home/jetpack/SEAME-Cluster-24-25/JetRacer/install/custom_msgs/include/custom_msgs/custom_msgs/srv/detail/can_service__rosidl_typesupport_introspection_c.h
[2.784s] -- Up-to-date symlink: /home/jetpack/SEAME-Cluster-24-25/JetRacer/install/custom_msgs/include/custom_msgs/custom_msgs/srv/detail/i2c_service__rosidl_typesupport_introspection_c.h
[2.788s] -- Up-to-date symlink: /home/jetpack/SEAME-Cluster-24-25/JetRacer/install/custom_msgs/include/custom_msgs/custom_msgs/msg/can_frame.hpp
[2.790s] -- Up-to-date symlink: /home/jetpack/SEAME-Cluster-24-25/JetRacer/install/custom_msgs/include/custom_msgs/custom_msgs/msg/detail/can_frame__builder.hpp
[2.790s] -- Up-to-date symlink: /home/jetpack/SEAME-Cluster-24-25/JetRacer/install/custom_msgs/include/custom_msgs/custom_msgs/msg/detail/can_frame__struct.hpp
[2.791s] -- Up-to-date symlink: /home/jetpack/SEAME-Cluster-24-25/JetRacer/install/custom_msgs/include/custom_msgs/custom_msgs/msg/detail/can_frame__traits.hpp
[2.792s] -- Up-to-date symlink: /home/jetpack/SEAME-Cluster-24-25/JetRacer/install/custom_msgs/include/custom_msgs/custom_msgs/msg/detail/can_frame__type_support.hpp
[2.793s] -- Up-to-date symlink: /home/jetpack/SEAME-Cluster-24-25/JetRacer/install/custom_msgs/include/custom_msgs/custom_msgs/msg/detail/display__builder.hpp
[2.794s] -- Up-to-date symlink: /home/jetpack/SEAME-Cluster-24-25/JetRacer/install/custom_msgs/include/custom_msgs/custom_msgs/msg/detail/display__struct.hpp
[2.795s] -- Up-to-date symlink: /home/jetpack/SEAME-Cluster-24-25/JetRacer/install/custom_msgs/include/custom_msgs/custom_msgs/msg/detail/display__traits.hpp
[2.796s] -- Up-to-date symlink: /home/jetpack/SEAME-Cluster-24-25/JetRacer/install/custom_msgs/include/custom_msgs/custom_msgs/msg/detail/display__type_support.hpp
[2.797s] -- Up-to-date symlink: /home/jetpack/SEAME-Cluster-24-25/JetRacer/install/custom_msgs/include/custom_msgs/custom_msgs/msg/display.hpp
[2.798s] -- Up-to-date symlink: /home/jetpack/SEAME-Cluster-24-25/JetRacer/install/custom_msgs/include/custom_msgs/custom_msgs/msg/rosidl_generator_cpp__visibility_control.hpp
[2.799s] -- Up-to-date symlink: /home/jetpack/SEAME-Cluster-24-25/JetRacer/install/custom_msgs/include/custom_msgs/custom_msgs/srv/can_service.hpp
[2.800s] -- Up-to-date symlink: /home/jetpack/SEAME-Cluster-24-25/JetRacer/install/custom_msgs/include/custom_msgs/custom_msgs/srv/detail/can_service__builder.hpp
[2.801s] -- Up-to-date symlink: /home/jetpack/SEAME-Cluster-24-25/JetRacer/install/custom_msgs/include/custom_msgs/custom_msgs/srv/detail/can_service__struct.hpp
[2.802s] -- Up-to-date symlink: /home/jetpack/SEAME-Cluster-24-25/JetRacer/install/custom_msgs/include/custom_msgs/custom_msgs/srv/detail/can_service__traits.hpp
[2.803s] -- Up-to-date symlink: /home/jetpack/SEAME-Cluster-24-25/JetRacer/install/custom_msgs/include/custom_msgs/custom_msgs/srv/detail/can_service__type_support.hpp
[2.804s] -- Up-to-date symlink: /home/jetpack/SEAME-Cluster-24-25/JetRacer/install/custom_msgs/include/custom_msgs/custom_msgs/srv/detail/i2c_service__builder.hpp
[2.805s] -- Up-to-date symlink: /home/jetpack/SEAME-Cluster-24-25/JetRacer/install/custom_msgs/include/custom_msgs/custom_msgs/srv/detail/i2c_service__struct.hpp
[2.806s] -- Up-to-date symlink: /home/jetpack/SEAME-Cluster-24-25/JetRacer/install/custom_msgs/include/custom_msgs/custom_msgs/srv/detail/i2c_service__traits.hpp
[2.807s] -- Up-to-date symlink: /home/jetpack/SEAME-Cluster-24-25/JetRacer/install/custom_msgs/include/custom_msgs/custom_msgs/srv/detail/i2c_service__type_support.hpp
[2.808s] -- Up-to-date symlink: /home/jetpack/SEAME-Cluster-24-25/JetRacer/install/custom_msgs/include/custom_msgs/custom_msgs/srv/i2c_service.hpp
[2.814s] -- Up-to-date symlink: /home/jetpack/SEAME-Cluster-24-25/JetRacer/install/custom_msgs/include/custom_msgs/custom_msgs/msg/detail/can_frame__rosidl_typesupport_fastrtps_cpp.hpp
[2.815s] -- Up-to-date symlink: /home/jetpack/SEAME-Cluster-24-25/JetRacer/install/custom_msgs/include/custom_msgs/custom_msgs/msg/detail/display__rosidl_typesupport_fastrtps_cpp.hpp
[2.817s] -- Up-to-date symlink: /home/jetpack/SEAME-Cluster-24-25/JetRacer/install/custom_msgs/include/custom_msgs/custom_msgs/msg/rosidl_typesupport_fastrtps_cpp__visibility_control.h
[2.818s] -- Up-to-date symlink: /home/jetpack/SEAME-Cluster-24-25/JetRacer/install/custom_msgs/include/custom_msgs/custom_msgs/srv/detail/can_service__rosidl_typesupport_fastrtps_cpp.hpp
[2.820s] -- Up-to-date symlink: /home/jetpack/SEAME-Cluster-24-25/JetRacer/install/custom_msgs/include/custom_msgs/custom_msgs/srv/detail/i2c_service__rosidl_typesupport_fastrtps_cpp.hpp
[2.824s] -- Up-to-date symlink: /home/jetpack/SEAME-Cluster-24-25/JetRacer/install/custom_msgs/include/custom_msgs/custom_msgs/msg/detail/can_frame__rosidl_typesupport_introspection_cpp.hpp
[2.825s] -- Up-to-date symlink: /home/jetpack/SEAME-Cluster-24-25/JetRacer/install/custom_msgs/include/custom_msgs/custom_msgs/msg/detail/display__rosidl_typesupport_introspection_cpp.hpp
[2.827s] -- Up-to-date symlink: /home/jetpack/SEAME-Cluster-24-25/JetRacer/install/custom_msgs/include/custom_msgs/custom_msgs/srv/detail/can_service__rosidl_typesupport_introspection_cpp.hpp
[2.829s] -- Up-to-date symlink: /home/jetpack/SEAME-Cluster-24-25/JetRacer/install/custom_msgs/include/custom_msgs/custom_msgs/srv/detail/i2c_service__rosidl_typesupport_introspection_cpp.hpp
[2.830s] -- Up-to-date symlink: /home/jetpack/SEAME-Cluster-24-25/JetRacer/install/custom_msgs/share/custom_msgs/environment/pythonpath.sh
[2.832s] -- Up-to-date symlink: /home/jetpack/SEAME-Cluster-24-25/JetRacer/install/custom_msgs/share/custom_msgs/environment/pythonpath.dsv
[2.834s] -- Up-to-date symlink: /home/jetpack/SEAME-Cluster-24-25/JetRacer/install/custom_msgs/lib/python3.12/site-packages/custom_msgs-0.0.0-py3.12.egg-info/PKG-INFO
[2.836s] -- Up-to-date symlink: /home/jetpack/SEAME-Cluster-24-25/JetRacer/install/custom_msgs/lib/python3.12/site-packages/custom_msgs-0.0.0-py3.12.egg-info/SOURCES.txt
[2.838s] -- Up-to-date symlink: /home/jetpack/SEAME-Cluster-24-25/JetRacer/install/custom_msgs/lib/python3.12/site-packages/custom_msgs-0.0.0-py3.12.egg-info/dependency_links.txt
[2.840s] -- Up-to-date symlink: /home/jetpack/SEAME-Cluster-24-25/JetRacer/install/custom_msgs/lib/python3.12/site-packages/custom_msgs-0.0.0-py3.12.egg-info/top_level.txt
[2.847s] -- Up-to-date symlink: /home/jetpack/SEAME-Cluster-24-25/JetRacer/install/custom_msgs/lib/python3.12/site-packages/custom_msgs/__init__.py
[2.848s] -- Up-to-date symlink: /home/jetpack/SEAME-Cluster-24-25/JetRacer/install/custom_msgs/lib/python3.12/site-packages/custom_msgs/_custom_msgs_s.ep.rosidl_typesupport_c.c
[2.849s] -- Up-to-date symlink: /home/jetpack/SEAME-Cluster-24-25/JetRacer/install/custom_msgs/lib/python3.12/site-packages/custom_msgs/_custom_msgs_s.ep.rosidl_typesupport_fastrtps_c.c
[2.851s] -- Up-to-date symlink: /home/jetpack/SEAME-Cluster-24-25/JetRacer/install/custom_msgs/lib/python3.12/site-packages/custom_msgs/_custom_msgs_s.ep.rosidl_typesupport_introspection_c.c
[2.852s] -- Up-to-date symlink: /home/jetpack/SEAME-Cluster-24-25/JetRacer/install/custom_msgs/lib/python3.12/site-packages/custom_msgs/custom_msgs_s__rosidl_typesupport_c.so
[2.854s] -- Up-to-date symlink: /home/jetpack/SEAME-Cluster-24-25/JetRacer/install/custom_msgs/lib/python3.12/site-packages/custom_msgs/custom_msgs_s__rosidl_typesupport_fastrtps_c.so
[2.856s] -- Up-to-date symlink: /home/jetpack/SEAME-Cluster-24-25/JetRacer/install/custom_msgs/lib/python3.12/site-packages/custom_msgs/custom_msgs_s__rosidl_typesupport_introspection_c.so
[2.857s] -- Up-to-date symlink: /home/jetpack/SEAME-Cluster-24-25/JetRacer/install/custom_msgs/lib/python3.12/site-packages/custom_msgs/msg/__init__.py
[2.859s] -- Up-to-date symlink: /home/jetpack/SEAME-Cluster-24-25/JetRacer/install/custom_msgs/lib/python3.12/site-packages/custom_msgs/msg/_can_frame.py
[2.860s] -- Up-to-date symlink: /home/jetpack/SEAME-Cluster-24-25/JetRacer/install/custom_msgs/lib/python3.12/site-packages/custom_msgs/msg/_can_frame_s.c
[2.862s] -- Up-to-date symlink: /home/jetpack/SEAME-Cluster-24-25/JetRacer/install/custom_msgs/lib/python3.12/site-packages/custom_msgs/msg/_display.py
[2.864s] -- Up-to-date symlink: /home/jetpack/SEAME-Cluster-24-25/JetRacer/install/custom_msgs/lib/python3.12/site-packages/custom_msgs/msg/_display_s.c
[2.865s] -- Up-to-date symlink: /home/jetpack/SEAME-Cluster-24-25/JetRacer/install/custom_msgs/lib/python3.12/site-packages/custom_msgs/srv/__init__.py
[2.867s] -- Up-to-date symlink: /home/jetpack/SEAME-Cluster-24-25/JetRacer/install/custom_msgs/lib/python3.12/site-packages/custom_msgs/srv/_can_service.py
[2.868s] -- Up-to-date symlink: /home/jetpack/SEAME-Cluster-24-25/JetRacer/install/custom_msgs/lib/python3.12/site-packages/custom_msgs/srv/_can_service_s.c
[2.870s] -- Up-to-date symlink: /home/jetpack/SEAME-Cluster-24-25/JetRacer/install/custom_msgs/lib/python3.12/site-packages/custom_msgs/srv/_i2c_service.py
[2.871s] -- Up-to-date symlink: /home/jetpack/SEAME-Cluster-24-25/JetRacer/install/custom_msgs/lib/python3.12/site-packages/custom_msgs/srv/_i2c_service_s.c
[2.874s] -- Up-to-date symlink: /home/jetpack/SEAME-Cluster-24-25/JetRacer/install/custom_msgs/lib/python3.12/site-packages/custom_msgs/custom_msgs_s__rosidl_typesupport_fastrtps_c.so
[2.876s] -- Up-to-date symlink: /home/jetpack/SEAME-Cluster-24-25/JetRacer/install/custom_msgs/lib/python3.12/site-packages/custom_msgs/custom_msgs_s__rosidl_typesupport_introspection_c.so
[2.878s] -- Up-to-date symlink: /home/jetpack/SEAME-Cluster-24-25/JetRacer/install/custom_msgs/lib/python3.12/site-packages/custom_msgs/custom_msgs_s__rosidl_typesupport_c.so
[2.880s] -- Up-to-date symlink: /home/jetpack/SEAME-Cluster-24-25/JetRacer/install/custom_msgs/share/custom_msgs/msg/CanFrame.idl
[2.882s] -- Up-to-date symlink: /home/jetpack/SEAME-Cluster-24-25/JetRacer/install/custom_msgs/share/custom_msgs/msg/Display.idl
[2.884s] -- Up-to-date symlink: /home/jetpack/SEAME-Cluster-24-25/JetRacer/install/custom_msgs/share/custom_msgs/srv/I2cService.idl
[2.885s] -- Up-to-date symlink: /home/jetpack/SEAME-Cluster-24-25/JetRacer/install/custom_msgs/share/custom_msgs/srv/CanService.idl
[2.887s] -- Up-to-date symlink: /home/jetpack/SEAME-Cluster-24-25/JetRacer/install/custom_msgs/share/custom_msgs/msg/CanFrame.msg
[2.889s] -- Up-to-date symlink: /home/jetpack/SEAME-Cluster-24-25/JetRacer/install/custom_msgs/share/custom_msgs/msg/Display.msg
[2.891s] -- Up-to-date symlink: /home/jetpack/SEAME-Cluster-24-25/JetRacer/install/custom_msgs/share/custom_msgs/srv/I2cService.srv
[2.892s] -- Up-to-date symlink: /home/jetpack/SEAME-Cluster-24-25/JetRacer/install/custom_msgs/share/custom_msgs/srv/CanService.srv
[2.894s] -- Up-to-date symlink: /home/jetpack/SEAME-Cluster-24-25/JetRacer/install/custom_msgs/share/ament_index/resource_index/package_run_dependencies/custom_msgs
[2.896s] -- Up-to-date symlink: /home/jetpack/SEAME-Cluster-24-25/JetRacer/install/custom_msgs/share/ament_index/resource_index/parent_prefix_path/custom_msgs
[2.897s] -- Up-to-date symlink: /home/jetpack/SEAME-Cluster-24-25/JetRacer/install/custom_msgs/share/custom_msgs/environment/ament_prefix_path.sh
[2.898s] -- Up-to-date symlink: /home/jetpack/SEAME-Cluster-24-25/JetRacer/install/custom_msgs/share/custom_msgs/environment/ament_prefix_path.dsv
[2.900s] -- Up-to-date symlink: /home/jetpack/SEAME-Cluster-24-25/JetRacer/install/custom_msgs/share/custom_msgs/environment/path.sh
[2.901s] -- Up-to-date symlink: /home/jetpack/SEAME-Cluster-24-25/JetRacer/install/custom_msgs/share/custom_msgs/environment/path.dsv
[2.903s] -- Up-to-date symlink: /home/jetpack/SEAME-Cluster-24-25/JetRacer/install/custom_msgs/share/custom_msgs/local_setup.bash
[2.905s] -- Up-to-date symlink: /home/jetpack/SEAME-Cluster-24-25/JetRacer/install/custom_msgs/share/custom_msgs/local_setup.sh
[2.906s] -- Up-to-date symlink: /home/jetpack/SEAME-Cluster-24-25/JetRacer/install/custom_msgs/share/custom_msgs/local_setup.zsh
[2.907s] -- Up-to-date symlink: /home/jetpack/SEAME-Cluster-24-25/JetRacer/install/custom_msgs/share/custom_msgs/local_setup.dsv
[2.908s] -- Symlinking: /home/jetpack/SEAME-Cluster-24-25/JetRacer/install/custom_msgs/share/custom_msgs/package.dsv
[2.964s] -- Up-to-date symlink: /home/jetpack/SEAME-Cluster-24-25/JetRacer/install/custom_msgs/share/ament_index/resource_index/packages/custom_msgs
[2.966s] -- Up-to-date symlink: /home/jetpack/SEAME-Cluster-24-25/JetRacer/install/custom_msgs/share/custom_msgs/cmake/rosidl_cmake-extras.cmake
[2.968s] -- Up-to-date symlink: /home/jetpack/SEAME-Cluster-24-25/JetRacer/install/custom_msgs/share/custom_msgs/cmake/ament_cmake_export_dependencies-extras.cmake
[2.970s] -- Up-to-date symlink: /home/jetpack/SEAME-Cluster-24-25/JetRacer/install/custom_msgs/share/custom_msgs/cmake/ament_cmake_export_include_directories-extras.cmake
[2.972s] -- Up-to-date symlink: /home/jetpack/SEAME-Cluster-24-25/JetRacer/install/custom_msgs/share/custom_msgs/cmake/ament_cmake_export_libraries-extras.cmake
[2.974s] -- Up-to-date symlink: /home/jetpack/SEAME-Cluster-24-25/JetRacer/install/custom_msgs/share/custom_msgs/cmake/ament_cmake_export_targets-extras.cmake
[2.976s] -- Up-to-date symlink: /home/jetpack/SEAME-Cluster-24-25/JetRacer/install/custom_msgs/share/custom_msgs/cmake/rosidl_cmake_export_typesupport_targets-extras.cmake
[2.978s] -- Up-to-date symlink: /home/jetpack/SEAME-Cluster-24-25/JetRacer/install/custom_msgs/share/custom_msgs/cmake/rosidl_cmake_export_typesupport_libraries-extras.cmake
[2.979s] -- Up-to-date symlink: /home/jetpack/SEAME-Cluster-24-25/JetRacer/install/custom_msgs/share/custom_msgs/cmake/custom_msgsConfig.cmake
[2.981s] -- Up-to-date symlink: /home/jetpack/SEAME-Cluster-24-25/JetRacer/install/custom_msgs/share/custom_msgs/cmake/custom_msgsConfig-version.cmake
[2.983s] -- Up-to-date symlink: /home/jetpack/SEAME-Cluster-24-25/JetRacer/install/custom_msgs/share/custom_msgs/package.xml
[2.986s] -- Up-to-date: /home/jetpack/SEAME-Cluster-24-25/JetRacer/install/custom_msgs/lib/libcustom_msgs__rosidl_generator_c.so
[2.991s] -- Up-to-date: /home/jetpack/SEAME-Cluster-24-25/JetRacer/install/custom_msgs/lib/libcustom_msgs__rosidl_typesupport_fastrtps_c.so
[2.995s] -- Up-to-date: /home/jetpack/SEAME-Cluster-24-25/JetRacer/install/custom_msgs/lib/libcustom_msgs__rosidl_typesupport_introspection_c.so
[2.999s] -- Up-to-date: /home/jetpack/SEAME-Cluster-24-25/JetRacer/install/custom_msgs/lib/libcustom_msgs__rosidl_typesupport_c.so
[3.004s] -- Up-to-date: /home/jetpack/SEAME-Cluster-24-25/JetRacer/install/custom_msgs/lib/libcustom_msgs__rosidl_typesupport_fastrtps_cpp.so
[3.008s] -- Up-to-date: /home/jetpack/SEAME-Cluster-24-25/JetRacer/install/custom_msgs/lib/libcustom_msgs__rosidl_typesupport_introspection_cpp.so
[3.013s] -- Up-to-date: /home/jetpack/SEAME-Cluster-24-25/JetRacer/install/custom_msgs/lib/libcustom_msgs__rosidl_typesupport_cpp.so
[3.182s] Listing '/home/jetpack/SEAME-Cluster-24-25/JetRacer/install/custom_msgs/lib/python3.12/site-packages/custom_msgs'...
[3.184s] Listing '/home/jetpack/SEAME-Cluster-24-25/JetRacer/install/custom_msgs/lib/python3.12/site-packages/custom_msgs/msg'...
[3.185s] Listing '/home/jetpack/SEAME-Cluster-24-25/JetRacer/install/custom_msgs/lib/python3.12/site-packages/custom_msgs/srv'...
[3.215s] -- Up-to-date: /home/jetpack/SEAME-Cluster-24-25/JetRacer/install/custom_msgs/lib/libcustom_msgs__rosidl_generator_py.so
[3.218s] -- Up-to-date: /home/jetpack/SEAME-Cluster-24-25/JetRacer/install/custom_msgs/share/custom_msgs/cmake/export_custom_msgs__rosidl_generator_cExport.cmake
[3.218s] -- Up-to-date: /home/jetpack/SEAME-Cluster-24-25/JetRacer/install/custom_msgs/share/custom_msgs/cmake/export_custom_msgs__rosidl_generator_cExport-noconfig.cmake
[3.221s] -- Up-to-date: /home/jetpack/SEAME-Cluster-24-25/JetRacer/install/custom_msgs/share/custom_msgs/cmake/export_custom_msgs__rosidl_typesupport_fastrtps_cExport.cmake
[3.221s] -- Up-to-date: /home/jetpack/SEAME-Cluster-24-25/JetRacer/install/custom_msgs/share/custom_msgs/cmake/export_custom_msgs__rosidl_typesupport_fastrtps_cExport-noconfig.cmake
[3.223s] -- Up-to-date: /home/jetpack/SEAME-Cluster-24-25/JetRacer/install/custom_msgs/share/custom_msgs/cmake/custom_msgs__rosidl_typesupport_introspection_cExport.cmake
[3.224s] -- Up-to-date: /home/jetpack/SEAME-Cluster-24-25/JetRacer/install/custom_msgs/share/custom_msgs/cmake/custom_msgs__rosidl_typesupport_introspection_cExport-noconfig.cmake
[3.227s] -- Up-to-date: /home/jetpack/SEAME-Cluster-24-25/JetRacer/install/custom_msgs/share/custom_msgs/cmake/custom_msgs__rosidl_typesupport_cExport.cmake
[3.227s] -- Up-to-date: /home/jetpack/SEAME-Cluster-24-25/JetRacer/install/custom_msgs/share/custom_msgs/cmake/custom_msgs__rosidl_typesupport_cExport-noconfig.cmake
[3.230s] -- Up-to-date: /home/jetpack/SEAME-Cluster-24-25/JetRacer/install/custom_msgs/share/custom_msgs/cmake/export_custom_msgs__rosidl_generator_cppExport.cmake
[3.232s] -- Up-to-date: /home/jetpack/SEAME-Cluster-24-25/JetRacer/install/custom_msgs/share/custom_msgs/cmake/export_custom_msgs__rosidl_typesupport_fastrtps_cppExport.cmake
[3.233s] -- Up-to-date: /home/jetpack/SEAME-Cluster-24-25/JetRacer/install/custom_msgs/share/custom_msgs/cmake/export_custom_msgs__rosidl_typesupport_fastrtps_cppExport-noconfig.cmake
[3.235s] -- Up-to-date: /home/jetpack/SEAME-Cluster-24-25/JetRacer/install/custom_msgs/share/custom_msgs/cmake/custom_msgs__rosidl_typesupport_introspection_cppExport.cmake
[3.236s] -- Up-to-date: /home/jetpack/SEAME-Cluster-24-25/JetRacer/install/custom_msgs/share/custom_msgs/cmake/custom_msgs__rosidl_typesupport_introspection_cppExport-noconfig.cmake
[3.238s] -- Up-to-date: /home/jetpack/SEAME-Cluster-24-25/JetRacer/install/custom_msgs/share/custom_msgs/cmake/custom_msgs__rosidl_typesupport_cppExport.cmake
[3.238s] -- Up-to-date: /home/jetpack/SEAME-Cluster-24-25/JetRacer/install/custom_msgs/share/custom_msgs/cmake/custom_msgs__rosidl_typesupport_cppExport-noconfig.cmake
[3.240s] -- Up-to-date: /home/jetpack/SEAME-Cluster-24-25/JetRacer/install/custom_msgs/share/custom_msgs/cmake/export_custom_msgs__rosidl_generator_pyExport.cmake
[3.241s] -- Up-to-date: /home/jetpack/SEAME-Cluster-24-25/JetRacer/install/custom_msgs/share/custom_msgs/cmake/export_custom_msgs__rosidl_generator_pyExport-noconfig.cmake
[3.251s] Invoked command in '/home/jetpack/SEAME-Cluster-24-25/JetRacer/build/custom_msgs' returned '0': CMAKE_PREFIX_PATH=${CMAKE_PREFIX_PATH}:/opt/ros/jazzy /usr/bin/cmake --install /home/jetpack/SEAME-Cluster-24-25/JetRacer/build/custom_msgs
