[0.073s] Invoking command in '/home/jetpack/SEAME-Cluster-24-25/JetRacer/build/can_interface': AMENT_PREFIX_PATH=/home/jetpack/SEAME-Cluster-24-25/JetRacer/install/custom_msgs:${AMENT_PREFIX_PATH} CMAKE_PREFIX_PATH=/home/jetpack/SEAME-Cluster-24-25/JetRacer/install/custom_msgs:/opt/ros/jazzy LD_LIBRARY_PATH=/home/jetpack/SEAME-Cluster-24-25/JetRacer/install/custom_msgs/lib:${LD_LIBRARY_PATH} PYTHONPATH=/home/jetpack/SEAME-Cluster-24-25/JetRacer/install/custom_msgs/lib/python3.12/site-packages:${PYTHONPATH} /usr/bin/cmake /home/jetpack/SEAME-Cluster-24-25/JetRacer/src/bus_interfaces/can_interface -DAMENT_CMAKE_SYMLINK_INSTALL=1 -DCMAKE_INSTALL_PREFIX=/home/jetpack/SEAME-Cluster-24-25/JetRacer/install/can_interface
[0.445s] -- The C compiler identification is GNU 13.2.0
[0.835s] -- The CXX compiler identification is GNU 13.2.0
[0.925s] -- Detecting C compiler ABI info
[1.532s] -- Detecting C compiler ABI info - done
[1.578s] -- Check for working C compiler: /usr/bin/cc - skipped
[1.579s] -- Detecting C compile features
[1.582s] -- Detecting C compile features - done
[1.624s] -- Detecting CXX compiler ABI info
[2.226s] -- Detecting CXX compiler ABI info - done
[2.267s] -- Check for working CXX compiler: /usr/bin/c++ - skipped
[2.271s] -- Detecting CXX compile features
[2.277s] -- Detecting CXX compile features - done
[2.295s] -- Found ament_cmake: 2.5.2 (/opt/ros/jazzy/share/ament_cmake/cmake)
[3.339s] -- Found Python3: /usr/bin/python3 (found version "3.12.3") found components: Interpreter 
[3.872s] -- Override CMake install command with custom implementation using symlinks instead of copying resources
[4.174s] -- Found rclcpp: 28.1.5 (/opt/ros/jazzy/share/rclcpp/cmake)
[4.479s] -- Found rosidl_generator_c: 4.6.4 (/opt/ros/jazzy/share/rosidl_generator_c/cmake)
[4.573s] -- Found rosidl_generator_cpp: 4.6.4 (/opt/ros/jazzy/share/rosidl_generator_cpp/cmake)
[4.674s] -- Using all available rosidl_typesupport_c: rosidl_typesupport_fastrtps_c;rosidl_typesupport_introspection_c
[4.783s] -- Using all available rosidl_typesupport_cpp: rosidl_typesupport_fastrtps_cpp;rosidl_typesupport_introspection_cpp
[5.218s] -- Found rmw_implementation_cmake: 7.3.1 (/opt/ros/jazzy/share/rmw_implementation_cmake/cmake)
[5.240s] -- Found rmw_fastrtps_cpp: 8.4.1 (/opt/ros/jazzy/share/rmw_fastrtps_cpp/cmake)
[5.694s] -- Found OpenSSL: /usr/lib/aarch64-linux-gnu/libcrypto.so (found version "3.0.13")  
[5.808s] -- Found FastRTPS: /opt/ros/jazzy/include (Required is at least version "2.13") 
[5.910s] -- Using RMW implementation 'rmw_fastrtps_cpp' as default
[6.291s] -- Found custom_msgs: 0.0.0 (/home/jetpack/SEAME-Cluster-24-25/JetRacer/install/custom_msgs/share/custom_msgs/cmake)
[19.134s] -- Configuring done (19.0s)
[19.411s] -- Generating done (0.2s)
[19.486s] -- Build files have been written to: /home/jetpack/SEAME-Cluster-24-25/JetRacer/build/can_interface
[19.582s] Invoked command in '/home/jetpack/SEAME-Cluster-24-25/JetRacer/build/can_interface' returned '0': AMENT_PREFIX_PATH=/home/jetpack/SEAME-Cluster-24-25/JetRacer/install/custom_msgs:${AMENT_PREFIX_PATH} CMAKE_PREFIX_PATH=/home/jetpack/SEAME-Cluster-24-25/JetRacer/install/custom_msgs:/opt/ros/jazzy LD_LIBRARY_PATH=/home/jetpack/SEAME-Cluster-24-25/JetRacer/install/custom_msgs/lib:${LD_LIBRARY_PATH} PYTHONPATH=/home/jetpack/SEAME-Cluster-24-25/JetRacer/install/custom_msgs/lib/python3.12/site-packages:${PYTHONPATH} /usr/bin/cmake /home/jetpack/SEAME-Cluster-24-25/JetRacer/src/bus_interfaces/can_interface -DAMENT_CMAKE_SYMLINK_INSTALL=1 -DCMAKE_INSTALL_PREFIX=/home/jetpack/SEAME-Cluster-24-25/JetRacer/install/can_interface
[19.591s] Invoking command in '/home/jetpack/SEAME-Cluster-24-25/JetRacer/build/can_interface': AMENT_PREFIX_PATH=/home/jetpack/SEAME-Cluster-24-25/JetRacer/install/custom_msgs:${AMENT_PREFIX_PATH} CMAKE_PREFIX_PATH=/home/jetpack/SEAME-Cluster-24-25/JetRacer/install/custom_msgs:/opt/ros/jazzy LD_LIBRARY_PATH=/home/jetpack/SEAME-Cluster-24-25/JetRacer/install/custom_msgs/lib:${LD_LIBRARY_PATH} PYTHONPATH=/home/jetpack/SEAME-Cluster-24-25/JetRacer/install/custom_msgs/lib/python3.12/site-packages:${PYTHONPATH} /usr/bin/cmake --build /home/jetpack/SEAME-Cluster-24-25/JetRacer/build/can_interface -- -j4 -l4
[20.117s] [ 20%] [32mBuilding CXX object _deps/sockcanpp-build/CMakeFiles/sockcanpp.dir/src/CanDriver.cpp.o[0m
[24.892s] [ 40%] [32m[1mLinking CXX shared library sockcanpp.so[0m
[25.762s] [ 40%] Built target sockcanpp
[25.988s] [ 60%] [32mBuilding CXX object CMakeFiles/can_interface_node.dir/src/main.cpp.o[0m
[26.031s] [ 80%] [32mBuilding CXX object CMakeFiles/can_interface_node.dir/src/CanInterface.cpp.o[0m
[63.131s] [100%] [32m[1mLinking CXX executable can_interface_node[0m
[64.375s] [100%] Built target can_interface_node
[64.445s] Invoked command in '/home/jetpack/SEAME-Cluster-24-25/JetRacer/build/can_interface' returned '0': AMENT_PREFIX_PATH=/home/jetpack/SEAME-Cluster-24-25/JetRacer/install/custom_msgs:${AMENT_PREFIX_PATH} CMAKE_PREFIX_PATH=/home/jetpack/SEAME-Cluster-24-25/JetRacer/install/custom_msgs:/opt/ros/jazzy LD_LIBRARY_PATH=/home/jetpack/SEAME-Cluster-24-25/JetRacer/install/custom_msgs/lib:${LD_LIBRARY_PATH} PYTHONPATH=/home/jetpack/SEAME-Cluster-24-25/JetRacer/install/custom_msgs/lib/python3.12/site-packages:${PYTHONPATH} /usr/bin/cmake --build /home/jetpack/SEAME-Cluster-24-25/JetRacer/build/can_interface -- -j4 -l4
[64.457s] Invoking command in '/home/jetpack/SEAME-Cluster-24-25/JetRacer/build/can_interface': AMENT_PREFIX_PATH=/home/jetpack/SEAME-Cluster-24-25/JetRacer/install/custom_msgs:${AMENT_PREFIX_PATH} CMAKE_PREFIX_PATH=/home/jetpack/SEAME-Cluster-24-25/JetRacer/install/custom_msgs:/opt/ros/jazzy LD_LIBRARY_PATH=/home/jetpack/SEAME-Cluster-24-25/JetRacer/install/custom_msgs/lib:${LD_LIBRARY_PATH} PYTHONPATH=/home/jetpack/SEAME-Cluster-24-25/JetRacer/install/custom_msgs/lib/python3.12/site-packages:${PYTHONPATH} /usr/bin/cmake --install /home/jetpack/SEAME-Cluster-24-25/JetRacer/build/can_interface
[64.508s] -- Install configuration: ""
[64.514s] -- Execute custom install script
[64.517s] -- Symlinking: /home/jetpack/SEAME-Cluster-24-25/JetRacer/install/can_interface/lib/cmake/sockcanpp/libsockcanppConfig.cmake
[64.571s] -- Symlinking: /home/jetpack/SEAME-Cluster-24-25/JetRacer/install/can_interface/lib/cmake/sockcanpp/libsockcanppConfigVersion.cmake
[64.631s] -- Symlinking: /home/jetpack/SEAME-Cluster-24-25/JetRacer/install/can_interface/lib/pkgconfig/libsockcanpp.pc
[64.686s] -- Symlinking: /home/jetpack/SEAME-Cluster-24-25/JetRacer/install/can_interface/lib/can_interface/can_interface_node
[64.751s] -- Symlinking: /home/jetpack/SEAME-Cluster-24-25/JetRacer/install/can_interface/share/ament_index/resource_index/package_run_dependencies/can_interface
[64.812s] -- Symlinking: /home/jetpack/SEAME-Cluster-24-25/JetRacer/install/can_interface/share/ament_index/resource_index/parent_prefix_path/can_interface
[64.870s] -- Symlinking: /home/jetpack/SEAME-Cluster-24-25/JetRacer/install/can_interface/share/can_interface/environment/ament_prefix_path.sh
[64.931s] -- Symlinking: /home/jetpack/SEAME-Cluster-24-25/JetRacer/install/can_interface/share/can_interface/environment/ament_prefix_path.dsv
[64.990s] -- Symlinking: /home/jetpack/SEAME-Cluster-24-25/JetRacer/install/can_interface/share/can_interface/environment/path.sh
[65.050s] -- Symlinking: /home/jetpack/SEAME-Cluster-24-25/JetRacer/install/can_interface/share/can_interface/environment/path.dsv
[65.108s] -- Symlinking: /home/jetpack/SEAME-Cluster-24-25/JetRacer/install/can_interface/share/can_interface/local_setup.bash
[65.161s] -- Symlinking: /home/jetpack/SEAME-Cluster-24-25/JetRacer/install/can_interface/share/can_interface/local_setup.sh
[65.220s] -- Symlinking: /home/jetpack/SEAME-Cluster-24-25/JetRacer/install/can_interface/share/can_interface/local_setup.zsh
[65.272s] -- Symlinking: /home/jetpack/SEAME-Cluster-24-25/JetRacer/install/can_interface/share/can_interface/local_setup.dsv
[65.330s] -- Symlinking: /home/jetpack/SEAME-Cluster-24-25/JetRacer/install/can_interface/share/can_interface/package.dsv
[65.388s] -- Symlinking: /home/jetpack/SEAME-Cluster-24-25/JetRacer/install/can_interface/share/ament_index/resource_index/packages/can_interface
[65.449s] -- Symlinking: /home/jetpack/SEAME-Cluster-24-25/JetRacer/install/can_interface/share/can_interface/cmake/can_interfaceConfig.cmake
[65.506s] -- Symlinking: /home/jetpack/SEAME-Cluster-24-25/JetRacer/install/can_interface/share/can_interface/cmake/can_interfaceConfig-version.cmake
[65.570s] -- Symlinking: /home/jetpack/SEAME-Cluster-24-25/JetRacer/install/can_interface/share/can_interface/package.xml
[65.634s] -- Installing: /home/jetpack/SEAME-Cluster-24-25/JetRacer/install/can_interface/lib/sockcanpp.so.1.1.0
[65.640s] -- Installing: /home/jetpack/SEAME-Cluster-24-25/JetRacer/install/can_interface/lib/sockcanpp.so
[65.641s] -- Installing: /home/jetpack/SEAME-Cluster-24-25/JetRacer/install/can_interface/include/CanDriver.hpp
[65.647s] -- Installing: /home/jetpack/SEAME-Cluster-24-25/JetRacer/install/can_interface/include/CanId.hpp
[65.650s] -- Installing: /home/jetpack/SEAME-Cluster-24-25/JetRacer/install/can_interface/include/CanMessage.hpp
[65.654s] -- Installing: /home/jetpack/SEAME-Cluster-24-25/JetRacer/install/can_interface/lib/cmake/sockcanpp/sockcanppTargets.cmake
[65.658s] -- Installing: /home/jetpack/SEAME-Cluster-24-25/JetRacer/install/can_interface/lib/cmake/sockcanpp/sockcanppTargets-noconfig.cmake
[65.673s] Invoked command in '/home/jetpack/SEAME-Cluster-24-25/JetRacer/build/can_interface' returned '0': AMENT_PREFIX_PATH=/home/jetpack/SEAME-Cluster-24-25/JetRacer/install/custom_msgs:${AMENT_PREFIX_PATH} CMAKE_PREFIX_PATH=/home/jetpack/SEAME-Cluster-24-25/JetRacer/install/custom_msgs:/opt/ros/jazzy LD_LIBRARY_PATH=/home/jetpack/SEAME-Cluster-24-25/JetRacer/install/custom_msgs/lib:${LD_LIBRARY_PATH} PYTHONPATH=/home/jetpack/SEAME-Cluster-24-25/JetRacer/install/custom_msgs/lib/python3.12/site-packages:${PYTHONPATH} /usr/bin/cmake --install /home/jetpack/SEAME-Cluster-24-25/JetRacer/build/can_interface
