[0.000000] (-) TimerEvent: {}
[0.000932] (-) JobUnselected: {'identifier': 'battery'}
[0.001065] (-) JobUnselected: {'identifier': 'can_interface'}
[0.001136] (-) JobUnselected: {'identifier': 'custom_msgs'}
[0.001200] (-) JobUnselected: {'identifier': 'dc_motors'}
[0.001262] (-) JobUnselected: {'identifier': 'display_routine'}
[0.001326] (-) JobUnselected: {'identifier': 'i2c_interface'}
[0.001387] (-) JobUnselected: {'identifier': 'i2c_peripheral_stress_test'}
[0.001446] (-) JobUnselected: {'identifier': 'ina219_driver'}
[0.001532] (-) JobUnselected: {'identifier': 'oled_display'}
[0.001594] (-) JobUnselected: {'identifier': 'pca9685_driver'}
[0.001653] (-) JobUnselected: {'identifier': 'servo_motor'}
[0.001713] (-) JobUnselected: {'identifier': 'speed_sensor'}
[0.001779] (camera) JobQueued: {'identifier': 'camera', 'dependencies': OrderedDict()}
[0.002538] (camera) JobStarted: {'identifier': 'camera'}
[0.070922] (camera) JobProgress: {'identifier': 'camera', 'progress': 'cmake'}
[0.075953] (camera) JobProgress: {'identifier': 'camera', 'progress': 'build'}
[0.078557] (camera) Command: {'cmd': ['/usr/bin/cmake', '--build', '/home/jetpack/SEAME-Cluster-24-25/JetRacer/build/camera', '--', '-j4', '-l4'], 'cwd': '/home/jetpack/SEAME-Cluster-24-25/JetRacer/build/camera', 'env': OrderedDict({'USER': 'jetpack', 'SSH_CLIENT': '192.168.1.80 55414 22', 'STARSHIP_SHELL': 'fish', 'XDG_SESSION_TYPE': 'tty', 'LD_LIBRARY_PATH': '/usr/local/lib/aarch64-linux-gnu/libcamera/:/home/jetpack/ros2_v4l2/install/zstd_image_transport/lib:/home/jetpack/ros2_v4l2/install/v4l2_camera/lib:/home/jetpack/ros2_v4l2/install/theora_image_transport/lib:/home/jetpack/ros2_v4l2/install/compressed_image_transport/lib:/home/jetpack/ros2_v4l2/install/compressed_depth_image_transport/lib:/home/jetpack/ros2_v4l2/install/image_transport/lib:/home/jetpack/ros2_v4l2/install/cv_bridge/lib:/home/jetpack/ros2_v4l2/install/camera_info_manager/lib:/home/jetpack/ros2_v4l2/install/camera_calibration_parsers/lib:/usr/local/lib/aarch64-linux-gnu:/usr/local/lib/aarch64-linux-gnu:/home/jetpack/SEAME-Cluster-24-25/JetRacer/install/pca9685_driver/lib:/usr/local/lib/aarch64-linux-gnu:/home/jetpack/SEAME-Cluster-24-25/JetRacer/install/ina219_driver/lib:/usr/local/lib/aarch64-linux-gnu:/home/jetpack/SEAME-Cluster-24-25/JetRacer/install/can_interface/lib:/usr/local/lib/aarch64-linux-gnu:/home/jetpack/SEAME-Cluster-24-25/JetRacer/install/custom_msgs/lib:/usr/local/lib/aarch64-linux-gnu:/opt/ros/jazzy/opt/rviz_ogre_vendor/lib:/usr/local/lib/aarch64-linux-gnu:/opt/ros/jazzy/lib/aarch64-linux-gnu:/usr/local/lib/aarch64-linux-gnu:/opt/ros/jazzy/opt/gz_math_vendor/lib:/usr/local/lib/aarch64-linux-gnu:/opt/ros/jazzy/opt/gz_utils_vendor/lib:/usr/local/lib/aarch64-linux-gnu:/opt/ros/jazzy/opt/gz_cmake_vendor/lib:/usr/local/lib/aarch64-linux-gnu:/opt/ros/jazzy/lib:/usr/local/lib/aarch64-linux-gnu:', 'SHLVL': '1', 'HOME': '/home/jetpack', 'SSH_TTY': '/dev/pts/2', 'ROS_PYTHON_VERSION': '3', 'DBUS_SESSION_BUS_ADDRESS': 'unix:path=/run/user/1002/bus', 'ROS_DISTRO': 'jazzy', 'OMF_PATH': '/home/jetpack/.local/share/omf', 'COLCON_PREFIX_PATH': '/home/jetpack/SEAME-Cluster-24-25/JetRacer/install:/home/jetpack/ros2_v4l2/install', 'LOGNAME': 'jetpack', 'XDG_SESSION_CLASS': 'user', 'ROS_VERSION': '2', 'TERM': 'xterm-256color', 'XDG_SESSION_ID': '9', 'PATH': '/opt/ros/jazzy/bin:/home/jetpack/miniconda3/bin:/Users/Axel/.local/bin:/Users/Axel/.local/share/nvim/mason/bin:usr/bin:/Users/Axel/.fzf/bin:/usr/local/sbin:/usr/local/bin:/usr/sbin:/usr/bin:/sbin:/bin:/usr/games:/usr/local/games:/snap/bin', 'XDG_RUNTIME_DIR': '/run/user/1002', 'LANG': 'C.UTF-8', 'AMENT_PREFIX_PATH': '/home/jetpack/SEAME-Cluster-24-25/JetRacer/install/camera:/home/jetpack/ros2_v4l2/install/image_transport_plugins:/home/jetpack/ros2_v4l2/install/zstd_image_transport:/home/jetpack/ros2_v4l2/install/v4l2_camera:/home/jetpack/ros2_v4l2/install/theora_image_transport:/home/jetpack/ros2_v4l2/install/compressed_image_transport:/home/jetpack/ros2_v4l2/install/compressed_depth_image_transport:/home/jetpack/ros2_v4l2/install/image_transport:/home/jetpack/ros2_v4l2/install/cv_bridge:/home/jetpack/ros2_v4l2/install/camera_info_manager:/home/jetpack/ros2_v4l2/install/camera_calibration_parsers:/opt/ros/jazzy', 'SHELL': '/usr/bin/fish', 'LIBCAMERA_IPA_DIR': '/usr/local/lib/aarch64-linux-gnu/libcamera/', 'WIFI_SSID': 'MEO-BD8310', 'ROS_AUTOMATIC_DISCOVERY_RANGE': 'SUBNET', 'PWD': '/home/jetpack/SEAME-Cluster-24-25/JetRacer/build/camera', 'SSH_CONNECTION': '192.168.1.80 55414 192.168.1.84 22', 'OMF_CONFIG': '/home/jetpack/.config/omf', 'XDG_DATA_DIRS': '/usr/local/share:/usr/share:/var/lib/snapd/desktop', 'STARSHIP_SESSION_KEY': '1050730524138171', 'PYTHONPATH': '/home/jetpack/ros2_v4l2/install/theora_image_transport/lib/python3.12/site-packages:/home/jetpack/ros2_v4l2/install/cv_bridge/lib/python3.12/site-packages:/opt/ros/jazzy/lib/python3.12/site-packages', 'COLCON': '1', 'WARP_THEMES_DIR': '/home/jetpack/.warp/themes', 'EDITOR': 'nvim', 'CMAKE_PREFIX_PATH': '/home/jetpack/SEAME-Cluster-24-25/JetRacer/install/camera:/home/jetpack/ros2_v4l2/install/image_transport_plugins:/home/jetpack/ros2_v4l2/install/zstd_image_transport:/home/jetpack/ros2_v4l2/install/v4l2_camera:/home/jetpack/ros2_v4l2/install/theora_image_transport:/home/jetpack/ros2_v4l2/install/compressed_image_transport:/home/jetpack/ros2_v4l2/install/compressed_depth_image_transport:/home/jetpack/ros2_v4l2/install/image_transport:/home/jetpack/ros2_v4l2/install/cv_bridge:/home/jetpack/ros2_v4l2/install/camera_info_manager:/home/jetpack/ros2_v4l2/install/camera_calibration_parsers:/opt/ros/jazzy/opt/gz_math_vendor:/opt/ros/jazzy/opt/gz_utils_vendor:/opt/ros/jazzy/opt/gz_cmake_vendor:/opt/ros/jazzy', 'WIFI_PASSWORD': '9f24731014'}), 'shell': False}
[0.099153] (-) TimerEvent: {}
[0.199846] (-) TimerEvent: {}
[0.300539] (-) TimerEvent: {}
[0.389434] (camera) StdoutLine: {'line': b'-- Found ament_cmake: 2.5.2 (/opt/ros/jazzy/share/ament_cmake/cmake)\n'}
[0.400702] (-) TimerEvent: {}
[0.501340] (-) TimerEvent: {}
[0.602018] (-) TimerEvent: {}
[0.702563] (-) TimerEvent: {}
[0.803102] (-) TimerEvent: {}
[0.903696] (-) TimerEvent: {}
[1.004258] (-) TimerEvent: {}
[1.104853] (-) TimerEvent: {}
[1.205526] (-) TimerEvent: {}
[1.306086] (-) TimerEvent: {}
[1.406691] (-) TimerEvent: {}
[1.507313] (-) TimerEvent: {}
[1.544911] (camera) StdoutLine: {'line': b'-- Found rclcpp: 28.1.5 (/opt/ros/jazzy/share/rclcpp/cmake)\n'}
[1.607534] (-) TimerEvent: {}
[1.708213] (-) TimerEvent: {}
[1.781358] (camera) StdoutLine: {'line': b'-- Found rosidl_generator_c: 4.6.4 (/opt/ros/jazzy/share/rosidl_generator_c/cmake)\n'}
[1.808376] (-) TimerEvent: {}
[1.834710] (camera) StdoutLine: {'line': b'-- Found rosidl_generator_cpp: 4.6.4 (/opt/ros/jazzy/share/rosidl_generator_cpp/cmake)\n'}
[1.906963] (camera) StdoutLine: {'line': b'-- Using all available rosidl_typesupport_c: rosidl_typesupport_fastrtps_c;rosidl_typesupport_introspection_c\n'}
[1.908551] (-) TimerEvent: {}
[1.986381] (camera) StdoutLine: {'line': b'-- Using all available rosidl_typesupport_cpp: rosidl_typesupport_fastrtps_cpp;rosidl_typesupport_introspection_cpp\n'}
[2.008744] (-) TimerEvent: {}
[2.109378] (-) TimerEvent: {}
[2.210073] (-) TimerEvent: {}
[2.302556] (camera) StdoutLine: {'line': b'-- Found rmw_implementation_cmake: 7.3.1 (/opt/ros/jazzy/share/rmw_implementation_cmake/cmake)\n'}
[2.310252] (-) TimerEvent: {}
[2.316036] (camera) StdoutLine: {'line': b'-- Found rmw_fastrtps_cpp: 8.4.1 (/opt/ros/jazzy/share/rmw_fastrtps_cpp/cmake)\n'}
[2.410440] (-) TimerEvent: {}
[2.511304] (-) TimerEvent: {}
[2.612197] (-) TimerEvent: {}
[2.687969] (camera) StdoutLine: {'line': b"-- Using RMW implementation 'rmw_fastrtps_cpp' as default\n"}
[2.712374] (-) TimerEvent: {}
[2.813071] (-) TimerEvent: {}
[2.913771] (-) TimerEvent: {}
[2.998693] (camera) StdoutLine: {'line': b'-- Found sensor_msgs: 5.3.5 (/opt/ros/jazzy/share/sensor_msgs/cmake)\n'}
[3.013953] (-) TimerEvent: {}
[3.114619] (-) TimerEvent: {}
[3.215365] (-) TimerEvent: {}
[3.267154] (camera) StdoutLine: {'line': b'-- Found image_transport: 5.1.5 (/home/jetpack/ros2_v4l2/install/image_transport/share/image_transport/cmake)\n'}
[3.315584] (-) TimerEvent: {}
[3.416239] (-) TimerEvent: {}
[3.516937] (-) TimerEvent: {}
[3.617553] (-) TimerEvent: {}
[3.718104] (-) TimerEvent: {}
[3.819015] (-) TimerEvent: {}
[3.855191] (camera) StdoutLine: {'line': b'-- Configuring done (3.5s)\n'}
[3.919212] (-) TimerEvent: {}
[3.995200] (camera) StdoutLine: {'line': b'-- Generating done (0.1s)\n'}
[4.019406] (-) TimerEvent: {}
[4.022672] (camera) StdoutLine: {'line': b'-- Build files have been written to: /home/jetpack/SEAME-Cluster-24-25/JetRacer/build/camera\n'}
[4.119614] (-) TimerEvent: {}
[4.220255] (-) TimerEvent: {}
[4.320977] (-) TimerEvent: {}
[4.338726] (camera) StdoutLine: {'line': b'[ 33%] \x1b[32mBuilding CXX object CMakeFiles/camera_node.dir/src/CameraNode.cpp.o\x1b[0m\n'}
[4.421150] (-) TimerEvent: {}
[4.521796] (-) TimerEvent: {}
[4.622431] (-) TimerEvent: {}
[4.723066] (-) TimerEvent: {}
[4.823693] (-) TimerEvent: {}
[4.924321] (-) TimerEvent: {}
[5.024973] (-) TimerEvent: {}
[5.125629] (-) TimerEvent: {}
[5.226293] (-) TimerEvent: {}
[5.326968] (-) TimerEvent: {}
[5.427602] (-) TimerEvent: {}
[5.528224] (-) TimerEvent: {}
[5.628870] (-) TimerEvent: {}
[5.729496] (-) TimerEvent: {}
[5.830149] (-) TimerEvent: {}
[5.930958] (-) TimerEvent: {}
[6.031596] (-) TimerEvent: {}
[6.132214] (-) TimerEvent: {}
[6.232887] (-) TimerEvent: {}
[6.333612] (-) TimerEvent: {}
[6.434304] (-) TimerEvent: {}
[6.535019] (-) TimerEvent: {}
[6.635716] (-) TimerEvent: {}
[6.736370] (-) TimerEvent: {}
[6.837065] (-) TimerEvent: {}
[6.937758] (-) TimerEvent: {}
[7.038367] (-) TimerEvent: {}
[7.139084] (-) TimerEvent: {}
[7.239795] (-) TimerEvent: {}
[7.340413] (-) TimerEvent: {}
[7.441129] (-) TimerEvent: {}
[7.541839] (-) TimerEvent: {}
[7.642589] (-) TimerEvent: {}
[7.743280] (-) TimerEvent: {}
[7.843994] (-) TimerEvent: {}
[7.944624] (-) TimerEvent: {}
[8.045251] (-) TimerEvent: {}
[8.145939] (-) TimerEvent: {}
[8.246627] (-) TimerEvent: {}
[8.347550] (-) TimerEvent: {}
[8.448147] (-) TimerEvent: {}
[8.548849] (-) TimerEvent: {}
[8.649449] (-) TimerEvent: {}
[8.750111] (-) TimerEvent: {}
[8.850891] (-) TimerEvent: {}
[8.951580] (-) TimerEvent: {}
[9.052197] (-) TimerEvent: {}
[9.152914] (-) TimerEvent: {}
[9.253558] (-) TimerEvent: {}
[9.354188] (-) TimerEvent: {}
[9.455006] (-) TimerEvent: {}
[9.555731] (-) TimerEvent: {}
[9.656413] (-) TimerEvent: {}
[9.757093] (-) TimerEvent: {}
[9.857815] (-) TimerEvent: {}
[9.958447] (-) TimerEvent: {}
[10.059100] (-) TimerEvent: {}
[10.159836] (-) TimerEvent: {}
[10.260499] (-) TimerEvent: {}
[10.361143] (-) TimerEvent: {}
[10.461910] (-) TimerEvent: {}
[10.562610] (-) TimerEvent: {}
[10.663293] (-) TimerEvent: {}
[10.763992] (-) TimerEvent: {}
[10.864595] (-) TimerEvent: {}
[10.965213] (-) TimerEvent: {}
[11.065929] (-) TimerEvent: {}
[11.166593] (-) TimerEvent: {}
[11.267247] (-) TimerEvent: {}
[11.367937] (-) TimerEvent: {}
[11.468593] (-) TimerEvent: {}
[11.569249] (-) TimerEvent: {}
[11.669964] (-) TimerEvent: {}
[11.770607] (-) TimerEvent: {}
[11.871246] (-) TimerEvent: {}
[11.972002] (-) TimerEvent: {}
[12.072716] (-) TimerEvent: {}
[12.173365] (-) TimerEvent: {}
[12.274073] (-) TimerEvent: {}
[12.374780] (-) TimerEvent: {}
[12.475433] (-) TimerEvent: {}
[12.576111] (-) TimerEvent: {}
[12.676808] (-) TimerEvent: {}
[12.777416] (-) TimerEvent: {}
[12.878114] (-) TimerEvent: {}
[12.978806] (-) TimerEvent: {}
[13.079501] (-) TimerEvent: {}
[13.180124] (-) TimerEvent: {}
[13.280818] (-) TimerEvent: {}
[13.381439] (-) TimerEvent: {}
[13.482181] (-) TimerEvent: {}
[13.582898] (-) TimerEvent: {}
[13.683583] (-) TimerEvent: {}
[13.784247] (-) TimerEvent: {}
[13.884985] (-) TimerEvent: {}
[13.985652] (-) TimerEvent: {}
[14.086328] (-) TimerEvent: {}
[14.187027] (-) TimerEvent: {}
[14.287727] (-) TimerEvent: {}
[14.388388] (-) TimerEvent: {}
[14.489084] (-) TimerEvent: {}
[14.589780] (-) TimerEvent: {}
[14.690422] (-) TimerEvent: {}
[14.791109] (-) TimerEvent: {}
[14.891813] (-) TimerEvent: {}
[14.992449] (-) TimerEvent: {}
[15.093135] (-) TimerEvent: {}
[15.193832] (-) TimerEvent: {}
[15.294512] (-) TimerEvent: {}
[15.395144] (-) TimerEvent: {}
[15.495882] (-) TimerEvent: {}
[15.596540] (-) TimerEvent: {}
[15.697175] (-) TimerEvent: {}
[15.797846] (-) TimerEvent: {}
[15.898528] (-) TimerEvent: {}
[15.999203] (-) TimerEvent: {}
[16.099921] (-) TimerEvent: {}
[16.200730] (-) TimerEvent: {}
[16.301348] (-) TimerEvent: {}
[16.402045] (-) TimerEvent: {}
[16.502739] (-) TimerEvent: {}
[16.603371] (-) TimerEvent: {}
[16.704062] (-) TimerEvent: {}
[16.804749] (-) TimerEvent: {}
[16.905403] (-) TimerEvent: {}
[17.006117] (-) TimerEvent: {}
[17.106835] (-) TimerEvent: {}
[17.207544] (-) TimerEvent: {}
[17.308169] (-) TimerEvent: {}
[17.408906] (-) TimerEvent: {}
[17.509567] (-) TimerEvent: {}
[17.610193] (-) TimerEvent: {}
[17.710873] (-) TimerEvent: {}
[17.811555] (-) TimerEvent: {}
[17.912200] (-) TimerEvent: {}
[18.012937] (-) TimerEvent: {}
[18.113593] (-) TimerEvent: {}
[18.214230] (-) TimerEvent: {}
[18.314901] (-) TimerEvent: {}
[18.415597] (-) TimerEvent: {}
[18.516238] (-) TimerEvent: {}
[18.617055] (-) TimerEvent: {}
[18.717771] (-) TimerEvent: {}
[18.818421] (-) TimerEvent: {}
[18.919233] (-) TimerEvent: {}
[19.019982] (-) TimerEvent: {}
[19.120621] (-) TimerEvent: {}
[19.221263] (-) TimerEvent: {}
[19.321980] (-) TimerEvent: {}
[19.422611] (-) TimerEvent: {}
[19.523276] (-) TimerEvent: {}
[19.624102] (-) TimerEvent: {}
[19.724799] (-) TimerEvent: {}
[19.825436] (-) TimerEvent: {}
[19.926146] (-) TimerEvent: {}
[20.026901] (-) TimerEvent: {}
[20.127610] (-) TimerEvent: {}
[20.228230] (-) TimerEvent: {}
[20.328928] (-) TimerEvent: {}
[20.429618] (-) TimerEvent: {}
[20.530371] (-) TimerEvent: {}
[20.631151] (-) TimerEvent: {}
[20.732242] (-) TimerEvent: {}
[20.832969] (-) TimerEvent: {}
[20.933660] (-) TimerEvent: {}
[21.034433] (-) TimerEvent: {}
[21.135139] (-) TimerEvent: {}
[21.235872] (-) TimerEvent: {}
[21.336578] (-) TimerEvent: {}
[21.437243] (-) TimerEvent: {}
[21.538017] (-) TimerEvent: {}
[21.638678] (-) TimerEvent: {}
[21.739571] (-) TimerEvent: {}
[21.840193] (-) TimerEvent: {}
[21.940889] (-) TimerEvent: {}
[22.041564] (-) TimerEvent: {}
[22.142212] (-) TimerEvent: {}
[22.242920] (-) TimerEvent: {}
[22.343593] (-) TimerEvent: {}
[22.444223] (-) TimerEvent: {}
[22.544928] (-) TimerEvent: {}
[22.645595] (-) TimerEvent: {}
[22.746222] (-) TimerEvent: {}
[22.846922] (-) TimerEvent: {}
[22.947596] (-) TimerEvent: {}
[23.048234] (-) TimerEvent: {}
[23.148968] (-) TimerEvent: {}
[23.249624] (-) TimerEvent: {}
[23.350275] (-) TimerEvent: {}
[23.450985] (-) TimerEvent: {}
[23.551608] (-) TimerEvent: {}
[23.652224] (-) TimerEvent: {}
[23.752945] (-) TimerEvent: {}
[23.853593] (-) TimerEvent: {}
[23.954223] (-) TimerEvent: {}
[24.054896] (-) TimerEvent: {}
[24.155573] (-) TimerEvent: {}
[24.256196] (-) TimerEvent: {}
[24.356864] (-) TimerEvent: {}
[24.457558] (-) TimerEvent: {}
[24.558216] (-) TimerEvent: {}
[24.658912] (-) TimerEvent: {}
[24.759590] (-) TimerEvent: {}
[24.860230] (-) TimerEvent: {}
[24.960964] (-) TimerEvent: {}
[25.061646] (-) TimerEvent: {}
[25.162287] (-) TimerEvent: {}
[25.262994] (-) TimerEvent: {}
[25.363616] (-) TimerEvent: {}
[25.464229] (-) TimerEvent: {}
[25.564911] (-) TimerEvent: {}
[25.665591] (-) TimerEvent: {}
[25.766217] (-) TimerEvent: {}
[25.866915] (-) TimerEvent: {}
[25.967586] (-) TimerEvent: {}
[26.068221] (-) TimerEvent: {}
[26.168909] (-) TimerEvent: {}
[26.269588] (-) TimerEvent: {}
[26.370217] (-) TimerEvent: {}
[26.470906] (-) TimerEvent: {}
[26.571577] (-) TimerEvent: {}
[26.672211] (-) TimerEvent: {}
[26.772900] (-) TimerEvent: {}
[26.873606] (-) TimerEvent: {}
[26.974230] (-) TimerEvent: {}
[27.074911] (-) TimerEvent: {}
[27.175559] (-) TimerEvent: {}
[27.276176] (-) TimerEvent: {}
[27.376872] (-) TimerEvent: {}
[27.477546] (-) TimerEvent: {}
[27.578197] (-) TimerEvent: {}
[27.678923] (-) TimerEvent: {}
[27.779596] (-) TimerEvent: {}
[27.880255] (-) TimerEvent: {}
[27.981183] (-) TimerEvent: {}
[28.081870] (-) TimerEvent: {}
[28.182574] (-) TimerEvent: {}
[28.283180] (-) TimerEvent: {}
[28.383867] (-) TimerEvent: {}
[28.484532] (-) TimerEvent: {}
[28.585154] (-) TimerEvent: {}
[28.685843] (-) TimerEvent: {}
[28.786593] (-) TimerEvent: {}
[28.887225] (-) TimerEvent: {}
[28.987902] (-) TimerEvent: {}
[29.088603] (-) TimerEvent: {}
[29.189273] (-) TimerEvent: {}
[29.289983] (-) TimerEvent: {}
[29.390607] (-) TimerEvent: {}
[29.491199] (-) TimerEvent: {}
[29.591914] (-) TimerEvent: {}
[29.692580] (-) TimerEvent: {}
[29.793217] (-) TimerEvent: {}
[29.893916] (-) TimerEvent: {}
[29.994602] (-) TimerEvent: {}
[30.095269] (-) TimerEvent: {}
[30.195946] (-) TimerEvent: {}
[30.296607] (-) TimerEvent: {}
[30.397262] (-) TimerEvent: {}
[30.498060] (-) TimerEvent: {}
[30.598792] (-) TimerEvent: {}
[30.699547] (-) TimerEvent: {}
[30.800175] (-) TimerEvent: {}
[30.900911] (-) TimerEvent: {}
[31.001679] (-) TimerEvent: {}
[31.102606] (-) TimerEvent: {}
[31.203387] (-) TimerEvent: {}
[31.304090] (-) TimerEvent: {}
[31.404859] (-) TimerEvent: {}
[31.505575] (-) TimerEvent: {}
[31.606300] (-) TimerEvent: {}
[31.707100] (-) TimerEvent: {}
[31.771411] (camera) StdoutLine: {'line': b'[ 66%] \x1b[32m\x1b[1mLinking CXX executable camera_node\x1b[0m\n'}
[31.807274] (-) TimerEvent: {}
[31.907976] (-) TimerEvent: {}
[32.008806] (-) TimerEvent: {}
[32.109713] (-) TimerEvent: {}
[32.210613] (-) TimerEvent: {}
[32.311367] (-) TimerEvent: {}
[32.412420] (-) TimerEvent: {}
[32.513706] (-) TimerEvent: {}
[32.614943] (-) TimerEvent: {}
[32.716147] (-) TimerEvent: {}
[32.817056] (-) TimerEvent: {}
[32.918025] (-) TimerEvent: {}
[33.019333] (-) TimerEvent: {}
[33.120172] (-) TimerEvent: {}
[33.220924] (-) TimerEvent: {}
[33.321643] (-) TimerEvent: {}
[33.422648] (-) TimerEvent: {}
[33.523789] (-) TimerEvent: {}
[33.624737] (-) TimerEvent: {}
[33.725800] (-) TimerEvent: {}
[33.826651] (-) TimerEvent: {}
[33.927734] (-) TimerEvent: {}
[34.028796] (-) TimerEvent: {}
[34.129675] (-) TimerEvent: {}
[34.230539] (-) TimerEvent: {}
[34.331589] (-) TimerEvent: {}
[34.432527] (-) TimerEvent: {}
[34.533708] (-) TimerEvent: {}
[34.634712] (-) TimerEvent: {}
[34.735674] (-) TimerEvent: {}
[34.836728] (-) TimerEvent: {}
[34.937668] (-) TimerEvent: {}
[35.038677] (-) TimerEvent: {}
[35.139422] (-) TimerEvent: {}
[35.240211] (-) TimerEvent: {}
[35.340974] (-) TimerEvent: {}
[35.441627] (-) TimerEvent: {}
[35.542209] (-) TimerEvent: {}
[35.574680] (camera) StdoutLine: {'line': b'[100%] Built target camera_node\n'}
[35.642527] (-) TimerEvent: {}
[35.643918] (camera) CommandEnded: {'returncode': 0}
[35.646757] (camera) JobProgress: {'identifier': 'camera', 'progress': 'install'}
[35.707330] (camera) Command: {'cmd': ['/usr/bin/cmake', '--install', '/home/jetpack/SEAME-Cluster-24-25/JetRacer/build/camera'], 'cwd': '/home/jetpack/SEAME-Cluster-24-25/JetRacer/build/camera', 'env': OrderedDict({'USER': 'jetpack', 'SSH_CLIENT': '192.168.1.80 55414 22', 'STARSHIP_SHELL': 'fish', 'XDG_SESSION_TYPE': 'tty', 'LD_LIBRARY_PATH': '/usr/local/lib/aarch64-linux-gnu/libcamera/:/home/jetpack/ros2_v4l2/install/zstd_image_transport/lib:/home/jetpack/ros2_v4l2/install/v4l2_camera/lib:/home/jetpack/ros2_v4l2/install/theora_image_transport/lib:/home/jetpack/ros2_v4l2/install/compressed_image_transport/lib:/home/jetpack/ros2_v4l2/install/compressed_depth_image_transport/lib:/home/jetpack/ros2_v4l2/install/image_transport/lib:/home/jetpack/ros2_v4l2/install/cv_bridge/lib:/home/jetpack/ros2_v4l2/install/camera_info_manager/lib:/home/jetpack/ros2_v4l2/install/camera_calibration_parsers/lib:/usr/local/lib/aarch64-linux-gnu:/usr/local/lib/aarch64-linux-gnu:/home/jetpack/SEAME-Cluster-24-25/JetRacer/install/pca9685_driver/lib:/usr/local/lib/aarch64-linux-gnu:/home/jetpack/SEAME-Cluster-24-25/JetRacer/install/ina219_driver/lib:/usr/local/lib/aarch64-linux-gnu:/home/jetpack/SEAME-Cluster-24-25/JetRacer/install/can_interface/lib:/usr/local/lib/aarch64-linux-gnu:/home/jetpack/SEAME-Cluster-24-25/JetRacer/install/custom_msgs/lib:/usr/local/lib/aarch64-linux-gnu:/opt/ros/jazzy/opt/rviz_ogre_vendor/lib:/usr/local/lib/aarch64-linux-gnu:/opt/ros/jazzy/lib/aarch64-linux-gnu:/usr/local/lib/aarch64-linux-gnu:/opt/ros/jazzy/opt/gz_math_vendor/lib:/usr/local/lib/aarch64-linux-gnu:/opt/ros/jazzy/opt/gz_utils_vendor/lib:/usr/local/lib/aarch64-linux-gnu:/opt/ros/jazzy/opt/gz_cmake_vendor/lib:/usr/local/lib/aarch64-linux-gnu:/opt/ros/jazzy/lib:/usr/local/lib/aarch64-linux-gnu:', 'SHLVL': '1', 'HOME': '/home/jetpack', 'SSH_TTY': '/dev/pts/2', 'ROS_PYTHON_VERSION': '3', 'DBUS_SESSION_BUS_ADDRESS': 'unix:path=/run/user/1002/bus', 'ROS_DISTRO': 'jazzy', 'OMF_PATH': '/home/jetpack/.local/share/omf', 'COLCON_PREFIX_PATH': '/home/jetpack/SEAME-Cluster-24-25/JetRacer/install:/home/jetpack/ros2_v4l2/install', 'LOGNAME': 'jetpack', 'XDG_SESSION_CLASS': 'user', 'ROS_VERSION': '2', 'TERM': 'xterm-256color', 'XDG_SESSION_ID': '9', 'PATH': '/opt/ros/jazzy/bin:/home/jetpack/miniconda3/bin:/Users/Axel/.local/bin:/Users/Axel/.local/share/nvim/mason/bin:usr/bin:/Users/Axel/.fzf/bin:/usr/local/sbin:/usr/local/bin:/usr/sbin:/usr/bin:/sbin:/bin:/usr/games:/usr/local/games:/snap/bin', 'XDG_RUNTIME_DIR': '/run/user/1002', 'LANG': 'C.UTF-8', 'AMENT_PREFIX_PATH': '/home/jetpack/SEAME-Cluster-24-25/JetRacer/install/camera:/home/jetpack/ros2_v4l2/install/image_transport_plugins:/home/jetpack/ros2_v4l2/install/zstd_image_transport:/home/jetpack/ros2_v4l2/install/v4l2_camera:/home/jetpack/ros2_v4l2/install/theora_image_transport:/home/jetpack/ros2_v4l2/install/compressed_image_transport:/home/jetpack/ros2_v4l2/install/compressed_depth_image_transport:/home/jetpack/ros2_v4l2/install/image_transport:/home/jetpack/ros2_v4l2/install/cv_bridge:/home/jetpack/ros2_v4l2/install/camera_info_manager:/home/jetpack/ros2_v4l2/install/camera_calibration_parsers:/opt/ros/jazzy', 'SHELL': '/usr/bin/fish', 'LIBCAMERA_IPA_DIR': '/usr/local/lib/aarch64-linux-gnu/libcamera/', 'WIFI_SSID': 'MEO-BD8310', 'ROS_AUTOMATIC_DISCOVERY_RANGE': 'SUBNET', 'PWD': '/home/jetpack/SEAME-Cluster-24-25/JetRacer/build/camera', 'SSH_CONNECTION': '192.168.1.80 55414 192.168.1.84 22', 'OMF_CONFIG': '/home/jetpack/.config/omf', 'XDG_DATA_DIRS': '/usr/local/share:/usr/share:/var/lib/snapd/desktop', 'STARSHIP_SESSION_KEY': '1050730524138171', 'PYTHONPATH': '/home/jetpack/ros2_v4l2/install/theora_image_transport/lib/python3.12/site-packages:/home/jetpack/ros2_v4l2/install/cv_bridge/lib/python3.12/site-packages:/opt/ros/jazzy/lib/python3.12/site-packages', 'COLCON': '1', 'WARP_THEMES_DIR': '/home/jetpack/.warp/themes', 'EDITOR': 'nvim', 'CMAKE_PREFIX_PATH': '/home/jetpack/SEAME-Cluster-24-25/JetRacer/install/camera:/home/jetpack/ros2_v4l2/install/image_transport_plugins:/home/jetpack/ros2_v4l2/install/zstd_image_transport:/home/jetpack/ros2_v4l2/install/v4l2_camera:/home/jetpack/ros2_v4l2/install/theora_image_transport:/home/jetpack/ros2_v4l2/install/compressed_image_transport:/home/jetpack/ros2_v4l2/install/compressed_depth_image_transport:/home/jetpack/ros2_v4l2/install/image_transport:/home/jetpack/ros2_v4l2/install/cv_bridge:/home/jetpack/ros2_v4l2/install/camera_info_manager:/home/jetpack/ros2_v4l2/install/camera_calibration_parsers:/opt/ros/jazzy/opt/gz_math_vendor:/opt/ros/jazzy/opt/gz_utils_vendor:/opt/ros/jazzy/opt/gz_cmake_vendor:/opt/ros/jazzy', 'WIFI_PASSWORD': '9f24731014'}), 'shell': False}
[35.742720] (-) TimerEvent: {}
[35.764540] (camera) StdoutLine: {'line': b'-- Install configuration: ""\n'}
[35.770568] (camera) StdoutLine: {'line': b'-- Installing: /home/jetpack/SEAME-Cluster-24-25/JetRacer/install/camera/lib/camera/camera_node\n'}
[35.783654] (camera) StdoutLine: {'line': b'-- Set non-toolchain portion of runtime path of "/home/jetpack/SEAME-Cluster-24-25/JetRacer/install/camera/lib/camera/camera_node" to ""\n'}
[35.784502] (camera) StdoutLine: {'line': b'-- Up-to-date: /home/jetpack/SEAME-Cluster-24-25/JetRacer/install/camera/share/ament_index/resource_index/package_run_dependencies/camera\n'}
[35.785179] (camera) StdoutLine: {'line': b'-- Installing: /home/jetpack/SEAME-Cluster-24-25/JetRacer/install/camera/share/ament_index/resource_index/parent_prefix_path/camera\n'}
[35.786943] (camera) StdoutLine: {'line': b'-- Up-to-date: /home/jetpack/SEAME-Cluster-24-25/JetRacer/install/camera/share/camera/environment/ament_prefix_path.sh\n'}
[35.787518] (camera) StdoutLine: {'line': b'-- Up-to-date: /home/jetpack/SEAME-Cluster-24-25/JetRacer/install/camera/share/camera/environment/ament_prefix_path.dsv\n'}
[35.787969] (camera) StdoutLine: {'line': b'-- Up-to-date: /home/jetpack/SEAME-Cluster-24-25/JetRacer/install/camera/share/camera/environment/path.sh\n'}
[35.788501] (camera) StdoutLine: {'line': b'-- Up-to-date: /home/jetpack/SEAME-Cluster-24-25/JetRacer/install/camera/share/camera/environment/path.dsv\n'}
[35.788957] (camera) StdoutLine: {'line': b'-- Up-to-date: /home/jetpack/SEAME-Cluster-24-25/JetRacer/install/camera/share/camera/local_setup.bash\n'}
[35.789318] (camera) StdoutLine: {'line': b'-- Up-to-date: /home/jetpack/SEAME-Cluster-24-25/JetRacer/install/camera/share/camera/local_setup.sh\n'}
[35.789865] (camera) StdoutLine: {'line': b'-- Up-to-date: /home/jetpack/SEAME-Cluster-24-25/JetRacer/install/camera/share/camera/local_setup.zsh\n'}
[35.790231] (camera) StdoutLine: {'line': b'-- Up-to-date: /home/jetpack/SEAME-Cluster-24-25/JetRacer/install/camera/share/camera/local_setup.dsv\n'}
[35.790609] (camera) StdoutLine: {'line': b'-- Installing: /home/jetpack/SEAME-Cluster-24-25/JetRacer/install/camera/share/camera/package.dsv\n'}
[35.791320] (camera) StdoutLine: {'line': b'-- Up-to-date: /home/jetpack/SEAME-Cluster-24-25/JetRacer/install/camera/share/ament_index/resource_index/packages/camera\n'}
[35.791851] (camera) StdoutLine: {'line': b'-- Up-to-date: /home/jetpack/SEAME-Cluster-24-25/JetRacer/install/camera/share/camera/cmake/cameraConfig.cmake\n'}
[35.792274] (camera) StdoutLine: {'line': b'-- Up-to-date: /home/jetpack/SEAME-Cluster-24-25/JetRacer/install/camera/share/camera/cmake/cameraConfig-version.cmake\n'}
[35.792840] (camera) StdoutLine: {'line': b'-- Up-to-date: /home/jetpack/SEAME-Cluster-24-25/JetRacer/install/camera/share/camera/package.xml\n'}
[35.799119] (camera) CommandEnded: {'returncode': 0}
[35.843277] (-) TimerEvent: {}
[35.897085] (camera) JobEnded: {'identifier': 'camera', 'rc': 0}
[35.899785] (-) EventReactorShutdown: {}
