[0.091s] Invoking command in '/home/jetpack/SEAME-Cluster-24-25/JetRacer/build/camera_ros': CMAKE_PREFIX_PATH=${CMAKE_PREFIX_PATH}:/opt/ros/jazzy /usr/bin/cmake --build /home/jetpack/SEAME-Cluster-24-25/JetRacer/build/camera_ros -- -j4 -l4
[0.480s] [ 66%] Built target utils
[0.487s] [ 83%] Built target camera_node
[0.660s] [100%] Built target camera_component
[0.741s] Invoked command in '/home/jetpack/SEAME-Cluster-24-25/JetRacer/build/camera_ros' returned '0': CMAKE_PREFIX_PATH=${CMAKE_PREFIX_PATH}:/opt/ros/jazzy /usr/bin/cmake --build /home/jetpack/SEAME-Cluster-24-25/JetRacer/build/camera_ros -- -j4 -l4
[0.742s] Invoking command in '/home/jetpack/SEAME-Cluster-24-25/JetRacer/build/camera_ros': CMAKE_PREFIX_PATH=${CMAKE_PREFIX_PATH}:/opt/ros/jazzy /usr/bin/cmake --install /home/jetpack/SEAME-Cluster-24-25/JetRacer/build/camera_ros
[0.800s] -- Install configuration: ""
[0.801s] -- Execute custom install script
[0.802s] -- Up-to-date symlink: /home/jetpack/SEAME-Cluster-24-25/JetRacer/install/camera_ros/lib/camera_ros/camera_node
[0.807s] -- Up-to-date symlink: /home/jetpack/SEAME-Cluster-24-25/JetRacer/install/camera_ros/share/camera_ros/environment/library_path.sh
[0.809s] -- Up-to-date symlink: /home/jetpack/SEAME-Cluster-24-25/JetRacer/install/camera_ros/share/camera_ros/environment/library_path.dsv
[0.813s] -- Up-to-date symlink: /home/jetpack/SEAME-Cluster-24-25/JetRacer/install/camera_ros/share/camera_ros//launch/camera.launch.py
[0.814s] -- Up-to-date symlink: /home/jetpack/SEAME-Cluster-24-25/JetRacer/install/camera_ros/share/ament_index/resource_index/package_run_dependencies/camera_ros
[0.815s] -- Up-to-date symlink: /home/jetpack/SEAME-Cluster-24-25/JetRacer/install/camera_ros/share/ament_index/resource_index/parent_prefix_path/camera_ros
[0.821s] -- Up-to-date symlink: /home/jetpack/SEAME-Cluster-24-25/JetRacer/install/camera_ros/share/camera_ros/environment/ament_prefix_path.sh
[0.824s] -- Up-to-date symlink: /home/jetpack/SEAME-Cluster-24-25/JetRacer/install/camera_ros/share/camera_ros/environment/ament_prefix_path.dsv
[0.826s] -- Up-to-date symlink: /home/jetpack/SEAME-Cluster-24-25/JetRacer/install/camera_ros/share/camera_ros/environment/path.sh
[0.827s] -- Up-to-date symlink: /home/jetpack/SEAME-Cluster-24-25/JetRacer/install/camera_ros/share/camera_ros/environment/path.dsv
[0.831s] -- Up-to-date symlink: /home/jetpack/SEAME-Cluster-24-25/JetRacer/install/camera_ros/share/camera_ros/local_setup.bash
[0.832s] -- Up-to-date symlink: /home/jetpack/SEAME-Cluster-24-25/JetRacer/install/camera_ros/share/camera_ros/local_setup.sh
[0.836s] -- Up-to-date symlink: /home/jetpack/SEAME-Cluster-24-25/JetRacer/install/camera_ros/share/camera_ros/local_setup.zsh
[0.837s] -- Up-to-date symlink: /home/jetpack/SEAME-Cluster-24-25/JetRacer/install/camera_ros/share/camera_ros/local_setup.dsv
[0.838s] -- Symlinking: /home/jetpack/SEAME-Cluster-24-25/JetRacer/install/camera_ros/share/camera_ros/package.dsv
[0.906s] -- Up-to-date symlink: /home/jetpack/SEAME-Cluster-24-25/JetRacer/install/camera_ros/share/ament_index/resource_index/packages/camera_ros
[0.907s] -- Up-to-date symlink: /home/jetpack/SEAME-Cluster-24-25/JetRacer/install/camera_ros/share/ament_index/resource_index/rclcpp_components/camera_ros
[0.909s] -- Up-to-date symlink: /home/jetpack/SEAME-Cluster-24-25/JetRacer/install/camera_ros/share/camera_ros/cmake/ament_cmake_export_targets-extras.cmake
[0.910s] -- Up-to-date symlink: /home/jetpack/SEAME-Cluster-24-25/JetRacer/install/camera_ros/share/camera_ros/cmake/ament_cmake_export_dependencies-extras.cmake
[0.912s] -- Up-to-date symlink: /home/jetpack/SEAME-Cluster-24-25/JetRacer/install/camera_ros/share/camera_ros/cmake/camera_rosConfig.cmake
[0.913s] -- Up-to-date symlink: /home/jetpack/SEAME-Cluster-24-25/JetRacer/install/camera_ros/share/camera_ros/cmake/camera_rosConfig-version.cmake
[0.914s] -- Up-to-date symlink: /home/jetpack/SEAME-Cluster-24-25/JetRacer/install/camera_ros/share/camera_ros/package.xml
[0.915s] -- Up-to-date: /home/jetpack/SEAME-Cluster-24-25/JetRacer/install/camera_ros/lib/libcamera_component.so
[0.917s] -- Up-to-date: /home/jetpack/SEAME-Cluster-24-25/JetRacer/install/camera_ros/share/camera_ros/cmake/camera_componentTargetsExport.cmake
[0.918s] -- Up-to-date: /home/jetpack/SEAME-Cluster-24-25/JetRacer/install/camera_ros/share/camera_ros/cmake/camera_componentTargetsExport-noconfig.cmake
[0.929s] Invoked command in '/home/jetpack/SEAME-Cluster-24-25/JetRacer/build/camera_ros' returned '0': CMAKE_PREFIX_PATH=${CMAKE_PREFIX_PATH}:/opt/ros/jazzy /usr/bin/cmake --install /home/jetpack/SEAME-Cluster-24-25/JetRacer/build/camera_ros
