[0.070s] Invoking command in '/home/jetpack/SEAME-Cluster-24-25/JetRacer/build/dc_motors': AMENT_PREFIX_PATH=/home/jetpack/SEAME-Cluster-24-25/JetRacer/install/pca9685_driver:/home/jetpack/SEAME-Cluster-24-25/JetRacer/install/custom_msgs:${AMENT_PREFIX_PATH} CMAKE_PREFIX_PATH=/home/jetpack/SEAME-Cluster-24-25/JetRacer/install/pca9685_driver:/home/jetpack/SEAME-Cluster-24-25/JetRacer/install/custom_msgs:/opt/ros/jazzy LD_LIBRARY_PATH=/home/jetpack/SEAME-Cluster-24-25/JetRacer/install/pca9685_driver/lib:/home/jetpack/SEAME-Cluster-24-25/JetRacer/install/custom_msgs/lib:${LD_LIBRARY_PATH} PYTHONPATH=/home/jetpack/SEAME-Cluster-24-25/JetRacer/install/custom_msgs/lib/python3.12/site-packages:${PYTHONPATH} /usr/bin/cmake --build /home/jetpack/SEAME-Cluster-24-25/JetRacer/build/dc_motors -- -j4 -l4
[0.238s] -- Found ament_cmake: 2.5.2 (/opt/ros/jazzy/share/ament_cmake/cmake)
[1.644s] -- Override CMake install command with custom implementation using symlinks instead of copying resources
[1.681s] -- Found rclcpp: 28.1.5 (/opt/ros/jazzy/share/rclcpp/cmake)
[1.868s] -- Found rosidl_generator_c: 4.6.4 (/opt/ros/jazzy/share/rosidl_generator_c/cmake)
[1.915s] -- Found rosidl_generator_cpp: 4.6.4 (/opt/ros/jazzy/share/rosidl_generator_cpp/cmake)
[1.968s] -- Using all available rosidl_typesupport_c: rosidl_typesupport_fastrtps_c;rosidl_typesupport_introspection_c
[2.035s] -- Using all available rosidl_typesupport_cpp: rosidl_typesupport_fastrtps_cpp;rosidl_typesupport_introspection_cpp
[2.324s] -- Found rmw_implementation_cmake: 7.3.1 (/opt/ros/jazzy/share/rmw_implementation_cmake/cmake)
[2.332s] -- Found rmw_fastrtps_cpp: 8.4.1 (/opt/ros/jazzy/share/rmw_fastrtps_cpp/cmake)
[2.646s] -- Using RMW implementation 'rmw_fastrtps_cpp' as default
[2.919s] -- Found std_msgs: 5.3.5 (/opt/ros/jazzy/share/std_msgs/cmake)
[2.985s] -- Found pca9685_driver: 0.0.0 (/home/jetpack/SEAME-Cluster-24-25/JetRacer/install/pca9685_driver/share/pca9685_driver/cmake)
[2.987s] -- Found custom_msgs: 0.0.0 (/home/jetpack/SEAME-Cluster-24-25/JetRacer/install/custom_msgs/share/custom_msgs/cmake)
[3.640s] -- Configuring done (3.4s)
[3.726s] -- Generating done (0.0s)
[3.753s] -- Build files have been written to: /home/jetpack/SEAME-Cluster-24-25/JetRacer/build/dc_motors
[3.973s] [ 33%] [32mBuilding CXX object CMakeFiles/dc_motors_node.dir/src/DcMotorsNode.cpp.o[0m
[4.012s] [ 66%] [32mBuilding CXX object CMakeFiles/dc_motors_node.dir/src/main.cpp.o[0m
[58.914s] [100%] [32m[1mLinking CXX executable dc_motors_node[0m
[60.658s] [100%] Built target dc_motors_node
[60.713s] Invoked command in '/home/jetpack/SEAME-Cluster-24-25/JetRacer/build/dc_motors' returned '0': AMENT_PREFIX_PATH=/home/jetpack/SEAME-Cluster-24-25/JetRacer/install/pca9685_driver:/home/jetpack/SEAME-Cluster-24-25/JetRacer/install/custom_msgs:${AMENT_PREFIX_PATH} CMAKE_PREFIX_PATH=/home/jetpack/SEAME-Cluster-24-25/JetRacer/install/pca9685_driver:/home/jetpack/SEAME-Cluster-24-25/JetRacer/install/custom_msgs:/opt/ros/jazzy LD_LIBRARY_PATH=/home/jetpack/SEAME-Cluster-24-25/JetRacer/install/pca9685_driver/lib:/home/jetpack/SEAME-Cluster-24-25/JetRacer/install/custom_msgs/lib:${LD_LIBRARY_PATH} PYTHONPATH=/home/jetpack/SEAME-Cluster-24-25/JetRacer/install/custom_msgs/lib/python3.12/site-packages:${PYTHONPATH} /usr/bin/cmake --build /home/jetpack/SEAME-Cluster-24-25/JetRacer/build/dc_motors -- -j4 -l4
[60.719s] Invoking command in '/home/jetpack/SEAME-Cluster-24-25/JetRacer/build/dc_motors': AMENT_PREFIX_PATH=/home/jetpack/SEAME-Cluster-24-25/JetRacer/install/pca9685_driver:/home/jetpack/SEAME-Cluster-24-25/JetRacer/install/custom_msgs:${AMENT_PREFIX_PATH} CMAKE_PREFIX_PATH=/home/jetpack/SEAME-Cluster-24-25/JetRacer/install/pca9685_driver:/home/jetpack/SEAME-Cluster-24-25/JetRacer/install/custom_msgs:/opt/ros/jazzy LD_LIBRARY_PATH=/home/jetpack/SEAME-Cluster-24-25/JetRacer/install/pca9685_driver/lib:/home/jetpack/SEAME-Cluster-24-25/JetRacer/install/custom_msgs/lib:${LD_LIBRARY_PATH} PYTHONPATH=/home/jetpack/SEAME-Cluster-24-25/JetRacer/install/custom_msgs/lib/python3.12/site-packages:${PYTHONPATH} /usr/bin/cmake --install /home/jetpack/SEAME-Cluster-24-25/JetRacer/build/dc_motors
[60.756s] -- Install configuration: ""
[60.758s] -- Execute custom install script
[60.760s] -- Symlinking: /home/jetpack/SEAME-Cluster-24-25/JetRacer/install/dc_motors/lib/dc_motors/dc_motors_node
[60.807s] -- Symlinking: /home/jetpack/SEAME-Cluster-24-25/JetRacer/install/dc_motors/share/ament_index/resource_index/package_run_dependencies/dc_motors
[60.853s] -- Symlinking: /home/jetpack/SEAME-Cluster-24-25/JetRacer/install/dc_motors/share/ament_index/resource_index/parent_prefix_path/dc_motors
[60.899s] -- Symlinking: /home/jetpack/SEAME-Cluster-24-25/JetRacer/install/dc_motors/share/dc_motors/environment/ament_prefix_path.sh
[60.945s] -- Symlinking: /home/jetpack/SEAME-Cluster-24-25/JetRacer/install/dc_motors/share/dc_motors/environment/ament_prefix_path.dsv
[60.990s] -- Symlinking: /home/jetpack/SEAME-Cluster-24-25/JetRacer/install/dc_motors/share/dc_motors/environment/path.sh
[61.035s] -- Symlinking: /home/jetpack/SEAME-Cluster-24-25/JetRacer/install/dc_motors/share/dc_motors/environment/path.dsv
[61.080s] -- Symlinking: /home/jetpack/SEAME-Cluster-24-25/JetRacer/install/dc_motors/share/dc_motors/local_setup.bash
[61.127s] -- Symlinking: /home/jetpack/SEAME-Cluster-24-25/JetRacer/install/dc_motors/share/dc_motors/local_setup.sh
[61.172s] -- Symlinking: /home/jetpack/SEAME-Cluster-24-25/JetRacer/install/dc_motors/share/dc_motors/local_setup.zsh
[61.219s] -- Symlinking: /home/jetpack/SEAME-Cluster-24-25/JetRacer/install/dc_motors/share/dc_motors/local_setup.dsv
[61.264s] -- Symlinking: /home/jetpack/SEAME-Cluster-24-25/JetRacer/install/dc_motors/share/dc_motors/package.dsv
[61.310s] -- Symlinking: /home/jetpack/SEAME-Cluster-24-25/JetRacer/install/dc_motors/share/ament_index/resource_index/packages/dc_motors
[61.356s] -- Symlinking: /home/jetpack/SEAME-Cluster-24-25/JetRacer/install/dc_motors/share/dc_motors/cmake/dc_motorsConfig.cmake
[61.402s] -- Symlinking: /home/jetpack/SEAME-Cluster-24-25/JetRacer/install/dc_motors/share/dc_motors/cmake/dc_motorsConfig-version.cmake
[61.448s] -- Symlinking: /home/jetpack/SEAME-Cluster-24-25/JetRacer/install/dc_motors/share/dc_motors/package.xml
[61.502s] Invoked command in '/home/jetpack/SEAME-Cluster-24-25/JetRacer/build/dc_motors' returned '0': AMENT_PREFIX_PATH=/home/jetpack/SEAME-Cluster-24-25/JetRacer/install/pca9685_driver:/home/jetpack/SEAME-Cluster-24-25/JetRacer/install/custom_msgs:${AMENT_PREFIX_PATH} CMAKE_PREFIX_PATH=/home/jetpack/SEAME-Cluster-24-25/JetRacer/install/pca9685_driver:/home/jetpack/SEAME-Cluster-24-25/JetRacer/install/custom_msgs:/opt/ros/jazzy LD_LIBRARY_PATH=/home/jetpack/SEAME-Cluster-24-25/JetRacer/install/pca9685_driver/lib:/home/jetpack/SEAME-Cluster-24-25/JetRacer/install/custom_msgs/lib:${LD_LIBRARY_PATH} PYTHONPATH=/home/jetpack/SEAME-Cluster-24-25/JetRacer/install/custom_msgs/lib/python3.12/site-packages:${PYTHONPATH} /usr/bin/cmake --install /home/jetpack/SEAME-Cluster-24-25/JetRacer/build/dc_motors
