[0.091s] Invoking command in '/home/jetpack/SEAME-Cluster-24-25/JetRacer/build/camera_ros': CMAKE_PREFIX_PATH=${CMAKE_PREFIX_PATH}:/opt/ros/jazzy /usr/bin/cmake --build /home/jetpack/SEAME-Cluster-24-25/JetRacer/build/camera_ros -- -j4 -l4
[0.499s] [ 16%] Built target camera_node
[0.512s] [ 83%] Built target utils
[0.736s] [100%] Built target camera_component
[0.887s] Invoked command in '/home/jetpack/SEAME-Cluster-24-25/JetRacer/build/camera_ros' returned '0': CMAKE_PREFIX_PATH=${CMAKE_PREFIX_PATH}:/opt/ros/jazzy /usr/bin/cmake --build /home/jetpack/SEAME-Cluster-24-25/JetRacer/build/camera_ros -- -j4 -l4
[0.890s] Invoking command in '/home/jetpack/SEAME-Cluster-24-25/JetRacer/build/camera_ros': CMAKE_PREFIX_PATH=${CMAKE_PREFIX_PATH}:/opt/ros/jazzy /usr/bin/cmake --install /home/jetpack/SEAME-Cluster-24-25/JetRacer/build/camera_ros
[1.008s] -- Install configuration: ""
[1.016s] -- Execute custom install script
[1.017s] -- Up-to-date symlink: /home/jetpack/SEAME-Cluster-24-25/JetRacer/install/camera_ros/lib/camera_ros/camera_node
[1.018s] -- Up-to-date symlink: /home/jetpack/SEAME-Cluster-24-25/JetRacer/install/camera_ros/share/camera_ros/environment/library_path.sh
[1.027s] -- Up-to-date symlink: /home/jetpack/SEAME-Cluster-24-25/JetRacer/install/camera_ros/share/camera_ros/environment/library_path.dsv
[1.029s] -- Up-to-date symlink: /home/jetpack/SEAME-Cluster-24-25/JetRacer/install/camera_ros/share/camera_ros//launch/camera.launch.py
[1.032s] -- Up-to-date symlink: /home/jetpack/SEAME-Cluster-24-25/JetRacer/install/camera_ros/share/ament_index/resource_index/package_run_dependencies/camera_ros
[1.041s] -- Up-to-date symlink: /home/jetpack/SEAME-Cluster-24-25/JetRacer/install/camera_ros/share/ament_index/resource_index/parent_prefix_path/camera_ros
[1.044s] -- Up-to-date symlink: /home/jetpack/SEAME-Cluster-24-25/JetRacer/install/camera_ros/share/camera_ros/environment/ament_prefix_path.sh
[1.045s] -- Up-to-date symlink: /home/jetpack/SEAME-Cluster-24-25/JetRacer/install/camera_ros/share/camera_ros/environment/ament_prefix_path.dsv
[1.045s] -- Up-to-date symlink: /home/jetpack/SEAME-Cluster-24-25/JetRacer/install/camera_ros/share/camera_ros/environment/path.sh
[1.051s] -- Up-to-date symlink: /home/jetpack/SEAME-Cluster-24-25/JetRacer/install/camera_ros/share/camera_ros/environment/path.dsv
[1.052s] -- Up-to-date symlink: /home/jetpack/SEAME-Cluster-24-25/JetRacer/install/camera_ros/share/camera_ros/local_setup.bash
[1.054s] -- Up-to-date symlink: /home/jetpack/SEAME-Cluster-24-25/JetRacer/install/camera_ros/share/camera_ros/local_setup.sh
[1.055s] -- Up-to-date symlink: /home/jetpack/SEAME-Cluster-24-25/JetRacer/install/camera_ros/share/camera_ros/local_setup.zsh
[1.060s] -- Up-to-date symlink: /home/jetpack/SEAME-Cluster-24-25/JetRacer/install/camera_ros/share/camera_ros/local_setup.dsv
[1.060s] -- Symlinking: /home/jetpack/SEAME-Cluster-24-25/JetRacer/install/camera_ros/share/camera_ros/package.dsv
[1.157s] -- Up-to-date symlink: /home/jetpack/SEAME-Cluster-24-25/JetRacer/install/camera_ros/share/ament_index/resource_index/packages/camera_ros
[1.158s] -- Up-to-date symlink: /home/jetpack/SEAME-Cluster-24-25/JetRacer/install/camera_ros/share/ament_index/resource_index/rclcpp_components/camera_ros
[1.161s] -- Up-to-date symlink: /home/jetpack/SEAME-Cluster-24-25/JetRacer/install/camera_ros/share/camera_ros/cmake/ament_cmake_export_targets-extras.cmake
[1.161s] -- Up-to-date symlink: /home/jetpack/SEAME-Cluster-24-25/JetRacer/install/camera_ros/share/camera_ros/cmake/ament_cmake_export_dependencies-extras.cmake
[1.165s] -- Up-to-date symlink: /home/jetpack/SEAME-Cluster-24-25/JetRacer/install/camera_ros/share/camera_ros/cmake/camera_rosConfig.cmake
[1.166s] -- Up-to-date symlink: /home/jetpack/SEAME-Cluster-24-25/JetRacer/install/camera_ros/share/camera_ros/cmake/camera_rosConfig-version.cmake
[1.167s] -- Up-to-date symlink: /home/jetpack/SEAME-Cluster-24-25/JetRacer/install/camera_ros/share/camera_ros/package.xml
[1.167s] -- Up-to-date: /home/jetpack/SEAME-Cluster-24-25/JetRacer/install/camera_ros/lib/libcamera_component.so
[1.169s] -- Up-to-date: /home/jetpack/SEAME-Cluster-24-25/JetRacer/install/camera_ros/share/camera_ros/cmake/camera_componentTargetsExport.cmake
[1.169s] -- Up-to-date: /home/jetpack/SEAME-Cluster-24-25/JetRacer/install/camera_ros/share/camera_ros/cmake/camera_componentTargetsExport-noconfig.cmake
[1.178s] Invoked command in '/home/jetpack/SEAME-Cluster-24-25/JetRacer/build/camera_ros' returned '0': CMAKE_PREFIX_PATH=${CMAKE_PREFIX_PATH}:/opt/ros/jazzy /usr/bin/cmake --install /home/jetpack/SEAME-Cluster-24-25/JetRacer/build/camera_ros
