[0.000000] (-) TimerEvent: {}
[0.000915] (-) JobUnselected: {'identifier': 'battery'}
[0.001700] (-) JobUnselected: {'identifier': 'can_interface'}
[0.001776] (-) JobUnselected: {'identifier': 'custom_msgs'}
[0.001839] (-) JobUnselected: {'identifier': 'dc_motors'}
[0.001929] (-) JobUnselected: {'identifier': 'display_routine'}
[0.001992] (-) JobUnselected: {'identifier': 'i2c_interface'}
[0.002052] (-) JobUnselected: {'identifier': 'i2c_peripheral_stress_test'}
[0.002111] (-) JobUnselected: {'identifier': 'ina219_driver'}
[0.002170] (-) JobUnselected: {'identifier': 'oled_display'}
[0.002228] (-) JobUnselected: {'identifier': 'pca9685_driver'}
[0.002286] (-) JobUnselected: {'identifier': 'servo_motor'}
[0.002345] (-) JobUnselected: {'identifier': 'speed_sensor'}
[0.002410] (camera) JobQueued: {'identifier': 'camera', 'dependencies': OrderedDict()}
[0.002483] (camera) JobStarted: {'identifier': 'camera'}
[0.048993] (camera) JobProgress: {'identifier': 'camera', 'progress': 'cmake'}
[0.051986] (camera) JobProgress: {'identifier': 'camera', 'progress': 'build'}
[0.054487] (camera) Command: {'cmd': ['/usr/bin/cmake', '--build', '/home/jetpack/SEAME-Cluster-24-25/JetRacer/build/camera', '--', '-j4', '-l4'], 'cwd': '/home/jetpack/SEAME-Cluster-24-25/JetRacer/build/camera', 'env': OrderedDict({'USER': 'jetpack', 'SSH_CLIENT': '192.168.1.80 56444 22', 'STARSHIP_SHELL': 'fish', 'XDG_SESSION_TYPE': 'tty', 'LD_LIBRARY_PATH': '/usr/local/lib/aarch64-linux-gnu/libcamera/:/home/jetpack/ros2_v4l2/install/zstd_image_transport/lib:/home/jetpack/ros2_v4l2/install/v4l2_camera/lib:/home/jetpack/ros2_v4l2/install/theora_image_transport/lib:/home/jetpack/ros2_v4l2/install/compressed_image_transport/lib:/home/jetpack/ros2_v4l2/install/compressed_depth_image_transport/lib:/home/jetpack/ros2_v4l2/install/image_transport/lib:/home/jetpack/ros2_v4l2/install/cv_bridge/lib:/home/jetpack/ros2_v4l2/install/camera_info_manager/lib:/home/jetpack/ros2_v4l2/install/camera_calibration_parsers/lib:/usr/local/lib/aarch64-linux-gnu:/usr/local/lib/aarch64-linux-gnu:/home/jetpack/SEAME-Cluster-24-25/JetRacer/install/pca9685_driver/lib:/usr/local/lib/aarch64-linux-gnu:/home/jetpack/SEAME-Cluster-24-25/JetRacer/install/ina219_driver/lib:/usr/local/lib/aarch64-linux-gnu:/home/jetpack/SEAME-Cluster-24-25/JetRacer/install/can_interface/lib:/usr/local/lib/aarch64-linux-gnu:/home/jetpack/SEAME-Cluster-24-25/JetRacer/install/custom_msgs/lib:/usr/local/lib/aarch64-linux-gnu:/opt/ros/jazzy/opt/rviz_ogre_vendor/lib:/usr/local/lib/aarch64-linux-gnu:/opt/ros/jazzy/lib/aarch64-linux-gnu:/usr/local/lib/aarch64-linux-gnu:/opt/ros/jazzy/opt/gz_math_vendor/lib:/usr/local/lib/aarch64-linux-gnu:/opt/ros/jazzy/opt/gz_utils_vendor/lib:/usr/local/lib/aarch64-linux-gnu:/opt/ros/jazzy/opt/gz_cmake_vendor/lib:/usr/local/lib/aarch64-linux-gnu:/opt/ros/jazzy/lib:/usr/local/lib/aarch64-linux-gnu:', 'SHLVL': '1', 'HOME': '/home/jetpack', 'SSH_TTY': '/dev/pts/0', 'ROS_PYTHON_VERSION': '3', 'DBUS_SESSION_BUS_ADDRESS': 'unix:path=/run/user/1002/bus', 'ROS_DISTRO': 'jazzy', 'OMF_PATH': '/home/jetpack/.local/share/omf', 'COLCON_PREFIX_PATH': '/home/jetpack/SEAME-Cluster-24-25/JetRacer/install:/home/jetpack/ros2_v4l2/install', 'LOGNAME': 'jetpack', 'XDG_SESSION_CLASS': 'user', 'ROS_VERSION': '2', 'TERM': 'xterm-256color', 'XDG_SESSION_ID': '2', 'PATH': '/opt/ros/jazzy/bin:/home/jetpack/miniconda3/bin:/Users/Axel/.local/bin:/Users/Axel/.local/share/nvim/mason/bin:usr/bin:/Users/Axel/.fzf/bin:/usr/local/sbin:/usr/local/bin:/usr/sbin:/usr/bin:/sbin:/bin:/usr/games:/usr/local/games:/snap/bin', 'XDG_RUNTIME_DIR': '/run/user/1002', 'LANG': 'C.UTF-8', 'AMENT_PREFIX_PATH': '/home/jetpack/SEAME-Cluster-24-25/JetRacer/install/camera:/home/jetpack/ros2_v4l2/install/image_transport_plugins:/home/jetpack/ros2_v4l2/install/zstd_image_transport:/home/jetpack/ros2_v4l2/install/v4l2_camera:/home/jetpack/ros2_v4l2/install/theora_image_transport:/home/jetpack/ros2_v4l2/install/compressed_image_transport:/home/jetpack/ros2_v4l2/install/compressed_depth_image_transport:/home/jetpack/ros2_v4l2/install/image_transport:/home/jetpack/ros2_v4l2/install/cv_bridge:/home/jetpack/ros2_v4l2/install/camera_info_manager:/home/jetpack/ros2_v4l2/install/camera_calibration_parsers:/opt/ros/jazzy', 'SHELL': '/usr/bin/fish', 'LIBCAMERA_IPA_DIR': '/usr/local/lib/aarch64-linux-gnu/libcamera/', 'WIFI_SSID': 'MEO-BD8310', 'ROS_AUTOMATIC_DISCOVERY_RANGE': 'SUBNET', 'PWD': '/home/jetpack/SEAME-Cluster-24-25/JetRacer/build/camera', 'SSH_CONNECTION': '192.168.1.80 56444 192.168.1.84 22', 'OMF_CONFIG': '/home/jetpack/.config/omf', 'XDG_DATA_DIRS': '/usr/local/share:/usr/share:/var/lib/snapd/desktop', 'STARSHIP_SESSION_KEY': '2839413176262831', 'PYTHONPATH': '/home/jetpack/ros2_v4l2/install/theora_image_transport/lib/python3.12/site-packages:/home/jetpack/ros2_v4l2/install/cv_bridge/lib/python3.12/site-packages:/opt/ros/jazzy/lib/python3.12/site-packages', 'COLCON': '1', 'WARP_THEMES_DIR': '/home/jetpack/.warp/themes', 'EDITOR': 'nvim', 'CMAKE_PREFIX_PATH': '/home/jetpack/SEAME-Cluster-24-25/JetRacer/install/camera:/home/jetpack/ros2_v4l2/install/image_transport_plugins:/home/jetpack/ros2_v4l2/install/zstd_image_transport:/home/jetpack/ros2_v4l2/install/v4l2_camera:/home/jetpack/ros2_v4l2/install/theora_image_transport:/home/jetpack/ros2_v4l2/install/compressed_image_transport:/home/jetpack/ros2_v4l2/install/compressed_depth_image_transport:/home/jetpack/ros2_v4l2/install/image_transport:/home/jetpack/ros2_v4l2/install/cv_bridge:/home/jetpack/ros2_v4l2/install/camera_info_manager:/home/jetpack/ros2_v4l2/install/camera_calibration_parsers:/opt/ros/jazzy/opt/gz_math_vendor:/opt/ros/jazzy/opt/gz_utils_vendor:/opt/ros/jazzy/opt/gz_cmake_vendor:/opt/ros/jazzy', 'WIFI_PASSWORD': '9f24731014'}), 'shell': False}
[0.099225] (-) TimerEvent: {}
[0.199921] (-) TimerEvent: {}
[0.300551] (-) TimerEvent: {}
[0.401200] (-) TimerEvent: {}
[0.454740] (camera) StdoutLine: {'line': b'[ 33%] \x1b[32mBuilding CXX object CMakeFiles/camera_node.dir/src/CameraNode.cpp.o\x1b[0m\n'}
[0.501430] (-) TimerEvent: {}
[0.602153] (-) TimerEvent: {}
[0.702735] (-) TimerEvent: {}
[0.803342] (-) TimerEvent: {}
[0.903957] (-) TimerEvent: {}
[1.004519] (-) TimerEvent: {}
[1.105108] (-) TimerEvent: {}
[1.205732] (-) TimerEvent: {}
[1.306380] (-) TimerEvent: {}
[1.406988] (-) TimerEvent: {}
[1.507592] (-) TimerEvent: {}
[1.608226] (-) TimerEvent: {}
[1.708814] (-) TimerEvent: {}
[1.809487] (-) TimerEvent: {}
[1.910293] (-) TimerEvent: {}
[2.010967] (-) TimerEvent: {}
[2.111556] (-) TimerEvent: {}
[2.212236] (-) TimerEvent: {}
[2.312829] (-) TimerEvent: {}
[2.413573] (-) TimerEvent: {}
[2.514325] (-) TimerEvent: {}
[2.614980] (-) TimerEvent: {}
[2.715636] (-) TimerEvent: {}
[2.816305] (-) TimerEvent: {}
[2.916945] (-) TimerEvent: {}
[3.017567] (-) TimerEvent: {}
[3.118221] (-) TimerEvent: {}
[3.218913] (-) TimerEvent: {}
[3.319507] (-) TimerEvent: {}
[3.420166] (-) TimerEvent: {}
[3.520786] (-) TimerEvent: {}
[3.621433] (-) TimerEvent: {}
[3.722192] (-) TimerEvent: {}
[3.822818] (-) TimerEvent: {}
[3.923503] (-) TimerEvent: {}
[4.024288] (-) TimerEvent: {}
[4.124961] (-) TimerEvent: {}
[4.225634] (-) TimerEvent: {}
[4.326279] (-) TimerEvent: {}
[4.426942] (-) TimerEvent: {}
[4.527578] (-) TimerEvent: {}
[4.628227] (-) TimerEvent: {}
[4.728835] (-) TimerEvent: {}
[4.829518] (-) TimerEvent: {}
[4.930197] (-) TimerEvent: {}
[5.030794] (-) TimerEvent: {}
[5.131418] (-) TimerEvent: {}
[5.232052] (-) TimerEvent: {}
[5.332777] (-) TimerEvent: {}
[5.433454] (-) TimerEvent: {}
[5.534112] (-) TimerEvent: {}
[5.634785] (-) TimerEvent: {}
[5.735491] (-) TimerEvent: {}
[5.836149] (-) TimerEvent: {}
[5.936764] (-) TimerEvent: {}
[6.037407] (-) TimerEvent: {}
[6.138004] (-) TimerEvent: {}
[6.238606] (-) TimerEvent: {}
[6.339304] (-) TimerEvent: {}
[6.439953] (-) TimerEvent: {}
[6.540549] (-) TimerEvent: {}
[6.641199] (-) TimerEvent: {}
[6.741803] (-) TimerEvent: {}
[6.842469] (-) TimerEvent: {}
[6.943126] (-) TimerEvent: {}
[7.043726] (-) TimerEvent: {}
[7.144406] (-) TimerEvent: {}
[7.245008] (-) TimerEvent: {}
[7.345631] (-) TimerEvent: {}
[7.446299] (-) TimerEvent: {}
[7.546947] (-) TimerEvent: {}
[7.647551] (-) TimerEvent: {}
[7.748288] (-) TimerEvent: {}
[7.848975] (-) TimerEvent: {}
[7.949588] (-) TimerEvent: {}
[8.050277] (-) TimerEvent: {}
[8.150929] (-) TimerEvent: {}
[8.251533] (-) TimerEvent: {}
[8.352203] (-) TimerEvent: {}
[8.452929] (-) TimerEvent: {}
[8.553536] (-) TimerEvent: {}
[8.654210] (-) TimerEvent: {}
[8.754904] (-) TimerEvent: {}
[8.855634] (-) TimerEvent: {}
[8.956464] (-) TimerEvent: {}
[9.057133] (-) TimerEvent: {}
[9.157765] (-) TimerEvent: {}
[9.258500] (-) TimerEvent: {}
[9.359208] (-) TimerEvent: {}
[9.459922] (-) TimerEvent: {}
[9.560546] (-) TimerEvent: {}
[9.661232] (-) TimerEvent: {}
[9.761926] (-) TimerEvent: {}
[9.862584] (-) TimerEvent: {}
[9.963278] (-) TimerEvent: {}
[10.063955] (-) TimerEvent: {}
[10.164585] (-) TimerEvent: {}
[10.265254] (-) TimerEvent: {}
[10.365924] (-) TimerEvent: {}
[10.466546] (-) TimerEvent: {}
[10.567209] (-) TimerEvent: {}
[10.667814] (-) TimerEvent: {}
[10.768475] (-) TimerEvent: {}
[10.869125] (-) TimerEvent: {}
[10.969738] (-) TimerEvent: {}
[11.070407] (-) TimerEvent: {}
[11.171019] (-) TimerEvent: {}
[11.271628] (-) TimerEvent: {}
[11.372313] (-) TimerEvent: {}
[11.472955] (-) TimerEvent: {}
[11.573586] (-) TimerEvent: {}
[11.674340] (-) TimerEvent: {}
[11.774984] (-) TimerEvent: {}
[11.875615] (-) TimerEvent: {}
[11.976299] (-) TimerEvent: {}
[12.076973] (-) TimerEvent: {}
[12.177585] (-) TimerEvent: {}
[12.278251] (-) TimerEvent: {}
[12.378928] (-) TimerEvent: {}
[12.479557] (-) TimerEvent: {}
[12.580224] (-) TimerEvent: {}
[12.680884] (-) TimerEvent: {}
[12.781500] (-) TimerEvent: {}
[12.882127] (-) TimerEvent: {}
[12.982755] (-) TimerEvent: {}
[13.083447] (-) TimerEvent: {}
[13.184081] (-) TimerEvent: {}
[13.284682] (-) TimerEvent: {}
[13.385356] (-) TimerEvent: {}
[13.485983] (-) TimerEvent: {}
[13.586595] (-) TimerEvent: {}
[13.687247] (-) TimerEvent: {}
[13.787885] (-) TimerEvent: {}
[13.888522] (-) TimerEvent: {}
[13.989244] (-) TimerEvent: {}
[14.089951] (-) TimerEvent: {}
[14.190549] (-) TimerEvent: {}
[14.291195] (-) TimerEvent: {}
[14.391876] (-) TimerEvent: {}
[14.492490] (-) TimerEvent: {}
[14.593185] (-) TimerEvent: {}
[14.693791] (-) TimerEvent: {}
[14.794440] (-) TimerEvent: {}
[14.895079] (-) TimerEvent: {}
[14.995801] (-) TimerEvent: {}
[15.096472] (-) TimerEvent: {}
[15.197136] (-) TimerEvent: {}
[15.297810] (-) TimerEvent: {}
[15.398481] (-) TimerEvent: {}
[15.499189] (-) TimerEvent: {}
[15.599961] (-) TimerEvent: {}
[15.700575] (-) TimerEvent: {}
[15.801229] (-) TimerEvent: {}
[15.901959] (-) TimerEvent: {}
[16.002724] (-) TimerEvent: {}
[16.103400] (-) TimerEvent: {}
[16.204039] (-) TimerEvent: {}
[16.304655] (-) TimerEvent: {}
[16.405322] (-) TimerEvent: {}
[16.505972] (-) TimerEvent: {}
[16.606592] (-) TimerEvent: {}
[16.707324] (-) TimerEvent: {}
[16.808000] (-) TimerEvent: {}
[16.908645] (-) TimerEvent: {}
[17.009425] (-) TimerEvent: {}
[17.110038] (-) TimerEvent: {}
[17.210640] (-) TimerEvent: {}
[17.311302] (-) TimerEvent: {}
[17.411967] (-) TimerEvent: {}
[17.512575] (-) TimerEvent: {}
[17.613230] (-) TimerEvent: {}
[17.713842] (-) TimerEvent: {}
[17.814503] (-) TimerEvent: {}
[17.915180] (-) TimerEvent: {}
[18.015811] (-) TimerEvent: {}
[18.116483] (-) TimerEvent: {}
[18.217129] (-) TimerEvent: {}
[18.317778] (-) TimerEvent: {}
[18.418453] (-) TimerEvent: {}
[18.519098] (-) TimerEvent: {}
[18.619697] (-) TimerEvent: {}
[18.720367] (-) TimerEvent: {}
[18.820974] (-) TimerEvent: {}
[18.921605] (-) TimerEvent: {}
[19.022252] (-) TimerEvent: {}
[19.122935] (-) TimerEvent: {}
[19.223556] (-) TimerEvent: {}
[19.324228] (-) TimerEvent: {}
[19.424894] (-) TimerEvent: {}
[19.525506] (-) TimerEvent: {}
[19.626167] (-) TimerEvent: {}
[19.726787] (-) TimerEvent: {}
[19.827455] (-) TimerEvent: {}
[19.928122] (-) TimerEvent: {}
[20.028733] (-) TimerEvent: {}
[20.129399] (-) TimerEvent: {}
[20.230010] (-) TimerEvent: {}
[20.330628] (-) TimerEvent: {}
[20.431314] (-) TimerEvent: {}
[20.531961] (-) TimerEvent: {}
[20.632551] (-) TimerEvent: {}
[20.733199] (-) TimerEvent: {}
[20.833819] (-) TimerEvent: {}
[20.934468] (-) TimerEvent: {}
[21.035120] (-) TimerEvent: {}
[21.135796] (-) TimerEvent: {}
[21.236496] (-) TimerEvent: {}
[21.337189] (-) TimerEvent: {}
[21.437814] (-) TimerEvent: {}
[21.538488] (-) TimerEvent: {}
[21.639166] (-) TimerEvent: {}
[21.739793] (-) TimerEvent: {}
[21.840453] (-) TimerEvent: {}
[21.941111] (-) TimerEvent: {}
[22.041710] (-) TimerEvent: {}
[22.142421] (-) TimerEvent: {}
[22.243386] (-) TimerEvent: {}
[22.343995] (-) TimerEvent: {}
[22.444625] (-) TimerEvent: {}
[22.545296] (-) TimerEvent: {}
[22.646056] (-) TimerEvent: {}
[22.747042] (-) TimerEvent: {}
[22.847690] (-) TimerEvent: {}
[22.948370] (-) TimerEvent: {}
[23.049009] (-) TimerEvent: {}
[23.149730] (-) TimerEvent: {}
[23.250434] (-) TimerEvent: {}
[23.351103] (-) TimerEvent: {}
[23.451729] (-) TimerEvent: {}
[23.552373] (-) TimerEvent: {}
[23.652992] (-) TimerEvent: {}
[23.753577] (-) TimerEvent: {}
[23.854227] (-) TimerEvent: {}
[23.954834] (-) TimerEvent: {}
[24.055462] (-) TimerEvent: {}
[24.156168] (-) TimerEvent: {}
[24.256987] (-) TimerEvent: {}
[24.357586] (-) TimerEvent: {}
[24.458257] (-) TimerEvent: {}
[24.558890] (-) TimerEvent: {}
[24.659522] (-) TimerEvent: {}
[24.760185] (-) TimerEvent: {}
[24.860776] (-) TimerEvent: {}
[24.961436] (-) TimerEvent: {}
[25.062037] (-) TimerEvent: {}
[25.162628] (-) TimerEvent: {}
[25.263267] (-) TimerEvent: {}
[25.363920] (-) TimerEvent: {}
[25.464510] (-) TimerEvent: {}
[25.565152] (-) TimerEvent: {}
[25.665782] (-) TimerEvent: {}
[25.766424] (-) TimerEvent: {}
[25.867042] (-) TimerEvent: {}
[25.967662] (-) TimerEvent: {}
[26.068312] (-) TimerEvent: {}
[26.169043] (-) TimerEvent: {}
[26.269948] (-) TimerEvent: {}
[26.370543] (-) TimerEvent: {}
[26.471248] (-) TimerEvent: {}
[26.571903] (-) TimerEvent: {}
[26.672577] (-) TimerEvent: {}
[26.773372] (-) TimerEvent: {}
[26.849242] (camera) StdoutLine: {'line': b'[ 66%] \x1b[32m\x1b[1mLinking CXX executable camera_node\x1b[0m\n'}
[26.873641] (-) TimerEvent: {}
[26.974307] (-) TimerEvent: {}
[27.075020] (-) TimerEvent: {}
[27.175704] (-) TimerEvent: {}
[27.276542] (-) TimerEvent: {}
[27.377557] (-) TimerEvent: {}
[27.478349] (-) TimerEvent: {}
[27.579122] (-) TimerEvent: {}
[27.680104] (-) TimerEvent: {}
[27.780822] (-) TimerEvent: {}
[27.881643] (-) TimerEvent: {}
[27.982433] (-) TimerEvent: {}
[28.083199] (-) TimerEvent: {}
[28.183966] (-) TimerEvent: {}
[28.284749] (-) TimerEvent: {}
[28.385617] (-) TimerEvent: {}
[28.486788] (-) TimerEvent: {}
[28.588000] (-) TimerEvent: {}
[28.689115] (-) TimerEvent: {}
[28.790161] (-) TimerEvent: {}
[28.891020] (-) TimerEvent: {}
[28.991729] (-) TimerEvent: {}
[29.092527] (-) TimerEvent: {}
[29.193280] (-) TimerEvent: {}
[29.294157] (-) TimerEvent: {}
[29.394945] (-) TimerEvent: {}
[29.495668] (-) TimerEvent: {}
[29.596453] (-) TimerEvent: {}
[29.697136] (-) TimerEvent: {}
[29.797780] (-) TimerEvent: {}
[29.898445] (-) TimerEvent: {}
[29.999169] (-) TimerEvent: {}
[30.099757] (-) TimerEvent: {}
[30.135400] (camera) StdoutLine: {'line': b'[100%] Built target camera_node\n'}
[30.198497] (camera) CommandEnded: {'returncode': 0}
[30.200043] (-) TimerEvent: {}
[30.200806] (camera) JobProgress: {'identifier': 'camera', 'progress': 'install'}
[30.254187] (camera) Command: {'cmd': ['/usr/bin/cmake', '--install', '/home/jetpack/SEAME-Cluster-24-25/JetRacer/build/camera'], 'cwd': '/home/jetpack/SEAME-Cluster-24-25/JetRacer/build/camera', 'env': OrderedDict({'USER': 'jetpack', 'SSH_CLIENT': '192.168.1.80 56444 22', 'STARSHIP_SHELL': 'fish', 'XDG_SESSION_TYPE': 'tty', 'LD_LIBRARY_PATH': '/usr/local/lib/aarch64-linux-gnu/libcamera/:/home/jetpack/ros2_v4l2/install/zstd_image_transport/lib:/home/jetpack/ros2_v4l2/install/v4l2_camera/lib:/home/jetpack/ros2_v4l2/install/theora_image_transport/lib:/home/jetpack/ros2_v4l2/install/compressed_image_transport/lib:/home/jetpack/ros2_v4l2/install/compressed_depth_image_transport/lib:/home/jetpack/ros2_v4l2/install/image_transport/lib:/home/jetpack/ros2_v4l2/install/cv_bridge/lib:/home/jetpack/ros2_v4l2/install/camera_info_manager/lib:/home/jetpack/ros2_v4l2/install/camera_calibration_parsers/lib:/usr/local/lib/aarch64-linux-gnu:/usr/local/lib/aarch64-linux-gnu:/home/jetpack/SEAME-Cluster-24-25/JetRacer/install/pca9685_driver/lib:/usr/local/lib/aarch64-linux-gnu:/home/jetpack/SEAME-Cluster-24-25/JetRacer/install/ina219_driver/lib:/usr/local/lib/aarch64-linux-gnu:/home/jetpack/SEAME-Cluster-24-25/JetRacer/install/can_interface/lib:/usr/local/lib/aarch64-linux-gnu:/home/jetpack/SEAME-Cluster-24-25/JetRacer/install/custom_msgs/lib:/usr/local/lib/aarch64-linux-gnu:/opt/ros/jazzy/opt/rviz_ogre_vendor/lib:/usr/local/lib/aarch64-linux-gnu:/opt/ros/jazzy/lib/aarch64-linux-gnu:/usr/local/lib/aarch64-linux-gnu:/opt/ros/jazzy/opt/gz_math_vendor/lib:/usr/local/lib/aarch64-linux-gnu:/opt/ros/jazzy/opt/gz_utils_vendor/lib:/usr/local/lib/aarch64-linux-gnu:/opt/ros/jazzy/opt/gz_cmake_vendor/lib:/usr/local/lib/aarch64-linux-gnu:/opt/ros/jazzy/lib:/usr/local/lib/aarch64-linux-gnu:', 'SHLVL': '1', 'HOME': '/home/jetpack', 'SSH_TTY': '/dev/pts/0', 'ROS_PYTHON_VERSION': '3', 'DBUS_SESSION_BUS_ADDRESS': 'unix:path=/run/user/1002/bus', 'ROS_DISTRO': 'jazzy', 'OMF_PATH': '/home/jetpack/.local/share/omf', 'COLCON_PREFIX_PATH': '/home/jetpack/SEAME-Cluster-24-25/JetRacer/install:/home/jetpack/ros2_v4l2/install', 'LOGNAME': 'jetpack', 'XDG_SESSION_CLASS': 'user', 'ROS_VERSION': '2', 'TERM': 'xterm-256color', 'XDG_SESSION_ID': '2', 'PATH': '/opt/ros/jazzy/bin:/home/jetpack/miniconda3/bin:/Users/Axel/.local/bin:/Users/Axel/.local/share/nvim/mason/bin:usr/bin:/Users/Axel/.fzf/bin:/usr/local/sbin:/usr/local/bin:/usr/sbin:/usr/bin:/sbin:/bin:/usr/games:/usr/local/games:/snap/bin', 'XDG_RUNTIME_DIR': '/run/user/1002', 'LANG': 'C.UTF-8', 'AMENT_PREFIX_PATH': '/home/jetpack/SEAME-Cluster-24-25/JetRacer/install/camera:/home/jetpack/ros2_v4l2/install/image_transport_plugins:/home/jetpack/ros2_v4l2/install/zstd_image_transport:/home/jetpack/ros2_v4l2/install/v4l2_camera:/home/jetpack/ros2_v4l2/install/theora_image_transport:/home/jetpack/ros2_v4l2/install/compressed_image_transport:/home/jetpack/ros2_v4l2/install/compressed_depth_image_transport:/home/jetpack/ros2_v4l2/install/image_transport:/home/jetpack/ros2_v4l2/install/cv_bridge:/home/jetpack/ros2_v4l2/install/camera_info_manager:/home/jetpack/ros2_v4l2/install/camera_calibration_parsers:/opt/ros/jazzy', 'SHELL': '/usr/bin/fish', 'LIBCAMERA_IPA_DIR': '/usr/local/lib/aarch64-linux-gnu/libcamera/', 'WIFI_SSID': 'MEO-BD8310', 'ROS_AUTOMATIC_DISCOVERY_RANGE': 'SUBNET', 'PWD': '/home/jetpack/SEAME-Cluster-24-25/JetRacer/build/camera', 'SSH_CONNECTION': '192.168.1.80 56444 192.168.1.84 22', 'OMF_CONFIG': '/home/jetpack/.config/omf', 'XDG_DATA_DIRS': '/usr/local/share:/usr/share:/var/lib/snapd/desktop', 'STARSHIP_SESSION_KEY': '2839413176262831', 'PYTHONPATH': '/home/jetpack/ros2_v4l2/install/theora_image_transport/lib/python3.12/site-packages:/home/jetpack/ros2_v4l2/install/cv_bridge/lib/python3.12/site-packages:/opt/ros/jazzy/lib/python3.12/site-packages', 'COLCON': '1', 'WARP_THEMES_DIR': '/home/jetpack/.warp/themes', 'EDITOR': 'nvim', 'CMAKE_PREFIX_PATH': '/home/jetpack/SEAME-Cluster-24-25/JetRacer/install/camera:/home/jetpack/ros2_v4l2/install/image_transport_plugins:/home/jetpack/ros2_v4l2/install/zstd_image_transport:/home/jetpack/ros2_v4l2/install/v4l2_camera:/home/jetpack/ros2_v4l2/install/theora_image_transport:/home/jetpack/ros2_v4l2/install/compressed_image_transport:/home/jetpack/ros2_v4l2/install/compressed_depth_image_transport:/home/jetpack/ros2_v4l2/install/image_transport:/home/jetpack/ros2_v4l2/install/cv_bridge:/home/jetpack/ros2_v4l2/install/camera_info_manager:/home/jetpack/ros2_v4l2/install/camera_calibration_parsers:/opt/ros/jazzy/opt/gz_math_vendor:/opt/ros/jazzy/opt/gz_utils_vendor:/opt/ros/jazzy/opt/gz_cmake_vendor:/opt/ros/jazzy', 'WIFI_PASSWORD': '9f24731014'}), 'shell': False}
[30.300244] (-) TimerEvent: {}
[30.304465] (camera) StdoutLine: {'line': b'-- Install configuration: ""\n'}
[30.305705] (camera) StdoutLine: {'line': b'-- Installing: /home/jetpack/SEAME-Cluster-24-25/JetRacer/install/camera/lib/camera/camera_node\n'}
[30.315374] (camera) StdoutLine: {'line': b'-- Set non-toolchain portion of runtime path of "/home/jetpack/SEAME-Cluster-24-25/JetRacer/install/camera/lib/camera/camera_node" to ""\n'}
[30.316036] (camera) StdoutLine: {'line': b'-- Up-to-date: /home/jetpack/SEAME-Cluster-24-25/JetRacer/install/camera/share/ament_index/resource_index/package_run_dependencies/camera\n'}
[30.316537] (camera) StdoutLine: {'line': b'-- Up-to-date: /home/jetpack/SEAME-Cluster-24-25/JetRacer/install/camera/share/ament_index/resource_index/parent_prefix_path/camera\n'}
[30.317101] (camera) StdoutLine: {'line': b'-- Up-to-date: /home/jetpack/SEAME-Cluster-24-25/JetRacer/install/camera/share/camera/environment/ament_prefix_path.sh\n'}
[30.317509] (camera) StdoutLine: {'line': b'-- Up-to-date: /home/jetpack/SEAME-Cluster-24-25/JetRacer/install/camera/share/camera/environment/ament_prefix_path.dsv\n'}
[30.317970] (camera) StdoutLine: {'line': b'-- Up-to-date: /home/jetpack/SEAME-Cluster-24-25/JetRacer/install/camera/share/camera/environment/path.sh\n'}
[30.318490] (camera) StdoutLine: {'line': b'-- Up-to-date: /home/jetpack/SEAME-Cluster-24-25/JetRacer/install/camera/share/camera/environment/path.dsv\n'}
[30.318842] (camera) StdoutLine: {'line': b'-- Up-to-date: /home/jetpack/SEAME-Cluster-24-25/JetRacer/install/camera/share/camera/local_setup.bash\n'}
[30.319252] (camera) StdoutLine: {'line': b'-- Up-to-date: /home/jetpack/SEAME-Cluster-24-25/JetRacer/install/camera/share/camera/local_setup.sh\n'}
[30.319710] (camera) StdoutLine: {'line': b'-- Up-to-date: /home/jetpack/SEAME-Cluster-24-25/JetRacer/install/camera/share/camera/local_setup.zsh\n'}
[30.320239] (camera) StdoutLine: {'line': b'-- Up-to-date: /home/jetpack/SEAME-Cluster-24-25/JetRacer/install/camera/share/camera/local_setup.dsv\n'}
[30.320575] (camera) StdoutLine: {'line': b'-- Installing: /home/jetpack/SEAME-Cluster-24-25/JetRacer/install/camera/share/camera/package.dsv\n'}
[30.321026] (camera) StdoutLine: {'line': b'-- Up-to-date: /home/jetpack/SEAME-Cluster-24-25/JetRacer/install/camera/share/ament_index/resource_index/packages/camera\n'}
[30.321572] (camera) StdoutLine: {'line': b'-- Up-to-date: /home/jetpack/SEAME-Cluster-24-25/JetRacer/install/camera/share/camera/cmake/cameraConfig.cmake\n'}
[30.321982] (camera) StdoutLine: {'line': b'-- Up-to-date: /home/jetpack/SEAME-Cluster-24-25/JetRacer/install/camera/share/camera/cmake/cameraConfig-version.cmake\n'}
[30.322368] (camera) StdoutLine: {'line': b'-- Up-to-date: /home/jetpack/SEAME-Cluster-24-25/JetRacer/install/camera/share/camera/package.xml\n'}
[30.327808] (camera) CommandEnded: {'returncode': 0}
[30.396233] (camera) JobEnded: {'identifier': 'camera', 'rc': 0}
[30.399112] (-) EventReactorShutdown: {}
