[ 50%] [32mBuilding CXX object CMakeFiles/PCA9685Driver.dir/src/PCA9685Driver.cpp.o[0m
[100%] [32m[1mLinking CXX shared library libPCA9685Driver.so[0m
[100%] Built target PCA9685Driver
-- Install configuration: ""
-- Execute custom install script
-- Up-to-date symlink: /home/jetpack/SEAME-Cluster-24-25/JetRacer/install/pca9685_driver/lib/libPCA9685Driver.so
-- Up-to-date symlink: /home/jetpack/SEAME-Cluster-24-25/JetRacer/install/pca9685_driver/include/PCA9685Driver.hpp
-- Up-to-date symlink: /home/jetpack/SEAME-Cluster-24-25/JetRacer/install/pca9685_driver/share/ament_index/resource_index/package_run_dependencies/pca9685_driver
-- Up-to-date symlink: /home/jetpack/SEAME-Cluster-24-25/JetRacer/install/pca9685_driver/share/ament_index/resource_index/parent_prefix_path/pca9685_driver
-- Up-to-date symlink: /home/jetpack/SEAME-Cluster-24-25/JetRacer/install/pca9685_driver/share/pca9685_driver/environment/ament_prefix_path.sh
-- Up-to-date symlink: /home/jetpack/SEAME-Cluster-24-25/JetRacer/install/pca9685_driver/share/pca9685_driver/environment/ament_prefix_path.dsv
-- Up-to-date symlink: /home/jetpack/SEAME-Cluster-24-25/JetRacer/install/pca9685_driver/share/pca9685_driver/environment/path.sh
-- Up-to-date symlink: /home/jetpack/SEAME-Cluster-24-25/JetRacer/install/pca9685_driver/share/pca9685_driver/environment/path.dsv
-- Up-to-date symlink: /home/jetpack/SEAME-Cluster-24-25/JetRacer/install/pca9685_driver/share/pca9685_driver/local_setup.bash
-- Up-to-date symlink: /home/jetpack/SEAME-Cluster-24-25/JetRacer/install/pca9685_driver/share/pca9685_driver/local_setup.sh
-- Up-to-date symlink: /home/jetpack/SEAME-Cluster-24-25/JetRacer/install/pca9685_driver/share/pca9685_driver/local_setup.zsh
-- Up-to-date symlink: /home/jetpack/SEAME-Cluster-24-25/JetRacer/install/pca9685_driver/share/pca9685_driver/local_setup.dsv
-- Symlinking: /home/jetpack/SEAME-Cluster-24-25/JetRacer/install/pca9685_driver/share/pca9685_driver/package.dsv
-- Up-to-date symlink: /home/jetpack/SEAME-Cluster-24-25/JetRacer/install/pca9685_driver/share/ament_index/resource_index/packages/pca9685_driver
-- Up-to-date symlink: /home/jetpack/SEAME-Cluster-24-25/JetRacer/install/pca9685_driver/share/pca9685_driver/cmake/pca9685_driverConfig.cmake
-- Up-to-date symlink: /home/jetpack/SEAME-Cluster-24-25/JetRacer/install/pca9685_driver/share/pca9685_driver/cmake/pca9685_driverConfig-version.cmake
-- Up-to-date symlink: /home/jetpack/SEAME-Cluster-24-25/JetRacer/install/pca9685_driver/share/pca9685_driver/package.xml
