[0.082s] Invoking command in '/home/jetpack/SEAME-Cluster-24-25/JetRacer/build/ina219_driver': AMENT_PREFIX_PATH=/home/jetpack/SEAME-Cluster-24-25/JetRacer/install/custom_msgs:${AMENT_PREFIX_PATH} CMAKE_PREFIX_PATH=/home/jetpack/SEAME-Cluster-24-25/JetRacer/install/custom_msgs:/opt/ros/jazzy LD_LIBRARY_PATH=/home/jetpack/SEAME-Cluster-24-25/JetRacer/install/custom_msgs/lib:${LD_LIBRARY_PATH} PYTHONPATH=/home/jetpack/SEAME-Cluster-24-25/JetRacer/install/custom_msgs/lib/python3.12/site-packages:${PYTHONPATH} /usr/bin/cmake --build /home/jetpack/SEAME-Cluster-24-25/JetRacer/build/ina219_driver -- -j4 -l4
[0.428s] [100%] Built target INA219Driver
[0.495s] Invoked command in '/home/jetpack/SEAME-Cluster-24-25/JetRacer/build/ina219_driver' returned '0': AMENT_PREFIX_PATH=/home/jetpack/SEAME-Cluster-24-25/JetRacer/install/custom_msgs:${AMENT_PREFIX_PATH} CMAKE_PREFIX_PATH=/home/jetpack/SEAME-Cluster-24-25/JetRacer/install/custom_msgs:/opt/ros/jazzy LD_LIBRARY_PATH=/home/jetpack/SEAME-Cluster-24-25/JetRacer/install/custom_msgs/lib:${LD_LIBRARY_PATH} PYTHONPATH=/home/jetpack/SEAME-Cluster-24-25/JetRacer/install/custom_msgs/lib/python3.12/site-packages:${PYTHONPATH} /usr/bin/cmake --build /home/jetpack/SEAME-Cluster-24-25/JetRacer/build/ina219_driver -- -j4 -l4
[0.497s] Invoking command in '/home/jetpack/SEAME-Cluster-24-25/JetRacer/build/ina219_driver': AMENT_PREFIX_PATH=/home/jetpack/SEAME-Cluster-24-25/JetRacer/install/custom_msgs:${AMENT_PREFIX_PATH} CMAKE_PREFIX_PATH=/home/jetpack/SEAME-Cluster-24-25/JetRacer/install/custom_msgs:/opt/ros/jazzy LD_LIBRARY_PATH=/home/jetpack/SEAME-Cluster-24-25/JetRacer/install/custom_msgs/lib:${LD_LIBRARY_PATH} PYTHONPATH=/home/jetpack/SEAME-Cluster-24-25/JetRacer/install/custom_msgs/lib/python3.12/site-packages:${PYTHONPATH} /usr/bin/cmake --install /home/jetpack/SEAME-Cluster-24-25/JetRacer/build/ina219_driver
[0.540s] -- Install configuration: ""
[0.556s] -- Execute custom install script
[0.558s] -- Up-to-date symlink: /home/jetpack/SEAME-Cluster-24-25/JetRacer/install/ina219_driver/lib/libINA219Driver.so
[0.559s] -- Up-to-date symlink: /home/jetpack/SEAME-Cluster-24-25/JetRacer/install/ina219_driver/include/INA219Driver.hpp
[0.561s] -- Up-to-date symlink: /home/jetpack/SEAME-Cluster-24-25/JetRacer/install/ina219_driver/include/INA219def.hpp
[0.562s] -- Up-to-date symlink: /home/jetpack/SEAME-Cluster-24-25/JetRacer/install/ina219_driver/share/ament_index/resource_index/package_run_dependencies/ina219_driver
[0.562s] -- Up-to-date symlink: /home/jetpack/SEAME-Cluster-24-25/JetRacer/install/ina219_driver/share/ament_index/resource_index/parent_prefix_path/ina219_driver
[0.566s] -- Up-to-date symlink: /home/jetpack/SEAME-Cluster-24-25/JetRacer/install/ina219_driver/share/ina219_driver/environment/ament_prefix_path.sh
[0.570s] -- Up-to-date symlink: /home/jetpack/SEAME-Cluster-24-25/JetRacer/install/ina219_driver/share/ina219_driver/environment/ament_prefix_path.dsv
[0.571s] -- Up-to-date symlink: /home/jetpack/SEAME-Cluster-24-25/JetRacer/install/ina219_driver/share/ina219_driver/environment/path.sh
[0.573s] -- Up-to-date symlink: /home/jetpack/SEAME-Cluster-24-25/JetRacer/install/ina219_driver/share/ina219_driver/environment/path.dsv
[0.574s] -- Up-to-date symlink: /home/jetpack/SEAME-Cluster-24-25/JetRacer/install/ina219_driver/share/ina219_driver/local_setup.bash
[0.575s] -- Up-to-date symlink: /home/jetpack/SEAME-Cluster-24-25/JetRacer/install/ina219_driver/share/ina219_driver/local_setup.sh
[0.576s] -- Up-to-date symlink: /home/jetpack/SEAME-Cluster-24-25/JetRacer/install/ina219_driver/share/ina219_driver/local_setup.zsh
[0.577s] -- Up-to-date symlink: /home/jetpack/SEAME-Cluster-24-25/JetRacer/install/ina219_driver/share/ina219_driver/local_setup.dsv
[0.578s] -- Symlinking: /home/jetpack/SEAME-Cluster-24-25/JetRacer/install/ina219_driver/share/ina219_driver/package.dsv
[0.615s] -- Up-to-date symlink: /home/jetpack/SEAME-Cluster-24-25/JetRacer/install/ina219_driver/share/ament_index/resource_index/packages/ina219_driver
[0.616s] -- Up-to-date symlink: /home/jetpack/SEAME-Cluster-24-25/JetRacer/install/ina219_driver/share/ina219_driver/cmake/ina219_driverConfig.cmake
[0.623s] -- Up-to-date symlink: /home/jetpack/SEAME-Cluster-24-25/JetRacer/install/ina219_driver/share/ina219_driver/cmake/ina219_driverConfig-version.cmake
[0.624s] -- Up-to-date symlink: /home/jetpack/SEAME-Cluster-24-25/JetRacer/install/ina219_driver/share/ina219_driver/package.xml
[0.749s] Invoked command in '/home/jetpack/SEAME-Cluster-24-25/JetRacer/build/ina219_driver' returned '0': AMENT_PREFIX_PATH=/home/jetpack/SEAME-Cluster-24-25/JetRacer/install/custom_msgs:${AMENT_PREFIX_PATH} CMAKE_PREFIX_PATH=/home/jetpack/SEAME-Cluster-24-25/JetRacer/install/custom_msgs:/opt/ros/jazzy LD_LIBRARY_PATH=/home/jetpack/SEAME-Cluster-24-25/JetRacer/install/custom_msgs/lib:${LD_LIBRARY_PATH} PYTHONPATH=/home/jetpack/SEAME-Cluster-24-25/JetRacer/install/custom_msgs/lib/python3.12/site-packages:${PYTHONPATH} /usr/bin/cmake --install /home/jetpack/SEAME-Cluster-24-25/JetRacer/build/ina219_driver
