[0.084s] Invoking command in '/home/jetpack/SEAME-Cluster-24-25/JetRacer/build/i2c_interface': AMENT_PREFIX_PATH=/home/jetpack/SEAME-Cluster-24-25/JetRacer/install/custom_msgs:${AMENT_PREFIX_PATH} CMAKE_PREFIX_PATH=/home/jetpack/SEAME-Cluster-24-25/JetRacer/install/custom_msgs:/opt/ros/jazzy LD_LIBRARY_PATH=/home/jetpack/SEAME-Cluster-24-25/JetRacer/install/custom_msgs/lib:${LD_LIBRARY_PATH} PYTHONPATH=/home/jetpack/SEAME-Cluster-24-25/JetRacer/install/custom_msgs/lib/python3.12/site-packages:${PYTHONPATH} /usr/bin/cmake --build /home/jetpack/SEAME-Cluster-24-25/JetRacer/build/i2c_interface -- -j4 -l4
[0.443s] [100%] Built target i2c_interface_node
[0.515s] Invoked command in '/home/jetpack/SEAME-Cluster-24-25/JetRacer/build/i2c_interface' returned '0': AMENT_PREFIX_PATH=/home/jetpack/SEAME-Cluster-24-25/JetRacer/install/custom_msgs:${AMENT_PREFIX_PATH} CMAKE_PREFIX_PATH=/home/jetpack/SEAME-Cluster-24-25/JetRacer/install/custom_msgs:/opt/ros/jazzy LD_LIBRARY_PATH=/home/jetpack/SEAME-Cluster-24-25/JetRacer/install/custom_msgs/lib:${LD_LIBRARY_PATH} PYTHONPATH=/home/jetpack/SEAME-Cluster-24-25/JetRacer/install/custom_msgs/lib/python3.12/site-packages:${PYTHONPATH} /usr/bin/cmake --build /home/jetpack/SEAME-Cluster-24-25/JetRacer/build/i2c_interface -- -j4 -l4
[0.537s] Invoking command in '/home/jetpack/SEAME-Cluster-24-25/JetRacer/build/i2c_interface': AMENT_PREFIX_PATH=/home/jetpack/SEAME-Cluster-24-25/JetRacer/install/custom_msgs:${AMENT_PREFIX_PATH} CMAKE_PREFIX_PATH=/home/jetpack/SEAME-Cluster-24-25/JetRacer/install/custom_msgs:/opt/ros/jazzy LD_LIBRARY_PATH=/home/jetpack/SEAME-Cluster-24-25/JetRacer/install/custom_msgs/lib:${LD_LIBRARY_PATH} PYTHONPATH=/home/jetpack/SEAME-Cluster-24-25/JetRacer/install/custom_msgs/lib/python3.12/site-packages:${PYTHONPATH} /usr/bin/cmake --install /home/jetpack/SEAME-Cluster-24-25/JetRacer/build/i2c_interface
[0.594s] -- Install configuration: ""
[0.596s] -- Execute custom install script
[0.597s] -- Up-to-date symlink: /home/jetpack/SEAME-Cluster-24-25/JetRacer/install/i2c_interface/lib/i2c_interface/i2c_interface_node
[0.598s] -- Up-to-date symlink: /home/jetpack/SEAME-Cluster-24-25/JetRacer/install/i2c_interface/share/ament_index/resource_index/package_run_dependencies/i2c_interface
[0.599s] -- Up-to-date symlink: /home/jetpack/SEAME-Cluster-24-25/JetRacer/install/i2c_interface/share/ament_index/resource_index/parent_prefix_path/i2c_interface
[0.599s] -- Up-to-date symlink: /home/jetpack/SEAME-Cluster-24-25/JetRacer/install/i2c_interface/share/i2c_interface/environment/ament_prefix_path.sh
[0.600s] -- Up-to-date symlink: /home/jetpack/SEAME-Cluster-24-25/JetRacer/install/i2c_interface/share/i2c_interface/environment/ament_prefix_path.dsv
[0.601s] -- Up-to-date symlink: /home/jetpack/SEAME-Cluster-24-25/JetRacer/install/i2c_interface/share/i2c_interface/environment/path.sh
[0.602s] -- Up-to-date symlink: /home/jetpack/SEAME-Cluster-24-25/JetRacer/install/i2c_interface/share/i2c_interface/environment/path.dsv
[0.603s] -- Up-to-date symlink: /home/jetpack/SEAME-Cluster-24-25/JetRacer/install/i2c_interface/share/i2c_interface/local_setup.bash
[0.604s] -- Up-to-date symlink: /home/jetpack/SEAME-Cluster-24-25/JetRacer/install/i2c_interface/share/i2c_interface/local_setup.sh
[0.605s] -- Up-to-date symlink: /home/jetpack/SEAME-Cluster-24-25/JetRacer/install/i2c_interface/share/i2c_interface/local_setup.zsh
[0.608s] -- Up-to-date symlink: /home/jetpack/SEAME-Cluster-24-25/JetRacer/install/i2c_interface/share/i2c_interface/local_setup.dsv
[0.609s] -- Symlinking: /home/jetpack/SEAME-Cluster-24-25/JetRacer/install/i2c_interface/share/i2c_interface/package.dsv
[0.653s] -- Up-to-date symlink: /home/jetpack/SEAME-Cluster-24-25/JetRacer/install/i2c_interface/share/ament_index/resource_index/packages/i2c_interface
[0.654s] -- Up-to-date symlink: /home/jetpack/SEAME-Cluster-24-25/JetRacer/install/i2c_interface/share/i2c_interface/cmake/i2c_interfaceConfig.cmake
[0.655s] -- Up-to-date symlink: /home/jetpack/SEAME-Cluster-24-25/JetRacer/install/i2c_interface/share/i2c_interface/cmake/i2c_interfaceConfig-version.cmake
[0.656s] -- Up-to-date symlink: /home/jetpack/SEAME-Cluster-24-25/JetRacer/install/i2c_interface/share/i2c_interface/package.xml
[0.790s] Invoked command in '/home/jetpack/SEAME-Cluster-24-25/JetRacer/build/i2c_interface' returned '0': AMENT_PREFIX_PATH=/home/jetpack/SEAME-Cluster-24-25/JetRacer/install/custom_msgs:${AMENT_PREFIX_PATH} CMAKE_PREFIX_PATH=/home/jetpack/SEAME-Cluster-24-25/JetRacer/install/custom_msgs:/opt/ros/jazzy LD_LIBRARY_PATH=/home/jetpack/SEAME-Cluster-24-25/JetRacer/install/custom_msgs/lib:${LD_LIBRARY_PATH} PYTHONPATH=/home/jetpack/SEAME-Cluster-24-25/JetRacer/install/custom_msgs/lib/python3.12/site-packages:${PYTHONPATH} /usr/bin/cmake --install /home/jetpack/SEAME-Cluster-24-25/JetRacer/build/i2c_interface
