[0.081s] Invoking command in '/home/jetpack/SEAME-Cluster-24-25/JetRacer/build/battery': AMENT_PREFIX_PATH=/home/jetpack/SEAME-Cluster-24-25/JetRacer/install/ina219_driver:/home/jetpack/SEAME-Cluster-24-25/JetRacer/install/custom_msgs:${AMENT_PREFIX_PATH} CMAKE_PREFIX_PATH=/home/jetpack/SEAME-Cluster-24-25/JetRacer/install/ina219_driver:/home/jetpack/SEAME-Cluster-24-25/JetRacer/install/custom_msgs:/opt/ros/jazzy LD_LIBRARY_PATH=/home/jetpack/SEAME-Cluster-24-25/JetRacer/install/ina219_driver/lib:/home/jetpack/SEAME-Cluster-24-25/JetRacer/install/custom_msgs/lib:${LD_LIBRARY_PATH} PYTHONPATH=/home/jetpack/SEAME-Cluster-24-25/JetRacer/install/custom_msgs/lib/python3.12/site-packages:${PYTHONPATH} /usr/bin/cmake --build /home/jetpack/SEAME-Cluster-24-25/JetRacer/build/battery -- -j4 -l4
[0.248s] -- Found ament_cmake: 2.5.2 (/opt/ros/jazzy/share/ament_cmake/cmake)
[1.667s] -- Override CMake install command with custom implementation using symlinks instead of copying resources
[1.719s] -- Found rclcpp: 28.1.5 (/opt/ros/jazzy/share/rclcpp/cmake)
[1.910s] -- Found rosidl_generator_c: 4.6.4 (/opt/ros/jazzy/share/rosidl_generator_c/cmake)
[1.957s] -- Found rosidl_generator_cpp: 4.6.4 (/opt/ros/jazzy/share/rosidl_generator_cpp/cmake)
[2.013s] -- Using all available rosidl_typesupport_c: rosidl_typesupport_fastrtps_c;rosidl_typesupport_introspection_c
[2.087s] -- Using all available rosidl_typesupport_cpp: rosidl_typesupport_fastrtps_cpp;rosidl_typesupport_introspection_cpp
[2.363s] -- Found rmw_implementation_cmake: 7.3.1 (/opt/ros/jazzy/share/rmw_implementation_cmake/cmake)
[2.372s] -- Found rmw_fastrtps_cpp: 8.4.1 (/opt/ros/jazzy/share/rmw_fastrtps_cpp/cmake)
[2.673s] -- Using RMW implementation 'rmw_fastrtps_cpp' as default
[2.960s] -- Found std_msgs: 5.3.5 (/opt/ros/jazzy/share/std_msgs/cmake)
[3.022s] -- Found ina219_driver: 0.0.0 (/home/jetpack/SEAME-Cluster-24-25/JetRacer/install/ina219_driver/share/ina219_driver/cmake)
[3.023s] -- Found custom_msgs: 0.0.0 (/home/jetpack/SEAME-Cluster-24-25/JetRacer/install/custom_msgs/share/custom_msgs/cmake)
[3.627s] -- Configuring done (3.4s)
[3.711s] -- Generating done (0.0s)
[3.738s] -- Build files have been written to: /home/jetpack/SEAME-Cluster-24-25/JetRacer/build/battery
[3.951s] [ 33%] [32mBuilding CXX object CMakeFiles/battery_node.dir/src/main.cpp.o[0m
[3.962s] [ 66%] [32mBuilding CXX object CMakeFiles/battery_node.dir/src/BatteryNode.cpp.o[0m
[37.110s] [100%] [32m[1mLinking CXX executable battery_node[0m
[38.337s] [100%] Built target battery_node
[38.407s] Invoked command in '/home/jetpack/SEAME-Cluster-24-25/JetRacer/build/battery' returned '0': AMENT_PREFIX_PATH=/home/jetpack/SEAME-Cluster-24-25/JetRacer/install/ina219_driver:/home/jetpack/SEAME-Cluster-24-25/JetRacer/install/custom_msgs:${AMENT_PREFIX_PATH} CMAKE_PREFIX_PATH=/home/jetpack/SEAME-Cluster-24-25/JetRacer/install/ina219_driver:/home/jetpack/SEAME-Cluster-24-25/JetRacer/install/custom_msgs:/opt/ros/jazzy LD_LIBRARY_PATH=/home/jetpack/SEAME-Cluster-24-25/JetRacer/install/ina219_driver/lib:/home/jetpack/SEAME-Cluster-24-25/JetRacer/install/custom_msgs/lib:${LD_LIBRARY_PATH} PYTHONPATH=/home/jetpack/SEAME-Cluster-24-25/JetRacer/install/custom_msgs/lib/python3.12/site-packages:${PYTHONPATH} /usr/bin/cmake --build /home/jetpack/SEAME-Cluster-24-25/JetRacer/build/battery -- -j4 -l4
[38.415s] Invoking command in '/home/jetpack/SEAME-Cluster-24-25/JetRacer/build/battery': AMENT_PREFIX_PATH=/home/jetpack/SEAME-Cluster-24-25/JetRacer/install/ina219_driver:/home/jetpack/SEAME-Cluster-24-25/JetRacer/install/custom_msgs:${AMENT_PREFIX_PATH} CMAKE_PREFIX_PATH=/home/jetpack/SEAME-Cluster-24-25/JetRacer/install/ina219_driver:/home/jetpack/SEAME-Cluster-24-25/JetRacer/install/custom_msgs:/opt/ros/jazzy LD_LIBRARY_PATH=/home/jetpack/SEAME-Cluster-24-25/JetRacer/install/ina219_driver/lib:/home/jetpack/SEAME-Cluster-24-25/JetRacer/install/custom_msgs/lib:${LD_LIBRARY_PATH} PYTHONPATH=/home/jetpack/SEAME-Cluster-24-25/JetRacer/install/custom_msgs/lib/python3.12/site-packages:${PYTHONPATH} /usr/bin/cmake --install /home/jetpack/SEAME-Cluster-24-25/JetRacer/build/battery
[38.472s] -- Install configuration: ""
[38.473s] -- Execute custom install script
[38.477s] -- Symlinking: /home/jetpack/SEAME-Cluster-24-25/JetRacer/install/battery/lib/battery/battery_node
[38.537s] -- Symlinking: /home/jetpack/SEAME-Cluster-24-25/JetRacer/install/battery/share/ament_index/resource_index/package_run_dependencies/battery
[38.603s] -- Symlinking: /home/jetpack/SEAME-Cluster-24-25/JetRacer/install/battery/share/ament_index/resource_index/parent_prefix_path/battery
[38.664s] -- Symlinking: /home/jetpack/SEAME-Cluster-24-25/JetRacer/install/battery/share/battery/environment/ament_prefix_path.sh
[38.722s] -- Symlinking: /home/jetpack/SEAME-Cluster-24-25/JetRacer/install/battery/share/battery/environment/ament_prefix_path.dsv
[38.781s] -- Symlinking: /home/jetpack/SEAME-Cluster-24-25/JetRacer/install/battery/share/battery/environment/path.sh
[38.839s] -- Symlinking: /home/jetpack/SEAME-Cluster-24-25/JetRacer/install/battery/share/battery/environment/path.dsv
[38.902s] -- Symlinking: /home/jetpack/SEAME-Cluster-24-25/JetRacer/install/battery/share/battery/local_setup.bash
[38.961s] -- Symlinking: /home/jetpack/SEAME-Cluster-24-25/JetRacer/install/battery/share/battery/local_setup.sh
[39.022s] -- Symlinking: /home/jetpack/SEAME-Cluster-24-25/JetRacer/install/battery/share/battery/local_setup.zsh
[39.083s] -- Symlinking: /home/jetpack/SEAME-Cluster-24-25/JetRacer/install/battery/share/battery/local_setup.dsv
[39.144s] -- Symlinking: /home/jetpack/SEAME-Cluster-24-25/JetRacer/install/battery/share/battery/package.dsv
[39.215s] -- Symlinking: /home/jetpack/SEAME-Cluster-24-25/JetRacer/install/battery/share/ament_index/resource_index/packages/battery
[39.282s] -- Symlinking: /home/jetpack/SEAME-Cluster-24-25/JetRacer/install/battery/share/battery/cmake/batteryConfig.cmake
[39.346s] -- Symlinking: /home/jetpack/SEAME-Cluster-24-25/JetRacer/install/battery/share/battery/cmake/batteryConfig-version.cmake
[39.409s] -- Symlinking: /home/jetpack/SEAME-Cluster-24-25/JetRacer/install/battery/share/battery/package.xml
[39.478s] Invoked command in '/home/jetpack/SEAME-Cluster-24-25/JetRacer/build/battery' returned '0': AMENT_PREFIX_PATH=/home/jetpack/SEAME-Cluster-24-25/JetRacer/install/ina219_driver:/home/jetpack/SEAME-Cluster-24-25/JetRacer/install/custom_msgs:${AMENT_PREFIX_PATH} CMAKE_PREFIX_PATH=/home/jetpack/SEAME-Cluster-24-25/JetRacer/install/ina219_driver:/home/jetpack/SEAME-Cluster-24-25/JetRacer/install/custom_msgs:/opt/ros/jazzy LD_LIBRARY_PATH=/home/jetpack/SEAME-Cluster-24-25/JetRacer/install/ina219_driver/lib:/home/jetpack/SEAME-Cluster-24-25/JetRacer/install/custom_msgs/lib:${LD_LIBRARY_PATH} PYTHONPATH=/home/jetpack/SEAME-Cluster-24-25/JetRacer/install/custom_msgs/lib/python3.12/site-packages:${PYTHONPATH} /usr/bin/cmake --install /home/jetpack/SEAME-Cluster-24-25/JetRacer/build/battery
