[0.105s] Invoking command in '/home/jetpack/SEAME-Cluster-24-25/JetRacer/build/servo_motor': AMENT_PREFIX_PATH=/home/jetpack/SEAME-Cluster-24-25/JetRacer/install/pca9685_driver:/home/jetpack/SEAME-Cluster-24-25/JetRacer/install/custom_msgs:${AMENT_PREFIX_PATH} CMAKE_PREFIX_PATH=/home/jetpack/SEAME-Cluster-24-25/JetRacer/install/pca9685_driver:/home/jetpack/SEAME-Cluster-24-25/JetRacer/install/custom_msgs:/opt/ros/jazzy LD_LIBRARY_PATH=/home/jetpack/SEAME-Cluster-24-25/JetRacer/install/pca9685_driver/lib:/home/jetpack/SEAME-Cluster-24-25/JetRacer/install/custom_msgs/lib:${LD_LIBRARY_PATH} PYTHONPATH=/home/jetpack/SEAME-Cluster-24-25/JetRacer/install/custom_msgs/lib/python3.12/site-packages:${PYTHONPATH} /usr/bin/cmake /home/jetpack/SEAME-Cluster-24-25/JetRacer/src/peripherals/servo_motor -DAMENT_CMAKE_SYMLINK_INSTALL=1 -DCMAKE_INSTALL_PREFIX=/home/jetpack/SEAME-Cluster-24-25/JetRacer/install/servo_motor
[0.424s] -- The C compiler identification is GNU 13.2.0
[0.727s] -- The CXX compiler identification is GNU 13.2.0
[0.811s] -- Detecting C compiler ABI info
[1.329s] -- Detecting C compiler ABI info - done
[1.365s] -- Check for working C compiler: /usr/bin/cc - skipped
[1.368s] -- Detecting C compile features
[1.369s] -- Detecting C compile features - done
[1.414s] -- Detecting CXX compiler ABI info
[2.006s] -- Detecting CXX compiler ABI info - done
[2.044s] -- Check for working CXX compiler: /usr/bin/c++ - skipped
[2.045s] -- Detecting CXX compile features
[2.050s] -- Detecting CXX compile features - done
[2.081s] -- Found ament_cmake: 2.5.2 (/opt/ros/jazzy/share/ament_cmake/cmake)
[3.110s] -- Found Python3: /usr/bin/python3 (found version "3.12.3") found components: Interpreter 
[3.591s] -- Override CMake install command with custom implementation using symlinks instead of copying resources
[4.006s] -- Found rclcpp: 28.1.5 (/opt/ros/jazzy/share/rclcpp/cmake)
[4.497s] -- Found rosidl_generator_c: 4.6.4 (/opt/ros/jazzy/share/rosidl_generator_c/cmake)
[4.637s] -- Found rosidl_generator_cpp: 4.6.4 (/opt/ros/jazzy/share/rosidl_generator_cpp/cmake)
[4.793s] -- Using all available rosidl_typesupport_c: rosidl_typesupport_fastrtps_c;rosidl_typesupport_introspection_c
[4.973s] -- Using all available rosidl_typesupport_cpp: rosidl_typesupport_fastrtps_cpp;rosidl_typesupport_introspection_cpp
[5.760s] -- Found rmw_implementation_cmake: 7.3.1 (/opt/ros/jazzy/share/rmw_implementation_cmake/cmake)
[5.824s] -- Found rmw_fastrtps_cpp: 8.4.1 (/opt/ros/jazzy/share/rmw_fastrtps_cpp/cmake)
[6.600s] -- Found OpenSSL: /usr/lib/aarch64-linux-gnu/libcrypto.so (found version "3.0.13")  
[6.736s] -- Found FastRTPS: /opt/ros/jazzy/include (Required is at least version "2.13") 
[6.873s] -- Using RMW implementation 'rmw_fastrtps_cpp' as default
[7.736s] -- Found std_msgs: 5.3.5 (/opt/ros/jazzy/share/std_msgs/cmake)
[7.823s] -- Found pca9685_driver: 0.0.0 (/home/jetpack/SEAME-Cluster-24-25/JetRacer/install/pca9685_driver/share/pca9685_driver/cmake)
[7.831s] -- Found custom_msgs: 0.0.0 (/home/jetpack/SEAME-Cluster-24-25/JetRacer/install/custom_msgs/share/custom_msgs/cmake)
[9.127s] -- Configuring done (9.0s)
[9.236s] -- Generating done (0.1s)
[9.262s] -- Build files have been written to: /home/jetpack/SEAME-Cluster-24-25/JetRacer/build/servo_motor
[9.328s] Invoked command in '/home/jetpack/SEAME-Cluster-24-25/JetRacer/build/servo_motor' returned '0': AMENT_PREFIX_PATH=/home/jetpack/SEAME-Cluster-24-25/JetRacer/install/pca9685_driver:/home/jetpack/SEAME-Cluster-24-25/JetRacer/install/custom_msgs:${AMENT_PREFIX_PATH} CMAKE_PREFIX_PATH=/home/jetpack/SEAME-Cluster-24-25/JetRacer/install/pca9685_driver:/home/jetpack/SEAME-Cluster-24-25/JetRacer/install/custom_msgs:/opt/ros/jazzy LD_LIBRARY_PATH=/home/jetpack/SEAME-Cluster-24-25/JetRacer/install/pca9685_driver/lib:/home/jetpack/SEAME-Cluster-24-25/JetRacer/install/custom_msgs/lib:${LD_LIBRARY_PATH} PYTHONPATH=/home/jetpack/SEAME-Cluster-24-25/JetRacer/install/custom_msgs/lib/python3.12/site-packages:${PYTHONPATH} /usr/bin/cmake /home/jetpack/SEAME-Cluster-24-25/JetRacer/src/peripherals/servo_motor -DAMENT_CMAKE_SYMLINK_INSTALL=1 -DCMAKE_INSTALL_PREFIX=/home/jetpack/SEAME-Cluster-24-25/JetRacer/install/servo_motor
[9.336s] Invoking command in '/home/jetpack/SEAME-Cluster-24-25/JetRacer/build/servo_motor': AMENT_PREFIX_PATH=/home/jetpack/SEAME-Cluster-24-25/JetRacer/install/pca9685_driver:/home/jetpack/SEAME-Cluster-24-25/JetRacer/install/custom_msgs:${AMENT_PREFIX_PATH} CMAKE_PREFIX_PATH=/home/jetpack/SEAME-Cluster-24-25/JetRacer/install/pca9685_driver:/home/jetpack/SEAME-Cluster-24-25/JetRacer/install/custom_msgs:/opt/ros/jazzy LD_LIBRARY_PATH=/home/jetpack/SEAME-Cluster-24-25/JetRacer/install/pca9685_driver/lib:/home/jetpack/SEAME-Cluster-24-25/JetRacer/install/custom_msgs/lib:${LD_LIBRARY_PATH} PYTHONPATH=/home/jetpack/SEAME-Cluster-24-25/JetRacer/install/custom_msgs/lib/python3.12/site-packages:${PYTHONPATH} /usr/bin/cmake --build /home/jetpack/SEAME-Cluster-24-25/JetRacer/build/servo_motor -- -j4 -l4
[9.837s] [ 66%] [32mBuilding CXX object CMakeFiles/servo_motor_node.dir/src/ServoNode.cpp.o[0m
[9.838s] [ 66%] [32mBuilding CXX object CMakeFiles/servo_motor_node.dir/src/main.cpp.o[0m
[62.657s] [100%] [32m[1mLinking CXX executable servo_motor_node[0m
[64.264s] [100%] Built target servo_motor_node
[64.315s] Invoked command in '/home/jetpack/SEAME-Cluster-24-25/JetRacer/build/servo_motor' returned '0': AMENT_PREFIX_PATH=/home/jetpack/SEAME-Cluster-24-25/JetRacer/install/pca9685_driver:/home/jetpack/SEAME-Cluster-24-25/JetRacer/install/custom_msgs:${AMENT_PREFIX_PATH} CMAKE_PREFIX_PATH=/home/jetpack/SEAME-Cluster-24-25/JetRacer/install/pca9685_driver:/home/jetpack/SEAME-Cluster-24-25/JetRacer/install/custom_msgs:/opt/ros/jazzy LD_LIBRARY_PATH=/home/jetpack/SEAME-Cluster-24-25/JetRacer/install/pca9685_driver/lib:/home/jetpack/SEAME-Cluster-24-25/JetRacer/install/custom_msgs/lib:${LD_LIBRARY_PATH} PYTHONPATH=/home/jetpack/SEAME-Cluster-24-25/JetRacer/install/custom_msgs/lib/python3.12/site-packages:${PYTHONPATH} /usr/bin/cmake --build /home/jetpack/SEAME-Cluster-24-25/JetRacer/build/servo_motor -- -j4 -l4
[64.321s] Invoking command in '/home/jetpack/SEAME-Cluster-24-25/JetRacer/build/servo_motor': AMENT_PREFIX_PATH=/home/jetpack/SEAME-Cluster-24-25/JetRacer/install/pca9685_driver:/home/jetpack/SEAME-Cluster-24-25/JetRacer/install/custom_msgs:${AMENT_PREFIX_PATH} CMAKE_PREFIX_PATH=/home/jetpack/SEAME-Cluster-24-25/JetRacer/install/pca9685_driver:/home/jetpack/SEAME-Cluster-24-25/JetRacer/install/custom_msgs:/opt/ros/jazzy LD_LIBRARY_PATH=/home/jetpack/SEAME-Cluster-24-25/JetRacer/install/pca9685_driver/lib:/home/jetpack/SEAME-Cluster-24-25/JetRacer/install/custom_msgs/lib:${LD_LIBRARY_PATH} PYTHONPATH=/home/jetpack/SEAME-Cluster-24-25/JetRacer/install/custom_msgs/lib/python3.12/site-packages:${PYTHONPATH} /usr/bin/cmake --install /home/jetpack/SEAME-Cluster-24-25/JetRacer/build/servo_motor
[64.357s] -- Install configuration: ""
[64.359s] -- Execute custom install script
[64.361s] -- Symlinking: /home/jetpack/SEAME-Cluster-24-25/JetRacer/install/servo_motor/lib/servo_motor/servo_motor_node
[64.404s] -- Symlinking: /home/jetpack/SEAME-Cluster-24-25/JetRacer/install/servo_motor/share/ament_index/resource_index/package_run_dependencies/servo_motor
[64.447s] -- Symlinking: /home/jetpack/SEAME-Cluster-24-25/JetRacer/install/servo_motor/share/ament_index/resource_index/parent_prefix_path/servo_motor
[64.492s] -- Symlinking: /home/jetpack/SEAME-Cluster-24-25/JetRacer/install/servo_motor/share/servo_motor/environment/ament_prefix_path.sh
[64.534s] -- Symlinking: /home/jetpack/SEAME-Cluster-24-25/JetRacer/install/servo_motor/share/servo_motor/environment/ament_prefix_path.dsv
[64.577s] -- Symlinking: /home/jetpack/SEAME-Cluster-24-25/JetRacer/install/servo_motor/share/servo_motor/environment/path.sh
[64.620s] -- Symlinking: /home/jetpack/SEAME-Cluster-24-25/JetRacer/install/servo_motor/share/servo_motor/environment/path.dsv
[64.664s] -- Symlinking: /home/jetpack/SEAME-Cluster-24-25/JetRacer/install/servo_motor/share/servo_motor/local_setup.bash
[64.707s] -- Symlinking: /home/jetpack/SEAME-Cluster-24-25/JetRacer/install/servo_motor/share/servo_motor/local_setup.sh
[64.752s] -- Symlinking: /home/jetpack/SEAME-Cluster-24-25/JetRacer/install/servo_motor/share/servo_motor/local_setup.zsh
[64.795s] -- Symlinking: /home/jetpack/SEAME-Cluster-24-25/JetRacer/install/servo_motor/share/servo_motor/local_setup.dsv
[64.838s] -- Symlinking: /home/jetpack/SEAME-Cluster-24-25/JetRacer/install/servo_motor/share/servo_motor/package.dsv
[64.881s] -- Symlinking: /home/jetpack/SEAME-Cluster-24-25/JetRacer/install/servo_motor/share/ament_index/resource_index/packages/servo_motor
[64.926s] -- Symlinking: /home/jetpack/SEAME-Cluster-24-25/JetRacer/install/servo_motor/share/servo_motor/cmake/servo_motorConfig.cmake
[64.971s] -- Symlinking: /home/jetpack/SEAME-Cluster-24-25/JetRacer/install/servo_motor/share/servo_motor/cmake/servo_motorConfig-version.cmake
[65.013s] -- Symlinking: /home/jetpack/SEAME-Cluster-24-25/JetRacer/install/servo_motor/share/servo_motor/package.xml
[65.064s] Invoked command in '/home/jetpack/SEAME-Cluster-24-25/JetRacer/build/servo_motor' returned '0': AMENT_PREFIX_PATH=/home/jetpack/SEAME-Cluster-24-25/JetRacer/install/pca9685_driver:/home/jetpack/SEAME-Cluster-24-25/JetRacer/install/custom_msgs:${AMENT_PREFIX_PATH} CMAKE_PREFIX_PATH=/home/jetpack/SEAME-Cluster-24-25/JetRacer/install/pca9685_driver:/home/jetpack/SEAME-Cluster-24-25/JetRacer/install/custom_msgs:/opt/ros/jazzy LD_LIBRARY_PATH=/home/jetpack/SEAME-Cluster-24-25/JetRacer/install/pca9685_driver/lib:/home/jetpack/SEAME-Cluster-24-25/JetRacer/install/custom_msgs/lib:${LD_LIBRARY_PATH} PYTHONPATH=/home/jetpack/SEAME-Cluster-24-25/JetRacer/install/custom_msgs/lib/python3.12/site-packages:${PYTHONPATH} /usr/bin/cmake --install /home/jetpack/SEAME-Cluster-24-25/JetRacer/build/servo_motor
