[0.066s] Invoking command in '/home/jetpack/SEAME-Cluster-24-25/JetRacer/build/display_routine': CMAKE_PREFIX_PATH=/opt/ros/jazzy /usr/bin/cmake /home/jetpack/SEAME-Cluster-24-25/JetRacer/src/head_unit/display_routine -DAMENT_CMAKE_SYMLINK_INSTALL=1 -DCMAKE_INSTALL_PREFIX=/home/jetpack/SEAME-Cluster-24-25/JetRacer/install/display_routine
[0.399s] -- The C compiler identification is GNU 13.2.0
[0.739s] -- The CXX compiler identification is GNU 13.2.0
[0.821s] -- Detecting C compiler ABI info
[1.319s] -- Detecting C compiler ABI info - done
[1.356s] -- Check for working C compiler: /usr/bin/cc - skipped
[1.357s] -- Detecting C compile features
[1.359s] -- Detecting C compile features - done
[1.403s] -- Detecting CXX compiler ABI info
[1.950s] -- Detecting CXX compiler ABI info - done
[1.988s] -- Check for working CXX compiler: /usr/bin/c++ - skipped
[1.989s] -- Detecting CXX compile features
[1.991s] -- Detecting CXX compile features - done
[2.011s] -- Found ament_cmake: 2.5.2 (/opt/ros/jazzy/share/ament_cmake/cmake)
[2.879s] -- Found Python3: /usr/bin/python3 (found version "3.12.3") found components: Interpreter 
[3.328s] -- Override CMake install command with custom implementation using symlinks instead of copying resources
[3.587s] -- Found rclcpp: 28.1.5 (/opt/ros/jazzy/share/rclcpp/cmake)
[3.878s] -- Found rosidl_generator_c: 4.6.4 (/opt/ros/jazzy/share/rosidl_generator_c/cmake)
[3.964s] -- Found rosidl_generator_cpp: 4.6.4 (/opt/ros/jazzy/share/rosidl_generator_cpp/cmake)
[4.060s] -- Using all available rosidl_typesupport_c: rosidl_typesupport_fastrtps_c;rosidl_typesupport_introspection_c
[4.164s] -- Using all available rosidl_typesupport_cpp: rosidl_typesupport_fastrtps_cpp;rosidl_typesupport_introspection_cpp
[4.611s] -- Found rmw_implementation_cmake: 7.3.1 (/opt/ros/jazzy/share/rmw_implementation_cmake/cmake)
[4.633s] -- Found rmw_fastrtps_cpp: 8.4.1 (/opt/ros/jazzy/share/rmw_fastrtps_cpp/cmake)
[5.087s] -- Found OpenSSL: /usr/lib/aarch64-linux-gnu/libcrypto.so (found version "3.0.13")  
[5.200s] -- Found FastRTPS: /opt/ros/jazzy/include (Required is at least version "2.13") 
[5.301s] -- Using RMW implementation 'rmw_fastrtps_cpp' as default
[5.688s] -- Found std_msgs: 5.3.5 (/opt/ros/jazzy/share/std_msgs/cmake)
[6.363s] -- Configuring done (6.3s)
[6.384s] [33mCMake Warning (dev) at CMakeLists.txt:28 (add_executable):
[6.385s]   Policy CMP0115 is not set: Source file extensions must be explicit.  Run
[6.386s]   "cmake --help-policy CMP0115" for policy details.  Use the cmake_policy
[6.386s]   command to set the policy and suppress this warning.
[6.387s] 
[6.388s]   File:
[6.389s] 
[6.389s]     /home/jetpack/SEAME-Cluster-24-25/JetRacer/src/head_unit/display_routine/src/DisplayRoutineNode.cpp
[6.390s] This warning is for project developers.  Use -Wno-dev to suppress it.
[6.390s] [0m
[6.432s] -- Generating done (0.0s)
[6.453s] -- Build files have been written to: /home/jetpack/SEAME-Cluster-24-25/JetRacer/build/display_routine
[6.507s] Invoked command in '/home/jetpack/SEAME-Cluster-24-25/JetRacer/build/display_routine' returned '0': CMAKE_PREFIX_PATH=/opt/ros/jazzy /usr/bin/cmake /home/jetpack/SEAME-Cluster-24-25/JetRacer/src/head_unit/display_routine -DAMENT_CMAKE_SYMLINK_INSTALL=1 -DCMAKE_INSTALL_PREFIX=/home/jetpack/SEAME-Cluster-24-25/JetRacer/install/display_routine
[6.516s] Invoking command in '/home/jetpack/SEAME-Cluster-24-25/JetRacer/build/display_routine': CMAKE_PREFIX_PATH=/opt/ros/jazzy /usr/bin/cmake --build /home/jetpack/SEAME-Cluster-24-25/JetRacer/build/display_routine -- -j4 -l4
[6.811s] [ 33%] [32mBuilding CXX object CMakeFiles/display_routine_node.dir/src/main.cpp.o[0m
[6.815s] [ 66%] [32mBuilding CXX object CMakeFiles/display_routine_node.dir/src/DisplayRoutineNode.cpp.o[0m
[46.040s] [100%] [32m[1mLinking CXX executable display_routine_node[0m
[47.586s] [100%] Built target display_routine_node
[47.653s] Invoked command in '/home/jetpack/SEAME-Cluster-24-25/JetRacer/build/display_routine' returned '0': CMAKE_PREFIX_PATH=/opt/ros/jazzy /usr/bin/cmake --build /home/jetpack/SEAME-Cluster-24-25/JetRacer/build/display_routine -- -j4 -l4
[47.722s] Invoking command in '/home/jetpack/SEAME-Cluster-24-25/JetRacer/build/display_routine': CMAKE_PREFIX_PATH=/opt/ros/jazzy /usr/bin/cmake --install /home/jetpack/SEAME-Cluster-24-25/JetRacer/build/display_routine
[47.798s] -- Install configuration: ""
[47.806s] -- Execute custom install script
[47.810s] -- Symlinking: /home/jetpack/SEAME-Cluster-24-25/JetRacer/install/display_routine/lib/display_routine/display_routine_node
[47.887s] -- Symlinking: /home/jetpack/SEAME-Cluster-24-25/JetRacer/install/display_routine/share/ament_index/resource_index/package_run_dependencies/display_routine
[47.987s] -- Symlinking: /home/jetpack/SEAME-Cluster-24-25/JetRacer/install/display_routine/share/ament_index/resource_index/parent_prefix_path/display_routine
[48.050s] -- Symlinking: /home/jetpack/SEAME-Cluster-24-25/JetRacer/install/display_routine/share/display_routine/environment/ament_prefix_path.sh
[48.110s] -- Symlinking: /home/jetpack/SEAME-Cluster-24-25/JetRacer/install/display_routine/share/display_routine/environment/ament_prefix_path.dsv
[48.169s] -- Symlinking: /home/jetpack/SEAME-Cluster-24-25/JetRacer/install/display_routine/share/display_routine/environment/path.sh
[48.251s] -- Symlinking: /home/jetpack/SEAME-Cluster-24-25/JetRacer/install/display_routine/share/display_routine/environment/path.dsv
[48.347s] -- Symlinking: /home/jetpack/SEAME-Cluster-24-25/JetRacer/install/display_routine/share/display_routine/local_setup.bash
[48.480s] -- Symlinking: /home/jetpack/SEAME-Cluster-24-25/JetRacer/install/display_routine/share/display_routine/local_setup.sh
[48.568s] -- Symlinking: /home/jetpack/SEAME-Cluster-24-25/JetRacer/install/display_routine/share/display_routine/local_setup.zsh
[48.673s] -- Symlinking: /home/jetpack/SEAME-Cluster-24-25/JetRacer/install/display_routine/share/display_routine/local_setup.dsv
[48.751s] -- Symlinking: /home/jetpack/SEAME-Cluster-24-25/JetRacer/install/display_routine/share/display_routine/package.dsv
[48.807s] -- Symlinking: /home/jetpack/SEAME-Cluster-24-25/JetRacer/install/display_routine/share/ament_index/resource_index/packages/display_routine
[48.912s] -- Symlinking: /home/jetpack/SEAME-Cluster-24-25/JetRacer/install/display_routine/share/display_routine/cmake/display_routineConfig.cmake
[49.024s] -- Symlinking: /home/jetpack/SEAME-Cluster-24-25/JetRacer/install/display_routine/share/display_routine/cmake/display_routineConfig-version.cmake
[49.085s] -- Symlinking: /home/jetpack/SEAME-Cluster-24-25/JetRacer/install/display_routine/share/display_routine/package.xml
[49.153s] Invoked command in '/home/jetpack/SEAME-Cluster-24-25/JetRacer/build/display_routine' returned '0': CMAKE_PREFIX_PATH=/opt/ros/jazzy /usr/bin/cmake --install /home/jetpack/SEAME-Cluster-24-25/JetRacer/build/display_routine
