[ 40%] Built target sockcanpp
[100%] Built target can_interface_node
-- Install configuration: ""
-- Execute custom install script
-- Up-to-date symlink: /home/jetpack/SEAME-Cluster-24-25/JetRacer/install/can_interface/lib/cmake/sockcanpp/libsockcanppConfig.cmake
-- Up-to-date symlink: /home/jetpack/SEAME-Cluster-24-25/JetRacer/install/can_interface/lib/cmake/sockcanpp/libsockcanppConfigVersion.cmake
-- Up-to-date symlink: /home/jetpack/SEAME-Cluster-24-25/JetRacer/install/can_interface/lib/pkgconfig/libsockcanpp.pc
-- Up-to-date symlink: /home/jetpack/SEAME-Cluster-24-25/JetRacer/install/can_interface/lib/can_interface/can_interface_node
-- Up-to-date symlink: /home/jetpack/SEAME-Cluster-24-25/JetRacer/install/can_interface/share/ament_index/resource_index/package_run_dependencies/can_interface
-- Up-to-date symlink: /home/jetpack/SEAME-Cluster-24-25/JetRacer/install/can_interface/share/ament_index/resource_index/parent_prefix_path/can_interface
-- Up-to-date symlink: /home/jetpack/SEAME-Cluster-24-25/JetRacer/install/can_interface/share/can_interface/environment/ament_prefix_path.sh
-- Up-to-date symlink: /home/jetpack/SEAME-Cluster-24-25/JetRacer/install/can_interface/share/can_interface/environment/ament_prefix_path.dsv
-- Up-to-date symlink: /home/jetpack/SEAME-Cluster-24-25/JetRacer/install/can_interface/share/can_interface/environment/path.sh
-- Up-to-date symlink: /home/jetpack/SEAME-Cluster-24-25/JetRacer/install/can_interface/share/can_interface/environment/path.dsv
-- Up-to-date symlink: /home/jetpack/SEAME-Cluster-24-25/JetRacer/install/can_interface/share/can_interface/local_setup.bash
-- Up-to-date symlink: /home/jetpack/SEAME-Cluster-24-25/JetRacer/install/can_interface/share/can_interface/local_setup.sh
-- Up-to-date symlink: /home/jetpack/SEAME-Cluster-24-25/JetRacer/install/can_interface/share/can_interface/local_setup.zsh
-- Up-to-date symlink: /home/jetpack/SEAME-Cluster-24-25/JetRacer/install/can_interface/share/can_interface/local_setup.dsv
-- Symlinking: /home/jetpack/SEAME-Cluster-24-25/JetRacer/install/can_interface/share/can_interface/package.dsv
-- Up-to-date symlink: /home/jetpack/SEAME-Cluster-24-25/JetRacer/install/can_interface/share/ament_index/resource_index/packages/can_interface
-- Up-to-date symlink: /home/jetpack/SEAME-Cluster-24-25/JetRacer/install/can_interface/share/can_interface/cmake/can_interfaceConfig.cmake
-- Up-to-date symlink: /home/jetpack/SEAME-Cluster-24-25/JetRacer/install/can_interface/share/can_interface/cmake/can_interfaceConfig-version.cmake
-- Up-to-date symlink: /home/jetpack/SEAME-Cluster-24-25/JetRacer/install/can_interface/share/can_interface/package.xml
-- Up-to-date: /home/jetpack/SEAME-Cluster-24-25/JetRacer/install/can_interface/lib/sockcanpp.so.1.1.0
-- Up-to-date: /home/jetpack/SEAME-Cluster-24-25/JetRacer/install/can_interface/lib/sockcanpp.so
-- Up-to-date: /home/jetpack/SEAME-Cluster-24-25/JetRacer/install/can_interface/include/CanDriver.hpp
-- Up-to-date: /home/jetpack/SEAME-Cluster-24-25/JetRacer/install/can_interface/include/CanId.hpp
-- Up-to-date: /home/jetpack/SEAME-Cluster-24-25/JetRacer/install/can_interface/include/CanMessage.hpp
-- Up-to-date: /home/jetpack/SEAME-Cluster-24-25/JetRacer/install/can_interface/lib/cmake/sockcanpp/sockcanppTargets.cmake
-- Up-to-date: /home/jetpack/SEAME-Cluster-24-25/JetRacer/install/can_interface/lib/cmake/sockcanpp/sockcanppTargets-noconfig.cmake
