[0.081s] Invoking command in '/home/jetpack/SEAME-Cluster-24-25/JetRacer/build/can_interface': AMENT_PREFIX_PATH=/home/jetpack/SEAME-Cluster-24-25/JetRacer/install/custom_msgs:${AMENT_PREFIX_PATH} CMAKE_PREFIX_PATH=/home/jetpack/SEAME-Cluster-24-25/JetRacer/install/custom_msgs:/opt/ros/jazzy LD_LIBRARY_PATH=/home/jetpack/SEAME-Cluster-24-25/JetRacer/install/custom_msgs/lib:${LD_LIBRARY_PATH} PYTHONPATH=/home/jetpack/SEAME-Cluster-24-25/JetRacer/install/custom_msgs/lib/python3.12/site-packages:${PYTHONPATH} /usr/bin/cmake --build /home/jetpack/SEAME-Cluster-24-25/JetRacer/build/can_interface -- -j4 -l4
[0.387s] [ 40%] Built target sockcanpp
[0.576s] [100%] Built target can_interface_node
[0.864s] Invoked command in '/home/jetpack/SEAME-Cluster-24-25/JetRacer/build/can_interface' returned '0': AMENT_PREFIX_PATH=/home/jetpack/SEAME-Cluster-24-25/JetRacer/install/custom_msgs:${AMENT_PREFIX_PATH} CMAKE_PREFIX_PATH=/home/jetpack/SEAME-Cluster-24-25/JetRacer/install/custom_msgs:/opt/ros/jazzy LD_LIBRARY_PATH=/home/jetpack/SEAME-Cluster-24-25/JetRacer/install/custom_msgs/lib:${LD_LIBRARY_PATH} PYTHONPATH=/home/jetpack/SEAME-Cluster-24-25/JetRacer/install/custom_msgs/lib/python3.12/site-packages:${PYTHONPATH} /usr/bin/cmake --build /home/jetpack/SEAME-Cluster-24-25/JetRacer/build/can_interface -- -j4 -l4
[0.868s] Invoking command in '/home/jetpack/SEAME-Cluster-24-25/JetRacer/build/can_interface': AMENT_PREFIX_PATH=/home/jetpack/SEAME-Cluster-24-25/JetRacer/install/custom_msgs:${AMENT_PREFIX_PATH} CMAKE_PREFIX_PATH=/home/jetpack/SEAME-Cluster-24-25/JetRacer/install/custom_msgs:/opt/ros/jazzy LD_LIBRARY_PATH=/home/jetpack/SEAME-Cluster-24-25/JetRacer/install/custom_msgs/lib:${LD_LIBRARY_PATH} PYTHONPATH=/home/jetpack/SEAME-Cluster-24-25/JetRacer/install/custom_msgs/lib/python3.12/site-packages:${PYTHONPATH} /usr/bin/cmake --install /home/jetpack/SEAME-Cluster-24-25/JetRacer/build/can_interface
[0.916s] -- Install configuration: ""
[0.916s] -- Execute custom install script
[0.917s] -- Up-to-date symlink: /home/jetpack/SEAME-Cluster-24-25/JetRacer/install/can_interface/lib/cmake/sockcanpp/libsockcanppConfig.cmake
[0.917s] -- Up-to-date symlink: /home/jetpack/SEAME-Cluster-24-25/JetRacer/install/can_interface/lib/cmake/sockcanpp/libsockcanppConfigVersion.cmake
[0.918s] -- Up-to-date symlink: /home/jetpack/SEAME-Cluster-24-25/JetRacer/install/can_interface/lib/pkgconfig/libsockcanpp.pc
[0.918s] -- Up-to-date symlink: /home/jetpack/SEAME-Cluster-24-25/JetRacer/install/can_interface/lib/can_interface/can_interface_node
[0.919s] -- Up-to-date symlink: /home/jetpack/SEAME-Cluster-24-25/JetRacer/install/can_interface/share/ament_index/resource_index/package_run_dependencies/can_interface
[0.921s] -- Up-to-date symlink: /home/jetpack/SEAME-Cluster-24-25/JetRacer/install/can_interface/share/ament_index/resource_index/parent_prefix_path/can_interface
[0.923s] -- Up-to-date symlink: /home/jetpack/SEAME-Cluster-24-25/JetRacer/install/can_interface/share/can_interface/environment/ament_prefix_path.sh
[0.924s] -- Up-to-date symlink: /home/jetpack/SEAME-Cluster-24-25/JetRacer/install/can_interface/share/can_interface/environment/ament_prefix_path.dsv
[0.925s] -- Up-to-date symlink: /home/jetpack/SEAME-Cluster-24-25/JetRacer/install/can_interface/share/can_interface/environment/path.sh
[0.926s] -- Up-to-date symlink: /home/jetpack/SEAME-Cluster-24-25/JetRacer/install/can_interface/share/can_interface/environment/path.dsv
[0.927s] -- Up-to-date symlink: /home/jetpack/SEAME-Cluster-24-25/JetRacer/install/can_interface/share/can_interface/local_setup.bash
[0.927s] -- Up-to-date symlink: /home/jetpack/SEAME-Cluster-24-25/JetRacer/install/can_interface/share/can_interface/local_setup.sh
[0.928s] -- Up-to-date symlink: /home/jetpack/SEAME-Cluster-24-25/JetRacer/install/can_interface/share/can_interface/local_setup.zsh
[0.929s] -- Up-to-date symlink: /home/jetpack/SEAME-Cluster-24-25/JetRacer/install/can_interface/share/can_interface/local_setup.dsv
[0.935s] -- Symlinking: /home/jetpack/SEAME-Cluster-24-25/JetRacer/install/can_interface/share/can_interface/package.dsv
[0.983s] -- Up-to-date symlink: /home/jetpack/SEAME-Cluster-24-25/JetRacer/install/can_interface/share/ament_index/resource_index/packages/can_interface
[0.983s] -- Up-to-date symlink: /home/jetpack/SEAME-Cluster-24-25/JetRacer/install/can_interface/share/can_interface/cmake/can_interfaceConfig.cmake
[0.986s] -- Up-to-date symlink: /home/jetpack/SEAME-Cluster-24-25/JetRacer/install/can_interface/share/can_interface/cmake/can_interfaceConfig-version.cmake
[0.987s] -- Up-to-date symlink: /home/jetpack/SEAME-Cluster-24-25/JetRacer/install/can_interface/share/can_interface/package.xml
[0.990s] -- Up-to-date: /home/jetpack/SEAME-Cluster-24-25/JetRacer/install/can_interface/lib/sockcanpp.so.1.1.0
[0.991s] -- Up-to-date: /home/jetpack/SEAME-Cluster-24-25/JetRacer/install/can_interface/lib/sockcanpp.so
[0.991s] -- Up-to-date: /home/jetpack/SEAME-Cluster-24-25/JetRacer/install/can_interface/include/CanDriver.hpp
[0.992s] -- Up-to-date: /home/jetpack/SEAME-Cluster-24-25/JetRacer/install/can_interface/include/CanId.hpp
[0.993s] -- Up-to-date: /home/jetpack/SEAME-Cluster-24-25/JetRacer/install/can_interface/include/CanMessage.hpp
[0.994s] -- Up-to-date: /home/jetpack/SEAME-Cluster-24-25/JetRacer/install/can_interface/lib/cmake/sockcanpp/sockcanppTargets.cmake
[0.995s] -- Up-to-date: /home/jetpack/SEAME-Cluster-24-25/JetRacer/install/can_interface/lib/cmake/sockcanpp/sockcanppTargets-noconfig.cmake
[1.002s] Invoked command in '/home/jetpack/SEAME-Cluster-24-25/JetRacer/build/can_interface' returned '0': AMENT_PREFIX_PATH=/home/jetpack/SEAME-Cluster-24-25/JetRacer/install/custom_msgs:${AMENT_PREFIX_PATH} CMAKE_PREFIX_PATH=/home/jetpack/SEAME-Cluster-24-25/JetRacer/install/custom_msgs:/opt/ros/jazzy LD_LIBRARY_PATH=/home/jetpack/SEAME-Cluster-24-25/JetRacer/install/custom_msgs/lib:${LD_LIBRARY_PATH} PYTHONPATH=/home/jetpack/SEAME-Cluster-24-25/JetRacer/install/custom_msgs/lib/python3.12/site-packages:${PYTHONPATH} /usr/bin/cmake --install /home/jetpack/SEAME-Cluster-24-25/JetRacer/build/can_interface
