-- The C compiler identification is GNU 13.3.0
-- The CXX compiler identification is GNU 13.3.0
-- Detecting C compiler ABI info
-- Detecting C compiler ABI info - done
-- Check for working C compiler: /usr/bin/cc - skipped
-- Detecting C compile features
-- Detecting C compile features - done
-- Detecting CXX compiler ABI info
-- Detecting CXX compiler ABI info - done
-- Check for working CXX compiler: /usr/bin/c++ - skipped
-- Detecting CXX compile features
-- Detecting CXX compile features - done
-- Found ament_cmake: 2.5.2 (/opt/ros/jazzy/share/ament_cmake/cmake)
-- Found Python3: /usr/bin/python3 (found version "3.12.3") found components: Interpreter 
-- Override CMake install command with custom implementation using symlinks instead of copying resources
-- Found rclcpp: 28.1.5 (/opt/ros/jazzy/share/rclcpp/cmake)
-- Found rosidl_generator_c: 4.6.4 (/opt/ros/jazzy/share/rosidl_generator_c/cmake)
-- Found rosidl_generator_cpp: 4.6.4 (/opt/ros/jazzy/share/rosidl_generator_cpp/cmake)
-- Using all available rosidl_typesupport_c: rosidl_typesupport_fastrtps_c;rosidl_typesupport_introspection_c
-- Using all available rosidl_typesupport_cpp: rosidl_typesupport_fastrtps_cpp;rosidl_typesupport_introspection_cpp
-- Found rmw_implementation_cmake: 7.3.1 (/opt/ros/jazzy/share/rmw_implementation_cmake/cmake)
-- Found rmw_fastrtps_cpp: 8.4.1 (/opt/ros/jazzy/share/rmw_fastrtps_cpp/cmake)
-- Found OpenSSL: /usr/lib/aarch64-linux-gnu/libcrypto.so (found version "3.0.13")  
-- Found FastRTPS: /opt/ros/jazzy/include (Required is at least version "2.13") 
-- Using RMW implementation 'rmw_fastrtps_cpp' as default
-- Found std_msgs: 5.3.5 (/opt/ros/jazzy/share/std_msgs/cmake)
-- Found custom_msgs: 0.0.0 (/home/jetpack/SEAME-Cluster-24-25/JetRacer/install/custom_msgs/share/custom_msgs/cmake)
-- Configuring done (8.3s)
[33mCMake Warning (dev) at CMakeLists.txt:30 (add_executable):
  Policy CMP0115 is not set: Source file extensions must be explicit.  Run
  "cmake --help-policy CMP0115" for policy details.  Use the cmake_policy
  command to set the policy and suppress this warning.

  File:

    /home/jetpack/SEAME-Cluster-24-25/JetRacer/src/head_unit/display_routine/src/DisplayRoutineNode.cpp
This warning is for project developers.  Use -Wno-dev to suppress it.
[0m
-- Generating done (0.0s)
-- Build files have been written to: /home/jetpack/SEAME-Cluster-24-25/JetRacer/build/display_routine
[ 33%] [32mBuilding CXX object CMakeFiles/display_routine_node.dir/src/main.cpp.o[0m
[ 66%] [32mBuilding CXX object CMakeFiles/display_routine_node.dir/src/DisplayRoutineNode.cpp.o[0m
[100%] [32m[1mLinking CXX executable display_routine_node[0m
[100%] Built target display_routine_node
-- Install configuration: ""
-- Execute custom install script
-- Symlinking: /home/jetpack/SEAME-Cluster-24-25/JetRacer/install/display_routine/lib/display_routine/display_routine_node
-- Symlinking: /home/jetpack/SEAME-Cluster-24-25/JetRacer/install/display_routine/share/ament_index/resource_index/package_run_dependencies/display_routine
-- Symlinking: /home/jetpack/SEAME-Cluster-24-25/JetRacer/install/display_routine/share/ament_index/resource_index/parent_prefix_path/display_routine
-- Symlinking: /home/jetpack/SEAME-Cluster-24-25/JetRacer/install/display_routine/share/display_routine/environment/ament_prefix_path.sh
-- Symlinking: /home/jetpack/SEAME-Cluster-24-25/JetRacer/install/display_routine/share/display_routine/environment/ament_prefix_path.dsv
-- Symlinking: /home/jetpack/SEAME-Cluster-24-25/JetRacer/install/display_routine/share/display_routine/environment/path.sh
-- Symlinking: /home/jetpack/SEAME-Cluster-24-25/JetRacer/install/display_routine/share/display_routine/environment/path.dsv
-- Symlinking: /home/jetpack/SEAME-Cluster-24-25/JetRacer/install/display_routine/share/display_routine/local_setup.bash
-- Symlinking: /home/jetpack/SEAME-Cluster-24-25/JetRacer/install/display_routine/share/display_routine/local_setup.sh
-- Symlinking: /home/jetpack/SEAME-Cluster-24-25/JetRacer/install/display_routine/share/display_routine/local_setup.zsh
-- Symlinking: /home/jetpack/SEAME-Cluster-24-25/JetRacer/install/display_routine/share/display_routine/local_setup.dsv
-- Symlinking: /home/jetpack/SEAME-Cluster-24-25/JetRacer/install/display_routine/share/display_routine/package.dsv
-- Symlinking: /home/jetpack/SEAME-Cluster-24-25/JetRacer/install/display_routine/share/ament_index/resource_index/packages/display_routine
-- Symlinking: /home/jetpack/SEAME-Cluster-24-25/JetRacer/install/display_routine/share/display_routine/cmake/display_routineConfig.cmake
-- Symlinking: /home/jetpack/SEAME-Cluster-24-25/JetRacer/install/display_routine/share/display_routine/cmake/display_routineConfig-version.cmake
-- Symlinking: /home/jetpack/SEAME-Cluster-24-25/JetRacer/install/display_routine/share/display_routine/package.xml
