[0.082s] Invoking command in '/home/jetpack/SEAME-Cluster-24-25/JetRacer/build/oled_display': AMENT_PREFIX_PATH=/home/jetpack/SEAME-Cluster-24-25/JetRacer/install/custom_msgs:${AMENT_PREFIX_PATH} CMAKE_PREFIX_PATH=/home/jetpack/SEAME-Cluster-24-25/JetRacer/install/custom_msgs:/opt/ros/jazzy LD_LIBRARY_PATH=/home/jetpack/SEAME-Cluster-24-25/JetRacer/install/custom_msgs/lib:${LD_LIBRARY_PATH} PYTHONPATH=/home/jetpack/SEAME-Cluster-24-25/JetRacer/install/custom_msgs/lib/python3.12/site-packages:${PYTHONPATH} /usr/bin/cmake /home/jetpack/SEAME-Cluster-24-25/JetRacer/src/peripherals/oled_display -DAMENT_CMAKE_SYMLINK_INSTALL=1 -DCMAKE_INSTALL_PREFIX=/home/jetpack/SEAME-Cluster-24-25/JetRacer/install/oled_display
[0.730s] -- The C compiler identification is GNU 13.2.0
[1.421s] -- The CXX compiler identification is GNU 13.2.0
[1.645s] -- Detecting C compiler ABI info
[2.638s] -- Detecting C compiler ABI info - done
[2.688s] -- Check for working C compiler: /usr/bin/cc - skipped
[2.690s] -- Detecting C compile features
[2.696s] -- Detecting C compile features - done
[2.784s] -- Detecting CXX compiler ABI info
[3.858s] -- Detecting CXX compiler ABI info - done
[3.954s] -- Check for working CXX compiler: /usr/bin/c++ - skipped
[3.957s] -- Detecting CXX compile features
[3.959s] -- Detecting CXX compile features - done
[3.989s] -- Found ament_cmake: 2.5.2 (/opt/ros/jazzy/share/ament_cmake/cmake)
[5.260s] -- Found Python3: /usr/bin/python3 (found version "3.12.3") found components: Interpreter 
[5.831s] -- Override CMake install command with custom implementation using symlinks instead of copying resources
[6.275s] -- Found rclcpp: 28.1.5 (/opt/ros/jazzy/share/rclcpp/cmake)
[6.700s] -- Found rosidl_generator_c: 4.6.4 (/opt/ros/jazzy/share/rosidl_generator_c/cmake)
[6.844s] -- Found rosidl_generator_cpp: 4.6.4 (/opt/ros/jazzy/share/rosidl_generator_cpp/cmake)
[7.024s] -- Using all available rosidl_typesupport_c: rosidl_typesupport_fastrtps_c;rosidl_typesupport_introspection_c
[7.287s] -- Using all available rosidl_typesupport_cpp: rosidl_typesupport_fastrtps_cpp;rosidl_typesupport_introspection_cpp
[8.076s] -- Found rmw_implementation_cmake: 7.3.1 (/opt/ros/jazzy/share/rmw_implementation_cmake/cmake)
[8.114s] -- Found rmw_fastrtps_cpp: 8.4.1 (/opt/ros/jazzy/share/rmw_fastrtps_cpp/cmake)
[8.915s] -- Found OpenSSL: /usr/lib/aarch64-linux-gnu/libcrypto.so (found version "3.0.13")  
[9.042s] -- Found FastRTPS: /opt/ros/jazzy/include (Required is at least version "2.13") 
[9.220s] -- Using RMW implementation 'rmw_fastrtps_cpp' as default
[9.848s] -- Found custom_msgs: 0.0.0 (/home/jetpack/SEAME-Cluster-24-25/JetRacer/install/custom_msgs/share/custom_msgs/cmake)
[9.950s] -- Found std_msgs: 5.3.5 (/opt/ros/jazzy/share/std_msgs/cmake)
[11.192s] -- Configuring done (11.1s)
[11.366s] -- Generating done (0.1s)
[11.389s] -- Build files have been written to: /home/jetpack/SEAME-Cluster-24-25/JetRacer/build/oled_display
[11.456s] Invoked command in '/home/jetpack/SEAME-Cluster-24-25/JetRacer/build/oled_display' returned '0': AMENT_PREFIX_PATH=/home/jetpack/SEAME-Cluster-24-25/JetRacer/install/custom_msgs:${AMENT_PREFIX_PATH} CMAKE_PREFIX_PATH=/home/jetpack/SEAME-Cluster-24-25/JetRacer/install/custom_msgs:/opt/ros/jazzy LD_LIBRARY_PATH=/home/jetpack/SEAME-Cluster-24-25/JetRacer/install/custom_msgs/lib:${LD_LIBRARY_PATH} PYTHONPATH=/home/jetpack/SEAME-Cluster-24-25/JetRacer/install/custom_msgs/lib/python3.12/site-packages:${PYTHONPATH} /usr/bin/cmake /home/jetpack/SEAME-Cluster-24-25/JetRacer/src/peripherals/oled_display -DAMENT_CMAKE_SYMLINK_INSTALL=1 -DCMAKE_INSTALL_PREFIX=/home/jetpack/SEAME-Cluster-24-25/JetRacer/install/oled_display
[11.470s] Invoking command in '/home/jetpack/SEAME-Cluster-24-25/JetRacer/build/oled_display': AMENT_PREFIX_PATH=/home/jetpack/SEAME-Cluster-24-25/JetRacer/install/custom_msgs:${AMENT_PREFIX_PATH} CMAKE_PREFIX_PATH=/home/jetpack/SEAME-Cluster-24-25/JetRacer/install/custom_msgs:/opt/ros/jazzy LD_LIBRARY_PATH=/home/jetpack/SEAME-Cluster-24-25/JetRacer/install/custom_msgs/lib:${LD_LIBRARY_PATH} PYTHONPATH=/home/jetpack/SEAME-Cluster-24-25/JetRacer/install/custom_msgs/lib/python3.12/site-packages:${PYTHONPATH} /usr/bin/cmake --build /home/jetpack/SEAME-Cluster-24-25/JetRacer/build/oled_display -- -j4 -l4
[12.009s] [ 33%] [32mBuilding CXX object CMakeFiles/oled_display_node.dir/src/main.cpp.o[0m
[32.806s] [ 66%] [32mBuilding CXX object CMakeFiles/oled_display_node.dir/src/OledDisplayNode.cpp.o[0m
[73.611s] [100%] [32m[1mLinking CXX executable oled_display_node[0m
[75.752s] [100%] Built target oled_display_node
