[ 33%] [32mBuilding CXX object CMakeFiles/dc_motors_node.dir/src/main.cpp.o[0m
[ 66%] [32mBuilding CXX object CMakeFiles/dc_motors_node.dir/src/DcMotorsNode.cpp.o[0m
[100%] [32m[1mLinking CXX executable dc_motors_node[0m
[100%] Built target dc_motors_node
-- Install configuration: ""
-- Execute custom install script
-- Up-to-date symlink: /home/jetpack/SEAME-Cluster-24-25/JetRacer/install/dc_motors/lib/dc_motors/dc_motors_node
-- Up-to-date symlink: /home/jetpack/SEAME-Cluster-24-25/JetRacer/install/dc_motors/share/ament_index/resource_index/package_run_dependencies/dc_motors
-- Up-to-date symlink: /home/jetpack/SEAME-Cluster-24-25/JetRacer/install/dc_motors/share/ament_index/resource_index/parent_prefix_path/dc_motors
-- Up-to-date symlink: /home/jetpack/SEAME-Cluster-24-25/JetRacer/install/dc_motors/share/dc_motors/environment/ament_prefix_path.sh
-- Up-to-date symlink: /home/jetpack/SEAME-Cluster-24-25/JetRacer/install/dc_motors/share/dc_motors/environment/ament_prefix_path.dsv
-- Up-to-date symlink: /home/jetpack/SEAME-Cluster-24-25/JetRacer/install/dc_motors/share/dc_motors/environment/path.sh
-- Up-to-date symlink: /home/jetpack/SEAME-Cluster-24-25/JetRacer/install/dc_motors/share/dc_motors/environment/path.dsv
-- Up-to-date symlink: /home/jetpack/SEAME-Cluster-24-25/JetRacer/install/dc_motors/share/dc_motors/local_setup.bash
-- Up-to-date symlink: /home/jetpack/SEAME-Cluster-24-25/JetRacer/install/dc_motors/share/dc_motors/local_setup.sh
-- Up-to-date symlink: /home/jetpack/SEAME-Cluster-24-25/JetRacer/install/dc_motors/share/dc_motors/local_setup.zsh
-- Up-to-date symlink: /home/jetpack/SEAME-Cluster-24-25/JetRacer/install/dc_motors/share/dc_motors/local_setup.dsv
-- Symlinking: /home/jetpack/SEAME-Cluster-24-25/JetRacer/install/dc_motors/share/dc_motors/package.dsv
-- Up-to-date symlink: /home/jetpack/SEAME-Cluster-24-25/JetRacer/install/dc_motors/share/ament_index/resource_index/packages/dc_motors
-- Up-to-date symlink: /home/jetpack/SEAME-Cluster-24-25/JetRacer/install/dc_motors/share/dc_motors/cmake/dc_motorsConfig.cmake
-- Up-to-date symlink: /home/jetpack/SEAME-Cluster-24-25/JetRacer/install/dc_motors/share/dc_motors/cmake/dc_motorsConfig-version.cmake
-- Up-to-date symlink: /home/jetpack/SEAME-Cluster-24-25/JetRacer/install/dc_motors/share/dc_motors/package.xml
