[0.070s] Invoking command in '/home/jetpack/SEAME-Cluster-24-25/JetRacer/build/camera_ros': CMAKE_PREFIX_PATH=${CMAKE_PREFIX_PATH}:/opt/ros/jazzy /usr/bin/cmake /home/jetpack/SEAME-Cluster-24-25/JetRacer/src/peripherals/camera/camera_ros -DAMENT_CMAKE_SYMLINK_INSTALL=1 -DCMAKE_INSTALL_PREFIX=/home/jetpack/SEAME-Cluster-24-25/JetRacer/install/camera_ros
[0.994s] -- The C compiler identification is GNU 13.3.0
[1.368s] -- The CXX compiler identification is GNU 13.3.0
[1.467s] -- Detecting C compiler ABI info
[2.029s] -- Detecting C compiler ABI info - done
[2.065s] -- Check for working C compiler: /usr/bin/cc - skipped
[2.069s] -- Detecting C compile features
[2.073s] -- Detecting C compile features - done
[2.123s] -- Detecting CXX compiler ABI info
[2.734s] -- Detecting CXX compiler ABI info - done
[2.772s] -- Check for working CXX compiler: /usr/bin/c++ - skipped
[2.773s] -- Detecting CXX compile features
[2.775s] -- Detecting CXX compile features - done
[2.800s] -- Found PkgConfig: /usr/bin/pkg-config (found version "1.8.1") 
[2.821s] -- Found ament_cmake: 2.5.2 (/opt/ros/jazzy/share/ament_cmake/cmake)
[3.972s] -- Found Python3: /usr/bin/python3 (found version "3.12.3") found components: Interpreter 
[4.457s] -- Override CMake install command with custom implementation using symlinks instead of copying resources
[4.764s] -- Found rclcpp: 28.1.5 (/opt/ros/jazzy/share/rclcpp/cmake)
[5.098s] -- Found rosidl_generator_c: 4.6.4 (/opt/ros/jazzy/share/rosidl_generator_c/cmake)
[5.202s] -- Found rosidl_generator_cpp: 4.6.4 (/opt/ros/jazzy/share/rosidl_generator_cpp/cmake)
[5.310s] -- Using all available rosidl_typesupport_c: rosidl_typesupport_fastrtps_c;rosidl_typesupport_introspection_c
[5.431s] -- Using all available rosidl_typesupport_cpp: rosidl_typesupport_fastrtps_cpp;rosidl_typesupport_introspection_cpp
[5.914s] -- Found rmw_implementation_cmake: 7.3.1 (/opt/ros/jazzy/share/rmw_implementation_cmake/cmake)
[5.943s] -- Found rmw_fastrtps_cpp: 8.4.1 (/opt/ros/jazzy/share/rmw_fastrtps_cpp/cmake)
[6.498s] -- Found OpenSSL: /usr/lib/aarch64-linux-gnu/libcrypto.so (found version "3.0.13")  
[6.613s] -- Found FastRTPS: /opt/ros/jazzy/include (Required is at least version "2.13") 
[6.740s] -- Using RMW implementation 'rmw_fastrtps_cpp' as default
[7.164s] -- Found rclcpp_components: 28.1.5 (/opt/ros/jazzy/share/rclcpp_components/cmake)
[7.480s] -- Found sensor_msgs: 5.3.5 (/opt/ros/jazzy/share/sensor_msgs/cmake)
[7.834s] -- Found camera_info_manager: 5.1.4 (/opt/ros/jazzy/share/camera_info_manager/cmake)
[7.907s] -- Setting yaml-cpp_DIR to: '/opt/ros/jazzy/share/yaml_cpp_vendor/cmake/../../../opt/yaml_cpp_vendor/share/cmake/yaml-cpp'
[8.210s] -- Found cv_bridge: 4.1.0 (/opt/ros/jazzy/share/cv_bridge/cmake)
[8.302s] -- Checking for module 'libcamera>=0.1'
[8.399s] --   Found libcamera, version 0.3.2
[8.700s] -- Found ament_lint_auto: 0.17.1 (/opt/ros/jazzy/share/ament_lint_auto/cmake)
[9.493s] -- Added test 'clang_format' to check C / C++ code style
[9.516s] -- Added test 'cppcheck' to perform static code analysis on C / C++ code
[9.521s] -- Configured cppcheck include dirs: 
[9.522s] -- Configured cppcheck exclude dirs and/or files: 
[9.530s] -- Added test 'flake8' to check Python code syntax and style conventions
[9.531s] -- Configured 'flake8' exclude dirs and/or files: 
[9.542s] -- Added test 'lint_cmake' to check CMake code style
[9.553s] -- Added test 'mypy' to statically type check Python code.
[9.565s] -- Added test 'pep257' to check Python code against some of the docstring style conventions in PEP 257
[9.575s] -- Added test 'pyflakes' to perform static code analysis on Python code
[9.591s] -- Added test 'xmllint' to check XML markup files
[9.613s] -- Configuring done (9.5s)
[9.775s] -- Generating done (0.1s)
[9.812s] -- Build files have been written to: /home/jetpack/SEAME-Cluster-24-25/JetRacer/build/camera_ros
[9.890s] Invoked command in '/home/jetpack/SEAME-Cluster-24-25/JetRacer/build/camera_ros' returned '0': CMAKE_PREFIX_PATH=${CMAKE_PREFIX_PATH}:/opt/ros/jazzy /usr/bin/cmake /home/jetpack/SEAME-Cluster-24-25/JetRacer/src/peripherals/camera/camera_ros -DAMENT_CMAKE_SYMLINK_INSTALL=1 -DCMAKE_INSTALL_PREFIX=/home/jetpack/SEAME-Cluster-24-25/JetRacer/install/camera_ros
[9.896s] Invoking command in '/home/jetpack/SEAME-Cluster-24-25/JetRacer/build/camera_ros': CMAKE_PREFIX_PATH=${CMAKE_PREFIX_PATH}:/opt/ros/jazzy /usr/bin/cmake --build /home/jetpack/SEAME-Cluster-24-25/JetRacer/build/camera_ros -- -j4 -l4
[10.372s] [  8%] [32mBuilding CXX object CMakeFiles/camera_node.dir/rclcpp_components/node_main_camera_node.cpp.o[0m
[10.387s] [ 16%] [32mBuilding CXX object CMakeFiles/utils.dir/src/clamp.cpp.o[0m
[10.403s] [ 25%] [32mBuilding CXX object CMakeFiles/utils.dir/src/cv_to_pv.cpp.o[0m
[10.409s] [ 33%] [32mBuilding CXX object CMakeFiles/utils.dir/src/format_mapping.cpp.o[0m
[23.809s] [ 41%] [32mBuilding CXX object CMakeFiles/utils.dir/src/parameter_conflict_check.cpp.o[0m
[25.086s] [ 50%] [32mBuilding CXX object CMakeFiles/utils.dir/src/pretty_print.cpp.o[0m
[38.349s] [ 58%] [32mBuilding CXX object CMakeFiles/utils.dir/src/pv_to_cv.cpp.o[0m
[38.888s] [ 66%] [32mBuilding CXX object CMakeFiles/utils.dir/src/types.cpp.o[0m
[41.442s] [ 75%] [32mBuilding CXX object CMakeFiles/utils.dir/src/type_extent.cpp.o[0m
[48.736s] [ 75%] Built target utils
[51.167s] [ 83%] [32m[1mLinking CXX executable camera_node[0m
[51.996s] [ 83%] Built target camera_node
[52.132s] [ 91%] [32mBuilding CXX object CMakeFiles/camera_component.dir/src/CameraNode.cpp.o[0m
[105.706s] [100%] [32m[1mLinking CXX shared library libcamera_component.so[0m
[108.888s] [100%] Built target camera_component
[108.946s] Invoked command in '/home/jetpack/SEAME-Cluster-24-25/JetRacer/build/camera_ros' returned '0': CMAKE_PREFIX_PATH=${CMAKE_PREFIX_PATH}:/opt/ros/jazzy /usr/bin/cmake --build /home/jetpack/SEAME-Cluster-24-25/JetRacer/build/camera_ros -- -j4 -l4
[108.952s] Invoking command in '/home/jetpack/SEAME-Cluster-24-25/JetRacer/build/camera_ros': CMAKE_PREFIX_PATH=${CMAKE_PREFIX_PATH}:/opt/ros/jazzy /usr/bin/cmake --install /home/jetpack/SEAME-Cluster-24-25/JetRacer/build/camera_ros
[108.995s] -- Install configuration: ""
[108.997s] -- Execute custom install script
[108.999s] -- Symlinking: /home/jetpack/SEAME-Cluster-24-25/JetRacer/install/camera_ros/lib/camera_ros/camera_node
[109.051s] -- Symlinking: /home/jetpack/SEAME-Cluster-24-25/JetRacer/install/camera_ros/share/camera_ros/environment/library_path.sh
[109.102s] -- Symlinking: /home/jetpack/SEAME-Cluster-24-25/JetRacer/install/camera_ros/share/camera_ros/environment/library_path.dsv
[109.154s] -- Symlinking: /home/jetpack/SEAME-Cluster-24-25/JetRacer/install/camera_ros/share/camera_ros//launch/camera.launch.py
[109.205s] -- Symlinking: /home/jetpack/SEAME-Cluster-24-25/JetRacer/install/camera_ros/share/ament_index/resource_index/package_run_dependencies/camera_ros
[109.257s] -- Symlinking: /home/jetpack/SEAME-Cluster-24-25/JetRacer/install/camera_ros/share/ament_index/resource_index/parent_prefix_path/camera_ros
[109.308s] -- Symlinking: /home/jetpack/SEAME-Cluster-24-25/JetRacer/install/camera_ros/share/camera_ros/environment/ament_prefix_path.sh
[109.359s] -- Symlinking: /home/jetpack/SEAME-Cluster-24-25/JetRacer/install/camera_ros/share/camera_ros/environment/ament_prefix_path.dsv
[109.410s] -- Symlinking: /home/jetpack/SEAME-Cluster-24-25/JetRacer/install/camera_ros/share/camera_ros/environment/path.sh
[109.461s] -- Symlinking: /home/jetpack/SEAME-Cluster-24-25/JetRacer/install/camera_ros/share/camera_ros/environment/path.dsv
[109.513s] -- Symlinking: /home/jetpack/SEAME-Cluster-24-25/JetRacer/install/camera_ros/share/camera_ros/local_setup.bash
[109.563s] -- Symlinking: /home/jetpack/SEAME-Cluster-24-25/JetRacer/install/camera_ros/share/camera_ros/local_setup.sh
[109.614s] -- Symlinking: /home/jetpack/SEAME-Cluster-24-25/JetRacer/install/camera_ros/share/camera_ros/local_setup.zsh
[109.665s] -- Symlinking: /home/jetpack/SEAME-Cluster-24-25/JetRacer/install/camera_ros/share/camera_ros/local_setup.dsv
[109.716s] -- Symlinking: /home/jetpack/SEAME-Cluster-24-25/JetRacer/install/camera_ros/share/camera_ros/package.dsv
[109.767s] -- Symlinking: /home/jetpack/SEAME-Cluster-24-25/JetRacer/install/camera_ros/share/ament_index/resource_index/packages/camera_ros
[109.818s] -- Symlinking: /home/jetpack/SEAME-Cluster-24-25/JetRacer/install/camera_ros/share/ament_index/resource_index/rclcpp_components/camera_ros
[109.869s] -- Symlinking: /home/jetpack/SEAME-Cluster-24-25/JetRacer/install/camera_ros/share/camera_ros/cmake/ament_cmake_export_targets-extras.cmake
[109.920s] -- Symlinking: /home/jetpack/SEAME-Cluster-24-25/JetRacer/install/camera_ros/share/camera_ros/cmake/ament_cmake_export_dependencies-extras.cmake
[109.971s] -- Symlinking: /home/jetpack/SEAME-Cluster-24-25/JetRacer/install/camera_ros/share/camera_ros/cmake/camera_rosConfig.cmake
[110.021s] -- Symlinking: /home/jetpack/SEAME-Cluster-24-25/JetRacer/install/camera_ros/share/camera_ros/cmake/camera_rosConfig-version.cmake
[110.072s] -- Symlinking: /home/jetpack/SEAME-Cluster-24-25/JetRacer/install/camera_ros/share/camera_ros/package.xml
[110.123s] -- Installing: /home/jetpack/SEAME-Cluster-24-25/JetRacer/install/camera_ros/lib/libcamera_component.so
[110.158s] -- Set non-toolchain portion of runtime path of "/home/jetpack/SEAME-Cluster-24-25/JetRacer/install/camera_ros/lib/libcamera_component.so" to ""
[110.159s] -- Installing: /home/jetpack/SEAME-Cluster-24-25/JetRacer/install/camera_ros/share/camera_ros/cmake/camera_componentTargetsExport.cmake
[110.160s] -- Installing: /home/jetpack/SEAME-Cluster-24-25/JetRacer/install/camera_ros/share/camera_ros/cmake/camera_componentTargetsExport-noconfig.cmake
[110.169s] Invoked command in '/home/jetpack/SEAME-Cluster-24-25/JetRacer/build/camera_ros' returned '0': CMAKE_PREFIX_PATH=${CMAKE_PREFIX_PATH}:/opt/ros/jazzy /usr/bin/cmake --install /home/jetpack/SEAME-Cluster-24-25/JetRacer/build/camera_ros
