[0.093s] Invoking command in '/home/jetpack/SEAME-Cluster-24-25/JetRacer/build/teleop': CMAKE_PREFIX_PATH=${CMAKE_PREFIX_PATH}:/opt/ros/jazzy /usr/bin/cmake --build /home/jetpack/SEAME-Cluster-24-25/JetRacer/build/teleop -- -j4 -l4
[0.660s] [100%] Built target teleop_node
[0.777s] Invoked command in '/home/jetpack/SEAME-Cluster-24-25/JetRacer/build/teleop' returned '0': CMAKE_PREFIX_PATH=${CMAKE_PREFIX_PATH}:/opt/ros/jazzy /usr/bin/cmake --build /home/jetpack/SEAME-Cluster-24-25/JetRacer/build/teleop -- -j4 -l4
[0.954s] Invoking command in '/home/jetpack/SEAME-Cluster-24-25/JetRacer/build/teleop': CMAKE_PREFIX_PATH=${CMAKE_PREFIX_PATH}:/opt/ros/jazzy /usr/bin/cmake --install /home/jetpack/SEAME-Cluster-24-25/JetRacer/build/teleop
[1.093s] -- Install configuration: ""
[1.105s] -- Execute custom install script
[1.110s] -- Up-to-date symlink: /home/jetpack/SEAME-Cluster-24-25/JetRacer/install/teleop/lib/teleop/teleop_node
[1.116s] -- Up-to-date symlink: /home/jetpack/SEAME-Cluster-24-25/JetRacer/install/teleop/share/ament_index/resource_index/package_run_dependencies/teleop
[1.121s] -- Up-to-date symlink: /home/jetpack/SEAME-Cluster-24-25/JetRacer/install/teleop/share/ament_index/resource_index/parent_prefix_path/teleop
[1.123s] -- Up-to-date symlink: /home/jetpack/SEAME-Cluster-24-25/JetRacer/install/teleop/share/teleop/environment/ament_prefix_path.sh
[1.132s] -- Up-to-date symlink: /home/jetpack/SEAME-Cluster-24-25/JetRacer/install/teleop/share/teleop/environment/ament_prefix_path.dsv
[1.133s] -- Up-to-date symlink: /home/jetpack/SEAME-Cluster-24-25/JetRacer/install/teleop/share/teleop/environment/path.sh
[1.142s] -- Up-to-date symlink: /home/jetpack/SEAME-Cluster-24-25/JetRacer/install/teleop/share/teleop/environment/path.dsv
[1.143s] -- Up-to-date symlink: /home/jetpack/SEAME-Cluster-24-25/JetRacer/install/teleop/share/teleop/local_setup.bash
[1.146s] -- Up-to-date symlink: /home/jetpack/SEAME-Cluster-24-25/JetRacer/install/teleop/share/teleop/local_setup.sh
[1.154s] -- Up-to-date symlink: /home/jetpack/SEAME-Cluster-24-25/JetRacer/install/teleop/share/teleop/local_setup.zsh
[1.162s] -- Up-to-date symlink: /home/jetpack/SEAME-Cluster-24-25/JetRacer/install/teleop/share/teleop/local_setup.dsv
[1.169s] -- Symlinking: /home/jetpack/SEAME-Cluster-24-25/JetRacer/install/teleop/share/teleop/package.dsv
[1.323s] -- Up-to-date symlink: /home/jetpack/SEAME-Cluster-24-25/JetRacer/install/teleop/share/ament_index/resource_index/packages/teleop
[1.324s] -- Up-to-date symlink: /home/jetpack/SEAME-Cluster-24-25/JetRacer/install/teleop/share/teleop/cmake/teleopConfig.cmake
[1.327s] -- Up-to-date symlink: /home/jetpack/SEAME-Cluster-24-25/JetRacer/install/teleop/share/teleop/cmake/teleopConfig-version.cmake
[1.329s] -- Up-to-date symlink: /home/jetpack/SEAME-Cluster-24-25/JetRacer/install/teleop/share/teleop/package.xml
[1.339s] Invoked command in '/home/jetpack/SEAME-Cluster-24-25/JetRacer/build/teleop' returned '0': CMAKE_PREFIX_PATH=${CMAKE_PREFIX_PATH}:/opt/ros/jazzy /usr/bin/cmake --install /home/jetpack/SEAME-Cluster-24-25/JetRacer/build/teleop
