[0.068s] Invoking command in '/home/jetpack/SEAME-Cluster-24-25/JetRacer/build/camera': CMAKE_PREFIX_PATH=${CMAKE_PREFIX_PATH}:/opt/ros/jazzy /usr/bin/cmake --build /home/jetpack/SEAME-Cluster-24-25/JetRacer/build/camera -- -j4 -l4
[0.491s] [ 33%] [32mBuilding CXX object CMakeFiles/camera_node.dir/src/main.cpp.o[0m
[0.497s] [ 66%] [32mBuilding CXX object CMakeFiles/camera_node.dir/src/CameraNode.cpp.o[0m
[30.858s] [100%] [32m[1mLinking CXX executable camera_node[0m
[34.377s] [100%] Built target camera_node
[34.450s] Invoked command in '/home/jetpack/SEAME-Cluster-24-25/JetRacer/build/camera' returned '0': CMAKE_PREFIX_PATH=${CMAKE_PREFIX_PATH}:/opt/ros/jazzy /usr/bin/cmake --build /home/jetpack/SEAME-Cluster-24-25/JetRacer/build/camera -- -j4 -l4
[34.514s] Invoking command in '/home/jetpack/SEAME-Cluster-24-25/JetRacer/build/camera': CMAKE_PREFIX_PATH=${CMAKE_PREFIX_PATH}:/opt/ros/jazzy /usr/bin/cmake --install /home/jetpack/SEAME-Cluster-24-25/JetRacer/build/camera
[34.569s] -- Install configuration: ""
[34.570s] -- Installing: /home/jetpack/SEAME-Cluster-24-25/JetRacer/install/camera/lib/camera/camera_node
[34.581s] -- Set non-toolchain portion of runtime path of "/home/jetpack/SEAME-Cluster-24-25/JetRacer/install/camera/lib/camera/camera_node" to ""
[34.582s] -- Up-to-date: /home/jetpack/SEAME-Cluster-24-25/JetRacer/install/camera/share/ament_index/resource_index/package_run_dependencies/camera
[34.582s] -- Up-to-date: /home/jetpack/SEAME-Cluster-24-25/JetRacer/install/camera/share/ament_index/resource_index/parent_prefix_path/camera
[34.583s] -- Up-to-date: /home/jetpack/SEAME-Cluster-24-25/JetRacer/install/camera/share/camera/environment/ament_prefix_path.sh
[34.583s] -- Up-to-date: /home/jetpack/SEAME-Cluster-24-25/JetRacer/install/camera/share/camera/environment/ament_prefix_path.dsv
[34.584s] -- Up-to-date: /home/jetpack/SEAME-Cluster-24-25/JetRacer/install/camera/share/camera/environment/path.sh
[34.584s] -- Up-to-date: /home/jetpack/SEAME-Cluster-24-25/JetRacer/install/camera/share/camera/environment/path.dsv
[34.584s] -- Up-to-date: /home/jetpack/SEAME-Cluster-24-25/JetRacer/install/camera/share/camera/local_setup.bash
[34.585s] -- Up-to-date: /home/jetpack/SEAME-Cluster-24-25/JetRacer/install/camera/share/camera/local_setup.sh
[34.585s] -- Up-to-date: /home/jetpack/SEAME-Cluster-24-25/JetRacer/install/camera/share/camera/local_setup.zsh
[34.586s] -- Up-to-date: /home/jetpack/SEAME-Cluster-24-25/JetRacer/install/camera/share/camera/local_setup.dsv
[34.586s] -- Installing: /home/jetpack/SEAME-Cluster-24-25/JetRacer/install/camera/share/camera/package.dsv
[34.587s] -- Up-to-date: /home/jetpack/SEAME-Cluster-24-25/JetRacer/install/camera/share/ament_index/resource_index/packages/camera
[34.587s] -- Up-to-date: /home/jetpack/SEAME-Cluster-24-25/JetRacer/install/camera/share/camera/cmake/cameraConfig.cmake
[34.588s] -- Up-to-date: /home/jetpack/SEAME-Cluster-24-25/JetRacer/install/camera/share/camera/cmake/cameraConfig-version.cmake
[34.588s] -- Up-to-date: /home/jetpack/SEAME-Cluster-24-25/JetRacer/install/camera/share/camera/package.xml
[34.596s] Invoked command in '/home/jetpack/SEAME-Cluster-24-25/JetRacer/build/camera' returned '0': CMAKE_PREFIX_PATH=${CMAKE_PREFIX_PATH}:/opt/ros/jazzy /usr/bin/cmake --install /home/jetpack/SEAME-Cluster-24-25/JetRacer/build/camera
