[0.086s] Invoking command in '/home/jetpack/SEAME-Cluster-24-25/JetRacer/build/custom_msgs': CMAKE_PREFIX_PATH=/opt/ros/jazzy /usr/bin/cmake --build /home/jetpack/SEAME-Cluster-24-25/JetRacer/build/custom_msgs -- -j4 -l4
[0.355s] [  1%] Built target custom_msgs__rosidl_generator_type_description
[0.402s] [  1%] Built target ament_cmake_python_symlink_custom_msgs
[0.481s] [  3%] Built target custom_msgs__cpp
[0.536s] [ 24%] Built target custom_msgs__rosidl_generator_c
[0.778s] [ 33%] Built target custom_msgs__rosidl_typesupport_introspection_c
[0.816s] [ 42%] Built target custom_msgs__rosidl_typesupport_cpp
[0.817s] [ 51%] Built target custom_msgs__rosidl_typesupport_fastrtps_c
[0.993s] [ 61%] Built target custom_msgs__rosidl_typesupport_c
[1.013s] [ 70%] Built target custom_msgs__rosidl_typesupport_introspection_cpp
[1.022s] [ 79%] Built target custom_msgs__rosidl_typesupport_fastrtps_cpp
[1.119s] [ 79%] Built target custom_msgs
[1.216s] [ 81%] Built target custom_msgs__py
[1.340s] [ 88%] Built target custom_msgs__rosidl_generator_py
[1.466s] [ 96%] Built target custom_msgs_s__rosidl_typesupport_fastrtps_c
[1.470s] [ 96%] Built target custom_msgs_s__rosidl_typesupport_introspection_c
[1.481s] [100%] Built target custom_msgs_s__rosidl_typesupport_c
[1.702s] running egg_info
[1.791s] writing custom_msgs.egg-info/PKG-INFO
[1.792s] writing dependency_links to custom_msgs.egg-info/dependency_links.txt
[1.793s] writing top-level names to custom_msgs.egg-info/top_level.txt
[2.050s] reading manifest file 'custom_msgs.egg-info/SOURCES.txt'
[2.052s] writing manifest file 'custom_msgs.egg-info/SOURCES.txt'
[2.192s] [100%] Built target ament_cmake_python_build_custom_msgs_egg
[2.245s] Invoked command in '/home/jetpack/SEAME-Cluster-24-25/JetRacer/build/custom_msgs' returned '0': CMAKE_PREFIX_PATH=/opt/ros/jazzy /usr/bin/cmake --build /home/jetpack/SEAME-Cluster-24-25/JetRacer/build/custom_msgs -- -j4 -l4
[2.250s] Invoking command in '/home/jetpack/SEAME-Cluster-24-25/JetRacer/build/custom_msgs': CMAKE_PREFIX_PATH=/opt/ros/jazzy /usr/bin/cmake --install /home/jetpack/SEAME-Cluster-24-25/JetRacer/build/custom_msgs
[2.286s] -- Install configuration: ""
[2.288s] -- Execute custom install script
[2.290s] -- Up-to-date symlink: /home/jetpack/SEAME-Cluster-24-25/JetRacer/install/custom_msgs/share/ament_index/resource_index/rosidl_interfaces/custom_msgs
[2.291s] -- Up-to-date symlink: /home/jetpack/SEAME-Cluster-24-25/JetRacer/install/custom_msgs/share/custom_msgs/msg/CanFrame.json
[2.292s] -- Up-to-date symlink: /home/jetpack/SEAME-Cluster-24-25/JetRacer/install/custom_msgs/share/custom_msgs/srv/I2cService.json
[2.293s] -- Up-to-date symlink: /home/jetpack/SEAME-Cluster-24-25/JetRacer/install/custom_msgs/share/custom_msgs/srv/CanService.json
[2.297s] -- Up-to-date symlink: /home/jetpack/SEAME-Cluster-24-25/JetRacer/install/custom_msgs/include/custom_msgs/custom_msgs/msg/can_frame.h
[2.298s] -- Up-to-date symlink: /home/jetpack/SEAME-Cluster-24-25/JetRacer/install/custom_msgs/include/custom_msgs/custom_msgs/msg/detail/can_frame__functions.h
[2.299s] -- Up-to-date symlink: /home/jetpack/SEAME-Cluster-24-25/JetRacer/install/custom_msgs/include/custom_msgs/custom_msgs/msg/detail/can_frame__struct.h
[2.300s] -- Up-to-date symlink: /home/jetpack/SEAME-Cluster-24-25/JetRacer/install/custom_msgs/include/custom_msgs/custom_msgs/msg/detail/can_frame__type_support.h
[2.300s] -- Up-to-date symlink: /home/jetpack/SEAME-Cluster-24-25/JetRacer/install/custom_msgs/include/custom_msgs/custom_msgs/msg/rosidl_generator_c__visibility_control.h
[2.301s] -- Up-to-date symlink: /home/jetpack/SEAME-Cluster-24-25/JetRacer/install/custom_msgs/include/custom_msgs/custom_msgs/srv/can_service.h
[2.302s] -- Up-to-date symlink: /home/jetpack/SEAME-Cluster-24-25/JetRacer/install/custom_msgs/include/custom_msgs/custom_msgs/srv/detail/can_service__functions.h
[2.303s] -- Up-to-date symlink: /home/jetpack/SEAME-Cluster-24-25/JetRacer/install/custom_msgs/include/custom_msgs/custom_msgs/srv/detail/can_service__struct.h
[2.304s] -- Up-to-date symlink: /home/jetpack/SEAME-Cluster-24-25/JetRacer/install/custom_msgs/include/custom_msgs/custom_msgs/srv/detail/can_service__type_support.h
[2.305s] -- Up-to-date symlink: /home/jetpack/SEAME-Cluster-24-25/JetRacer/install/custom_msgs/include/custom_msgs/custom_msgs/srv/detail/i2c_service__functions.h
[2.306s] -- Up-to-date symlink: /home/jetpack/SEAME-Cluster-24-25/JetRacer/install/custom_msgs/include/custom_msgs/custom_msgs/srv/detail/i2c_service__struct.h
[2.307s] -- Up-to-date symlink: /home/jetpack/SEAME-Cluster-24-25/JetRacer/install/custom_msgs/include/custom_msgs/custom_msgs/srv/detail/i2c_service__type_support.h
[2.308s] -- Up-to-date symlink: /home/jetpack/SEAME-Cluster-24-25/JetRacer/install/custom_msgs/include/custom_msgs/custom_msgs/srv/i2c_service.h
[2.309s] -- Up-to-date symlink: /home/jetpack/SEAME-Cluster-24-25/JetRacer/install/custom_msgs/share/custom_msgs/environment/library_path.sh
[2.310s] -- Up-to-date symlink: /home/jetpack/SEAME-Cluster-24-25/JetRacer/install/custom_msgs/share/custom_msgs/environment/library_path.dsv
[2.314s] -- Up-to-date symlink: /home/jetpack/SEAME-Cluster-24-25/JetRacer/install/custom_msgs/include/custom_msgs/custom_msgs/msg/detail/can_frame__rosidl_typesupport_fastrtps_c.h
[2.315s] -- Up-to-date symlink: /home/jetpack/SEAME-Cluster-24-25/JetRacer/install/custom_msgs/include/custom_msgs/custom_msgs/msg/rosidl_typesupport_fastrtps_c__visibility_control.h
[2.316s] -- Up-to-date symlink: /home/jetpack/SEAME-Cluster-24-25/JetRacer/install/custom_msgs/include/custom_msgs/custom_msgs/srv/detail/can_service__rosidl_typesupport_fastrtps_c.h
[2.317s] -- Up-to-date symlink: /home/jetpack/SEAME-Cluster-24-25/JetRacer/install/custom_msgs/include/custom_msgs/custom_msgs/srv/detail/i2c_service__rosidl_typesupport_fastrtps_c.h
[2.320s] -- Up-to-date symlink: /home/jetpack/SEAME-Cluster-24-25/JetRacer/install/custom_msgs/include/custom_msgs/custom_msgs/msg/detail/can_frame__rosidl_typesupport_introspection_c.h
[2.321s] -- Up-to-date symlink: /home/jetpack/SEAME-Cluster-24-25/JetRacer/install/custom_msgs/include/custom_msgs/custom_msgs/msg/rosidl_typesupport_introspection_c__visibility_control.h
[2.322s] -- Up-to-date symlink: /home/jetpack/SEAME-Cluster-24-25/JetRacer/install/custom_msgs/include/custom_msgs/custom_msgs/srv/detail/can_service__rosidl_typesupport_introspection_c.h
[2.323s] -- Up-to-date symlink: /home/jetpack/SEAME-Cluster-24-25/JetRacer/install/custom_msgs/include/custom_msgs/custom_msgs/srv/detail/i2c_service__rosidl_typesupport_introspection_c.h
[2.326s] -- Up-to-date symlink: /home/jetpack/SEAME-Cluster-24-25/JetRacer/install/custom_msgs/include/custom_msgs/custom_msgs/msg/can_frame.hpp
[2.327s] -- Up-to-date symlink: /home/jetpack/SEAME-Cluster-24-25/JetRacer/install/custom_msgs/include/custom_msgs/custom_msgs/msg/detail/can_frame__builder.hpp
[2.328s] -- Up-to-date symlink: /home/jetpack/SEAME-Cluster-24-25/JetRacer/install/custom_msgs/include/custom_msgs/custom_msgs/msg/detail/can_frame__struct.hpp
[2.329s] -- Up-to-date symlink: /home/jetpack/SEAME-Cluster-24-25/JetRacer/install/custom_msgs/include/custom_msgs/custom_msgs/msg/detail/can_frame__traits.hpp
[2.330s] -- Up-to-date symlink: /home/jetpack/SEAME-Cluster-24-25/JetRacer/install/custom_msgs/include/custom_msgs/custom_msgs/msg/detail/can_frame__type_support.hpp
[2.331s] -- Up-to-date symlink: /home/jetpack/SEAME-Cluster-24-25/JetRacer/install/custom_msgs/include/custom_msgs/custom_msgs/msg/rosidl_generator_cpp__visibility_control.hpp
[2.332s] -- Up-to-date symlink: /home/jetpack/SEAME-Cluster-24-25/JetRacer/install/custom_msgs/include/custom_msgs/custom_msgs/srv/can_service.hpp
[2.333s] -- Up-to-date symlink: /home/jetpack/SEAME-Cluster-24-25/JetRacer/install/custom_msgs/include/custom_msgs/custom_msgs/srv/detail/can_service__builder.hpp
[2.334s] -- Up-to-date symlink: /home/jetpack/SEAME-Cluster-24-25/JetRacer/install/custom_msgs/include/custom_msgs/custom_msgs/srv/detail/can_service__struct.hpp
[2.335s] -- Up-to-date symlink: /home/jetpack/SEAME-Cluster-24-25/JetRacer/install/custom_msgs/include/custom_msgs/custom_msgs/srv/detail/can_service__traits.hpp
[2.336s] -- Up-to-date symlink: /home/jetpack/SEAME-Cluster-24-25/JetRacer/install/custom_msgs/include/custom_msgs/custom_msgs/srv/detail/can_service__type_support.hpp
[2.337s] -- Up-to-date symlink: /home/jetpack/SEAME-Cluster-24-25/JetRacer/install/custom_msgs/include/custom_msgs/custom_msgs/srv/detail/i2c_service__builder.hpp
[2.338s] -- Up-to-date symlink: /home/jetpack/SEAME-Cluster-24-25/JetRacer/install/custom_msgs/include/custom_msgs/custom_msgs/srv/detail/i2c_service__struct.hpp
[2.339s] -- Up-to-date symlink: /home/jetpack/SEAME-Cluster-24-25/JetRacer/install/custom_msgs/include/custom_msgs/custom_msgs/srv/detail/i2c_service__traits.hpp
[2.340s] -- Up-to-date symlink: /home/jetpack/SEAME-Cluster-24-25/JetRacer/install/custom_msgs/include/custom_msgs/custom_msgs/srv/detail/i2c_service__type_support.hpp
[2.341s] -- Up-to-date symlink: /home/jetpack/SEAME-Cluster-24-25/JetRacer/install/custom_msgs/include/custom_msgs/custom_msgs/srv/i2c_service.hpp
[2.345s] -- Up-to-date symlink: /home/jetpack/SEAME-Cluster-24-25/JetRacer/install/custom_msgs/include/custom_msgs/custom_msgs/msg/detail/can_frame__rosidl_typesupport_fastrtps_cpp.hpp
[2.346s] -- Up-to-date symlink: /home/jetpack/SEAME-Cluster-24-25/JetRacer/install/custom_msgs/include/custom_msgs/custom_msgs/msg/rosidl_typesupport_fastrtps_cpp__visibility_control.h
[2.347s] -- Up-to-date symlink: /home/jetpack/SEAME-Cluster-24-25/JetRacer/install/custom_msgs/include/custom_msgs/custom_msgs/srv/detail/can_service__rosidl_typesupport_fastrtps_cpp.hpp
[2.348s] -- Up-to-date symlink: /home/jetpack/SEAME-Cluster-24-25/JetRacer/install/custom_msgs/include/custom_msgs/custom_msgs/srv/detail/i2c_service__rosidl_typesupport_fastrtps_cpp.hpp
[2.351s] -- Up-to-date symlink: /home/jetpack/SEAME-Cluster-24-25/JetRacer/install/custom_msgs/include/custom_msgs/custom_msgs/msg/detail/can_frame__rosidl_typesupport_introspection_cpp.hpp
[2.352s] -- Up-to-date symlink: /home/jetpack/SEAME-Cluster-24-25/JetRacer/install/custom_msgs/include/custom_msgs/custom_msgs/srv/detail/can_service__rosidl_typesupport_introspection_cpp.hpp
[2.353s] -- Up-to-date symlink: /home/jetpack/SEAME-Cluster-24-25/JetRacer/install/custom_msgs/include/custom_msgs/custom_msgs/srv/detail/i2c_service__rosidl_typesupport_introspection_cpp.hpp
[2.354s] -- Up-to-date symlink: /home/jetpack/SEAME-Cluster-24-25/JetRacer/install/custom_msgs/share/custom_msgs/environment/pythonpath.sh
[2.355s] -- Up-to-date symlink: /home/jetpack/SEAME-Cluster-24-25/JetRacer/install/custom_msgs/share/custom_msgs/environment/pythonpath.dsv
[2.357s] -- Up-to-date symlink: /home/jetpack/SEAME-Cluster-24-25/JetRacer/install/custom_msgs/lib/python3.12/site-packages/custom_msgs-0.0.0-py3.12.egg-info/PKG-INFO
[2.358s] -- Up-to-date symlink: /home/jetpack/SEAME-Cluster-24-25/JetRacer/install/custom_msgs/lib/python3.12/site-packages/custom_msgs-0.0.0-py3.12.egg-info/SOURCES.txt
[2.359s] -- Up-to-date symlink: /home/jetpack/SEAME-Cluster-24-25/JetRacer/install/custom_msgs/lib/python3.12/site-packages/custom_msgs-0.0.0-py3.12.egg-info/dependency_links.txt
[2.360s] -- Up-to-date symlink: /home/jetpack/SEAME-Cluster-24-25/JetRacer/install/custom_msgs/lib/python3.12/site-packages/custom_msgs-0.0.0-py3.12.egg-info/top_level.txt
[2.365s] -- Up-to-date symlink: /home/jetpack/SEAME-Cluster-24-25/JetRacer/install/custom_msgs/lib/python3.12/site-packages/custom_msgs/__init__.py
[2.366s] -- Up-to-date symlink: /home/jetpack/SEAME-Cluster-24-25/JetRacer/install/custom_msgs/lib/python3.12/site-packages/custom_msgs/_custom_msgs_s.ep.rosidl_typesupport_c.c
[2.367s] -- Up-to-date symlink: /home/jetpack/SEAME-Cluster-24-25/JetRacer/install/custom_msgs/lib/python3.12/site-packages/custom_msgs/_custom_msgs_s.ep.rosidl_typesupport_fastrtps_c.c
[2.368s] -- Up-to-date symlink: /home/jetpack/SEAME-Cluster-24-25/JetRacer/install/custom_msgs/lib/python3.12/site-packages/custom_msgs/_custom_msgs_s.ep.rosidl_typesupport_introspection_c.c
[2.368s] -- Up-to-date symlink: /home/jetpack/SEAME-Cluster-24-25/JetRacer/install/custom_msgs/lib/python3.12/site-packages/custom_msgs/custom_msgs_s__rosidl_typesupport_c.so
[2.369s] -- Up-to-date symlink: /home/jetpack/SEAME-Cluster-24-25/JetRacer/install/custom_msgs/lib/python3.12/site-packages/custom_msgs/custom_msgs_s__rosidl_typesupport_fastrtps_c.so
[2.370s] -- Up-to-date symlink: /home/jetpack/SEAME-Cluster-24-25/JetRacer/install/custom_msgs/lib/python3.12/site-packages/custom_msgs/custom_msgs_s__rosidl_typesupport_introspection_c.so
[2.371s] -- Up-to-date symlink: /home/jetpack/SEAME-Cluster-24-25/JetRacer/install/custom_msgs/lib/python3.12/site-packages/custom_msgs/msg/__init__.py
[2.372s] -- Up-to-date symlink: /home/jetpack/SEAME-Cluster-24-25/JetRacer/install/custom_msgs/lib/python3.12/site-packages/custom_msgs/msg/_can_frame.py
[2.373s] -- Up-to-date symlink: /home/jetpack/SEAME-Cluster-24-25/JetRacer/install/custom_msgs/lib/python3.12/site-packages/custom_msgs/msg/_can_frame_s.c
[2.374s] -- Up-to-date symlink: /home/jetpack/SEAME-Cluster-24-25/JetRacer/install/custom_msgs/lib/python3.12/site-packages/custom_msgs/srv/__init__.py
[2.375s] -- Up-to-date symlink: /home/jetpack/SEAME-Cluster-24-25/JetRacer/install/custom_msgs/lib/python3.12/site-packages/custom_msgs/srv/_can_service.py
[2.376s] -- Up-to-date symlink: /home/jetpack/SEAME-Cluster-24-25/JetRacer/install/custom_msgs/lib/python3.12/site-packages/custom_msgs/srv/_can_service_s.c
[2.377s] -- Up-to-date symlink: /home/jetpack/SEAME-Cluster-24-25/JetRacer/install/custom_msgs/lib/python3.12/site-packages/custom_msgs/srv/_i2c_service.py
[2.378s] -- Up-to-date symlink: /home/jetpack/SEAME-Cluster-24-25/JetRacer/install/custom_msgs/lib/python3.12/site-packages/custom_msgs/srv/_i2c_service_s.c
[2.379s] -- Up-to-date symlink: /home/jetpack/SEAME-Cluster-24-25/JetRacer/install/custom_msgs/lib/python3.12/site-packages/custom_msgs/custom_msgs_s__rosidl_typesupport_fastrtps_c.so
[2.381s] -- Up-to-date symlink: /home/jetpack/SEAME-Cluster-24-25/JetRacer/install/custom_msgs/lib/python3.12/site-packages/custom_msgs/custom_msgs_s__rosidl_typesupport_introspection_c.so
[2.382s] -- Up-to-date symlink: /home/jetpack/SEAME-Cluster-24-25/JetRacer/install/custom_msgs/lib/python3.12/site-packages/custom_msgs/custom_msgs_s__rosidl_typesupport_c.so
[2.383s] -- Up-to-date symlink: /home/jetpack/SEAME-Cluster-24-25/JetRacer/install/custom_msgs/share/custom_msgs/msg/CanFrame.idl
[2.384s] -- Up-to-date symlink: /home/jetpack/SEAME-Cluster-24-25/JetRacer/install/custom_msgs/share/custom_msgs/srv/I2cService.idl
[2.385s] -- Up-to-date symlink: /home/jetpack/SEAME-Cluster-24-25/JetRacer/install/custom_msgs/share/custom_msgs/srv/CanService.idl
[2.386s] -- Up-to-date symlink: /home/jetpack/SEAME-Cluster-24-25/JetRacer/install/custom_msgs/share/custom_msgs/msg/CanFrame.msg
[2.387s] -- Up-to-date symlink: /home/jetpack/SEAME-Cluster-24-25/JetRacer/install/custom_msgs/share/custom_msgs/srv/I2cService.srv
[2.388s] -- Up-to-date symlink: /home/jetpack/SEAME-Cluster-24-25/JetRacer/install/custom_msgs/share/custom_msgs/srv/CanService.srv
[2.389s] -- Up-to-date symlink: /home/jetpack/SEAME-Cluster-24-25/JetRacer/install/custom_msgs/share/ament_index/resource_index/package_run_dependencies/custom_msgs
[2.391s] -- Up-to-date symlink: /home/jetpack/SEAME-Cluster-24-25/JetRacer/install/custom_msgs/share/ament_index/resource_index/parent_prefix_path/custom_msgs
[2.391s] -- Up-to-date symlink: /home/jetpack/SEAME-Cluster-24-25/JetRacer/install/custom_msgs/share/custom_msgs/environment/ament_prefix_path.sh
[2.392s] -- Up-to-date symlink: /home/jetpack/SEAME-Cluster-24-25/JetRacer/install/custom_msgs/share/custom_msgs/environment/ament_prefix_path.dsv
[2.393s] -- Up-to-date symlink: /home/jetpack/SEAME-Cluster-24-25/JetRacer/install/custom_msgs/share/custom_msgs/environment/path.sh
[2.394s] -- Up-to-date symlink: /home/jetpack/SEAME-Cluster-24-25/JetRacer/install/custom_msgs/share/custom_msgs/environment/path.dsv
[2.395s] -- Up-to-date symlink: /home/jetpack/SEAME-Cluster-24-25/JetRacer/install/custom_msgs/share/custom_msgs/local_setup.bash
[2.396s] -- Up-to-date symlink: /home/jetpack/SEAME-Cluster-24-25/JetRacer/install/custom_msgs/share/custom_msgs/local_setup.sh
[2.397s] -- Up-to-date symlink: /home/jetpack/SEAME-Cluster-24-25/JetRacer/install/custom_msgs/share/custom_msgs/local_setup.zsh
[2.398s] -- Up-to-date symlink: /home/jetpack/SEAME-Cluster-24-25/JetRacer/install/custom_msgs/share/custom_msgs/local_setup.dsv
[2.399s] -- Symlinking: /home/jetpack/SEAME-Cluster-24-25/JetRacer/install/custom_msgs/share/custom_msgs/package.dsv
[2.441s] -- Up-to-date symlink: /home/jetpack/SEAME-Cluster-24-25/JetRacer/install/custom_msgs/share/ament_index/resource_index/packages/custom_msgs
[2.442s] -- Up-to-date symlink: /home/jetpack/SEAME-Cluster-24-25/JetRacer/install/custom_msgs/share/custom_msgs/cmake/rosidl_cmake-extras.cmake
[2.443s] -- Up-to-date symlink: /home/jetpack/SEAME-Cluster-24-25/JetRacer/install/custom_msgs/share/custom_msgs/cmake/ament_cmake_export_dependencies-extras.cmake
[2.444s] -- Up-to-date symlink: /home/jetpack/SEAME-Cluster-24-25/JetRacer/install/custom_msgs/share/custom_msgs/cmake/ament_cmake_export_include_directories-extras.cmake
[2.445s] -- Up-to-date symlink: /home/jetpack/SEAME-Cluster-24-25/JetRacer/install/custom_msgs/share/custom_msgs/cmake/ament_cmake_export_libraries-extras.cmake
[2.446s] -- Up-to-date symlink: /home/jetpack/SEAME-Cluster-24-25/JetRacer/install/custom_msgs/share/custom_msgs/cmake/ament_cmake_export_targets-extras.cmake
[2.447s] -- Up-to-date symlink: /home/jetpack/SEAME-Cluster-24-25/JetRacer/install/custom_msgs/share/custom_msgs/cmake/rosidl_cmake_export_typesupport_targets-extras.cmake
[2.448s] -- Up-to-date symlink: /home/jetpack/SEAME-Cluster-24-25/JetRacer/install/custom_msgs/share/custom_msgs/cmake/rosidl_cmake_export_typesupport_libraries-extras.cmake
[2.449s] -- Up-to-date symlink: /home/jetpack/SEAME-Cluster-24-25/JetRacer/install/custom_msgs/share/custom_msgs/cmake/custom_msgsConfig.cmake
[2.450s] -- Up-to-date symlink: /home/jetpack/SEAME-Cluster-24-25/JetRacer/install/custom_msgs/share/custom_msgs/cmake/custom_msgsConfig-version.cmake
[2.451s] -- Up-to-date symlink: /home/jetpack/SEAME-Cluster-24-25/JetRacer/install/custom_msgs/share/custom_msgs/package.xml
[2.452s] -- Up-to-date: /home/jetpack/SEAME-Cluster-24-25/JetRacer/install/custom_msgs/lib/libcustom_msgs__rosidl_generator_c.so
[2.454s] -- Up-to-date: /home/jetpack/SEAME-Cluster-24-25/JetRacer/install/custom_msgs/lib/libcustom_msgs__rosidl_typesupport_fastrtps_c.so
[2.456s] -- Up-to-date: /home/jetpack/SEAME-Cluster-24-25/JetRacer/install/custom_msgs/lib/libcustom_msgs__rosidl_typesupport_introspection_c.so
[2.458s] -- Up-to-date: /home/jetpack/SEAME-Cluster-24-25/JetRacer/install/custom_msgs/lib/libcustom_msgs__rosidl_typesupport_c.so
[2.460s] -- Up-to-date: /home/jetpack/SEAME-Cluster-24-25/JetRacer/install/custom_msgs/lib/libcustom_msgs__rosidl_typesupport_fastrtps_cpp.so
[2.462s] -- Up-to-date: /home/jetpack/SEAME-Cluster-24-25/JetRacer/install/custom_msgs/lib/libcustom_msgs__rosidl_typesupport_introspection_cpp.so
[2.464s] -- Up-to-date: /home/jetpack/SEAME-Cluster-24-25/JetRacer/install/custom_msgs/lib/libcustom_msgs__rosidl_typesupport_cpp.so
[2.615s] Listing '/home/jetpack/SEAME-Cluster-24-25/JetRacer/install/custom_msgs/lib/python3.12/site-packages/custom_msgs'...
[2.616s] Listing '/home/jetpack/SEAME-Cluster-24-25/JetRacer/install/custom_msgs/lib/python3.12/site-packages/custom_msgs/msg'...
[2.617s] Listing '/home/jetpack/SEAME-Cluster-24-25/JetRacer/install/custom_msgs/lib/python3.12/site-packages/custom_msgs/srv'...
[2.645s] -- Up-to-date: /home/jetpack/SEAME-Cluster-24-25/JetRacer/install/custom_msgs/lib/libcustom_msgs__rosidl_generator_py.so
[2.646s] -- Up-to-date: /home/jetpack/SEAME-Cluster-24-25/JetRacer/install/custom_msgs/share/custom_msgs/cmake/export_custom_msgs__rosidl_generator_cExport.cmake
[2.647s] -- Up-to-date: /home/jetpack/SEAME-Cluster-24-25/JetRacer/install/custom_msgs/share/custom_msgs/cmake/export_custom_msgs__rosidl_generator_cExport-noconfig.cmake
[2.648s] -- Up-to-date: /home/jetpack/SEAME-Cluster-24-25/JetRacer/install/custom_msgs/share/custom_msgs/cmake/export_custom_msgs__rosidl_typesupport_fastrtps_cExport.cmake
[2.648s] -- Up-to-date: /home/jetpack/SEAME-Cluster-24-25/JetRacer/install/custom_msgs/share/custom_msgs/cmake/export_custom_msgs__rosidl_typesupport_fastrtps_cExport-noconfig.cmake
[2.649s] -- Up-to-date: /home/jetpack/SEAME-Cluster-24-25/JetRacer/install/custom_msgs/share/custom_msgs/cmake/custom_msgs__rosidl_typesupport_introspection_cExport.cmake
[2.650s] -- Up-to-date: /home/jetpack/SEAME-Cluster-24-25/JetRacer/install/custom_msgs/share/custom_msgs/cmake/custom_msgs__rosidl_typesupport_introspection_cExport-noconfig.cmake
[2.651s] -- Up-to-date: /home/jetpack/SEAME-Cluster-24-25/JetRacer/install/custom_msgs/share/custom_msgs/cmake/custom_msgs__rosidl_typesupport_cExport.cmake
[2.651s] -- Up-to-date: /home/jetpack/SEAME-Cluster-24-25/JetRacer/install/custom_msgs/share/custom_msgs/cmake/custom_msgs__rosidl_typesupport_cExport-noconfig.cmake
[2.652s] -- Up-to-date: /home/jetpack/SEAME-Cluster-24-25/JetRacer/install/custom_msgs/share/custom_msgs/cmake/export_custom_msgs__rosidl_generator_cppExport.cmake
[2.653s] -- Up-to-date: /home/jetpack/SEAME-Cluster-24-25/JetRacer/install/custom_msgs/share/custom_msgs/cmake/export_custom_msgs__rosidl_typesupport_fastrtps_cppExport.cmake
[2.653s] -- Up-to-date: /home/jetpack/SEAME-Cluster-24-25/JetRacer/install/custom_msgs/share/custom_msgs/cmake/export_custom_msgs__rosidl_typesupport_fastrtps_cppExport-noconfig.cmake
[2.654s] -- Up-to-date: /home/jetpack/SEAME-Cluster-24-25/JetRacer/install/custom_msgs/share/custom_msgs/cmake/custom_msgs__rosidl_typesupport_introspection_cppExport.cmake
[2.655s] -- Up-to-date: /home/jetpack/SEAME-Cluster-24-25/JetRacer/install/custom_msgs/share/custom_msgs/cmake/custom_msgs__rosidl_typesupport_introspection_cppExport-noconfig.cmake
[2.655s] -- Up-to-date: /home/jetpack/SEAME-Cluster-24-25/JetRacer/install/custom_msgs/share/custom_msgs/cmake/custom_msgs__rosidl_typesupport_cppExport.cmake
[2.656s] -- Up-to-date: /home/jetpack/SEAME-Cluster-24-25/JetRacer/install/custom_msgs/share/custom_msgs/cmake/custom_msgs__rosidl_typesupport_cppExport-noconfig.cmake
[2.657s] -- Up-to-date: /home/jetpack/SEAME-Cluster-24-25/JetRacer/install/custom_msgs/share/custom_msgs/cmake/export_custom_msgs__rosidl_generator_pyExport.cmake
[2.657s] -- Up-to-date: /home/jetpack/SEAME-Cluster-24-25/JetRacer/install/custom_msgs/share/custom_msgs/cmake/export_custom_msgs__rosidl_generator_pyExport-noconfig.cmake
[2.666s] Invoked command in '/home/jetpack/SEAME-Cluster-24-25/JetRacer/build/custom_msgs' returned '0': CMAKE_PREFIX_PATH=/opt/ros/jazzy /usr/bin/cmake --install /home/jetpack/SEAME-Cluster-24-25/JetRacer/build/custom_msgs
