[0.082s] Invoking command in '/home/jetpack/SEAME-Cluster-24-25/JetRacer/build/teleop': CMAKE_PREFIX_PATH=${CMAKE_PREFIX_PATH}:/opt/ros/jazzy /usr/bin/cmake --build /home/jetpack/SEAME-Cluster-24-25/JetRacer/build/teleop -- -j4 -l4
[0.474s] [100%] Built target teleop_node
[0.542s] Invoked command in '/home/jetpack/SEAME-Cluster-24-25/JetRacer/build/teleop' returned '0': CMAKE_PREFIX_PATH=${CMAKE_PREFIX_PATH}:/opt/ros/jazzy /usr/bin/cmake --build /home/jetpack/SEAME-Cluster-24-25/JetRacer/build/teleop -- -j4 -l4
[0.607s] Invoking command in '/home/jetpack/SEAME-Cluster-24-25/JetRacer/build/teleop': CMAKE_PREFIX_PATH=${CMAKE_PREFIX_PATH}:/opt/ros/jazzy /usr/bin/cmake --install /home/jetpack/SEAME-Cluster-24-25/JetRacer/build/teleop
[0.660s] -- Install configuration: ""
[0.663s] -- Execute custom install script
[0.666s] -- Up-to-date symlink: /home/jetpack/SEAME-Cluster-24-25/JetRacer/install/teleop/lib/teleop/teleop_node
[0.667s] -- Up-to-date symlink: /home/jetpack/SEAME-Cluster-24-25/JetRacer/install/teleop/share/ament_index/resource_index/package_run_dependencies/teleop
[0.669s] -- Up-to-date symlink: /home/jetpack/SEAME-Cluster-24-25/JetRacer/install/teleop/share/ament_index/resource_index/parent_prefix_path/teleop
[0.670s] -- Up-to-date symlink: /home/jetpack/SEAME-Cluster-24-25/JetRacer/install/teleop/share/teleop/environment/ament_prefix_path.sh
[0.671s] -- Up-to-date symlink: /home/jetpack/SEAME-Cluster-24-25/JetRacer/install/teleop/share/teleop/environment/ament_prefix_path.dsv
[0.673s] -- Up-to-date symlink: /home/jetpack/SEAME-Cluster-24-25/JetRacer/install/teleop/share/teleop/environment/path.sh
[0.674s] -- Up-to-date symlink: /home/jetpack/SEAME-Cluster-24-25/JetRacer/install/teleop/share/teleop/environment/path.dsv
[0.676s] -- Up-to-date symlink: /home/jetpack/SEAME-Cluster-24-25/JetRacer/install/teleop/share/teleop/local_setup.bash
[0.678s] -- Up-to-date symlink: /home/jetpack/SEAME-Cluster-24-25/JetRacer/install/teleop/share/teleop/local_setup.sh
[0.679s] -- Up-to-date symlink: /home/jetpack/SEAME-Cluster-24-25/JetRacer/install/teleop/share/teleop/local_setup.zsh
[0.680s] -- Up-to-date symlink: /home/jetpack/SEAME-Cluster-24-25/JetRacer/install/teleop/share/teleop/local_setup.dsv
[0.681s] -- Symlinking: /home/jetpack/SEAME-Cluster-24-25/JetRacer/install/teleop/share/teleop/package.dsv
[0.745s] -- Up-to-date symlink: /home/jetpack/SEAME-Cluster-24-25/JetRacer/install/teleop/share/ament_index/resource_index/packages/teleop
[0.746s] -- Up-to-date symlink: /home/jetpack/SEAME-Cluster-24-25/JetRacer/install/teleop/share/teleop/cmake/teleopConfig.cmake
[0.747s] -- Up-to-date symlink: /home/jetpack/SEAME-Cluster-24-25/JetRacer/install/teleop/share/teleop/cmake/teleopConfig-version.cmake
[0.748s] -- Up-to-date symlink: /home/jetpack/SEAME-Cluster-24-25/JetRacer/install/teleop/share/teleop/package.xml
[0.758s] Invoked command in '/home/jetpack/SEAME-Cluster-24-25/JetRacer/build/teleop' returned '0': CMAKE_PREFIX_PATH=${CMAKE_PREFIX_PATH}:/opt/ros/jazzy /usr/bin/cmake --install /home/jetpack/SEAME-Cluster-24-25/JetRacer/build/teleop
