[0.089s] Invoking command in '/home/jetpack/SEAME-Cluster-24-25/JetRacer/build/camera_ros': CMAKE_PREFIX_PATH=${CMAKE_PREFIX_PATH}:/opt/ros/jazzy /usr/bin/cmake --build /home/jetpack/SEAME-Cluster-24-25/JetRacer/build/camera_ros -- -j4 -l4
[0.547s] [ 66%] Built target utils
[0.566s] [ 83%] Built target camera_node
[0.771s] [100%] Built target camera_component
[0.942s] Invoked command in '/home/jetpack/SEAME-Cluster-24-25/JetRacer/build/camera_ros' returned '0': CMAKE_PREFIX_PATH=${CMAKE_PREFIX_PATH}:/opt/ros/jazzy /usr/bin/cmake --build /home/jetpack/SEAME-Cluster-24-25/JetRacer/build/camera_ros -- -j4 -l4
[0.955s] Invoking command in '/home/jetpack/SEAME-Cluster-24-25/JetRacer/build/camera_ros': CMAKE_PREFIX_PATH=${CMAKE_PREFIX_PATH}:/opt/ros/jazzy /usr/bin/cmake --install /home/jetpack/SEAME-Cluster-24-25/JetRacer/build/camera_ros
[1.085s] -- Install configuration: ""
[1.086s] -- Execute custom install script
[1.087s] -- Up-to-date symlink: /home/jetpack/SEAME-Cluster-24-25/JetRacer/install/camera_ros/lib/camera_ros/camera_node
[1.087s] -- Up-to-date symlink: /home/jetpack/SEAME-Cluster-24-25/JetRacer/install/camera_ros/share/camera_ros/environment/library_path.sh
[1.092s] -- Up-to-date symlink: /home/jetpack/SEAME-Cluster-24-25/JetRacer/install/camera_ros/share/camera_ros/environment/library_path.dsv
[1.094s] -- Up-to-date symlink: /home/jetpack/SEAME-Cluster-24-25/JetRacer/install/camera_ros/share/camera_ros//launch/camera.launch.py
[1.097s] -- Up-to-date symlink: /home/jetpack/SEAME-Cluster-24-25/JetRacer/install/camera_ros/share/ament_index/resource_index/package_run_dependencies/camera_ros
[1.100s] -- Up-to-date symlink: /home/jetpack/SEAME-Cluster-24-25/JetRacer/install/camera_ros/share/ament_index/resource_index/parent_prefix_path/camera_ros
[1.104s] -- Up-to-date symlink: /home/jetpack/SEAME-Cluster-24-25/JetRacer/install/camera_ros/share/camera_ros/environment/ament_prefix_path.sh
[1.110s] -- Up-to-date symlink: /home/jetpack/SEAME-Cluster-24-25/JetRacer/install/camera_ros/share/camera_ros/environment/ament_prefix_path.dsv
[1.111s] -- Up-to-date symlink: /home/jetpack/SEAME-Cluster-24-25/JetRacer/install/camera_ros/share/camera_ros/environment/path.sh
[1.114s] -- Up-to-date symlink: /home/jetpack/SEAME-Cluster-24-25/JetRacer/install/camera_ros/share/camera_ros/environment/path.dsv
[1.114s] -- Up-to-date symlink: /home/jetpack/SEAME-Cluster-24-25/JetRacer/install/camera_ros/share/camera_ros/local_setup.bash
[1.116s] -- Up-to-date symlink: /home/jetpack/SEAME-Cluster-24-25/JetRacer/install/camera_ros/share/camera_ros/local_setup.sh
[1.123s] -- Up-to-date symlink: /home/jetpack/SEAME-Cluster-24-25/JetRacer/install/camera_ros/share/camera_ros/local_setup.zsh
[1.124s] -- Up-to-date symlink: /home/jetpack/SEAME-Cluster-24-25/JetRacer/install/camera_ros/share/camera_ros/local_setup.dsv
[1.133s] -- Symlinking: /home/jetpack/SEAME-Cluster-24-25/JetRacer/install/camera_ros/share/camera_ros/package.dsv
[1.217s] -- Up-to-date symlink: /home/jetpack/SEAME-Cluster-24-25/JetRacer/install/camera_ros/share/ament_index/resource_index/packages/camera_ros
[1.219s] -- Up-to-date symlink: /home/jetpack/SEAME-Cluster-24-25/JetRacer/install/camera_ros/share/ament_index/resource_index/rclcpp_components/camera_ros
[1.220s] -- Up-to-date symlink: /home/jetpack/SEAME-Cluster-24-25/JetRacer/install/camera_ros/share/camera_ros/cmake/ament_cmake_export_targets-extras.cmake
[1.224s] -- Up-to-date symlink: /home/jetpack/SEAME-Cluster-24-25/JetRacer/install/camera_ros/share/camera_ros/cmake/ament_cmake_export_dependencies-extras.cmake
[1.228s] -- Up-to-date symlink: /home/jetpack/SEAME-Cluster-24-25/JetRacer/install/camera_ros/share/camera_ros/cmake/camera_rosConfig.cmake
[1.232s] -- Up-to-date symlink: /home/jetpack/SEAME-Cluster-24-25/JetRacer/install/camera_ros/share/camera_ros/cmake/camera_rosConfig-version.cmake
[1.233s] -- Up-to-date symlink: /home/jetpack/SEAME-Cluster-24-25/JetRacer/install/camera_ros/share/camera_ros/package.xml
[1.238s] -- Up-to-date: /home/jetpack/SEAME-Cluster-24-25/JetRacer/install/camera_ros/lib/libcamera_component.so
[1.240s] -- Up-to-date: /home/jetpack/SEAME-Cluster-24-25/JetRacer/install/camera_ros/share/camera_ros/cmake/camera_componentTargetsExport.cmake
[1.245s] -- Up-to-date: /home/jetpack/SEAME-Cluster-24-25/JetRacer/install/camera_ros/share/camera_ros/cmake/camera_componentTargetsExport-noconfig.cmake
[1.274s] Invoked command in '/home/jetpack/SEAME-Cluster-24-25/JetRacer/build/camera_ros' returned '0': CMAKE_PREFIX_PATH=${CMAKE_PREFIX_PATH}:/opt/ros/jazzy /usr/bin/cmake --install /home/jetpack/SEAME-Cluster-24-25/JetRacer/build/camera_ros
