[0.305s] Invoking command in '/home/jetpack/SEAME-Cluster-24-25/JetRacer/build/custom_msgs': CMAKE_PREFIX_PATH=${CMAKE_PREFIX_PATH}:/opt/ros/jazzy /usr/bin/cmake --build /home/jetpack/SEAME-Cluster-24-25/JetRacer/build/custom_msgs -- -j4 -l4
[0.819s] [  1%] Built target custom_msgs__rosidl_generator_type_description
[0.873s] [  1%] Built target ament_cmake_python_symlink_custom_msgs
[1.056s] [  3%] Built target custom_msgs__cpp
[1.066s] [ 25%] Built target custom_msgs__rosidl_generator_c
[1.359s] [ 34%] Built target custom_msgs__rosidl_typesupport_fastrtps_c
[1.459s] [ 43%] Built target custom_msgs__rosidl_typesupport_introspection_c
[1.463s] [ 53%] Built target custom_msgs__rosidl_typesupport_cpp
[1.672s] [ 62%] Built target custom_msgs__rosidl_typesupport_c
[1.707s] [ 71%] Built target custom_msgs__rosidl_typesupport_fastrtps_cpp
[1.744s] [ 81%] Built target custom_msgs__rosidl_typesupport_introspection_cpp
[1.890s] [ 81%] Built target custom_msgs
[2.023s] [ 82%] Built target custom_msgs__py
[2.171s] [ 90%] Built target custom_msgs__rosidl_generator_py
[2.328s] [ 93%] Built target custom_msgs_s__rosidl_typesupport_fastrtps_c
[2.332s] [100%] Built target custom_msgs_s__rosidl_typesupport_introspection_c
[2.334s] [100%] Built target custom_msgs_s__rosidl_typesupport_c
[2.484s] running egg_info
[2.592s] writing custom_msgs.egg-info/PKG-INFO
[2.597s] writing dependency_links to custom_msgs.egg-info/dependency_links.txt
[2.599s] writing top-level names to custom_msgs.egg-info/top_level.txt
[2.906s] reading manifest file 'custom_msgs.egg-info/SOURCES.txt'
[2.909s] writing manifest file 'custom_msgs.egg-info/SOURCES.txt'
[3.077s] [100%] Built target ament_cmake_python_build_custom_msgs_egg
[3.145s] Invoked command in '/home/jetpack/SEAME-Cluster-24-25/JetRacer/build/custom_msgs' returned '0': CMAKE_PREFIX_PATH=${CMAKE_PREFIX_PATH}:/opt/ros/jazzy /usr/bin/cmake --build /home/jetpack/SEAME-Cluster-24-25/JetRacer/build/custom_msgs -- -j4 -l4
[3.151s] Invoking command in '/home/jetpack/SEAME-Cluster-24-25/JetRacer/build/custom_msgs': CMAKE_PREFIX_PATH=${CMAKE_PREFIX_PATH}:/opt/ros/jazzy /usr/bin/cmake --install /home/jetpack/SEAME-Cluster-24-25/JetRacer/build/custom_msgs
[3.203s] -- Install configuration: ""
[3.205s] -- Execute custom install script
[3.207s] -- Up-to-date symlink: /home/jetpack/SEAME-Cluster-24-25/JetRacer/install/custom_msgs/share/ament_index/resource_index/rosidl_interfaces/custom_msgs
[3.208s] -- Up-to-date symlink: /home/jetpack/SEAME-Cluster-24-25/JetRacer/install/custom_msgs/share/custom_msgs/msg/CanFrame.json
[3.209s] -- Up-to-date symlink: /home/jetpack/SEAME-Cluster-24-25/JetRacer/install/custom_msgs/share/custom_msgs/msg/Display.json
[3.210s] -- Up-to-date symlink: /home/jetpack/SEAME-Cluster-24-25/JetRacer/install/custom_msgs/share/custom_msgs/srv/I2cService.json
[3.212s] -- Up-to-date symlink: /home/jetpack/SEAME-Cluster-24-25/JetRacer/install/custom_msgs/share/custom_msgs/srv/CanService.json
[3.216s] -- Up-to-date symlink: /home/jetpack/SEAME-Cluster-24-25/JetRacer/install/custom_msgs/include/custom_msgs/custom_msgs/msg/can_frame.h
[3.217s] -- Up-to-date symlink: /home/jetpack/SEAME-Cluster-24-25/JetRacer/install/custom_msgs/include/custom_msgs/custom_msgs/msg/detail/can_frame__functions.h
[3.218s] -- Up-to-date symlink: /home/jetpack/SEAME-Cluster-24-25/JetRacer/install/custom_msgs/include/custom_msgs/custom_msgs/msg/detail/can_frame__struct.h
[3.219s] -- Up-to-date symlink: /home/jetpack/SEAME-Cluster-24-25/JetRacer/install/custom_msgs/include/custom_msgs/custom_msgs/msg/detail/can_frame__type_support.h
[3.220s] -- Up-to-date symlink: /home/jetpack/SEAME-Cluster-24-25/JetRacer/install/custom_msgs/include/custom_msgs/custom_msgs/msg/detail/display__functions.h
[3.222s] -- Up-to-date symlink: /home/jetpack/SEAME-Cluster-24-25/JetRacer/install/custom_msgs/include/custom_msgs/custom_msgs/msg/detail/display__struct.h
[3.223s] -- Up-to-date symlink: /home/jetpack/SEAME-Cluster-24-25/JetRacer/install/custom_msgs/include/custom_msgs/custom_msgs/msg/detail/display__type_support.h
[3.224s] -- Up-to-date symlink: /home/jetpack/SEAME-Cluster-24-25/JetRacer/install/custom_msgs/include/custom_msgs/custom_msgs/msg/display.h
[3.225s] -- Up-to-date symlink: /home/jetpack/SEAME-Cluster-24-25/JetRacer/install/custom_msgs/include/custom_msgs/custom_msgs/msg/rosidl_generator_c__visibility_control.h
[3.226s] -- Up-to-date symlink: /home/jetpack/SEAME-Cluster-24-25/JetRacer/install/custom_msgs/include/custom_msgs/custom_msgs/srv/can_service.h
[3.228s] -- Up-to-date symlink: /home/jetpack/SEAME-Cluster-24-25/JetRacer/install/custom_msgs/include/custom_msgs/custom_msgs/srv/detail/can_service__functions.h
[3.229s] -- Up-to-date symlink: /home/jetpack/SEAME-Cluster-24-25/JetRacer/install/custom_msgs/include/custom_msgs/custom_msgs/srv/detail/can_service__struct.h
[3.230s] -- Up-to-date symlink: /home/jetpack/SEAME-Cluster-24-25/JetRacer/install/custom_msgs/include/custom_msgs/custom_msgs/srv/detail/can_service__type_support.h
[3.231s] -- Up-to-date symlink: /home/jetpack/SEAME-Cluster-24-25/JetRacer/install/custom_msgs/include/custom_msgs/custom_msgs/srv/detail/i2c_service__functions.h
[3.232s] -- Up-to-date symlink: /home/jetpack/SEAME-Cluster-24-25/JetRacer/install/custom_msgs/include/custom_msgs/custom_msgs/srv/detail/i2c_service__struct.h
[3.233s] -- Up-to-date symlink: /home/jetpack/SEAME-Cluster-24-25/JetRacer/install/custom_msgs/include/custom_msgs/custom_msgs/srv/detail/i2c_service__type_support.h
[3.234s] -- Up-to-date symlink: /home/jetpack/SEAME-Cluster-24-25/JetRacer/install/custom_msgs/include/custom_msgs/custom_msgs/srv/i2c_service.h
[3.235s] -- Up-to-date symlink: /home/jetpack/SEAME-Cluster-24-25/JetRacer/install/custom_msgs/share/custom_msgs/environment/library_path.sh
[3.237s] -- Up-to-date symlink: /home/jetpack/SEAME-Cluster-24-25/JetRacer/install/custom_msgs/share/custom_msgs/environment/library_path.dsv
[3.241s] -- Up-to-date symlink: /home/jetpack/SEAME-Cluster-24-25/JetRacer/install/custom_msgs/include/custom_msgs/custom_msgs/msg/detail/can_frame__rosidl_typesupport_fastrtps_c.h
[3.242s] -- Up-to-date symlink: /home/jetpack/SEAME-Cluster-24-25/JetRacer/install/custom_msgs/include/custom_msgs/custom_msgs/msg/detail/display__rosidl_typesupport_fastrtps_c.h
[3.243s] -- Up-to-date symlink: /home/jetpack/SEAME-Cluster-24-25/JetRacer/install/custom_msgs/include/custom_msgs/custom_msgs/msg/rosidl_typesupport_fastrtps_c__visibility_control.h
[3.244s] -- Up-to-date symlink: /home/jetpack/SEAME-Cluster-24-25/JetRacer/install/custom_msgs/include/custom_msgs/custom_msgs/srv/detail/can_service__rosidl_typesupport_fastrtps_c.h
[3.246s] -- Up-to-date symlink: /home/jetpack/SEAME-Cluster-24-25/JetRacer/install/custom_msgs/include/custom_msgs/custom_msgs/srv/detail/i2c_service__rosidl_typesupport_fastrtps_c.h
[3.249s] -- Up-to-date symlink: /home/jetpack/SEAME-Cluster-24-25/JetRacer/install/custom_msgs/include/custom_msgs/custom_msgs/msg/detail/can_frame__rosidl_typesupport_introspection_c.h
[3.250s] -- Up-to-date symlink: /home/jetpack/SEAME-Cluster-24-25/JetRacer/install/custom_msgs/include/custom_msgs/custom_msgs/msg/detail/display__rosidl_typesupport_introspection_c.h
[3.251s] -- Up-to-date symlink: /home/jetpack/SEAME-Cluster-24-25/JetRacer/install/custom_msgs/include/custom_msgs/custom_msgs/msg/rosidl_typesupport_introspection_c__visibility_control.h
[3.252s] -- Up-to-date symlink: /home/jetpack/SEAME-Cluster-24-25/JetRacer/install/custom_msgs/include/custom_msgs/custom_msgs/srv/detail/can_service__rosidl_typesupport_introspection_c.h
[3.253s] -- Up-to-date symlink: /home/jetpack/SEAME-Cluster-24-25/JetRacer/install/custom_msgs/include/custom_msgs/custom_msgs/srv/detail/i2c_service__rosidl_typesupport_introspection_c.h
[3.257s] -- Up-to-date symlink: /home/jetpack/SEAME-Cluster-24-25/JetRacer/install/custom_msgs/include/custom_msgs/custom_msgs/msg/can_frame.hpp
[3.258s] -- Up-to-date symlink: /home/jetpack/SEAME-Cluster-24-25/JetRacer/install/custom_msgs/include/custom_msgs/custom_msgs/msg/detail/can_frame__builder.hpp
[3.259s] -- Up-to-date symlink: /home/jetpack/SEAME-Cluster-24-25/JetRacer/install/custom_msgs/include/custom_msgs/custom_msgs/msg/detail/can_frame__struct.hpp
[3.260s] -- Up-to-date symlink: /home/jetpack/SEAME-Cluster-24-25/JetRacer/install/custom_msgs/include/custom_msgs/custom_msgs/msg/detail/can_frame__traits.hpp
[3.261s] -- Up-to-date symlink: /home/jetpack/SEAME-Cluster-24-25/JetRacer/install/custom_msgs/include/custom_msgs/custom_msgs/msg/detail/can_frame__type_support.hpp
[3.262s] -- Up-to-date symlink: /home/jetpack/SEAME-Cluster-24-25/JetRacer/install/custom_msgs/include/custom_msgs/custom_msgs/msg/detail/display__builder.hpp
[3.263s] -- Up-to-date symlink: /home/jetpack/SEAME-Cluster-24-25/JetRacer/install/custom_msgs/include/custom_msgs/custom_msgs/msg/detail/display__struct.hpp
[3.264s] -- Up-to-date symlink: /home/jetpack/SEAME-Cluster-24-25/JetRacer/install/custom_msgs/include/custom_msgs/custom_msgs/msg/detail/display__traits.hpp
[3.265s] -- Up-to-date symlink: /home/jetpack/SEAME-Cluster-24-25/JetRacer/install/custom_msgs/include/custom_msgs/custom_msgs/msg/detail/display__type_support.hpp
[3.266s] -- Up-to-date symlink: /home/jetpack/SEAME-Cluster-24-25/JetRacer/install/custom_msgs/include/custom_msgs/custom_msgs/msg/display.hpp
[3.267s] -- Up-to-date symlink: /home/jetpack/SEAME-Cluster-24-25/JetRacer/install/custom_msgs/include/custom_msgs/custom_msgs/msg/rosidl_generator_cpp__visibility_control.hpp
[3.268s] -- Up-to-date symlink: /home/jetpack/SEAME-Cluster-24-25/JetRacer/install/custom_msgs/include/custom_msgs/custom_msgs/srv/can_service.hpp
[3.269s] -- Up-to-date symlink: /home/jetpack/SEAME-Cluster-24-25/JetRacer/install/custom_msgs/include/custom_msgs/custom_msgs/srv/detail/can_service__builder.hpp
[3.270s] -- Up-to-date symlink: /home/jetpack/SEAME-Cluster-24-25/JetRacer/install/custom_msgs/include/custom_msgs/custom_msgs/srv/detail/can_service__struct.hpp
[3.271s] -- Up-to-date symlink: /home/jetpack/SEAME-Cluster-24-25/JetRacer/install/custom_msgs/include/custom_msgs/custom_msgs/srv/detail/can_service__traits.hpp
[3.272s] -- Up-to-date symlink: /home/jetpack/SEAME-Cluster-24-25/JetRacer/install/custom_msgs/include/custom_msgs/custom_msgs/srv/detail/can_service__type_support.hpp
[3.273s] -- Up-to-date symlink: /home/jetpack/SEAME-Cluster-24-25/JetRacer/install/custom_msgs/include/custom_msgs/custom_msgs/srv/detail/i2c_service__builder.hpp
[3.274s] -- Up-to-date symlink: /home/jetpack/SEAME-Cluster-24-25/JetRacer/install/custom_msgs/include/custom_msgs/custom_msgs/srv/detail/i2c_service__struct.hpp
[3.275s] -- Up-to-date symlink: /home/jetpack/SEAME-Cluster-24-25/JetRacer/install/custom_msgs/include/custom_msgs/custom_msgs/srv/detail/i2c_service__traits.hpp
[3.277s] -- Up-to-date symlink: /home/jetpack/SEAME-Cluster-24-25/JetRacer/install/custom_msgs/include/custom_msgs/custom_msgs/srv/detail/i2c_service__type_support.hpp
[3.277s] -- Up-to-date symlink: /home/jetpack/SEAME-Cluster-24-25/JetRacer/install/custom_msgs/include/custom_msgs/custom_msgs/srv/i2c_service.hpp
[3.283s] -- Up-to-date symlink: /home/jetpack/SEAME-Cluster-24-25/JetRacer/install/custom_msgs/include/custom_msgs/custom_msgs/msg/detail/can_frame__rosidl_typesupport_fastrtps_cpp.hpp
[3.284s] -- Up-to-date symlink: /home/jetpack/SEAME-Cluster-24-25/JetRacer/install/custom_msgs/include/custom_msgs/custom_msgs/msg/detail/display__rosidl_typesupport_fastrtps_cpp.hpp
[3.285s] -- Up-to-date symlink: /home/jetpack/SEAME-Cluster-24-25/JetRacer/install/custom_msgs/include/custom_msgs/custom_msgs/msg/rosidl_typesupport_fastrtps_cpp__visibility_control.h
[3.286s] -- Up-to-date symlink: /home/jetpack/SEAME-Cluster-24-25/JetRacer/install/custom_msgs/include/custom_msgs/custom_msgs/srv/detail/can_service__rosidl_typesupport_fastrtps_cpp.hpp
[3.287s] -- Up-to-date symlink: /home/jetpack/SEAME-Cluster-24-25/JetRacer/install/custom_msgs/include/custom_msgs/custom_msgs/srv/detail/i2c_service__rosidl_typesupport_fastrtps_cpp.hpp
[3.290s] -- Up-to-date symlink: /home/jetpack/SEAME-Cluster-24-25/JetRacer/install/custom_msgs/include/custom_msgs/custom_msgs/msg/detail/can_frame__rosidl_typesupport_introspection_cpp.hpp
[3.291s] -- Up-to-date symlink: /home/jetpack/SEAME-Cluster-24-25/JetRacer/install/custom_msgs/include/custom_msgs/custom_msgs/msg/detail/display__rosidl_typesupport_introspection_cpp.hpp
[3.292s] -- Up-to-date symlink: /home/jetpack/SEAME-Cluster-24-25/JetRacer/install/custom_msgs/include/custom_msgs/custom_msgs/srv/detail/can_service__rosidl_typesupport_introspection_cpp.hpp
[3.293s] -- Up-to-date symlink: /home/jetpack/SEAME-Cluster-24-25/JetRacer/install/custom_msgs/include/custom_msgs/custom_msgs/srv/detail/i2c_service__rosidl_typesupport_introspection_cpp.hpp
[3.294s] -- Up-to-date symlink: /home/jetpack/SEAME-Cluster-24-25/JetRacer/install/custom_msgs/share/custom_msgs/environment/pythonpath.sh
[3.296s] -- Up-to-date symlink: /home/jetpack/SEAME-Cluster-24-25/JetRacer/install/custom_msgs/share/custom_msgs/environment/pythonpath.dsv
[3.298s] -- Up-to-date symlink: /home/jetpack/SEAME-Cluster-24-25/JetRacer/install/custom_msgs/lib/python3.12/site-packages/custom_msgs-0.0.0-py3.12.egg-info/PKG-INFO
[3.299s] -- Up-to-date symlink: /home/jetpack/SEAME-Cluster-24-25/JetRacer/install/custom_msgs/lib/python3.12/site-packages/custom_msgs-0.0.0-py3.12.egg-info/SOURCES.txt
[3.300s] -- Up-to-date symlink: /home/jetpack/SEAME-Cluster-24-25/JetRacer/install/custom_msgs/lib/python3.12/site-packages/custom_msgs-0.0.0-py3.12.egg-info/dependency_links.txt
[3.301s] -- Up-to-date symlink: /home/jetpack/SEAME-Cluster-24-25/JetRacer/install/custom_msgs/lib/python3.12/site-packages/custom_msgs-0.0.0-py3.12.egg-info/top_level.txt
[3.307s] -- Up-to-date symlink: /home/jetpack/SEAME-Cluster-24-25/JetRacer/install/custom_msgs/lib/python3.12/site-packages/custom_msgs/__init__.py
[3.308s] -- Up-to-date symlink: /home/jetpack/SEAME-Cluster-24-25/JetRacer/install/custom_msgs/lib/python3.12/site-packages/custom_msgs/_custom_msgs_s.ep.rosidl_typesupport_c.c
[3.309s] -- Up-to-date symlink: /home/jetpack/SEAME-Cluster-24-25/JetRacer/install/custom_msgs/lib/python3.12/site-packages/custom_msgs/_custom_msgs_s.ep.rosidl_typesupport_fastrtps_c.c
[3.309s] -- Up-to-date symlink: /home/jetpack/SEAME-Cluster-24-25/JetRacer/install/custom_msgs/lib/python3.12/site-packages/custom_msgs/_custom_msgs_s.ep.rosidl_typesupport_introspection_c.c
[3.311s] -- Up-to-date symlink: /home/jetpack/SEAME-Cluster-24-25/JetRacer/install/custom_msgs/lib/python3.12/site-packages/custom_msgs/custom_msgs_s__rosidl_typesupport_c.so
[3.311s] -- Up-to-date symlink: /home/jetpack/SEAME-Cluster-24-25/JetRacer/install/custom_msgs/lib/python3.12/site-packages/custom_msgs/custom_msgs_s__rosidl_typesupport_fastrtps_c.so
[3.312s] -- Up-to-date symlink: /home/jetpack/SEAME-Cluster-24-25/JetRacer/install/custom_msgs/lib/python3.12/site-packages/custom_msgs/custom_msgs_s__rosidl_typesupport_introspection_c.so
[3.313s] -- Up-to-date symlink: /home/jetpack/SEAME-Cluster-24-25/JetRacer/install/custom_msgs/lib/python3.12/site-packages/custom_msgs/msg/__init__.py
[3.314s] -- Up-to-date symlink: /home/jetpack/SEAME-Cluster-24-25/JetRacer/install/custom_msgs/lib/python3.12/site-packages/custom_msgs/msg/_can_frame.py
[3.315s] -- Up-to-date symlink: /home/jetpack/SEAME-Cluster-24-25/JetRacer/install/custom_msgs/lib/python3.12/site-packages/custom_msgs/msg/_can_frame_s.c
[3.316s] -- Up-to-date symlink: /home/jetpack/SEAME-Cluster-24-25/JetRacer/install/custom_msgs/lib/python3.12/site-packages/custom_msgs/msg/_display.py
[3.317s] -- Up-to-date symlink: /home/jetpack/SEAME-Cluster-24-25/JetRacer/install/custom_msgs/lib/python3.12/site-packages/custom_msgs/msg/_display_s.c
[3.318s] -- Up-to-date symlink: /home/jetpack/SEAME-Cluster-24-25/JetRacer/install/custom_msgs/lib/python3.12/site-packages/custom_msgs/srv/__init__.py
[3.319s] -- Up-to-date symlink: /home/jetpack/SEAME-Cluster-24-25/JetRacer/install/custom_msgs/lib/python3.12/site-packages/custom_msgs/srv/_can_service.py
[3.320s] -- Up-to-date symlink: /home/jetpack/SEAME-Cluster-24-25/JetRacer/install/custom_msgs/lib/python3.12/site-packages/custom_msgs/srv/_can_service_s.c
[3.321s] -- Up-to-date symlink: /home/jetpack/SEAME-Cluster-24-25/JetRacer/install/custom_msgs/lib/python3.12/site-packages/custom_msgs/srv/_i2c_service.py
[3.322s] -- Up-to-date symlink: /home/jetpack/SEAME-Cluster-24-25/JetRacer/install/custom_msgs/lib/python3.12/site-packages/custom_msgs/srv/_i2c_service_s.c
[3.324s] -- Up-to-date symlink: /home/jetpack/SEAME-Cluster-24-25/JetRacer/install/custom_msgs/lib/python3.12/site-packages/custom_msgs/custom_msgs_s__rosidl_typesupport_fastrtps_c.so
[3.326s] -- Up-to-date symlink: /home/jetpack/SEAME-Cluster-24-25/JetRacer/install/custom_msgs/lib/python3.12/site-packages/custom_msgs/custom_msgs_s__rosidl_typesupport_introspection_c.so
[3.327s] -- Up-to-date symlink: /home/jetpack/SEAME-Cluster-24-25/JetRacer/install/custom_msgs/lib/python3.12/site-packages/custom_msgs/custom_msgs_s__rosidl_typesupport_c.so
[3.328s] -- Up-to-date symlink: /home/jetpack/SEAME-Cluster-24-25/JetRacer/install/custom_msgs/share/custom_msgs/msg/CanFrame.idl
[3.330s] -- Up-to-date symlink: /home/jetpack/SEAME-Cluster-24-25/JetRacer/install/custom_msgs/share/custom_msgs/msg/Display.idl
[3.331s] -- Up-to-date symlink: /home/jetpack/SEAME-Cluster-24-25/JetRacer/install/custom_msgs/share/custom_msgs/srv/I2cService.idl
[3.332s] -- Up-to-date symlink: /home/jetpack/SEAME-Cluster-24-25/JetRacer/install/custom_msgs/share/custom_msgs/srv/CanService.idl
[3.333s] -- Up-to-date symlink: /home/jetpack/SEAME-Cluster-24-25/JetRacer/install/custom_msgs/share/custom_msgs/msg/CanFrame.msg
[3.334s] -- Up-to-date symlink: /home/jetpack/SEAME-Cluster-24-25/JetRacer/install/custom_msgs/share/custom_msgs/msg/Display.msg
[3.336s] -- Up-to-date symlink: /home/jetpack/SEAME-Cluster-24-25/JetRacer/install/custom_msgs/share/custom_msgs/srv/I2cService.srv
[3.337s] -- Up-to-date symlink: /home/jetpack/SEAME-Cluster-24-25/JetRacer/install/custom_msgs/share/custom_msgs/srv/CanService.srv
[3.338s] -- Up-to-date symlink: /home/jetpack/SEAME-Cluster-24-25/JetRacer/install/custom_msgs/share/ament_index/resource_index/package_run_dependencies/custom_msgs
[3.340s] -- Up-to-date symlink: /home/jetpack/SEAME-Cluster-24-25/JetRacer/install/custom_msgs/share/ament_index/resource_index/parent_prefix_path/custom_msgs
[3.341s] -- Up-to-date symlink: /home/jetpack/SEAME-Cluster-24-25/JetRacer/install/custom_msgs/share/custom_msgs/environment/ament_prefix_path.sh
[3.342s] -- Up-to-date symlink: /home/jetpack/SEAME-Cluster-24-25/JetRacer/install/custom_msgs/share/custom_msgs/environment/ament_prefix_path.dsv
[3.343s] -- Up-to-date symlink: /home/jetpack/SEAME-Cluster-24-25/JetRacer/install/custom_msgs/share/custom_msgs/environment/path.sh
[3.344s] -- Up-to-date symlink: /home/jetpack/SEAME-Cluster-24-25/JetRacer/install/custom_msgs/share/custom_msgs/environment/path.dsv
[3.345s] -- Up-to-date symlink: /home/jetpack/SEAME-Cluster-24-25/JetRacer/install/custom_msgs/share/custom_msgs/local_setup.bash
[3.346s] -- Up-to-date symlink: /home/jetpack/SEAME-Cluster-24-25/JetRacer/install/custom_msgs/share/custom_msgs/local_setup.sh
[3.347s] -- Up-to-date symlink: /home/jetpack/SEAME-Cluster-24-25/JetRacer/install/custom_msgs/share/custom_msgs/local_setup.zsh
[3.348s] -- Up-to-date symlink: /home/jetpack/SEAME-Cluster-24-25/JetRacer/install/custom_msgs/share/custom_msgs/local_setup.dsv
[3.349s] -- Symlinking: /home/jetpack/SEAME-Cluster-24-25/JetRacer/install/custom_msgs/share/custom_msgs/package.dsv
[3.406s] -- Up-to-date symlink: /home/jetpack/SEAME-Cluster-24-25/JetRacer/install/custom_msgs/share/ament_index/resource_index/packages/custom_msgs
[3.407s] -- Up-to-date symlink: /home/jetpack/SEAME-Cluster-24-25/JetRacer/install/custom_msgs/share/custom_msgs/cmake/rosidl_cmake-extras.cmake
[3.408s] -- Up-to-date symlink: /home/jetpack/SEAME-Cluster-24-25/JetRacer/install/custom_msgs/share/custom_msgs/cmake/ament_cmake_export_dependencies-extras.cmake
[3.409s] -- Up-to-date symlink: /home/jetpack/SEAME-Cluster-24-25/JetRacer/install/custom_msgs/share/custom_msgs/cmake/ament_cmake_export_include_directories-extras.cmake
[3.411s] -- Up-to-date symlink: /home/jetpack/SEAME-Cluster-24-25/JetRacer/install/custom_msgs/share/custom_msgs/cmake/ament_cmake_export_libraries-extras.cmake
[3.412s] -- Up-to-date symlink: /home/jetpack/SEAME-Cluster-24-25/JetRacer/install/custom_msgs/share/custom_msgs/cmake/ament_cmake_export_targets-extras.cmake
[3.414s] -- Up-to-date symlink: /home/jetpack/SEAME-Cluster-24-25/JetRacer/install/custom_msgs/share/custom_msgs/cmake/rosidl_cmake_export_typesupport_targets-extras.cmake
[3.415s] -- Up-to-date symlink: /home/jetpack/SEAME-Cluster-24-25/JetRacer/install/custom_msgs/share/custom_msgs/cmake/rosidl_cmake_export_typesupport_libraries-extras.cmake
[3.417s] -- Up-to-date symlink: /home/jetpack/SEAME-Cluster-24-25/JetRacer/install/custom_msgs/share/custom_msgs/cmake/custom_msgsConfig.cmake
[3.417s] -- Up-to-date symlink: /home/jetpack/SEAME-Cluster-24-25/JetRacer/install/custom_msgs/share/custom_msgs/cmake/custom_msgsConfig-version.cmake
[3.419s] -- Up-to-date symlink: /home/jetpack/SEAME-Cluster-24-25/JetRacer/install/custom_msgs/share/custom_msgs/package.xml
[3.420s] -- Up-to-date: /home/jetpack/SEAME-Cluster-24-25/JetRacer/install/custom_msgs/lib/libcustom_msgs__rosidl_generator_c.so
[3.422s] -- Up-to-date: /home/jetpack/SEAME-Cluster-24-25/JetRacer/install/custom_msgs/lib/libcustom_msgs__rosidl_typesupport_fastrtps_c.so
[3.424s] -- Up-to-date: /home/jetpack/SEAME-Cluster-24-25/JetRacer/install/custom_msgs/lib/libcustom_msgs__rosidl_typesupport_introspection_c.so
[3.426s] -- Up-to-date: /home/jetpack/SEAME-Cluster-24-25/JetRacer/install/custom_msgs/lib/libcustom_msgs__rosidl_typesupport_c.so
[3.428s] -- Up-to-date: /home/jetpack/SEAME-Cluster-24-25/JetRacer/install/custom_msgs/lib/libcustom_msgs__rosidl_typesupport_fastrtps_cpp.so
[3.431s] -- Up-to-date: /home/jetpack/SEAME-Cluster-24-25/JetRacer/install/custom_msgs/lib/libcustom_msgs__rosidl_typesupport_introspection_cpp.so
[3.433s] -- Up-to-date: /home/jetpack/SEAME-Cluster-24-25/JetRacer/install/custom_msgs/lib/libcustom_msgs__rosidl_typesupport_cpp.so
[3.600s] Listing '/home/jetpack/SEAME-Cluster-24-25/JetRacer/install/custom_msgs/lib/python3.12/site-packages/custom_msgs'...
[3.601s] Listing '/home/jetpack/SEAME-Cluster-24-25/JetRacer/install/custom_msgs/lib/python3.12/site-packages/custom_msgs/msg'...
[3.602s] Listing '/home/jetpack/SEAME-Cluster-24-25/JetRacer/install/custom_msgs/lib/python3.12/site-packages/custom_msgs/srv'...
[3.630s] -- Up-to-date: /home/jetpack/SEAME-Cluster-24-25/JetRacer/install/custom_msgs/lib/libcustom_msgs__rosidl_generator_py.so
[3.632s] -- Up-to-date: /home/jetpack/SEAME-Cluster-24-25/JetRacer/install/custom_msgs/share/custom_msgs/cmake/export_custom_msgs__rosidl_generator_cExport.cmake
[3.632s] -- Up-to-date: /home/jetpack/SEAME-Cluster-24-25/JetRacer/install/custom_msgs/share/custom_msgs/cmake/export_custom_msgs__rosidl_generator_cExport-noconfig.cmake
[3.633s] -- Up-to-date: /home/jetpack/SEAME-Cluster-24-25/JetRacer/install/custom_msgs/share/custom_msgs/cmake/export_custom_msgs__rosidl_typesupport_fastrtps_cExport.cmake
[3.634s] -- Up-to-date: /home/jetpack/SEAME-Cluster-24-25/JetRacer/install/custom_msgs/share/custom_msgs/cmake/export_custom_msgs__rosidl_typesupport_fastrtps_cExport-noconfig.cmake
[3.635s] -- Up-to-date: /home/jetpack/SEAME-Cluster-24-25/JetRacer/install/custom_msgs/share/custom_msgs/cmake/custom_msgs__rosidl_typesupport_introspection_cExport.cmake
[3.635s] -- Up-to-date: /home/jetpack/SEAME-Cluster-24-25/JetRacer/install/custom_msgs/share/custom_msgs/cmake/custom_msgs__rosidl_typesupport_introspection_cExport-noconfig.cmake
[3.636s] -- Up-to-date: /home/jetpack/SEAME-Cluster-24-25/JetRacer/install/custom_msgs/share/custom_msgs/cmake/custom_msgs__rosidl_typesupport_cExport.cmake
[3.637s] -- Up-to-date: /home/jetpack/SEAME-Cluster-24-25/JetRacer/install/custom_msgs/share/custom_msgs/cmake/custom_msgs__rosidl_typesupport_cExport-noconfig.cmake
[3.639s] -- Up-to-date: /home/jetpack/SEAME-Cluster-24-25/JetRacer/install/custom_msgs/share/custom_msgs/cmake/export_custom_msgs__rosidl_generator_cppExport.cmake
[3.640s] -- Up-to-date: /home/jetpack/SEAME-Cluster-24-25/JetRacer/install/custom_msgs/share/custom_msgs/cmake/export_custom_msgs__rosidl_typesupport_fastrtps_cppExport.cmake
[3.640s] -- Up-to-date: /home/jetpack/SEAME-Cluster-24-25/JetRacer/install/custom_msgs/share/custom_msgs/cmake/export_custom_msgs__rosidl_typesupport_fastrtps_cppExport-noconfig.cmake
[3.641s] -- Up-to-date: /home/jetpack/SEAME-Cluster-24-25/JetRacer/install/custom_msgs/share/custom_msgs/cmake/custom_msgs__rosidl_typesupport_introspection_cppExport.cmake
[3.642s] -- Up-to-date: /home/jetpack/SEAME-Cluster-24-25/JetRacer/install/custom_msgs/share/custom_msgs/cmake/custom_msgs__rosidl_typesupport_introspection_cppExport-noconfig.cmake
[3.643s] -- Up-to-date: /home/jetpack/SEAME-Cluster-24-25/JetRacer/install/custom_msgs/share/custom_msgs/cmake/custom_msgs__rosidl_typesupport_cppExport.cmake
[3.643s] -- Up-to-date: /home/jetpack/SEAME-Cluster-24-25/JetRacer/install/custom_msgs/share/custom_msgs/cmake/custom_msgs__rosidl_typesupport_cppExport-noconfig.cmake
[3.644s] -- Up-to-date: /home/jetpack/SEAME-Cluster-24-25/JetRacer/install/custom_msgs/share/custom_msgs/cmake/export_custom_msgs__rosidl_generator_pyExport.cmake
[3.645s] -- Up-to-date: /home/jetpack/SEAME-Cluster-24-25/JetRacer/install/custom_msgs/share/custom_msgs/cmake/export_custom_msgs__rosidl_generator_pyExport-noconfig.cmake
[3.654s] Invoked command in '/home/jetpack/SEAME-Cluster-24-25/JetRacer/build/custom_msgs' returned '0': CMAKE_PREFIX_PATH=${CMAKE_PREFIX_PATH}:/opt/ros/jazzy /usr/bin/cmake --install /home/jetpack/SEAME-Cluster-24-25/JetRacer/build/custom_msgs
