[ 33%] [32mBuilding CXX object CMakeFiles/oled_display_node.dir/src/main.cpp.o[0m
[ 66%] [32mBuilding CXX object CMakeFiles/oled_display_node.dir/src/OledDisplayNode.cpp.o[0m
[100%] [32m[1mLinking CXX executable oled_display_node[0m
[100%] Built target oled_display_node
-- Install configuration: ""
-- Execute custom install script
-- Up-to-date symlink: /home/jetpack/SEAME-Cluster-24-25/JetRacer/install/oled_display/lib/oled_display/oled_display_node
-- Up-to-date symlink: /home/jetpack/SEAME-Cluster-24-25/JetRacer/install/oled_display/share/ament_index/resource_index/package_run_dependencies/oled_display
-- Up-to-date symlink: /home/jetpack/SEAME-Cluster-24-25/JetRacer/install/oled_display/share/ament_index/resource_index/parent_prefix_path/oled_display
-- Up-to-date symlink: /home/jetpack/SEAME-Cluster-24-25/JetRacer/install/oled_display/share/oled_display/environment/ament_prefix_path.sh
-- Up-to-date symlink: /home/jetpack/SEAME-Cluster-24-25/JetRacer/install/oled_display/share/oled_display/environment/ament_prefix_path.dsv
-- Up-to-date symlink: /home/jetpack/SEAME-Cluster-24-25/JetRacer/install/oled_display/share/oled_display/environment/path.sh
-- Up-to-date symlink: /home/jetpack/SEAME-Cluster-24-25/JetRacer/install/oled_display/share/oled_display/environment/path.dsv
-- Up-to-date symlink: /home/jetpack/SEAME-Cluster-24-25/JetRacer/install/oled_display/share/oled_display/local_setup.bash
-- Up-to-date symlink: /home/jetpack/SEAME-Cluster-24-25/JetRacer/install/oled_display/share/oled_display/local_setup.sh
-- Up-to-date symlink: /home/jetpack/SEAME-Cluster-24-25/JetRacer/install/oled_display/share/oled_display/local_setup.zsh
-- Up-to-date symlink: /home/jetpack/SEAME-Cluster-24-25/JetRacer/install/oled_display/share/oled_display/local_setup.dsv
-- Symlinking: /home/jetpack/SEAME-Cluster-24-25/JetRacer/install/oled_display/share/oled_display/package.dsv
-- Up-to-date symlink: /home/jetpack/SEAME-Cluster-24-25/JetRacer/install/oled_display/share/ament_index/resource_index/packages/oled_display
-- Up-to-date symlink: /home/jetpack/SEAME-Cluster-24-25/JetRacer/install/oled_display/share/oled_display/cmake/oled_displayConfig.cmake
-- Up-to-date symlink: /home/jetpack/SEAME-Cluster-24-25/JetRacer/install/oled_display/share/oled_display/cmake/oled_displayConfig-version.cmake
-- Up-to-date symlink: /home/jetpack/SEAME-Cluster-24-25/JetRacer/install/oled_display/share/oled_display/package.xml
