[0.085s] Invoking command in '/home/jetpack/SEAME-Cluster-24-25/JetRacer/build/speed_sensor': AMENT_PREFIX_PATH=/home/jetpack/SEAME-Cluster-24-25/JetRacer/install/custom_msgs:${AMENT_PREFIX_PATH} CMAKE_PREFIX_PATH=/home/jetpack/SEAME-Cluster-24-25/JetRacer/install/custom_msgs:/opt/ros/jazzy LD_LIBRARY_PATH=/home/jetpack/SEAME-Cluster-24-25/JetRacer/install/custom_msgs/lib:${LD_LIBRARY_PATH} PYTHONPATH=/home/jetpack/SEAME-Cluster-24-25/JetRacer/install/custom_msgs/lib/python3.12/site-packages:${PYTHONPATH} /usr/bin/cmake /home/jetpack/SEAME-Cluster-24-25/JetRacer/src/peripherals/speed_sensor -DAMENT_CMAKE_SYMLINK_INSTALL=1 -DCMAKE_INSTALL_PREFIX=/home/jetpack/SEAME-Cluster-24-25/JetRacer/install/speed_sensor
[0.712s] -- The C compiler identification is GNU 13.2.0
[1.295s] -- The CXX compiler identification is GNU 13.2.0
[1.504s] -- Detecting C compiler ABI info
[2.470s] -- Detecting C compiler ABI info - done
[2.561s] -- Check for working C compiler: /usr/bin/cc - skipped
[2.565s] -- Detecting C compile features
[2.567s] -- Detecting C compile features - done
[2.684s] -- Detecting CXX compiler ABI info
[3.670s] -- Detecting CXX compiler ABI info - done
[3.758s] -- Check for working CXX compiler: /usr/bin/c++ - skipped
[3.764s] -- Detecting CXX compile features
[3.771s] -- Detecting CXX compile features - done
[3.818s] -- Found ament_cmake: 2.5.2 (/opt/ros/jazzy/share/ament_cmake/cmake)
[5.063s] -- Found Python3: /usr/bin/python3 (found version "3.12.3") found components: Interpreter 
[5.742s] -- Override CMake install command with custom implementation using symlinks instead of copying resources
[6.073s] -- Found rclcpp: 28.1.5 (/opt/ros/jazzy/share/rclcpp/cmake)
[6.596s] -- Found rosidl_generator_c: 4.6.4 (/opt/ros/jazzy/share/rosidl_generator_c/cmake)
[6.753s] -- Found rosidl_generator_cpp: 4.6.4 (/opt/ros/jazzy/share/rosidl_generator_cpp/cmake)
[6.929s] -- Using all available rosidl_typesupport_c: rosidl_typesupport_fastrtps_c;rosidl_typesupport_introspection_c
[7.212s] -- Using all available rosidl_typesupport_cpp: rosidl_typesupport_fastrtps_cpp;rosidl_typesupport_introspection_cpp
[7.997s] -- Found rmw_implementation_cmake: 7.3.1 (/opt/ros/jazzy/share/rmw_implementation_cmake/cmake)
[8.033s] -- Found rmw_fastrtps_cpp: 8.4.1 (/opt/ros/jazzy/share/rmw_fastrtps_cpp/cmake)
[8.630s] -- Found OpenSSL: /usr/lib/aarch64-linux-gnu/libcrypto.so (found version "3.0.13")  
[8.759s] -- Found FastRTPS: /opt/ros/jazzy/include (Required is at least version "2.13") 
[8.879s] -- Using RMW implementation 'rmw_fastrtps_cpp' as default
[9.316s] -- Found custom_msgs: 0.0.0 (/home/jetpack/SEAME-Cluster-24-25/JetRacer/install/custom_msgs/share/custom_msgs/cmake)
[9.426s] -- Found std_msgs: 5.3.5 (/opt/ros/jazzy/share/std_msgs/cmake)
[10.135s] -- Configuring done (9.9s)
[10.226s] -- Generating done (0.1s)
[10.248s] -- Build files have been written to: /home/jetpack/SEAME-Cluster-24-25/JetRacer/build/speed_sensor
[10.332s] Invoked command in '/home/jetpack/SEAME-Cluster-24-25/JetRacer/build/speed_sensor' returned '0': AMENT_PREFIX_PATH=/home/jetpack/SEAME-Cluster-24-25/JetRacer/install/custom_msgs:${AMENT_PREFIX_PATH} CMAKE_PREFIX_PATH=/home/jetpack/SEAME-Cluster-24-25/JetRacer/install/custom_msgs:/opt/ros/jazzy LD_LIBRARY_PATH=/home/jetpack/SEAME-Cluster-24-25/JetRacer/install/custom_msgs/lib:${LD_LIBRARY_PATH} PYTHONPATH=/home/jetpack/SEAME-Cluster-24-25/JetRacer/install/custom_msgs/lib/python3.12/site-packages:${PYTHONPATH} /usr/bin/cmake /home/jetpack/SEAME-Cluster-24-25/JetRacer/src/peripherals/speed_sensor -DAMENT_CMAKE_SYMLINK_INSTALL=1 -DCMAKE_INSTALL_PREFIX=/home/jetpack/SEAME-Cluster-24-25/JetRacer/install/speed_sensor
[10.335s] Invoking command in '/home/jetpack/SEAME-Cluster-24-25/JetRacer/build/speed_sensor': AMENT_PREFIX_PATH=/home/jetpack/SEAME-Cluster-24-25/JetRacer/install/custom_msgs:${AMENT_PREFIX_PATH} CMAKE_PREFIX_PATH=/home/jetpack/SEAME-Cluster-24-25/JetRacer/install/custom_msgs:/opt/ros/jazzy LD_LIBRARY_PATH=/home/jetpack/SEAME-Cluster-24-25/JetRacer/install/custom_msgs/lib:${LD_LIBRARY_PATH} PYTHONPATH=/home/jetpack/SEAME-Cluster-24-25/JetRacer/install/custom_msgs/lib/python3.12/site-packages:${PYTHONPATH} /usr/bin/cmake --build /home/jetpack/SEAME-Cluster-24-25/JetRacer/build/speed_sensor -- -j4 -l4
[10.676s] [ 33%] [32mBuilding CXX object CMakeFiles/speed_sensor_node.dir/src/main.cpp.o[0m
[29.646s] [ 66%] [32mBuilding CXX object CMakeFiles/speed_sensor_node.dir/src/SpeedSensorNode.cpp.o[0m
[70.440s] [100%] [32m[1mLinking CXX executable speed_sensor_node[0m
[72.308s] [100%] Built target speed_sensor_node
