[0.000000] (-) TimerEvent: {}
[0.000890] (-) JobUnselected: {'identifier': 'battery'}
[0.001018] (-) JobUnselected: {'identifier': 'can_interface'}
[0.001087] (-) JobUnselected: {'identifier': 'custom_msgs'}
[0.001150] (-) JobUnselected: {'identifier': 'dc_motors'}
[0.001212] (-) JobUnselected: {'identifier': 'display_routine'}
[0.001273] (-) JobUnselected: {'identifier': 'i2c_interface'}
[0.001360] (-) JobUnselected: {'identifier': 'i2c_peripheral_stress_test'}
[0.001430] (-) JobUnselected: {'identifier': 'ina219_driver'}
[0.001489] (-) JobUnselected: {'identifier': 'oled_display'}
[0.001548] (-) JobUnselected: {'identifier': 'pca9685_driver'}
[0.001607] (-) JobUnselected: {'identifier': 'servo_motor'}
[0.001666] (-) JobUnselected: {'identifier': 'speed_sensor'}
[0.001732] (camera) JobQueued: {'identifier': 'camera', 'dependencies': OrderedDict()}
[0.002458] (camera) JobStarted: {'identifier': 'camera'}
[0.065822] (camera) JobProgress: {'identifier': 'camera', 'progress': 'cmake'}
[0.070574] (camera) JobProgress: {'identifier': 'camera', 'progress': 'build'}
[0.073205] (camera) Command: {'cmd': ['/usr/bin/cmake', '--build', '/home/jetpack/SEAME-Cluster-24-25/JetRacer/build/camera', '--', '-j4', '-l4'], 'cwd': '/home/jetpack/SEAME-Cluster-24-25/JetRacer/build/camera', 'env': OrderedDict({'USER': 'jetpack', 'SSH_CLIENT': '192.168.1.80 56444 22', 'STARSHIP_SHELL': 'fish', 'XDG_SESSION_TYPE': 'tty', 'LD_LIBRARY_PATH': '/usr/local/lib/aarch64-linux-gnu/libcamera/:/home/jetpack/ros2_v4l2/install/zstd_image_transport/lib:/home/jetpack/ros2_v4l2/install/v4l2_camera/lib:/home/jetpack/ros2_v4l2/install/theora_image_transport/lib:/home/jetpack/ros2_v4l2/install/compressed_image_transport/lib:/home/jetpack/ros2_v4l2/install/compressed_depth_image_transport/lib:/home/jetpack/ros2_v4l2/install/image_transport/lib:/home/jetpack/ros2_v4l2/install/cv_bridge/lib:/home/jetpack/ros2_v4l2/install/camera_info_manager/lib:/home/jetpack/ros2_v4l2/install/camera_calibration_parsers/lib:/usr/local/lib/aarch64-linux-gnu:/usr/local/lib/aarch64-linux-gnu:/home/jetpack/SEAME-Cluster-24-25/JetRacer/install/pca9685_driver/lib:/usr/local/lib/aarch64-linux-gnu:/home/jetpack/SEAME-Cluster-24-25/JetRacer/install/ina219_driver/lib:/usr/local/lib/aarch64-linux-gnu:/home/jetpack/SEAME-Cluster-24-25/JetRacer/install/can_interface/lib:/usr/local/lib/aarch64-linux-gnu:/home/jetpack/SEAME-Cluster-24-25/JetRacer/install/custom_msgs/lib:/usr/local/lib/aarch64-linux-gnu:/opt/ros/jazzy/opt/rviz_ogre_vendor/lib:/usr/local/lib/aarch64-linux-gnu:/opt/ros/jazzy/lib/aarch64-linux-gnu:/usr/local/lib/aarch64-linux-gnu:/opt/ros/jazzy/opt/gz_math_vendor/lib:/usr/local/lib/aarch64-linux-gnu:/opt/ros/jazzy/opt/gz_utils_vendor/lib:/usr/local/lib/aarch64-linux-gnu:/opt/ros/jazzy/opt/gz_cmake_vendor/lib:/usr/local/lib/aarch64-linux-gnu:/opt/ros/jazzy/lib:/usr/local/lib/aarch64-linux-gnu:', 'SHLVL': '1', 'HOME': '/home/jetpack', 'SSH_TTY': '/dev/pts/0', 'ROS_PYTHON_VERSION': '3', 'DBUS_SESSION_BUS_ADDRESS': 'unix:path=/run/user/1002/bus', 'ROS_DISTRO': 'jazzy', 'OMF_PATH': '/home/jetpack/.local/share/omf', 'COLCON_PREFIX_PATH': '/home/jetpack/SEAME-Cluster-24-25/JetRacer/install:/home/jetpack/ros2_v4l2/install', 'LOGNAME': 'jetpack', 'XDG_SESSION_CLASS': 'user', 'ROS_VERSION': '2', 'TERM': 'xterm-256color', 'XDG_SESSION_ID': '2', 'PATH': '/opt/ros/jazzy/bin:/home/jetpack/miniconda3/bin:/Users/Axel/.local/bin:/Users/Axel/.local/share/nvim/mason/bin:usr/bin:/Users/Axel/.fzf/bin:/usr/local/sbin:/usr/local/bin:/usr/sbin:/usr/bin:/sbin:/bin:/usr/games:/usr/local/games:/snap/bin', 'XDG_RUNTIME_DIR': '/run/user/1002', 'LANG': 'C.UTF-8', 'AMENT_PREFIX_PATH': '/home/jetpack/SEAME-Cluster-24-25/JetRacer/install/camera:/home/jetpack/ros2_v4l2/install/image_transport_plugins:/home/jetpack/ros2_v4l2/install/zstd_image_transport:/home/jetpack/ros2_v4l2/install/v4l2_camera:/home/jetpack/ros2_v4l2/install/theora_image_transport:/home/jetpack/ros2_v4l2/install/compressed_image_transport:/home/jetpack/ros2_v4l2/install/compressed_depth_image_transport:/home/jetpack/ros2_v4l2/install/image_transport:/home/jetpack/ros2_v4l2/install/cv_bridge:/home/jetpack/ros2_v4l2/install/camera_info_manager:/home/jetpack/ros2_v4l2/install/camera_calibration_parsers:/opt/ros/jazzy', 'SHELL': '/usr/bin/fish', 'LIBCAMERA_IPA_DIR': '/usr/local/lib/aarch64-linux-gnu/libcamera/', 'WIFI_SSID': 'MEO-BD8310', 'ROS_AUTOMATIC_DISCOVERY_RANGE': 'SUBNET', 'PWD': '/home/jetpack/SEAME-Cluster-24-25/JetRacer/build/camera', 'SSH_CONNECTION': '192.168.1.80 56444 192.168.1.84 22', 'OMF_CONFIG': '/home/jetpack/.config/omf', 'XDG_DATA_DIRS': '/usr/local/share:/usr/share:/var/lib/snapd/desktop', 'STARSHIP_SESSION_KEY': '2839413176262831', 'PYTHONPATH': '/home/jetpack/ros2_v4l2/install/theora_image_transport/lib/python3.12/site-packages:/home/jetpack/ros2_v4l2/install/cv_bridge/lib/python3.12/site-packages:/opt/ros/jazzy/lib/python3.12/site-packages', 'COLCON': '1', 'WARP_THEMES_DIR': '/home/jetpack/.warp/themes', 'EDITOR': 'nvim', 'CMAKE_PREFIX_PATH': '/home/jetpack/SEAME-Cluster-24-25/JetRacer/install/camera:/home/jetpack/ros2_v4l2/install/image_transport_plugins:/home/jetpack/ros2_v4l2/install/zstd_image_transport:/home/jetpack/ros2_v4l2/install/v4l2_camera:/home/jetpack/ros2_v4l2/install/theora_image_transport:/home/jetpack/ros2_v4l2/install/compressed_image_transport:/home/jetpack/ros2_v4l2/install/compressed_depth_image_transport:/home/jetpack/ros2_v4l2/install/image_transport:/home/jetpack/ros2_v4l2/install/cv_bridge:/home/jetpack/ros2_v4l2/install/camera_info_manager:/home/jetpack/ros2_v4l2/install/camera_calibration_parsers:/opt/ros/jazzy/opt/gz_math_vendor:/opt/ros/jazzy/opt/gz_utils_vendor:/opt/ros/jazzy/opt/gz_cmake_vendor:/opt/ros/jazzy', 'WIFI_PASSWORD': '9f24731014'}), 'shell': False}
[0.099201] (-) TimerEvent: {}
[0.199916] (-) TimerEvent: {}
[0.300661] (-) TimerEvent: {}
[0.401370] (-) TimerEvent: {}
[0.502071] (-) TimerEvent: {}
[0.602798] (-) TimerEvent: {}
[0.703632] (-) TimerEvent: {}
[0.716717] (camera) StdoutLine: {'line': b'[ 33%] \x1b[32mBuilding CXX object CMakeFiles/camera_node.dir/src/main.cpp.o\x1b[0m\n'}
[0.742526] (camera) StdoutLine: {'line': b'[ 66%] \x1b[32mBuilding CXX object CMakeFiles/camera_node.dir/src/CameraNode.cpp.o\x1b[0m\n'}
[0.803881] (-) TimerEvent: {}
[0.904827] (-) TimerEvent: {}
[1.005841] (-) TimerEvent: {}
[1.106843] (-) TimerEvent: {}
[1.207913] (-) TimerEvent: {}
[1.309047] (-) TimerEvent: {}
[1.410010] (-) TimerEvent: {}
[1.510688] (-) TimerEvent: {}
[1.611349] (-) TimerEvent: {}
[1.711978] (-) TimerEvent: {}
[1.812633] (-) TimerEvent: {}
[1.913323] (-) TimerEvent: {}
[2.013997] (-) TimerEvent: {}
[2.114712] (-) TimerEvent: {}
[2.215530] (-) TimerEvent: {}
[2.316646] (-) TimerEvent: {}
[2.417773] (-) TimerEvent: {}
[2.518441] (-) TimerEvent: {}
[2.619074] (-) TimerEvent: {}
[2.719769] (-) TimerEvent: {}
[2.820466] (-) TimerEvent: {}
[2.921166] (-) TimerEvent: {}
[3.021989] (-) TimerEvent: {}
[3.122764] (-) TimerEvent: {}
[3.223425] (-) TimerEvent: {}
[3.324037] (-) TimerEvent: {}
[3.424828] (-) TimerEvent: {}
[3.525689] (-) TimerEvent: {}
[3.626354] (-) TimerEvent: {}
[3.727003] (-) TimerEvent: {}
[3.827766] (-) TimerEvent: {}
[3.928450] (-) TimerEvent: {}
[4.029141] (-) TimerEvent: {}
[4.130017] (-) TimerEvent: {}
[4.230914] (-) TimerEvent: {}
[4.331726] (-) TimerEvent: {}
[4.432458] (-) TimerEvent: {}
[4.533213] (-) TimerEvent: {}
[4.634061] (-) TimerEvent: {}
[4.734945] (-) TimerEvent: {}
[4.835769] (-) TimerEvent: {}
[4.936545] (-) TimerEvent: {}
[5.037234] (-) TimerEvent: {}
[5.137976] (-) TimerEvent: {}
[5.238791] (-) TimerEvent: {}
[5.339638] (-) TimerEvent: {}
[5.440378] (-) TimerEvent: {}
[5.541085] (-) TimerEvent: {}
[5.641924] (-) TimerEvent: {}
[5.742796] (-) TimerEvent: {}
[5.843687] (-) TimerEvent: {}
[5.944450] (-) TimerEvent: {}
[6.045149] (-) TimerEvent: {}
[6.145889] (-) TimerEvent: {}
[6.246584] (-) TimerEvent: {}
[6.347382] (-) TimerEvent: {}
[6.448189] (-) TimerEvent: {}
[6.548950] (-) TimerEvent: {}
[6.649782] (-) TimerEvent: {}
[6.750750] (-) TimerEvent: {}
[6.851576] (-) TimerEvent: {}
[6.952275] (-) TimerEvent: {}
[7.053151] (-) TimerEvent: {}
[7.154027] (-) TimerEvent: {}
[7.254852] (-) TimerEvent: {}
[7.355749] (-) TimerEvent: {}
[7.456533] (-) TimerEvent: {}
[7.557245] (-) TimerEvent: {}
[7.658129] (-) TimerEvent: {}
[7.759058] (-) TimerEvent: {}
[7.859888] (-) TimerEvent: {}
[7.960579] (-) TimerEvent: {}
[8.061288] (-) TimerEvent: {}
[8.162094] (-) TimerEvent: {}
[8.262872] (-) TimerEvent: {}
[8.363784] (-) TimerEvent: {}
[8.464765] (-) TimerEvent: {}
[8.565446] (-) TimerEvent: {}
[8.666242] (-) TimerEvent: {}
[8.767007] (-) TimerEvent: {}
[8.867732] (-) TimerEvent: {}
[8.968438] (-) TimerEvent: {}
[9.069163] (-) TimerEvent: {}
[9.170014] (-) TimerEvent: {}
[9.270739] (-) TimerEvent: {}
[9.371437] (-) TimerEvent: {}
[9.472127] (-) TimerEvent: {}
[9.572859] (-) TimerEvent: {}
[9.673601] (-) TimerEvent: {}
[9.774355] (-) TimerEvent: {}
[9.875047] (-) TimerEvent: {}
[9.975871] (-) TimerEvent: {}
[10.076698] (-) TimerEvent: {}
[10.177428] (-) TimerEvent: {}
[10.278159] (-) TimerEvent: {}
[10.378885] (-) TimerEvent: {}
[10.479620] (-) TimerEvent: {}
[10.580363] (-) TimerEvent: {}
[10.681036] (-) TimerEvent: {}
[10.781748] (-) TimerEvent: {}
[10.882459] (-) TimerEvent: {}
[10.983211] (-) TimerEvent: {}
[11.084091] (-) TimerEvent: {}
[11.184826] (-) TimerEvent: {}
[11.285507] (-) TimerEvent: {}
[11.386241] (-) TimerEvent: {}
[11.486974] (-) TimerEvent: {}
[11.587747] (-) TimerEvent: {}
[11.688606] (-) TimerEvent: {}
[11.789349] (-) TimerEvent: {}
[11.890052] (-) TimerEvent: {}
[11.990854] (-) TimerEvent: {}
[12.091597] (-) TimerEvent: {}
[12.192326] (-) TimerEvent: {}
[12.293050] (-) TimerEvent: {}
[12.393802] (-) TimerEvent: {}
[12.494632] (-) TimerEvent: {}
[12.595404] (-) TimerEvent: {}
[12.696152] (-) TimerEvent: {}
[12.796957] (-) TimerEvent: {}
[12.897763] (-) TimerEvent: {}
[12.998494] (-) TimerEvent: {}
[13.099198] (-) TimerEvent: {}
[13.200015] (-) TimerEvent: {}
[13.300877] (-) TimerEvent: {}
[13.401657] (-) TimerEvent: {}
[13.502414] (-) TimerEvent: {}
[13.603121] (-) TimerEvent: {}
[13.703885] (-) TimerEvent: {}
[13.804663] (-) TimerEvent: {}
[13.905424] (-) TimerEvent: {}
[14.006124] (-) TimerEvent: {}
[14.106868] (-) TimerEvent: {}
[14.207625] (-) TimerEvent: {}
[14.308361] (-) TimerEvent: {}
[14.409037] (-) TimerEvent: {}
[14.509812] (-) TimerEvent: {}
[14.610562] (-) TimerEvent: {}
[14.711326] (-) TimerEvent: {}
[14.812041] (-) TimerEvent: {}
[14.912792] (-) TimerEvent: {}
[15.013479] (-) TimerEvent: {}
[15.114200] (-) TimerEvent: {}
[15.214950] (-) TimerEvent: {}
[15.315698] (-) TimerEvent: {}
[15.416447] (-) TimerEvent: {}
[15.517179] (-) TimerEvent: {}
[15.617910] (-) TimerEvent: {}
[15.718830] (-) TimerEvent: {}
[15.819998] (-) TimerEvent: {}
[15.920742] (-) TimerEvent: {}
[16.021465] (-) TimerEvent: {}
[16.122161] (-) TimerEvent: {}
[16.222883] (-) TimerEvent: {}
[16.323657] (-) TimerEvent: {}
[16.424386] (-) TimerEvent: {}
[16.525085] (-) TimerEvent: {}
[16.625800] (-) TimerEvent: {}
[16.726480] (-) TimerEvent: {}
[16.827185] (-) TimerEvent: {}
[16.927927] (-) TimerEvent: {}
[17.028645] (-) TimerEvent: {}
[17.129372] (-) TimerEvent: {}
[17.230094] (-) TimerEvent: {}
[17.330845] (-) TimerEvent: {}
[17.431569] (-) TimerEvent: {}
[17.532332] (-) TimerEvent: {}
[17.633091] (-) TimerEvent: {}
[17.733858] (-) TimerEvent: {}
[17.834587] (-) TimerEvent: {}
[17.935321] (-) TimerEvent: {}
[18.036032] (-) TimerEvent: {}
[18.136934] (-) TimerEvent: {}
[18.238002] (-) TimerEvent: {}
[18.338715] (-) TimerEvent: {}
[18.439449] (-) TimerEvent: {}
[18.540145] (-) TimerEvent: {}
[18.640884] (-) TimerEvent: {}
[18.741634] (-) TimerEvent: {}
[18.842479] (-) TimerEvent: {}
[18.943204] (-) TimerEvent: {}
[19.043970] (-) TimerEvent: {}
[19.144687] (-) TimerEvent: {}
[19.245367] (-) TimerEvent: {}
[19.346152] (-) TimerEvent: {}
[19.446982] (-) TimerEvent: {}
[19.547740] (-) TimerEvent: {}
[19.648434] (-) TimerEvent: {}
[19.749065] (-) TimerEvent: {}
[19.849755] (-) TimerEvent: {}
[19.950456] (-) TimerEvent: {}
[20.051117] (-) TimerEvent: {}
[20.151839] (-) TimerEvent: {}
[20.252444] (-) TimerEvent: {}
[20.353099] (-) TimerEvent: {}
[20.453891] (-) TimerEvent: {}
[20.554564] (-) TimerEvent: {}
[20.655207] (-) TimerEvent: {}
[20.756022] (-) TimerEvent: {}
[20.856694] (-) TimerEvent: {}
[20.957380] (-) TimerEvent: {}
[21.058000] (-) TimerEvent: {}
[21.158685] (-) TimerEvent: {}
[21.259351] (-) TimerEvent: {}
[21.359989] (-) TimerEvent: {}
[21.460738] (-) TimerEvent: {}
[21.561525] (-) TimerEvent: {}
[21.662210] (-) TimerEvent: {}
[21.762898] (-) TimerEvent: {}
[21.863561] (-) TimerEvent: {}
[21.964189] (-) TimerEvent: {}
[22.064979] (-) TimerEvent: {}
[22.165676] (-) TimerEvent: {}
[22.266327] (-) TimerEvent: {}
[22.366953] (-) TimerEvent: {}
[22.467693] (-) TimerEvent: {}
[22.568387] (-) TimerEvent: {}
[22.669018] (-) TimerEvent: {}
[22.769771] (-) TimerEvent: {}
[22.870446] (-) TimerEvent: {}
[22.971074] (-) TimerEvent: {}
[23.071743] (-) TimerEvent: {}
[23.172415] (-) TimerEvent: {}
[23.273025] (-) TimerEvent: {}
[23.373689] (-) TimerEvent: {}
[23.474363] (-) TimerEvent: {}
[23.574975] (-) TimerEvent: {}
[23.675651] (-) TimerEvent: {}
[23.776329] (-) TimerEvent: {}
[23.876972] (-) TimerEvent: {}
[23.977667] (-) TimerEvent: {}
[24.078280] (-) TimerEvent: {}
[24.178939] (-) TimerEvent: {}
[24.279611] (-) TimerEvent: {}
[24.380235] (-) TimerEvent: {}
[24.480908] (-) TimerEvent: {}
[24.581567] (-) TimerEvent: {}
[24.682281] (-) TimerEvent: {}
[24.783469] (-) TimerEvent: {}
[24.884132] (-) TimerEvent: {}
[24.984835] (-) TimerEvent: {}
[25.085463] (-) TimerEvent: {}
[25.186092] (-) TimerEvent: {}
[25.286797] (-) TimerEvent: {}
[25.387514] (-) TimerEvent: {}
[25.488143] (-) TimerEvent: {}
[25.588823] (-) TimerEvent: {}
[25.689461] (-) TimerEvent: {}
[25.790097] (-) TimerEvent: {}
[25.890753] (-) TimerEvent: {}
[25.991412] (-) TimerEvent: {}
[26.092019] (-) TimerEvent: {}
[26.192720] (-) TimerEvent: {}
[26.293396] (-) TimerEvent: {}
[26.394014] (-) TimerEvent: {}
[26.494693] (-) TimerEvent: {}
[26.595356] (-) TimerEvent: {}
[26.695966] (-) TimerEvent: {}
[26.796646] (-) TimerEvent: {}
[26.897249] (-) TimerEvent: {}
[26.997904] (-) TimerEvent: {}
[27.098564] (-) TimerEvent: {}
[27.199263] (-) TimerEvent: {}
[27.299946] (-) TimerEvent: {}
[27.400620] (-) TimerEvent: {}
[27.501252] (-) TimerEvent: {}
[27.601928] (-) TimerEvent: {}
[27.702676] (-) TimerEvent: {}
[27.803512] (-) TimerEvent: {}
[27.904402] (-) TimerEvent: {}
[28.005049] (-) TimerEvent: {}
[28.105784] (-) TimerEvent: {}
[28.206403] (-) TimerEvent: {}
[28.306992] (-) TimerEvent: {}
[28.407649] (-) TimerEvent: {}
[28.508243] (-) TimerEvent: {}
[28.608918] (-) TimerEvent: {}
[28.709566] (-) TimerEvent: {}
[28.810207] (-) TimerEvent: {}
[28.910868] (-) TimerEvent: {}
[29.011471] (-) TimerEvent: {}
[29.112111] (-) TimerEvent: {}
[29.212731] (-) TimerEvent: {}
[29.313389] (-) TimerEvent: {}
[29.414036] (-) TimerEvent: {}
[29.514717] (-) TimerEvent: {}
[29.615383] (-) TimerEvent: {}
[29.716121] (-) TimerEvent: {}
[29.817108] (-) TimerEvent: {}
[29.917783] (-) TimerEvent: {}
[30.018437] (-) TimerEvent: {}
[30.119053] (-) TimerEvent: {}
[30.219739] (-) TimerEvent: {}
[30.320419] (-) TimerEvent: {}
[30.421016] (-) TimerEvent: {}
[30.521688] (-) TimerEvent: {}
[30.622391] (-) TimerEvent: {}
[30.723013] (-) TimerEvent: {}
[30.823743] (-) TimerEvent: {}
[30.924484] (-) TimerEvent: {}
[31.025372] (-) TimerEvent: {}
[31.126026] (-) TimerEvent: {}
[31.226759] (-) TimerEvent: {}
[31.327444] (-) TimerEvent: {}
[31.428134] (-) TimerEvent: {}
[31.528877] (-) TimerEvent: {}
[31.583775] (camera) StdoutLine: {'line': b'[100%] \x1b[32m\x1b[1mLinking CXX executable camera_node\x1b[0m\n'}
[31.629071] (-) TimerEvent: {}
[31.729780] (-) TimerEvent: {}
[31.830699] (-) TimerEvent: {}
[31.931493] (-) TimerEvent: {}
[32.032284] (-) TimerEvent: {}
[32.133132] (-) TimerEvent: {}
[32.233938] (-) TimerEvent: {}
[32.334916] (-) TimerEvent: {}
[32.435681] (-) TimerEvent: {}
[32.536562] (-) TimerEvent: {}
[32.637933] (-) TimerEvent: {}
[32.739134] (-) TimerEvent: {}
[32.840197] (-) TimerEvent: {}
[32.941058] (-) TimerEvent: {}
[33.042240] (-) TimerEvent: {}
[33.143502] (-) TimerEvent: {}
[33.244283] (-) TimerEvent: {}
[33.344904] (-) TimerEvent: {}
[33.445919] (-) TimerEvent: {}
[33.547043] (-) TimerEvent: {}
[33.647804] (-) TimerEvent: {}
[33.748420] (-) TimerEvent: {}
[33.849017] (-) TimerEvent: {}
[33.949885] (-) TimerEvent: {}
[34.050874] (-) TimerEvent: {}
[34.151528] (-) TimerEvent: {}
[34.252458] (-) TimerEvent: {}
[34.353498] (-) TimerEvent: {}
[34.454448] (-) TimerEvent: {}
[34.555159] (-) TimerEvent: {}
[34.655848] (-) TimerEvent: {}
[34.756666] (-) TimerEvent: {}
[34.857501] (-) TimerEvent: {}
[34.958386] (-) TimerEvent: {}
[35.059504] (-) TimerEvent: {}
[35.160466] (-) TimerEvent: {}
[35.261433] (-) TimerEvent: {}
[35.362373] (-) TimerEvent: {}
[35.463016] (-) TimerEvent: {}
[35.563966] (-) TimerEvent: {}
[35.664704] (-) TimerEvent: {}
[35.765425] (-) TimerEvent: {}
[35.844712] (camera) StdoutLine: {'line': b'[100%] Built target camera_node\n'}
[35.865655] (-) TimerEvent: {}
[35.908394] (camera) CommandEnded: {'returncode': 0}
[35.911550] (camera) JobProgress: {'identifier': 'camera', 'progress': 'install'}
[35.968499] (camera) Command: {'cmd': ['/usr/bin/cmake', '--install', '/home/jetpack/SEAME-Cluster-24-25/JetRacer/build/camera'], 'cwd': '/home/jetpack/SEAME-Cluster-24-25/JetRacer/build/camera', 'env': OrderedDict({'USER': 'jetpack', 'SSH_CLIENT': '192.168.1.80 56444 22', 'STARSHIP_SHELL': 'fish', 'XDG_SESSION_TYPE': 'tty', 'LD_LIBRARY_PATH': '/usr/local/lib/aarch64-linux-gnu/libcamera/:/home/jetpack/ros2_v4l2/install/zstd_image_transport/lib:/home/jetpack/ros2_v4l2/install/v4l2_camera/lib:/home/jetpack/ros2_v4l2/install/theora_image_transport/lib:/home/jetpack/ros2_v4l2/install/compressed_image_transport/lib:/home/jetpack/ros2_v4l2/install/compressed_depth_image_transport/lib:/home/jetpack/ros2_v4l2/install/image_transport/lib:/home/jetpack/ros2_v4l2/install/cv_bridge/lib:/home/jetpack/ros2_v4l2/install/camera_info_manager/lib:/home/jetpack/ros2_v4l2/install/camera_calibration_parsers/lib:/usr/local/lib/aarch64-linux-gnu:/usr/local/lib/aarch64-linux-gnu:/home/jetpack/SEAME-Cluster-24-25/JetRacer/install/pca9685_driver/lib:/usr/local/lib/aarch64-linux-gnu:/home/jetpack/SEAME-Cluster-24-25/JetRacer/install/ina219_driver/lib:/usr/local/lib/aarch64-linux-gnu:/home/jetpack/SEAME-Cluster-24-25/JetRacer/install/can_interface/lib:/usr/local/lib/aarch64-linux-gnu:/home/jetpack/SEAME-Cluster-24-25/JetRacer/install/custom_msgs/lib:/usr/local/lib/aarch64-linux-gnu:/opt/ros/jazzy/opt/rviz_ogre_vendor/lib:/usr/local/lib/aarch64-linux-gnu:/opt/ros/jazzy/lib/aarch64-linux-gnu:/usr/local/lib/aarch64-linux-gnu:/opt/ros/jazzy/opt/gz_math_vendor/lib:/usr/local/lib/aarch64-linux-gnu:/opt/ros/jazzy/opt/gz_utils_vendor/lib:/usr/local/lib/aarch64-linux-gnu:/opt/ros/jazzy/opt/gz_cmake_vendor/lib:/usr/local/lib/aarch64-linux-gnu:/opt/ros/jazzy/lib:/usr/local/lib/aarch64-linux-gnu:', 'SHLVL': '1', 'HOME': '/home/jetpack', 'SSH_TTY': '/dev/pts/0', 'ROS_PYTHON_VERSION': '3', 'DBUS_SESSION_BUS_ADDRESS': 'unix:path=/run/user/1002/bus', 'ROS_DISTRO': 'jazzy', 'OMF_PATH': '/home/jetpack/.local/share/omf', 'COLCON_PREFIX_PATH': '/home/jetpack/SEAME-Cluster-24-25/JetRacer/install:/home/jetpack/ros2_v4l2/install', 'LOGNAME': 'jetpack', 'XDG_SESSION_CLASS': 'user', 'ROS_VERSION': '2', 'TERM': 'xterm-256color', 'XDG_SESSION_ID': '2', 'PATH': '/opt/ros/jazzy/bin:/home/jetpack/miniconda3/bin:/Users/Axel/.local/bin:/Users/Axel/.local/share/nvim/mason/bin:usr/bin:/Users/Axel/.fzf/bin:/usr/local/sbin:/usr/local/bin:/usr/sbin:/usr/bin:/sbin:/bin:/usr/games:/usr/local/games:/snap/bin', 'XDG_RUNTIME_DIR': '/run/user/1002', 'LANG': 'C.UTF-8', 'AMENT_PREFIX_PATH': '/home/jetpack/SEAME-Cluster-24-25/JetRacer/install/camera:/home/jetpack/ros2_v4l2/install/image_transport_plugins:/home/jetpack/ros2_v4l2/install/zstd_image_transport:/home/jetpack/ros2_v4l2/install/v4l2_camera:/home/jetpack/ros2_v4l2/install/theora_image_transport:/home/jetpack/ros2_v4l2/install/compressed_image_transport:/home/jetpack/ros2_v4l2/install/compressed_depth_image_transport:/home/jetpack/ros2_v4l2/install/image_transport:/home/jetpack/ros2_v4l2/install/cv_bridge:/home/jetpack/ros2_v4l2/install/camera_info_manager:/home/jetpack/ros2_v4l2/install/camera_calibration_parsers:/opt/ros/jazzy', 'SHELL': '/usr/bin/fish', 'LIBCAMERA_IPA_DIR': '/usr/local/lib/aarch64-linux-gnu/libcamera/', 'WIFI_SSID': 'MEO-BD8310', 'ROS_AUTOMATIC_DISCOVERY_RANGE': 'SUBNET', 'PWD': '/home/jetpack/SEAME-Cluster-24-25/JetRacer/build/camera', 'SSH_CONNECTION': '192.168.1.80 56444 192.168.1.84 22', 'OMF_CONFIG': '/home/jetpack/.config/omf', 'XDG_DATA_DIRS': '/usr/local/share:/usr/share:/var/lib/snapd/desktop', 'STARSHIP_SESSION_KEY': '2839413176262831', 'PYTHONPATH': '/home/jetpack/ros2_v4l2/install/theora_image_transport/lib/python3.12/site-packages:/home/jetpack/ros2_v4l2/install/cv_bridge/lib/python3.12/site-packages:/opt/ros/jazzy/lib/python3.12/site-packages', 'COLCON': '1', 'WARP_THEMES_DIR': '/home/jetpack/.warp/themes', 'EDITOR': 'nvim', 'CMAKE_PREFIX_PATH': '/home/jetpack/SEAME-Cluster-24-25/JetRacer/install/camera:/home/jetpack/ros2_v4l2/install/image_transport_plugins:/home/jetpack/ros2_v4l2/install/zstd_image_transport:/home/jetpack/ros2_v4l2/install/v4l2_camera:/home/jetpack/ros2_v4l2/install/theora_image_transport:/home/jetpack/ros2_v4l2/install/compressed_image_transport:/home/jetpack/ros2_v4l2/install/compressed_depth_image_transport:/home/jetpack/ros2_v4l2/install/image_transport:/home/jetpack/ros2_v4l2/install/cv_bridge:/home/jetpack/ros2_v4l2/install/camera_info_manager:/home/jetpack/ros2_v4l2/install/camera_calibration_parsers:/opt/ros/jazzy/opt/gz_math_vendor:/opt/ros/jazzy/opt/gz_utils_vendor:/opt/ros/jazzy/opt/gz_cmake_vendor:/opt/ros/jazzy', 'WIFI_PASSWORD': '9f24731014'}), 'shell': False}
[35.969900] (-) TimerEvent: {}
[36.017748] (camera) StdoutLine: {'line': b'-- Install configuration: ""\n'}
[36.022742] (camera) StdoutLine: {'line': b'-- Installing: /home/jetpack/SEAME-Cluster-24-25/JetRacer/install/camera/lib/camera/camera_node\n'}
[36.032914] (camera) StdoutLine: {'line': b'-- Set non-toolchain portion of runtime path of "/home/jetpack/SEAME-Cluster-24-25/JetRacer/install/camera/lib/camera/camera_node" to ""\n'}
[36.033637] (camera) StdoutLine: {'line': b'-- Up-to-date: /home/jetpack/SEAME-Cluster-24-25/JetRacer/install/camera/share/ament_index/resource_index/package_run_dependencies/camera\n'}
[36.034184] (camera) StdoutLine: {'line': b'-- Up-to-date: /home/jetpack/SEAME-Cluster-24-25/JetRacer/install/camera/share/ament_index/resource_index/parent_prefix_path/camera\n'}
[36.034764] (camera) StdoutLine: {'line': b'-- Up-to-date: /home/jetpack/SEAME-Cluster-24-25/JetRacer/install/camera/share/camera/environment/ament_prefix_path.sh\n'}
[36.035387] (camera) StdoutLine: {'line': b'-- Up-to-date: /home/jetpack/SEAME-Cluster-24-25/JetRacer/install/camera/share/camera/environment/ament_prefix_path.dsv\n'}
[36.035925] (camera) StdoutLine: {'line': b'-- Up-to-date: /home/jetpack/SEAME-Cluster-24-25/JetRacer/install/camera/share/camera/environment/path.sh\n'}
[36.036373] (camera) StdoutLine: {'line': b'-- Up-to-date: /home/jetpack/SEAME-Cluster-24-25/JetRacer/install/camera/share/camera/environment/path.dsv\n'}
[36.037006] (camera) StdoutLine: {'line': b'-- Up-to-date: /home/jetpack/SEAME-Cluster-24-25/JetRacer/install/camera/share/camera/local_setup.bash\n'}
[36.037631] (camera) StdoutLine: {'line': b'-- Up-to-date: /home/jetpack/SEAME-Cluster-24-25/JetRacer/install/camera/share/camera/local_setup.sh\n'}
[36.038083] (camera) StdoutLine: {'line': b'-- Up-to-date: /home/jetpack/SEAME-Cluster-24-25/JetRacer/install/camera/share/camera/local_setup.zsh\n'}
[36.038580] (camera) StdoutLine: {'line': b'-- Up-to-date: /home/jetpack/SEAME-Cluster-24-25/JetRacer/install/camera/share/camera/local_setup.dsv\n'}
[36.038983] (camera) StdoutLine: {'line': b'-- Installing: /home/jetpack/SEAME-Cluster-24-25/JetRacer/install/camera/share/camera/package.dsv\n'}
[36.039963] (camera) StdoutLine: {'line': b'-- Up-to-date: /home/jetpack/SEAME-Cluster-24-25/JetRacer/install/camera/share/ament_index/resource_index/packages/camera\n'}
[36.040492] (camera) StdoutLine: {'line': b'-- Up-to-date: /home/jetpack/SEAME-Cluster-24-25/JetRacer/install/camera/share/camera/cmake/cameraConfig.cmake\n'}
[36.040969] (camera) StdoutLine: {'line': b'-- Up-to-date: /home/jetpack/SEAME-Cluster-24-25/JetRacer/install/camera/share/camera/cmake/cameraConfig-version.cmake\n'}
[36.041475] (camera) StdoutLine: {'line': b'-- Up-to-date: /home/jetpack/SEAME-Cluster-24-25/JetRacer/install/camera/share/camera/package.xml\n'}
[36.047170] (camera) CommandEnded: {'returncode': 0}
[36.070727] (-) TimerEvent: {}
[36.143031] (camera) JobEnded: {'identifier': 'camera', 'rc': 0}
[36.145730] (-) EventReactorShutdown: {}
