[1.082s] DEBUG:colcon:Command line arguments: ['/usr/bin/colcon', 'build', '--packages-select', 'camera']
[1.082s] DEBUG:colcon:Parsed command line arguments: Namespace(log_base=None, log_level=None, verb_name='build', build_base='build', install_base='install', merge_install=False, symlink_install=False, test_result_base=None, continue_on_error=False, executor='parallel', parallel_workers=4, event_handlers=None, ignore_user_meta=False, metas=['./colcon.meta'], base_paths=['.'], packages_ignore=None, packages_ignore_regex=None, paths=None, packages_up_to=None, packages_up_to_regex=None, packages_above=None, packages_above_and_dependencies=None, packages_above_depth=None, packages_select_by_dep=None, packages_skip_by_dep=None, packages_skip_up_to=None, packages_select_build_failed=False, packages_skip_build_finished=False, packages_select_test_failures=False, packages_skip_test_passed=False, packages_select=['camera'], packages_skip=None, packages_select_regex=None, packages_skip_regex=None, packages_start=None, packages_end=None, allow_overriding=[], cmake_args=None, cmake_target=None, cmake_target_skip_unavailable=False, cmake_clean_cache=False, cmake_clean_first=False, cmake_force_configure=False, ament_cmake_args=None, catkin_cmake_args=None, catkin_skip_building_tests=False, mixin_files=None, mixin=None, verb_parser=<colcon_mixin.mixin.mixin_argument.MixinArgumentDecorator object at 0xffffab9c3a70>, verb_extension=<colcon_core.verb.build.BuildVerb object at 0xffffac3ab140>, main=<bound method BuildVerb.main of <colcon_core.verb.build.BuildVerb object at 0xffffac3ab140>>, mixin_verb=('build',))
[1.359s] Level 1:colcon.colcon_core.package_discovery:discover_packages(colcon_meta) check parameters
[1.360s] Level 1:colcon.colcon_core.package_discovery:discover_packages(recursive) check parameters
[1.360s] Level 1:colcon.colcon_core.package_discovery:discover_packages(ignore) check parameters
[1.360s] Level 1:colcon.colcon_core.package_discovery:discover_packages(path) check parameters
[1.360s] Level 1:colcon.colcon_core.package_discovery:discover_packages(colcon_meta) discover
[1.360s] Level 1:colcon.colcon_core.package_discovery:discover_packages(recursive) discover
[1.361s] INFO:colcon.colcon_core.package_discovery:Crawling recursively for packages in '/home/jetpack/SEAME-Cluster-24-25/JetRacer'
[1.361s] Level 1:colcon.colcon_core.package_identification:_identify(.) by extensions ['ignore', 'ignore_ament_install']
[1.361s] Level 1:colcon.colcon_core.package_identification:_identify(.) by extension 'ignore'
[1.362s] Level 1:colcon.colcon_core.package_identification:_identify(.) by extension 'ignore_ament_install'
[1.362s] Level 1:colcon.colcon_core.package_identification:_identify(.) by extensions ['colcon_pkg']
[1.362s] Level 1:colcon.colcon_core.package_identification:_identify(.) by extension 'colcon_pkg'
[1.362s] Level 1:colcon.colcon_core.package_identification:_identify(.) by extensions ['colcon_meta']
[1.362s] Level 1:colcon.colcon_core.package_identification:_identify(.) by extension 'colcon_meta'
[1.363s] Level 1:colcon.colcon_core.package_identification:_identify(.) by extensions ['ros']
[1.363s] Level 1:colcon.colcon_core.package_identification:_identify(.) by extension 'ros'
[1.506s] Level 1:colcon.colcon_core.package_identification:_identify(.) by extensions ['cmake', 'python']
[1.506s] Level 1:colcon.colcon_core.package_identification:_identify(.) by extension 'cmake'
[1.507s] Level 1:colcon.colcon_core.package_identification:_identify(.) by extension 'python'
[1.507s] Level 1:colcon.colcon_core.package_identification:_identify(.) by extensions ['python_setup_py']
[1.507s] Level 1:colcon.colcon_core.package_identification:_identify(.) by extension 'python_setup_py'
[1.507s] Level 1:colcon.colcon_core.package_identification:_identify(build) by extensions ['ignore', 'ignore_ament_install']
[1.508s] Level 1:colcon.colcon_core.package_identification:_identify(build) by extension 'ignore'
[1.508s] Level 1:colcon.colcon_core.package_identification:_identify(build) ignored
[1.508s] Level 1:colcon.colcon_core.package_identification:_identify(install) by extensions ['ignore', 'ignore_ament_install']
[1.509s] Level 1:colcon.colcon_core.package_identification:_identify(install) by extension 'ignore'
[1.509s] Level 1:colcon.colcon_core.package_identification:_identify(install) ignored
[1.509s] Level 1:colcon.colcon_core.package_identification:_identify(launch) by extensions ['ignore', 'ignore_ament_install']
[1.510s] Level 1:colcon.colcon_core.package_identification:_identify(launch) by extension 'ignore'
[1.510s] Level 1:colcon.colcon_core.package_identification:_identify(launch) by extension 'ignore_ament_install'
[1.510s] Level 1:colcon.colcon_core.package_identification:_identify(launch) by extensions ['colcon_pkg']
[1.510s] Level 1:colcon.colcon_core.package_identification:_identify(launch) by extension 'colcon_pkg'
[1.510s] Level 1:colcon.colcon_core.package_identification:_identify(launch) by extensions ['colcon_meta']
[1.510s] Level 1:colcon.colcon_core.package_identification:_identify(launch) by extension 'colcon_meta'
[1.511s] Level 1:colcon.colcon_core.package_identification:_identify(launch) by extensions ['ros']
[1.511s] Level 1:colcon.colcon_core.package_identification:_identify(launch) by extension 'ros'
[1.511s] Level 1:colcon.colcon_core.package_identification:_identify(launch) by extensions ['cmake', 'python']
[1.511s] Level 1:colcon.colcon_core.package_identification:_identify(launch) by extension 'cmake'
[1.511s] Level 1:colcon.colcon_core.package_identification:_identify(launch) by extension 'python'
[1.511s] Level 1:colcon.colcon_core.package_identification:_identify(launch) by extensions ['python_setup_py']
[1.512s] Level 1:colcon.colcon_core.package_identification:_identify(launch) by extension 'python_setup_py'
[1.512s] Level 1:colcon.colcon_core.package_identification:_identify(launch/__pycache__) by extensions ['ignore', 'ignore_ament_install']
[1.512s] Level 1:colcon.colcon_core.package_identification:_identify(launch/__pycache__) by extension 'ignore'
[1.512s] Level 1:colcon.colcon_core.package_identification:_identify(launch/__pycache__) by extension 'ignore_ament_install'
[1.513s] Level 1:colcon.colcon_core.package_identification:_identify(launch/__pycache__) by extensions ['colcon_pkg']
[1.513s] Level 1:colcon.colcon_core.package_identification:_identify(launch/__pycache__) by extension 'colcon_pkg'
[1.513s] Level 1:colcon.colcon_core.package_identification:_identify(launch/__pycache__) by extensions ['colcon_meta']
[1.513s] Level 1:colcon.colcon_core.package_identification:_identify(launch/__pycache__) by extension 'colcon_meta'
[1.513s] Level 1:colcon.colcon_core.package_identification:_identify(launch/__pycache__) by extensions ['ros']
[1.513s] Level 1:colcon.colcon_core.package_identification:_identify(launch/__pycache__) by extension 'ros'
[1.514s] Level 1:colcon.colcon_core.package_identification:_identify(launch/__pycache__) by extensions ['cmake', 'python']
[1.514s] Level 1:colcon.colcon_core.package_identification:_identify(launch/__pycache__) by extension 'cmake'
[1.514s] Level 1:colcon.colcon_core.package_identification:_identify(launch/__pycache__) by extension 'python'
[1.514s] Level 1:colcon.colcon_core.package_identification:_identify(launch/__pycache__) by extensions ['python_setup_py']
[1.514s] Level 1:colcon.colcon_core.package_identification:_identify(launch/__pycache__) by extension 'python_setup_py'
[1.515s] Level 1:colcon.colcon_core.package_identification:_identify(log) by extensions ['ignore', 'ignore_ament_install']
[1.515s] Level 1:colcon.colcon_core.package_identification:_identify(log) by extension 'ignore'
[1.515s] Level 1:colcon.colcon_core.package_identification:_identify(log) ignored
[1.515s] Level 1:colcon.colcon_core.package_identification:_identify(src) by extensions ['ignore', 'ignore_ament_install']
[1.516s] Level 1:colcon.colcon_core.package_identification:_identify(src) by extension 'ignore'
[1.516s] Level 1:colcon.colcon_core.package_identification:_identify(src) by extension 'ignore_ament_install'
[1.516s] Level 1:colcon.colcon_core.package_identification:_identify(src) by extensions ['colcon_pkg']
[1.516s] Level 1:colcon.colcon_core.package_identification:_identify(src) by extension 'colcon_pkg'
[1.517s] Level 1:colcon.colcon_core.package_identification:_identify(src) by extensions ['colcon_meta']
[1.517s] Level 1:colcon.colcon_core.package_identification:_identify(src) by extension 'colcon_meta'
[1.517s] Level 1:colcon.colcon_core.package_identification:_identify(src) by extensions ['ros']
[1.517s] Level 1:colcon.colcon_core.package_identification:_identify(src) by extension 'ros'
[1.517s] Level 1:colcon.colcon_core.package_identification:_identify(src) by extensions ['cmake', 'python']
[1.517s] Level 1:colcon.colcon_core.package_identification:_identify(src) by extension 'cmake'
[1.517s] Level 1:colcon.colcon_core.package_identification:_identify(src) by extension 'python'
[1.518s] Level 1:colcon.colcon_core.package_identification:_identify(src) by extensions ['python_setup_py']
[1.518s] Level 1:colcon.colcon_core.package_identification:_identify(src) by extension 'python_setup_py'
[1.518s] Level 1:colcon.colcon_core.package_identification:_identify(src/bus_interfaces) by extensions ['ignore', 'ignore_ament_install']
[1.518s] Level 1:colcon.colcon_core.package_identification:_identify(src/bus_interfaces) by extension 'ignore'
[1.519s] Level 1:colcon.colcon_core.package_identification:_identify(src/bus_interfaces) by extension 'ignore_ament_install'
[1.519s] Level 1:colcon.colcon_core.package_identification:_identify(src/bus_interfaces) by extensions ['colcon_pkg']
[1.519s] Level 1:colcon.colcon_core.package_identification:_identify(src/bus_interfaces) by extension 'colcon_pkg'
[1.519s] Level 1:colcon.colcon_core.package_identification:_identify(src/bus_interfaces) by extensions ['colcon_meta']
[1.519s] Level 1:colcon.colcon_core.package_identification:_identify(src/bus_interfaces) by extension 'colcon_meta'
[1.519s] Level 1:colcon.colcon_core.package_identification:_identify(src/bus_interfaces) by extensions ['ros']
[1.519s] Level 1:colcon.colcon_core.package_identification:_identify(src/bus_interfaces) by extension 'ros'
[1.520s] Level 1:colcon.colcon_core.package_identification:_identify(src/bus_interfaces) by extensions ['cmake', 'python']
[1.520s] Level 1:colcon.colcon_core.package_identification:_identify(src/bus_interfaces) by extension 'cmake'
[1.520s] Level 1:colcon.colcon_core.package_identification:_identify(src/bus_interfaces) by extension 'python'
[1.520s] Level 1:colcon.colcon_core.package_identification:_identify(src/bus_interfaces) by extensions ['python_setup_py']
[1.520s] Level 1:colcon.colcon_core.package_identification:_identify(src/bus_interfaces) by extension 'python_setup_py'
[1.521s] Level 1:colcon.colcon_core.package_identification:_identify(src/bus_interfaces/can_interface) by extensions ['ignore', 'ignore_ament_install']
[1.521s] Level 1:colcon.colcon_core.package_identification:_identify(src/bus_interfaces/can_interface) by extension 'ignore'
[1.521s] Level 1:colcon.colcon_core.package_identification:_identify(src/bus_interfaces/can_interface) by extension 'ignore_ament_install'
[1.522s] Level 1:colcon.colcon_core.package_identification:_identify(src/bus_interfaces/can_interface) by extensions ['colcon_pkg']
[1.522s] Level 1:colcon.colcon_core.package_identification:_identify(src/bus_interfaces/can_interface) by extension 'colcon_pkg'
[1.522s] Level 1:colcon.colcon_core.package_identification:_identify(src/bus_interfaces/can_interface) by extensions ['colcon_meta']
[1.522s] Level 1:colcon.colcon_core.package_identification:_identify(src/bus_interfaces/can_interface) by extension 'colcon_meta'
[1.522s] Level 1:colcon.colcon_core.package_identification:_identify(src/bus_interfaces/can_interface) by extensions ['ros']
[1.522s] Level 1:colcon.colcon_core.package_identification:_identify(src/bus_interfaces/can_interface) by extension 'ros'
[1.535s] DEBUG:colcon.colcon_core.package_identification:Package 'src/bus_interfaces/can_interface' with type 'ros.ament_cmake' and name 'can_interface'
[1.535s] Level 1:colcon.colcon_core.package_identification:_identify(src/bus_interfaces/i2c_interface) by extensions ['ignore', 'ignore_ament_install']
[1.536s] Level 1:colcon.colcon_core.package_identification:_identify(src/bus_interfaces/i2c_interface) by extension 'ignore'
[1.536s] Level 1:colcon.colcon_core.package_identification:_identify(src/bus_interfaces/i2c_interface) by extension 'ignore_ament_install'
[1.536s] Level 1:colcon.colcon_core.package_identification:_identify(src/bus_interfaces/i2c_interface) by extensions ['colcon_pkg']
[1.537s] Level 1:colcon.colcon_core.package_identification:_identify(src/bus_interfaces/i2c_interface) by extension 'colcon_pkg'
[1.537s] Level 1:colcon.colcon_core.package_identification:_identify(src/bus_interfaces/i2c_interface) by extensions ['colcon_meta']
[1.537s] Level 1:colcon.colcon_core.package_identification:_identify(src/bus_interfaces/i2c_interface) by extension 'colcon_meta'
[1.537s] Level 1:colcon.colcon_core.package_identification:_identify(src/bus_interfaces/i2c_interface) by extensions ['ros']
[1.537s] Level 1:colcon.colcon_core.package_identification:_identify(src/bus_interfaces/i2c_interface) by extension 'ros'
[1.541s] DEBUG:colcon.colcon_core.package_identification:Package 'src/bus_interfaces/i2c_interface' with type 'ros.ament_cmake' and name 'i2c_interface'
[1.541s] Level 1:colcon.colcon_core.package_identification:_identify(src/head_unit) by extensions ['ignore', 'ignore_ament_install']
[1.541s] Level 1:colcon.colcon_core.package_identification:_identify(src/head_unit) by extension 'ignore'
[1.542s] Level 1:colcon.colcon_core.package_identification:_identify(src/head_unit) by extension 'ignore_ament_install'
[1.542s] Level 1:colcon.colcon_core.package_identification:_identify(src/head_unit) by extensions ['colcon_pkg']
[1.542s] Level 1:colcon.colcon_core.package_identification:_identify(src/head_unit) by extension 'colcon_pkg'
[1.542s] Level 1:colcon.colcon_core.package_identification:_identify(src/head_unit) by extensions ['colcon_meta']
[1.542s] Level 1:colcon.colcon_core.package_identification:_identify(src/head_unit) by extension 'colcon_meta'
[1.543s] Level 1:colcon.colcon_core.package_identification:_identify(src/head_unit) by extensions ['ros']
[1.543s] Level 1:colcon.colcon_core.package_identification:_identify(src/head_unit) by extension 'ros'
[1.543s] Level 1:colcon.colcon_core.package_identification:_identify(src/head_unit) by extensions ['cmake', 'python']
[1.543s] Level 1:colcon.colcon_core.package_identification:_identify(src/head_unit) by extension 'cmake'
[1.544s] Level 1:colcon.colcon_core.package_identification:_identify(src/head_unit) by extension 'python'
[1.544s] Level 1:colcon.colcon_core.package_identification:_identify(src/head_unit) by extensions ['python_setup_py']
[1.544s] Level 1:colcon.colcon_core.package_identification:_identify(src/head_unit) by extension 'python_setup_py'
[1.545s] Level 1:colcon.colcon_core.package_identification:_identify(src/head_unit/display_routine) by extensions ['ignore', 'ignore_ament_install']
[1.545s] Level 1:colcon.colcon_core.package_identification:_identify(src/head_unit/display_routine) by extension 'ignore'
[1.545s] Level 1:colcon.colcon_core.package_identification:_identify(src/head_unit/display_routine) by extension 'ignore_ament_install'
[1.545s] Level 1:colcon.colcon_core.package_identification:_identify(src/head_unit/display_routine) by extensions ['colcon_pkg']
[1.546s] Level 1:colcon.colcon_core.package_identification:_identify(src/head_unit/display_routine) by extension 'colcon_pkg'
[1.546s] Level 1:colcon.colcon_core.package_identification:_identify(src/head_unit/display_routine) by extensions ['colcon_meta']
[1.546s] Level 1:colcon.colcon_core.package_identification:_identify(src/head_unit/display_routine) by extension 'colcon_meta'
[1.546s] Level 1:colcon.colcon_core.package_identification:_identify(src/head_unit/display_routine) by extensions ['ros']
[1.546s] Level 1:colcon.colcon_core.package_identification:_identify(src/head_unit/display_routine) by extension 'ros'
[1.549s] DEBUG:colcon.colcon_core.package_identification:Package 'src/head_unit/display_routine' with type 'ros.ament_cmake' and name 'display_routine'
[1.550s] Level 1:colcon.colcon_core.package_identification:_identify(src/head_unit/tests) by extensions ['ignore', 'ignore_ament_install']
[1.550s] Level 1:colcon.colcon_core.package_identification:_identify(src/head_unit/tests) by extension 'ignore'
[1.550s] Level 1:colcon.colcon_core.package_identification:_identify(src/head_unit/tests) by extension 'ignore_ament_install'
[1.551s] Level 1:colcon.colcon_core.package_identification:_identify(src/head_unit/tests) by extensions ['colcon_pkg']
[1.551s] Level 1:colcon.colcon_core.package_identification:_identify(src/head_unit/tests) by extension 'colcon_pkg'
[1.551s] Level 1:colcon.colcon_core.package_identification:_identify(src/head_unit/tests) by extensions ['colcon_meta']
[1.551s] Level 1:colcon.colcon_core.package_identification:_identify(src/head_unit/tests) by extension 'colcon_meta'
[1.551s] Level 1:colcon.colcon_core.package_identification:_identify(src/head_unit/tests) by extensions ['ros']
[1.551s] Level 1:colcon.colcon_core.package_identification:_identify(src/head_unit/tests) by extension 'ros'
[1.552s] Level 1:colcon.colcon_core.package_identification:_identify(src/head_unit/tests) by extensions ['cmake', 'python']
[1.552s] Level 1:colcon.colcon_core.package_identification:_identify(src/head_unit/tests) by extension 'cmake'
[1.552s] Level 1:colcon.colcon_core.package_identification:_identify(src/head_unit/tests) by extension 'python'
[1.552s] Level 1:colcon.colcon_core.package_identification:_identify(src/head_unit/tests) by extensions ['python_setup_py']
[1.552s] Level 1:colcon.colcon_core.package_identification:_identify(src/head_unit/tests) by extension 'python_setup_py'
[1.553s] Level 1:colcon.colcon_core.package_identification:_identify(src/head_unit/tests/i2c_peripheral_stress_test) by extensions ['ignore', 'ignore_ament_install']
[1.553s] Level 1:colcon.colcon_core.package_identification:_identify(src/head_unit/tests/i2c_peripheral_stress_test) by extension 'ignore'
[1.553s] Level 1:colcon.colcon_core.package_identification:_identify(src/head_unit/tests/i2c_peripheral_stress_test) by extension 'ignore_ament_install'
[1.554s] Level 1:colcon.colcon_core.package_identification:_identify(src/head_unit/tests/i2c_peripheral_stress_test) by extensions ['colcon_pkg']
[1.554s] Level 1:colcon.colcon_core.package_identification:_identify(src/head_unit/tests/i2c_peripheral_stress_test) by extension 'colcon_pkg'
[1.554s] Level 1:colcon.colcon_core.package_identification:_identify(src/head_unit/tests/i2c_peripheral_stress_test) by extensions ['colcon_meta']
[1.554s] Level 1:colcon.colcon_core.package_identification:_identify(src/head_unit/tests/i2c_peripheral_stress_test) by extension 'colcon_meta'
[1.554s] Level 1:colcon.colcon_core.package_identification:_identify(src/head_unit/tests/i2c_peripheral_stress_test) by extensions ['ros']
[1.554s] Level 1:colcon.colcon_core.package_identification:_identify(src/head_unit/tests/i2c_peripheral_stress_test) by extension 'ros'
[1.557s] DEBUG:colcon.colcon_core.package_identification:Package 'src/head_unit/tests/i2c_peripheral_stress_test' with type 'ros.ament_cmake' and name 'i2c_peripheral_stress_test'
[1.558s] Level 1:colcon.colcon_core.package_identification:_identify(src/peripherals) by extensions ['ignore', 'ignore_ament_install']
[1.558s] Level 1:colcon.colcon_core.package_identification:_identify(src/peripherals) by extension 'ignore'
[1.559s] Level 1:colcon.colcon_core.package_identification:_identify(src/peripherals) by extension 'ignore_ament_install'
[1.559s] Level 1:colcon.colcon_core.package_identification:_identify(src/peripherals) by extensions ['colcon_pkg']
[1.559s] Level 1:colcon.colcon_core.package_identification:_identify(src/peripherals) by extension 'colcon_pkg'
[1.559s] Level 1:colcon.colcon_core.package_identification:_identify(src/peripherals) by extensions ['colcon_meta']
[1.559s] Level 1:colcon.colcon_core.package_identification:_identify(src/peripherals) by extension 'colcon_meta'
[1.560s] Level 1:colcon.colcon_core.package_identification:_identify(src/peripherals) by extensions ['ros']
[1.560s] Level 1:colcon.colcon_core.package_identification:_identify(src/peripherals) by extension 'ros'
[1.560s] Level 1:colcon.colcon_core.package_identification:_identify(src/peripherals) by extensions ['cmake', 'python']
[1.560s] Level 1:colcon.colcon_core.package_identification:_identify(src/peripherals) by extension 'cmake'
[1.561s] Level 1:colcon.colcon_core.package_identification:_identify(src/peripherals) by extension 'python'
[1.561s] Level 1:colcon.colcon_core.package_identification:_identify(src/peripherals) by extensions ['python_setup_py']
[1.561s] Level 1:colcon.colcon_core.package_identification:_identify(src/peripherals) by extension 'python_setup_py'
[1.561s] Level 1:colcon.colcon_core.package_identification:_identify(src/peripherals/battery) by extensions ['ignore', 'ignore_ament_install']
[1.562s] Level 1:colcon.colcon_core.package_identification:_identify(src/peripherals/battery) by extension 'ignore'
[1.562s] Level 1:colcon.colcon_core.package_identification:_identify(src/peripherals/battery) by extension 'ignore_ament_install'
[1.562s] Level 1:colcon.colcon_core.package_identification:_identify(src/peripherals/battery) by extensions ['colcon_pkg']
[1.562s] Level 1:colcon.colcon_core.package_identification:_identify(src/peripherals/battery) by extension 'colcon_pkg'
[1.562s] Level 1:colcon.colcon_core.package_identification:_identify(src/peripherals/battery) by extensions ['colcon_meta']
[1.562s] Level 1:colcon.colcon_core.package_identification:_identify(src/peripherals/battery) by extension 'colcon_meta'
[1.563s] Level 1:colcon.colcon_core.package_identification:_identify(src/peripherals/battery) by extensions ['ros']
[1.563s] Level 1:colcon.colcon_core.package_identification:_identify(src/peripherals/battery) by extension 'ros'
[1.566s] DEBUG:colcon.colcon_core.package_identification:Package 'src/peripherals/battery' with type 'ros.ament_cmake' and name 'battery'
[1.567s] Level 1:colcon.colcon_core.package_identification:_identify(src/peripherals/camera) by extensions ['ignore', 'ignore_ament_install']
[1.567s] Level 1:colcon.colcon_core.package_identification:_identify(src/peripherals/camera) by extension 'ignore'
[1.567s] Level 1:colcon.colcon_core.package_identification:_identify(src/peripherals/camera) by extension 'ignore_ament_install'
[1.568s] Level 1:colcon.colcon_core.package_identification:_identify(src/peripherals/camera) by extensions ['colcon_pkg']
[1.568s] Level 1:colcon.colcon_core.package_identification:_identify(src/peripherals/camera) by extension 'colcon_pkg'
[1.568s] Level 1:colcon.colcon_core.package_identification:_identify(src/peripherals/camera) by extensions ['colcon_meta']
[1.568s] Level 1:colcon.colcon_core.package_identification:_identify(src/peripherals/camera) by extension 'colcon_meta'
[1.568s] Level 1:colcon.colcon_core.package_identification:_identify(src/peripherals/camera) by extensions ['ros']
[1.568s] Level 1:colcon.colcon_core.package_identification:_identify(src/peripherals/camera) by extension 'ros'
[1.571s] DEBUG:colcon.colcon_core.package_identification:Package 'src/peripherals/camera' with type 'ros.ament_cmake' and name 'camera'
[1.572s] Level 1:colcon.colcon_core.package_identification:_identify(src/peripherals/dc_motors) by extensions ['ignore', 'ignore_ament_install']
[1.572s] Level 1:colcon.colcon_core.package_identification:_identify(src/peripherals/dc_motors) by extension 'ignore'
[1.572s] Level 1:colcon.colcon_core.package_identification:_identify(src/peripherals/dc_motors) by extension 'ignore_ament_install'
[1.573s] Level 1:colcon.colcon_core.package_identification:_identify(src/peripherals/dc_motors) by extensions ['colcon_pkg']
[1.573s] Level 1:colcon.colcon_core.package_identification:_identify(src/peripherals/dc_motors) by extension 'colcon_pkg'
[1.573s] Level 1:colcon.colcon_core.package_identification:_identify(src/peripherals/dc_motors) by extensions ['colcon_meta']
[1.573s] Level 1:colcon.colcon_core.package_identification:_identify(src/peripherals/dc_motors) by extension 'colcon_meta'
[1.573s] Level 1:colcon.colcon_core.package_identification:_identify(src/peripherals/dc_motors) by extensions ['ros']
[1.573s] Level 1:colcon.colcon_core.package_identification:_identify(src/peripherals/dc_motors) by extension 'ros'
[1.576s] DEBUG:colcon.colcon_core.package_identification:Package 'src/peripherals/dc_motors' with type 'ros.ament_cmake' and name 'dc_motors'
[1.577s] Level 1:colcon.colcon_core.package_identification:_identify(src/peripherals/oled_display) by extensions ['ignore', 'ignore_ament_install']
[1.577s] Level 1:colcon.colcon_core.package_identification:_identify(src/peripherals/oled_display) by extension 'ignore'
[1.577s] Level 1:colcon.colcon_core.package_identification:_identify(src/peripherals/oled_display) by extension 'ignore_ament_install'
[1.578s] Level 1:colcon.colcon_core.package_identification:_identify(src/peripherals/oled_display) by extensions ['colcon_pkg']
[1.578s] Level 1:colcon.colcon_core.package_identification:_identify(src/peripherals/oled_display) by extension 'colcon_pkg'
[1.578s] Level 1:colcon.colcon_core.package_identification:_identify(src/peripherals/oled_display) by extensions ['colcon_meta']
[1.578s] Level 1:colcon.colcon_core.package_identification:_identify(src/peripherals/oled_display) by extension 'colcon_meta'
[1.578s] Level 1:colcon.colcon_core.package_identification:_identify(src/peripherals/oled_display) by extensions ['ros']
[1.578s] Level 1:colcon.colcon_core.package_identification:_identify(src/peripherals/oled_display) by extension 'ros'
[1.581s] DEBUG:colcon.colcon_core.package_identification:Package 'src/peripherals/oled_display' with type 'ros.ament_cmake' and name 'oled_display'
[1.582s] Level 1:colcon.colcon_core.package_identification:_identify(src/peripherals/servo_motor) by extensions ['ignore', 'ignore_ament_install']
[1.582s] Level 1:colcon.colcon_core.package_identification:_identify(src/peripherals/servo_motor) by extension 'ignore'
[1.582s] Level 1:colcon.colcon_core.package_identification:_identify(src/peripherals/servo_motor) by extension 'ignore_ament_install'
[1.583s] Level 1:colcon.colcon_core.package_identification:_identify(src/peripherals/servo_motor) by extensions ['colcon_pkg']
[1.583s] Level 1:colcon.colcon_core.package_identification:_identify(src/peripherals/servo_motor) by extension 'colcon_pkg'
[1.583s] Level 1:colcon.colcon_core.package_identification:_identify(src/peripherals/servo_motor) by extensions ['colcon_meta']
[1.583s] Level 1:colcon.colcon_core.package_identification:_identify(src/peripherals/servo_motor) by extension 'colcon_meta'
[1.583s] Level 1:colcon.colcon_core.package_identification:_identify(src/peripherals/servo_motor) by extensions ['ros']
[1.583s] Level 1:colcon.colcon_core.package_identification:_identify(src/peripherals/servo_motor) by extension 'ros'
[1.586s] DEBUG:colcon.colcon_core.package_identification:Package 'src/peripherals/servo_motor' with type 'ros.ament_cmake' and name 'servo_motor'
[1.587s] Level 1:colcon.colcon_core.package_identification:_identify(src/peripherals/speed_sensor) by extensions ['ignore', 'ignore_ament_install']
[1.587s] Level 1:colcon.colcon_core.package_identification:_identify(src/peripherals/speed_sensor) by extension 'ignore'
[1.587s] Level 1:colcon.colcon_core.package_identification:_identify(src/peripherals/speed_sensor) by extension 'ignore_ament_install'
[1.588s] Level 1:colcon.colcon_core.package_identification:_identify(src/peripherals/speed_sensor) by extensions ['colcon_pkg']
[1.588s] Level 1:colcon.colcon_core.package_identification:_identify(src/peripherals/speed_sensor) by extension 'colcon_pkg'
[1.588s] Level 1:colcon.colcon_core.package_identification:_identify(src/peripherals/speed_sensor) by extensions ['colcon_meta']
[1.588s] Level 1:colcon.colcon_core.package_identification:_identify(src/peripherals/speed_sensor) by extension 'colcon_meta'
[1.588s] Level 1:colcon.colcon_core.package_identification:_identify(src/peripherals/speed_sensor) by extensions ['ros']
[1.588s] Level 1:colcon.colcon_core.package_identification:_identify(src/peripherals/speed_sensor) by extension 'ros'
[1.592s] DEBUG:colcon.colcon_core.package_identification:Package 'src/peripherals/speed_sensor' with type 'ros.ament_cmake' and name 'speed_sensor'
[1.592s] Level 1:colcon.colcon_core.package_identification:_identify(src/utils) by extensions ['ignore', 'ignore_ament_install']
[1.592s] Level 1:colcon.colcon_core.package_identification:_identify(src/utils) by extension 'ignore'
[1.593s] Level 1:colcon.colcon_core.package_identification:_identify(src/utils) by extension 'ignore_ament_install'
[1.593s] Level 1:colcon.colcon_core.package_identification:_identify(src/utils) by extensions ['colcon_pkg']
[1.593s] Level 1:colcon.colcon_core.package_identification:_identify(src/utils) by extension 'colcon_pkg'
[1.593s] Level 1:colcon.colcon_core.package_identification:_identify(src/utils) by extensions ['colcon_meta']
[1.593s] Level 1:colcon.colcon_core.package_identification:_identify(src/utils) by extension 'colcon_meta'
[1.594s] Level 1:colcon.colcon_core.package_identification:_identify(src/utils) by extensions ['ros']
[1.594s] Level 1:colcon.colcon_core.package_identification:_identify(src/utils) by extension 'ros'
[1.594s] Level 1:colcon.colcon_core.package_identification:_identify(src/utils) by extensions ['cmake', 'python']
[1.594s] Level 1:colcon.colcon_core.package_identification:_identify(src/utils) by extension 'cmake'
[1.594s] Level 1:colcon.colcon_core.package_identification:_identify(src/utils) by extension 'python'
[1.595s] Level 1:colcon.colcon_core.package_identification:_identify(src/utils) by extensions ['python_setup_py']
[1.595s] Level 1:colcon.colcon_core.package_identification:_identify(src/utils) by extension 'python_setup_py'
[1.595s] Level 1:colcon.colcon_core.package_identification:_identify(src/utils/custom_msgs) by extensions ['ignore', 'ignore_ament_install']
[1.595s] Level 1:colcon.colcon_core.package_identification:_identify(src/utils/custom_msgs) by extension 'ignore'
[1.596s] Level 1:colcon.colcon_core.package_identification:_identify(src/utils/custom_msgs) by extension 'ignore_ament_install'
[1.596s] Level 1:colcon.colcon_core.package_identification:_identify(src/utils/custom_msgs) by extensions ['colcon_pkg']
[1.596s] Level 1:colcon.colcon_core.package_identification:_identify(src/utils/custom_msgs) by extension 'colcon_pkg'
[1.596s] Level 1:colcon.colcon_core.package_identification:_identify(src/utils/custom_msgs) by extensions ['colcon_meta']
[1.596s] Level 1:colcon.colcon_core.package_identification:_identify(src/utils/custom_msgs) by extension 'colcon_meta'
[1.597s] Level 1:colcon.colcon_core.package_identification:_identify(src/utils/custom_msgs) by extensions ['ros']
[1.597s] Level 1:colcon.colcon_core.package_identification:_identify(src/utils/custom_msgs) by extension 'ros'
[1.599s] DEBUG:colcon.colcon_core.package_identification:Package 'src/utils/custom_msgs' with type 'ros.ament_cmake' and name 'custom_msgs'
[1.600s] Level 1:colcon.colcon_core.package_identification:_identify(src/utils/ina219_driver) by extensions ['ignore', 'ignore_ament_install']
[1.600s] Level 1:colcon.colcon_core.package_identification:_identify(src/utils/ina219_driver) by extension 'ignore'
[1.600s] Level 1:colcon.colcon_core.package_identification:_identify(src/utils/ina219_driver) by extension 'ignore_ament_install'
[1.601s] Level 1:colcon.colcon_core.package_identification:_identify(src/utils/ina219_driver) by extensions ['colcon_pkg']
[1.601s] Level 1:colcon.colcon_core.package_identification:_identify(src/utils/ina219_driver) by extension 'colcon_pkg'
[1.601s] Level 1:colcon.colcon_core.package_identification:_identify(src/utils/ina219_driver) by extensions ['colcon_meta']
[1.601s] Level 1:colcon.colcon_core.package_identification:_identify(src/utils/ina219_driver) by extension 'colcon_meta'
[1.601s] Level 1:colcon.colcon_core.package_identification:_identify(src/utils/ina219_driver) by extensions ['ros']
[1.601s] Level 1:colcon.colcon_core.package_identification:_identify(src/utils/ina219_driver) by extension 'ros'
[1.604s] DEBUG:colcon.colcon_core.package_identification:Package 'src/utils/ina219_driver' with type 'ros.ament_cmake' and name 'ina219_driver'
[1.604s] Level 1:colcon.colcon_core.package_identification:_identify(src/utils/pca9685_driver) by extensions ['ignore', 'ignore_ament_install']
[1.605s] Level 1:colcon.colcon_core.package_identification:_identify(src/utils/pca9685_driver) by extension 'ignore'
[1.605s] Level 1:colcon.colcon_core.package_identification:_identify(src/utils/pca9685_driver) by extension 'ignore_ament_install'
[1.605s] Level 1:colcon.colcon_core.package_identification:_identify(src/utils/pca9685_driver) by extensions ['colcon_pkg']
[1.605s] Level 1:colcon.colcon_core.package_identification:_identify(src/utils/pca9685_driver) by extension 'colcon_pkg'
[1.606s] Level 1:colcon.colcon_core.package_identification:_identify(src/utils/pca9685_driver) by extensions ['colcon_meta']
[1.606s] Level 1:colcon.colcon_core.package_identification:_identify(src/utils/pca9685_driver) by extension 'colcon_meta'
[1.606s] Level 1:colcon.colcon_core.package_identification:_identify(src/utils/pca9685_driver) by extensions ['ros']
[1.606s] Level 1:colcon.colcon_core.package_identification:_identify(src/utils/pca9685_driver) by extension 'ros'
[1.608s] DEBUG:colcon.colcon_core.package_identification:Package 'src/utils/pca9685_driver' with type 'ros.ament_cmake' and name 'pca9685_driver'
[1.609s] Level 1:colcon.colcon_core.package_discovery:discover_packages(recursive) using defaults
[1.609s] Level 1:colcon.colcon_core.package_discovery:discover_packages(ignore) discover
[1.609s] Level 1:colcon.colcon_core.package_discovery:discover_packages(ignore) using defaults
[1.609s] Level 1:colcon.colcon_core.package_discovery:discover_packages(path) discover
[1.609s] Level 1:colcon.colcon_core.package_discovery:discover_packages(path) using defaults
[1.722s] INFO:colcon.colcon_core.package_selection:Skipping not selected package 'custom_msgs' in 'src/utils/custom_msgs'
[1.722s] INFO:colcon.colcon_core.package_selection:Skipping not selected package 'display_routine' in 'src/head_unit/display_routine'
[1.722s] INFO:colcon.colcon_core.package_selection:Skipping not selected package 'i2c_peripheral_stress_test' in 'src/head_unit/tests/i2c_peripheral_stress_test'
[1.723s] INFO:colcon.colcon_core.package_selection:Skipping not selected package 'can_interface' in 'src/bus_interfaces/can_interface'
[1.723s] INFO:colcon.colcon_core.package_selection:Skipping not selected package 'i2c_interface' in 'src/bus_interfaces/i2c_interface'
[1.723s] INFO:colcon.colcon_core.package_selection:Skipping not selected package 'ina219_driver' in 'src/utils/ina219_driver'
[1.723s] INFO:colcon.colcon_core.package_selection:Skipping not selected package 'oled_display' in 'src/peripherals/oled_display'
[1.723s] INFO:colcon.colcon_core.package_selection:Skipping not selected package 'pca9685_driver' in 'src/utils/pca9685_driver'
[1.723s] INFO:colcon.colcon_core.package_selection:Skipping not selected package 'speed_sensor' in 'src/peripherals/speed_sensor'
[1.723s] INFO:colcon.colcon_core.package_selection:Skipping not selected package 'battery' in 'src/peripherals/battery'
[1.723s] INFO:colcon.colcon_core.package_selection:Skipping not selected package 'dc_motors' in 'src/peripherals/dc_motors'
[1.724s] INFO:colcon.colcon_core.package_selection:Skipping not selected package 'servo_motor' in 'src/peripherals/servo_motor'
[1.726s] Level 1:colcon.colcon_core.package_discovery:discover_packages(prefix_path) check parameters
[1.726s] Level 1:colcon.colcon_core.package_discovery:discover_packages(prefix_path) discover
[1.743s] DEBUG:colcon.colcon_installed_package_information.package_discovery:Found 1 installed packages in /home/jetpack/SEAME-Cluster-24-25/JetRacer/install
[1.747s] DEBUG:colcon.colcon_installed_package_information.package_discovery:Found 10 installed packages in /home/jetpack/ros2_v4l2/install
[1.758s] DEBUG:colcon.colcon_installed_package_information.package_discovery:Found 291 installed packages in /opt/ros/jazzy
[1.763s] Level 1:colcon.colcon_core.package_discovery:discover_packages(prefix_path) using defaults
[1.990s] Level 5:colcon.colcon_core.verb:set package 'camera' build argument 'cmake_args' from command line to 'None'
[1.991s] Level 5:colcon.colcon_core.verb:set package 'camera' build argument 'cmake_target' from command line to 'None'
[1.991s] Level 5:colcon.colcon_core.verb:set package 'camera' build argument 'cmake_target_skip_unavailable' from command line to 'False'
[1.991s] Level 5:colcon.colcon_core.verb:set package 'camera' build argument 'cmake_clean_cache' from command line to 'False'
[1.991s] Level 5:colcon.colcon_core.verb:set package 'camera' build argument 'cmake_clean_first' from command line to 'False'
[1.991s] Level 5:colcon.colcon_core.verb:set package 'camera' build argument 'cmake_force_configure' from command line to 'False'
[1.991s] Level 5:colcon.colcon_core.verb:set package 'camera' build argument 'ament_cmake_args' from command line to 'None'
[1.991s] Level 5:colcon.colcon_core.verb:set package 'camera' build argument 'catkin_cmake_args' from command line to 'None'
[1.991s] Level 5:colcon.colcon_core.verb:set package 'camera' build argument 'catkin_skip_building_tests' from command line to 'False'
[1.991s] DEBUG:colcon.colcon_core.verb:Building package 'camera' with the following arguments: {'ament_cmake_args': None, 'build_base': '/home/jetpack/SEAME-Cluster-24-25/JetRacer/build/camera', 'catkin_cmake_args': None, 'catkin_skip_building_tests': False, 'cmake_args': None, 'cmake_clean_cache': False, 'cmake_clean_first': False, 'cmake_force_configure': False, 'cmake_target': None, 'cmake_target_skip_unavailable': False, 'install_base': '/home/jetpack/SEAME-Cluster-24-25/JetRacer/install/camera', 'merge_install': False, 'path': '/home/jetpack/SEAME-Cluster-24-25/JetRacer/src/peripherals/camera', 'symlink_install': False, 'test_result_base': None}
[1.992s] INFO:colcon.colcon_core.executor:Executing jobs using 'parallel' executor
[1.995s] DEBUG:colcon.colcon_parallel_executor.executor.parallel:run_until_complete
[1.997s] INFO:colcon.colcon_ros.task.ament_cmake.build:Building ROS package in '/home/jetpack/SEAME-Cluster-24-25/JetRacer/src/peripherals/camera' with build type 'ament_cmake'
[1.997s] INFO:colcon.colcon_cmake.task.cmake.build:Building CMake package in '/home/jetpack/SEAME-Cluster-24-25/JetRacer/src/peripherals/camera'
[2.018s] INFO:colcon.colcon_core.plugin_system:Skipping extension 'colcon_core.shell.bat': Not used on non-Windows systems
[2.019s] INFO:colcon.colcon_core.shell:Skip shell extension 'powershell' for command environment: Not usable outside of PowerShell
[2.019s] DEBUG:colcon.colcon_core.shell:Skip shell extension 'dsv' for command environment
[2.072s] DEBUG:colcon.colcon_core.event_handler.log_command:Invoking command in '/home/jetpack/SEAME-Cluster-24-25/JetRacer/build/camera': CMAKE_PREFIX_PATH=${CMAKE_PREFIX_PATH}:/opt/ros/jazzy /usr/bin/cmake --build /home/jetpack/SEAME-Cluster-24-25/JetRacer/build/camera -- -j4 -l4
[37.904s] DEBUG:colcon.colcon_core.event_handler.log_command:Invoked command in '/home/jetpack/SEAME-Cluster-24-25/JetRacer/build/camera' returned '0': CMAKE_PREFIX_PATH=${CMAKE_PREFIX_PATH}:/opt/ros/jazzy /usr/bin/cmake --build /home/jetpack/SEAME-Cluster-24-25/JetRacer/build/camera -- -j4 -l4
[37.964s] DEBUG:colcon.colcon_core.event_handler.log_command:Invoking command in '/home/jetpack/SEAME-Cluster-24-25/JetRacer/build/camera': CMAKE_PREFIX_PATH=${CMAKE_PREFIX_PATH}:/opt/ros/jazzy /usr/bin/cmake --install /home/jetpack/SEAME-Cluster-24-25/JetRacer/build/camera
[38.041s] Level 1:colcon.colcon_core.environment:create_environment_scripts_only(camera)
[38.043s] DEBUG:colcon.colcon_core.event_handler.log_command:Invoked command in '/home/jetpack/SEAME-Cluster-24-25/JetRacer/build/camera' returned '0': CMAKE_PREFIX_PATH=${CMAKE_PREFIX_PATH}:/opt/ros/jazzy /usr/bin/cmake --install /home/jetpack/SEAME-Cluster-24-25/JetRacer/build/camera
[38.064s] Level 1:colcon.colcon_core.environment:checking '/home/jetpack/SEAME-Cluster-24-25/JetRacer/install/camera' for CMake module files
[38.069s] Level 1:colcon.colcon_core.environment:checking '/home/jetpack/SEAME-Cluster-24-25/JetRacer/install/camera' for CMake config files
[38.070s] Level 1:colcon.colcon_core.shell:create_environment_hook('camera', 'cmake_prefix_path')
[38.071s] INFO:colcon.colcon_core.shell:Creating environment hook '/home/jetpack/SEAME-Cluster-24-25/JetRacer/install/camera/share/camera/hook/cmake_prefix_path.ps1'
[38.075s] INFO:colcon.colcon_core.shell:Creating environment descriptor '/home/jetpack/SEAME-Cluster-24-25/JetRacer/install/camera/share/camera/hook/cmake_prefix_path.dsv'
[38.077s] INFO:colcon.colcon_core.shell:Creating environment hook '/home/jetpack/SEAME-Cluster-24-25/JetRacer/install/camera/share/camera/hook/cmake_prefix_path.sh'
[38.081s] Level 1:colcon.colcon_core.environment:checking '/home/jetpack/SEAME-Cluster-24-25/JetRacer/install/camera/lib'
[38.082s] Level 1:colcon.colcon_core.environment:checking '/home/jetpack/SEAME-Cluster-24-25/JetRacer/install/camera/bin'
[38.082s] Level 1:colcon.colcon_core.environment:checking '/home/jetpack/SEAME-Cluster-24-25/JetRacer/install/camera/lib/pkgconfig/camera.pc'
[38.083s] Level 1:colcon.colcon_core.environment:checking '/home/jetpack/SEAME-Cluster-24-25/JetRacer/install/camera/lib/python3.12/site-packages'
[38.084s] Level 1:colcon.colcon_core.environment:checking '/home/jetpack/SEAME-Cluster-24-25/JetRacer/install/camera/bin'
[38.085s] INFO:colcon.colcon_core.shell:Creating package script '/home/jetpack/SEAME-Cluster-24-25/JetRacer/install/camera/share/camera/package.ps1'
[38.089s] INFO:colcon.colcon_core.shell:Creating package descriptor '/home/jetpack/SEAME-Cluster-24-25/JetRacer/install/camera/share/camera/package.dsv'
[38.095s] INFO:colcon.colcon_core.shell:Creating package script '/home/jetpack/SEAME-Cluster-24-25/JetRacer/install/camera/share/camera/package.sh'
[38.099s] INFO:colcon.colcon_core.shell:Creating package script '/home/jetpack/SEAME-Cluster-24-25/JetRacer/install/camera/share/camera/package.bash'
[38.103s] INFO:colcon.colcon_core.shell:Creating package script '/home/jetpack/SEAME-Cluster-24-25/JetRacer/install/camera/share/camera/package.zsh'
[38.107s] Level 1:colcon.colcon_core.environment:create_file_with_runtime_dependencies(/home/jetpack/SEAME-Cluster-24-25/JetRacer/install/camera/share/colcon-core/packages/camera)
[38.110s] Level 1:colcon.colcon_core.environment:create_environment_scripts_only(camera)
[38.111s] Level 1:colcon.colcon_core.environment:checking '/home/jetpack/SEAME-Cluster-24-25/JetRacer/install/camera' for CMake module files
[38.114s] Level 1:colcon.colcon_core.environment:checking '/home/jetpack/SEAME-Cluster-24-25/JetRacer/install/camera' for CMake config files
[38.115s] Level 1:colcon.colcon_core.shell:create_environment_hook('camera', 'cmake_prefix_path')
[38.116s] INFO:colcon.colcon_core.shell:Creating environment hook '/home/jetpack/SEAME-Cluster-24-25/JetRacer/install/camera/share/camera/hook/cmake_prefix_path.ps1'
[38.117s] INFO:colcon.colcon_core.shell:Creating environment descriptor '/home/jetpack/SEAME-Cluster-24-25/JetRacer/install/camera/share/camera/hook/cmake_prefix_path.dsv'
[38.119s] INFO:colcon.colcon_core.shell:Creating environment hook '/home/jetpack/SEAME-Cluster-24-25/JetRacer/install/camera/share/camera/hook/cmake_prefix_path.sh'
[38.122s] Level 1:colcon.colcon_core.environment:checking '/home/jetpack/SEAME-Cluster-24-25/JetRacer/install/camera/lib'
[38.122s] Level 1:colcon.colcon_core.environment:checking '/home/jetpack/SEAME-Cluster-24-25/JetRacer/install/camera/bin'
[38.123s] Level 1:colcon.colcon_core.environment:checking '/home/jetpack/SEAME-Cluster-24-25/JetRacer/install/camera/lib/pkgconfig/camera.pc'
[38.123s] Level 1:colcon.colcon_core.environment:checking '/home/jetpack/SEAME-Cluster-24-25/JetRacer/install/camera/lib/python3.12/site-packages'
[38.124s] Level 1:colcon.colcon_core.environment:checking '/home/jetpack/SEAME-Cluster-24-25/JetRacer/install/camera/bin'
[38.125s] INFO:colcon.colcon_core.shell:Creating package script '/home/jetpack/SEAME-Cluster-24-25/JetRacer/install/camera/share/camera/package.ps1'
[38.127s] INFO:colcon.colcon_core.shell:Creating package descriptor '/home/jetpack/SEAME-Cluster-24-25/JetRacer/install/camera/share/camera/package.dsv'
[38.130s] INFO:colcon.colcon_core.shell:Creating package script '/home/jetpack/SEAME-Cluster-24-25/JetRacer/install/camera/share/camera/package.sh'
[38.132s] INFO:colcon.colcon_core.shell:Creating package script '/home/jetpack/SEAME-Cluster-24-25/JetRacer/install/camera/share/camera/package.bash'
[38.133s] INFO:colcon.colcon_core.shell:Creating package script '/home/jetpack/SEAME-Cluster-24-25/JetRacer/install/camera/share/camera/package.zsh'
[38.136s] Level 1:colcon.colcon_core.environment:create_file_with_runtime_dependencies(/home/jetpack/SEAME-Cluster-24-25/JetRacer/install/camera/share/colcon-core/packages/camera)
[38.137s] DEBUG:colcon.colcon_parallel_executor.executor.parallel:closing loop
[38.138s] DEBUG:colcon.colcon_parallel_executor.executor.parallel:loop closed
[38.139s] DEBUG:colcon.colcon_parallel_executor.executor.parallel:run_until_complete finished with '0'
[38.139s] DEBUG:colcon.colcon_core.event_reactor:joining thread
[38.170s] INFO:colcon.colcon_core.plugin_system:Skipping extension 'colcon_notification.desktop_notification.terminal_notifier': Not used on non-Darwin systems
[38.171s] INFO:colcon.colcon_core.plugin_system:Skipping extension 'colcon_notification.desktop_notification.win32': Not used on non-Windows systems
[38.171s] INFO:colcon.colcon_notification.desktop_notification:Sending desktop notification using 'notify2'
[38.176s] DEBUG:colcon.colcon_notification.desktop_notification.notify2:Failed to initialize notify2: org.freedesktop.DBus.Error.ServiceUnknown: The name org.freedesktop.Notifications was not provided by any .service files
[38.176s] DEBUG:colcon.colcon_core.event_reactor:joined thread
[38.177s] INFO:colcon.colcon_core.shell:Creating prefix script '/home/jetpack/SEAME-Cluster-24-25/JetRacer/install/local_setup.ps1'
[38.181s] INFO:colcon.colcon_core.shell:Creating prefix util module '/home/jetpack/SEAME-Cluster-24-25/JetRacer/install/_local_setup_util_ps1.py'
[38.188s] INFO:colcon.colcon_core.shell:Creating prefix chain script '/home/jetpack/SEAME-Cluster-24-25/JetRacer/install/setup.ps1'
[38.197s] INFO:colcon.colcon_core.shell:Creating prefix script '/home/jetpack/SEAME-Cluster-24-25/JetRacer/install/local_setup.sh'
[38.200s] INFO:colcon.colcon_core.shell:Creating prefix util module '/home/jetpack/SEAME-Cluster-24-25/JetRacer/install/_local_setup_util_sh.py'
[38.202s] INFO:colcon.colcon_core.shell:Creating prefix chain script '/home/jetpack/SEAME-Cluster-24-25/JetRacer/install/setup.sh'
[38.210s] INFO:colcon.colcon_core.shell:Creating prefix script '/home/jetpack/SEAME-Cluster-24-25/JetRacer/install/local_setup.bash'
[38.212s] INFO:colcon.colcon_core.shell:Creating prefix chain script '/home/jetpack/SEAME-Cluster-24-25/JetRacer/install/setup.bash'
[38.219s] INFO:colcon.colcon_core.shell:Creating prefix script '/home/jetpack/SEAME-Cluster-24-25/JetRacer/install/local_setup.zsh'
[38.222s] INFO:colcon.colcon_core.shell:Creating prefix chain script '/home/jetpack/SEAME-Cluster-24-25/JetRacer/install/setup.zsh'
