[ 33%] [32mBuilding CXX object CMakeFiles/servo_motor_node.dir/src/main.cpp.o[0m
[ 66%] [32mBuilding CXX object CMakeFiles/servo_motor_node.dir/src/ServoNode.cpp.o[0m
[100%] [32m[1mLinking CXX executable servo_motor_node[0m
[100%] Built target servo_motor_node
-- Install configuration: ""
-- Execute custom install script
-- Up-to-date symlink: /home/jetpack/SEAME-Cluster-24-25/JetRacer/install/servo_motor/lib/servo_motor/servo_motor_node
-- Up-to-date symlink: /home/jetpack/SEAME-Cluster-24-25/JetRacer/install/servo_motor/share/ament_index/resource_index/package_run_dependencies/servo_motor
-- Up-to-date symlink: /home/jetpack/SEAME-Cluster-24-25/JetRacer/install/servo_motor/share/ament_index/resource_index/parent_prefix_path/servo_motor
-- Up-to-date symlink: /home/jetpack/SEAME-Cluster-24-25/JetRacer/install/servo_motor/share/servo_motor/environment/ament_prefix_path.sh
-- Up-to-date symlink: /home/jetpack/SEAME-Cluster-24-25/JetRacer/install/servo_motor/share/servo_motor/environment/ament_prefix_path.dsv
-- Up-to-date symlink: /home/jetpack/SEAME-Cluster-24-25/JetRacer/install/servo_motor/share/servo_motor/environment/path.sh
-- Up-to-date symlink: /home/jetpack/SEAME-Cluster-24-25/JetRacer/install/servo_motor/share/servo_motor/environment/path.dsv
-- Up-to-date symlink: /home/jetpack/SEAME-Cluster-24-25/JetRacer/install/servo_motor/share/servo_motor/local_setup.bash
-- Up-to-date symlink: /home/jetpack/SEAME-Cluster-24-25/JetRacer/install/servo_motor/share/servo_motor/local_setup.sh
-- Up-to-date symlink: /home/jetpack/SEAME-Cluster-24-25/JetRacer/install/servo_motor/share/servo_motor/local_setup.zsh
-- Up-to-date symlink: /home/jetpack/SEAME-Cluster-24-25/JetRacer/install/servo_motor/share/servo_motor/local_setup.dsv
-- Symlinking: /home/jetpack/SEAME-Cluster-24-25/JetRacer/install/servo_motor/share/servo_motor/package.dsv
-- Up-to-date symlink: /home/jetpack/SEAME-Cluster-24-25/JetRacer/install/servo_motor/share/ament_index/resource_index/packages/servo_motor
-- Up-to-date symlink: /home/jetpack/SEAME-Cluster-24-25/JetRacer/install/servo_motor/share/servo_motor/cmake/servo_motorConfig.cmake
-- Up-to-date symlink: /home/jetpack/SEAME-Cluster-24-25/JetRacer/install/servo_motor/share/servo_motor/cmake/servo_motorConfig-version.cmake
-- Up-to-date symlink: /home/jetpack/SEAME-Cluster-24-25/JetRacer/install/servo_motor/share/servo_motor/package.xml
