[0.000000] (-) TimerEvent: {}
[0.000949] (-) JobUnselected: {'identifier': 'battery'}
[0.001084] (-) JobUnselected: {'identifier': 'can_interface'}
[0.001155] (-) JobUnselected: {'identifier': 'custom_msgs'}
[0.001219] (-) JobUnselected: {'identifier': 'dc_motors'}
[0.001281] (-) JobUnselected: {'identifier': 'display_routine'}
[0.001343] (-) JobUnselected: {'identifier': 'i2c_interface'}
[0.001404] (-) JobUnselected: {'identifier': 'i2c_peripheral_stress_test'}
[0.001485] (-) JobUnselected: {'identifier': 'ina219_driver'}
[0.001556] (-) JobUnselected: {'identifier': 'oled_display'}
[0.001616] (-) JobUnselected: {'identifier': 'pca9685_driver'}
[0.001676] (-) JobUnselected: {'identifier': 'servo_motor'}
[0.001737] (-) JobUnselected: {'identifier': 'speed_sensor'}
[0.001804] (camera) JobQueued: {'identifier': 'camera', 'dependencies': OrderedDict()}
[0.002571] (camera) JobStarted: {'identifier': 'camera'}
[0.053744] (camera) JobProgress: {'identifier': 'camera', 'progress': 'cmake'}
[0.057478] (camera) JobProgress: {'identifier': 'camera', 'progress': 'build'}
[0.060273] (camera) Command: {'cmd': ['/usr/bin/cmake', '--build', '/home/jetpack/SEAME-Cluster-24-25/JetRacer/build/camera', '--', '-j4', '-l4'], 'cwd': '/home/jetpack/SEAME-Cluster-24-25/JetRacer/build/camera', 'env': OrderedDict({'USER': 'jetpack', 'SSH_CLIENT': '192.168.1.80 55414 22', 'STARSHIP_SHELL': 'fish', 'XDG_SESSION_TYPE': 'tty', 'LD_LIBRARY_PATH': '/usr/local/lib/aarch64-linux-gnu/libcamera/:/home/jetpack/ros2_v4l2/install/zstd_image_transport/lib:/home/jetpack/ros2_v4l2/install/v4l2_camera/lib:/home/jetpack/ros2_v4l2/install/theora_image_transport/lib:/home/jetpack/ros2_v4l2/install/compressed_image_transport/lib:/home/jetpack/ros2_v4l2/install/compressed_depth_image_transport/lib:/home/jetpack/ros2_v4l2/install/image_transport/lib:/home/jetpack/ros2_v4l2/install/cv_bridge/lib:/home/jetpack/ros2_v4l2/install/camera_info_manager/lib:/home/jetpack/ros2_v4l2/install/camera_calibration_parsers/lib:/usr/local/lib/aarch64-linux-gnu:/usr/local/lib/aarch64-linux-gnu:/home/jetpack/SEAME-Cluster-24-25/JetRacer/install/pca9685_driver/lib:/usr/local/lib/aarch64-linux-gnu:/home/jetpack/SEAME-Cluster-24-25/JetRacer/install/ina219_driver/lib:/usr/local/lib/aarch64-linux-gnu:/home/jetpack/SEAME-Cluster-24-25/JetRacer/install/can_interface/lib:/usr/local/lib/aarch64-linux-gnu:/home/jetpack/SEAME-Cluster-24-25/JetRacer/install/custom_msgs/lib:/usr/local/lib/aarch64-linux-gnu:/opt/ros/jazzy/opt/rviz_ogre_vendor/lib:/usr/local/lib/aarch64-linux-gnu:/opt/ros/jazzy/lib/aarch64-linux-gnu:/usr/local/lib/aarch64-linux-gnu:/opt/ros/jazzy/opt/gz_math_vendor/lib:/usr/local/lib/aarch64-linux-gnu:/opt/ros/jazzy/opt/gz_utils_vendor/lib:/usr/local/lib/aarch64-linux-gnu:/opt/ros/jazzy/opt/gz_cmake_vendor/lib:/usr/local/lib/aarch64-linux-gnu:/opt/ros/jazzy/lib:/usr/local/lib/aarch64-linux-gnu:', 'SHLVL': '1', 'HOME': '/home/jetpack', 'SSH_TTY': '/dev/pts/2', 'ROS_PYTHON_VERSION': '3', 'DBUS_SESSION_BUS_ADDRESS': 'unix:path=/run/user/1002/bus', 'ROS_DISTRO': 'jazzy', 'OMF_PATH': '/home/jetpack/.local/share/omf', 'COLCON_PREFIX_PATH': '/home/jetpack/SEAME-Cluster-24-25/JetRacer/install:/home/jetpack/ros2_v4l2/install', 'LOGNAME': 'jetpack', 'XDG_SESSION_CLASS': 'user', 'ROS_VERSION': '2', 'TERM': 'xterm-256color', 'XDG_SESSION_ID': '9', 'PATH': '/opt/ros/jazzy/bin:/home/jetpack/miniconda3/bin:/Users/Axel/.local/bin:/Users/Axel/.local/share/nvim/mason/bin:usr/bin:/Users/Axel/.fzf/bin:/usr/local/sbin:/usr/local/bin:/usr/sbin:/usr/bin:/sbin:/bin:/usr/games:/usr/local/games:/snap/bin', 'XDG_RUNTIME_DIR': '/run/user/1002', 'LANG': 'C.UTF-8', 'AMENT_PREFIX_PATH': '/home/jetpack/SEAME-Cluster-24-25/JetRacer/install/camera:/home/jetpack/ros2_v4l2/install/image_transport_plugins:/home/jetpack/ros2_v4l2/install/zstd_image_transport:/home/jetpack/ros2_v4l2/install/v4l2_camera:/home/jetpack/ros2_v4l2/install/theora_image_transport:/home/jetpack/ros2_v4l2/install/compressed_image_transport:/home/jetpack/ros2_v4l2/install/compressed_depth_image_transport:/home/jetpack/ros2_v4l2/install/image_transport:/home/jetpack/ros2_v4l2/install/cv_bridge:/home/jetpack/ros2_v4l2/install/camera_info_manager:/home/jetpack/ros2_v4l2/install/camera_calibration_parsers:/opt/ros/jazzy', 'SHELL': '/usr/bin/fish', 'LIBCAMERA_IPA_DIR': '/usr/local/lib/aarch64-linux-gnu/libcamera/', 'WIFI_SSID': 'MEO-BD8310', 'ROS_AUTOMATIC_DISCOVERY_RANGE': 'SUBNET', 'PWD': '/home/jetpack/SEAME-Cluster-24-25/JetRacer/build/camera', 'SSH_CONNECTION': '192.168.1.80 55414 192.168.1.84 22', 'OMF_CONFIG': '/home/jetpack/.config/omf', 'XDG_DATA_DIRS': '/usr/local/share:/usr/share:/var/lib/snapd/desktop', 'STARSHIP_SESSION_KEY': '1050730524138171', 'PYTHONPATH': '/home/jetpack/ros2_v4l2/install/theora_image_transport/lib/python3.12/site-packages:/home/jetpack/ros2_v4l2/install/cv_bridge/lib/python3.12/site-packages:/opt/ros/jazzy/lib/python3.12/site-packages', 'COLCON': '1', 'WARP_THEMES_DIR': '/home/jetpack/.warp/themes', 'EDITOR': 'nvim', 'CMAKE_PREFIX_PATH': '/home/jetpack/SEAME-Cluster-24-25/JetRacer/install/camera:/home/jetpack/ros2_v4l2/install/image_transport_plugins:/home/jetpack/ros2_v4l2/install/zstd_image_transport:/home/jetpack/ros2_v4l2/install/v4l2_camera:/home/jetpack/ros2_v4l2/install/theora_image_transport:/home/jetpack/ros2_v4l2/install/compressed_image_transport:/home/jetpack/ros2_v4l2/install/compressed_depth_image_transport:/home/jetpack/ros2_v4l2/install/image_transport:/home/jetpack/ros2_v4l2/install/cv_bridge:/home/jetpack/ros2_v4l2/install/camera_info_manager:/home/jetpack/ros2_v4l2/install/camera_calibration_parsers:/opt/ros/jazzy/opt/gz_math_vendor:/opt/ros/jazzy/opt/gz_utils_vendor:/opt/ros/jazzy/opt/gz_cmake_vendor:/opt/ros/jazzy', 'WIFI_PASSWORD': '9f24731014'}), 'shell': False}
[0.099154] (-) TimerEvent: {}
[0.199836] (-) TimerEvent: {}
[0.300569] (-) TimerEvent: {}
[0.401292] (-) TimerEvent: {}
[0.502061] (-) TimerEvent: {}
[0.503511] (camera) StdoutLine: {'line': b'[ 33%] \x1b[32mBuilding CXX object CMakeFiles/camera_node.dir/src/main.cpp.o\x1b[0m\n'}
[0.510082] (camera) StdoutLine: {'line': b'[ 66%] \x1b[32mBuilding CXX object CMakeFiles/camera_node.dir/src/CameraNode.cpp.o\x1b[0m\n'}
[0.602255] (-) TimerEvent: {}
[0.702975] (-) TimerEvent: {}
[0.803806] (-) TimerEvent: {}
[0.904450] (-) TimerEvent: {}
[1.005095] (-) TimerEvent: {}
[1.105769] (-) TimerEvent: {}
[1.206502] (-) TimerEvent: {}
[1.307183] (-) TimerEvent: {}
[1.407877] (-) TimerEvent: {}
[1.508505] (-) TimerEvent: {}
[1.609165] (-) TimerEvent: {}
[1.709803] (-) TimerEvent: {}
[1.810408] (-) TimerEvent: {}
[1.911038] (-) TimerEvent: {}
[2.011668] (-) TimerEvent: {}
[2.112364] (-) TimerEvent: {}
[2.212997] (-) TimerEvent: {}
[2.313663] (-) TimerEvent: {}
[2.414282] (-) TimerEvent: {}
[2.514984] (-) TimerEvent: {}
[2.615768] (-) TimerEvent: {}
[2.716616] (-) TimerEvent: {}
[2.817309] (-) TimerEvent: {}
[2.918196] (-) TimerEvent: {}
[3.019192] (-) TimerEvent: {}
[3.120027] (-) TimerEvent: {}
[3.220863] (-) TimerEvent: {}
[3.321771] (-) TimerEvent: {}
[3.422564] (-) TimerEvent: {}
[3.523325] (-) TimerEvent: {}
[3.624171] (-) TimerEvent: {}
[3.725085] (-) TimerEvent: {}
[3.825912] (-) TimerEvent: {}
[3.926643] (-) TimerEvent: {}
[4.027362] (-) TimerEvent: {}
[4.128157] (-) TimerEvent: {}
[4.228985] (-) TimerEvent: {}
[4.329761] (-) TimerEvent: {}
[4.430650] (-) TimerEvent: {}
[4.531574] (-) TimerEvent: {}
[4.632408] (-) TimerEvent: {}
[4.733181] (-) TimerEvent: {}
[4.833979] (-) TimerEvent: {}
[4.935023] (-) TimerEvent: {}
[5.036014] (-) TimerEvent: {}
[5.136905] (-) TimerEvent: {}
[5.237652] (-) TimerEvent: {}
[5.338405] (-) TimerEvent: {}
[5.439320] (-) TimerEvent: {}
[5.540221] (-) TimerEvent: {}
[5.641032] (-) TimerEvent: {}
[5.741892] (-) TimerEvent: {}
[5.842705] (-) TimerEvent: {}
[5.943654] (-) TimerEvent: {}
[6.044636] (-) TimerEvent: {}
[6.145626] (-) TimerEvent: {}
[6.246505] (-) TimerEvent: {}
[6.347278] (-) TimerEvent: {}
[6.448215] (-) TimerEvent: {}
[6.549018] (-) TimerEvent: {}
[6.649816] (-) TimerEvent: {}
[6.750567] (-) TimerEvent: {}
[6.851355] (-) TimerEvent: {}
[6.952275] (-) TimerEvent: {}
[7.053045] (-) TimerEvent: {}
[7.153853] (-) TimerEvent: {}
[7.254626] (-) TimerEvent: {}
[7.355528] (-) TimerEvent: {}
[7.456345] (-) TimerEvent: {}
[7.557174] (-) TimerEvent: {}
[7.658029] (-) TimerEvent: {}
[7.758819] (-) TimerEvent: {}
[7.859607] (-) TimerEvent: {}
[7.960354] (-) TimerEvent: {}
[8.061144] (-) TimerEvent: {}
[8.161937] (-) TimerEvent: {}
[8.262774] (-) TimerEvent: {}
[8.363605] (-) TimerEvent: {}
[8.464325] (-) TimerEvent: {}
[8.565109] (-) TimerEvent: {}
[8.665891] (-) TimerEvent: {}
[8.766822] (-) TimerEvent: {}
[8.867598] (-) TimerEvent: {}
[8.968348] (-) TimerEvent: {}
[9.069105] (-) TimerEvent: {}
[9.169910] (-) TimerEvent: {}
[9.270737] (-) TimerEvent: {}
[9.371514] (-) TimerEvent: {}
[9.472254] (-) TimerEvent: {}
[9.573070] (-) TimerEvent: {}
[9.673844] (-) TimerEvent: {}
[9.774661] (-) TimerEvent: {}
[9.875375] (-) TimerEvent: {}
[9.976160] (-) TimerEvent: {}
[10.076938] (-) TimerEvent: {}
[10.177688] (-) TimerEvent: {}
[10.278568] (-) TimerEvent: {}
[10.379326] (-) TimerEvent: {}
[10.480133] (-) TimerEvent: {}
[10.580914] (-) TimerEvent: {}
[10.681652] (-) TimerEvent: {}
[10.782552] (-) TimerEvent: {}
[10.883589] (-) TimerEvent: {}
[10.984344] (-) TimerEvent: {}
[11.085279] (-) TimerEvent: {}
[11.186119] (-) TimerEvent: {}
[11.286995] (-) TimerEvent: {}
[11.387774] (-) TimerEvent: {}
[11.488556] (-) TimerEvent: {}
[11.589294] (-) TimerEvent: {}
[11.690208] (-) TimerEvent: {}
[11.791035] (-) TimerEvent: {}
[11.891849] (-) TimerEvent: {}
[11.992643] (-) TimerEvent: {}
[12.093445] (-) TimerEvent: {}
[12.194274] (-) TimerEvent: {}
[12.295092] (-) TimerEvent: {}
[12.395900] (-) TimerEvent: {}
[12.496650] (-) TimerEvent: {}
[12.597388] (-) TimerEvent: {}
[12.698194] (-) TimerEvent: {}
[12.799063] (-) TimerEvent: {}
[12.899871] (-) TimerEvent: {}
[13.000613] (-) TimerEvent: {}
[13.101452] (-) TimerEvent: {}
[13.202266] (-) TimerEvent: {}
[13.303052] (-) TimerEvent: {}
[13.403876] (-) TimerEvent: {}
[13.504628] (-) TimerEvent: {}
[13.605348] (-) TimerEvent: {}
[13.706152] (-) TimerEvent: {}
[13.807005] (-) TimerEvent: {}
[13.907903] (-) TimerEvent: {}
[14.008633] (-) TimerEvent: {}
[14.109392] (-) TimerEvent: {}
[14.210176] (-) TimerEvent: {}
[14.310973] (-) TimerEvent: {}
[14.411746] (-) TimerEvent: {}
[14.512511] (-) TimerEvent: {}
[14.613228] (-) TimerEvent: {}
[14.714038] (-) TimerEvent: {}
[14.814842] (-) TimerEvent: {}
[14.915618] (-) TimerEvent: {}
[15.016391] (-) TimerEvent: {}
[15.117191] (-) TimerEvent: {}
[15.217977] (-) TimerEvent: {}
[15.318748] (-) TimerEvent: {}
[15.419524] (-) TimerEvent: {}
[15.520243] (-) TimerEvent: {}
[15.621019] (-) TimerEvent: {}
[15.721806] (-) TimerEvent: {}
[15.822582] (-) TimerEvent: {}
[15.923306] (-) TimerEvent: {}
[16.024088] (-) TimerEvent: {}
[16.124854] (-) TimerEvent: {}
[16.225618] (-) TimerEvent: {}
[16.326325] (-) TimerEvent: {}
[16.427101] (-) TimerEvent: {}
[16.527875] (-) TimerEvent: {}
[16.628647] (-) TimerEvent: {}
[16.729400] (-) TimerEvent: {}
[16.830173] (-) TimerEvent: {}
[16.930942] (-) TimerEvent: {}
[17.031664] (-) TimerEvent: {}
[17.132403] (-) TimerEvent: {}
[17.233256] (-) TimerEvent: {}
[17.334116] (-) TimerEvent: {}
[17.434907] (-) TimerEvent: {}
[17.535646] (-) TimerEvent: {}
[17.636509] (-) TimerEvent: {}
[17.737314] (-) TimerEvent: {}
[17.838087] (-) TimerEvent: {}
[17.938864] (-) TimerEvent: {}
[18.039617] (-) TimerEvent: {}
[18.140336] (-) TimerEvent: {}
[18.241110] (-) TimerEvent: {}
[18.341890] (-) TimerEvent: {}
[18.442633] (-) TimerEvent: {}
[18.543427] (-) TimerEvent: {}
[18.644407] (-) TimerEvent: {}
[18.745194] (-) TimerEvent: {}
[18.845901] (-) TimerEvent: {}
[18.946608] (-) TimerEvent: {}
[19.047262] (-) TimerEvent: {}
[19.147951] (-) TimerEvent: {}
[19.248623] (-) TimerEvent: {}
[19.349297] (-) TimerEvent: {}
[19.449968] (-) TimerEvent: {}
[19.550687] (-) TimerEvent: {}
[19.651611] (-) TimerEvent: {}
[19.752272] (-) TimerEvent: {}
[19.853000] (-) TimerEvent: {}
[19.953627] (-) TimerEvent: {}
[20.054278] (-) TimerEvent: {}
[20.154989] (-) TimerEvent: {}
[20.255639] (-) TimerEvent: {}
[20.356315] (-) TimerEvent: {}
[20.457095] (-) TimerEvent: {}
[20.557842] (-) TimerEvent: {}
[20.658558] (-) TimerEvent: {}
[20.759362] (-) TimerEvent: {}
[20.860102] (-) TimerEvent: {}
[20.960825] (-) TimerEvent: {}
[21.061526] (-) TimerEvent: {}
[21.162172] (-) TimerEvent: {}
[21.262884] (-) TimerEvent: {}
[21.363621] (-) TimerEvent: {}
[21.464322] (-) TimerEvent: {}
[21.565075] (-) TimerEvent: {}
[21.665777] (-) TimerEvent: {}
[21.766421] (-) TimerEvent: {}
[21.867124] (-) TimerEvent: {}
[21.967840] (-) TimerEvent: {}
[22.068532] (-) TimerEvent: {}
[22.169177] (-) TimerEvent: {}
[22.269904] (-) TimerEvent: {}
[22.370580] (-) TimerEvent: {}
[22.471240] (-) TimerEvent: {}
[22.571970] (-) TimerEvent: {}
[22.672605] (-) TimerEvent: {}
[22.773269] (-) TimerEvent: {}
[22.874001] (-) TimerEvent: {}
[22.974668] (-) TimerEvent: {}
[23.075293] (-) TimerEvent: {}
[23.176019] (-) TimerEvent: {}
[23.276660] (-) TimerEvent: {}
[23.377313] (-) TimerEvent: {}
[23.478020] (-) TimerEvent: {}
[23.578692] (-) TimerEvent: {}
[23.679343] (-) TimerEvent: {}
[23.780053] (-) TimerEvent: {}
[23.880740] (-) TimerEvent: {}
[23.981369] (-) TimerEvent: {}
[24.082069] (-) TimerEvent: {}
[24.182791] (-) TimerEvent: {}
[24.283437] (-) TimerEvent: {}
[24.384102] (-) TimerEvent: {}
[24.484803] (-) TimerEvent: {}
[24.585448] (-) TimerEvent: {}
[24.686151] (-) TimerEvent: {}
[24.786872] (-) TimerEvent: {}
[24.887557] (-) TimerEvent: {}
[24.988203] (-) TimerEvent: {}
[25.088935] (-) TimerEvent: {}
[25.189601] (-) TimerEvent: {}
[25.290240] (-) TimerEvent: {}
[25.390954] (-) TimerEvent: {}
[25.491597] (-) TimerEvent: {}
[25.592223] (-) TimerEvent: {}
[25.692914] (-) TimerEvent: {}
[25.793586] (-) TimerEvent: {}
[25.894233] (-) TimerEvent: {}
[25.994930] (-) TimerEvent: {}
[26.095577] (-) TimerEvent: {}
[26.196213] (-) TimerEvent: {}
[26.296929] (-) TimerEvent: {}
[26.397615] (-) TimerEvent: {}
[26.498353] (-) TimerEvent: {}
[26.599068] (-) TimerEvent: {}
[26.699807] (-) TimerEvent: {}
[26.800655] (-) TimerEvent: {}
[26.901566] (-) TimerEvent: {}
[27.002222] (-) TimerEvent: {}
[27.102929] (-) TimerEvent: {}
[27.203619] (-) TimerEvent: {}
[27.304272] (-) TimerEvent: {}
[27.404975] (-) TimerEvent: {}
[27.505612] (-) TimerEvent: {}
[27.606240] (-) TimerEvent: {}
[27.706962] (-) TimerEvent: {}
[27.807625] (-) TimerEvent: {}
[27.908248] (-) TimerEvent: {}
[28.008932] (-) TimerEvent: {}
[28.109594] (-) TimerEvent: {}
[28.210216] (-) TimerEvent: {}
[28.310897] (-) TimerEvent: {}
[28.411567] (-) TimerEvent: {}
[28.512210] (-) TimerEvent: {}
[28.612948] (-) TimerEvent: {}
[28.713622] (-) TimerEvent: {}
[28.814257] (-) TimerEvent: {}
[28.914973] (-) TimerEvent: {}
[29.015605] (-) TimerEvent: {}
[29.116243] (-) TimerEvent: {}
[29.216932] (-) TimerEvent: {}
[29.317576] (-) TimerEvent: {}
[29.418163] (-) TimerEvent: {}
[29.518846] (-) TimerEvent: {}
[29.619516] (-) TimerEvent: {}
[29.720127] (-) TimerEvent: {}
[29.820805] (-) TimerEvent: {}
[29.921519] (-) TimerEvent: {}
[30.022333] (-) TimerEvent: {}
[30.123114] (-) TimerEvent: {}
[30.223803] (-) TimerEvent: {}
[30.324537] (-) TimerEvent: {}
[30.425177] (-) TimerEvent: {}
[30.525937] (-) TimerEvent: {}
[30.626799] (-) TimerEvent: {}
[30.700056] (camera) StdoutLine: {'line': b'[100%] \x1b[32m\x1b[1mLinking CXX executable camera_node\x1b[0m\n'}
[30.726982] (-) TimerEvent: {}
[30.827698] (-) TimerEvent: {}
[30.928725] (-) TimerEvent: {}
[31.029625] (-) TimerEvent: {}
[31.130369] (-) TimerEvent: {}
[31.231520] (-) TimerEvent: {}
[31.332254] (-) TimerEvent: {}
[31.433102] (-) TimerEvent: {}
[31.533929] (-) TimerEvent: {}
[31.634965] (-) TimerEvent: {}
[31.735871] (-) TimerEvent: {}
[31.836662] (-) TimerEvent: {}
[31.937587] (-) TimerEvent: {}
[32.038678] (-) TimerEvent: {}
[32.139789] (-) TimerEvent: {}
[32.240706] (-) TimerEvent: {}
[32.341675] (-) TimerEvent: {}
[32.442696] (-) TimerEvent: {}
[32.543641] (-) TimerEvent: {}
[32.644777] (-) TimerEvent: {}
[32.745884] (-) TimerEvent: {}
[32.846971] (-) TimerEvent: {}
[32.948061] (-) TimerEvent: {}
[33.048997] (-) TimerEvent: {}
[33.150253] (-) TimerEvent: {}
[33.251414] (-) TimerEvent: {}
[33.352345] (-) TimerEvent: {}
[33.453546] (-) TimerEvent: {}
[33.554399] (-) TimerEvent: {}
[33.655636] (-) TimerEvent: {}
[33.756367] (-) TimerEvent: {}
[33.857141] (-) TimerEvent: {}
[33.957883] (-) TimerEvent: {}
[34.058595] (-) TimerEvent: {}
[34.159303] (-) TimerEvent: {}
[34.187370] (camera) StdoutLine: {'line': b'[100%] Built target camera_node\n'}
[34.257037] (camera) CommandEnded: {'returncode': 0}
[34.258916] (camera) JobProgress: {'identifier': 'camera', 'progress': 'install'}
[34.259392] (-) TimerEvent: {}
[34.320591] (camera) Command: {'cmd': ['/usr/bin/cmake', '--install', '/home/jetpack/SEAME-Cluster-24-25/JetRacer/build/camera'], 'cwd': '/home/jetpack/SEAME-Cluster-24-25/JetRacer/build/camera', 'env': OrderedDict({'USER': 'jetpack', 'SSH_CLIENT': '192.168.1.80 55414 22', 'STARSHIP_SHELL': 'fish', 'XDG_SESSION_TYPE': 'tty', 'LD_LIBRARY_PATH': '/usr/local/lib/aarch64-linux-gnu/libcamera/:/home/jetpack/ros2_v4l2/install/zstd_image_transport/lib:/home/jetpack/ros2_v4l2/install/v4l2_camera/lib:/home/jetpack/ros2_v4l2/install/theora_image_transport/lib:/home/jetpack/ros2_v4l2/install/compressed_image_transport/lib:/home/jetpack/ros2_v4l2/install/compressed_depth_image_transport/lib:/home/jetpack/ros2_v4l2/install/image_transport/lib:/home/jetpack/ros2_v4l2/install/cv_bridge/lib:/home/jetpack/ros2_v4l2/install/camera_info_manager/lib:/home/jetpack/ros2_v4l2/install/camera_calibration_parsers/lib:/usr/local/lib/aarch64-linux-gnu:/usr/local/lib/aarch64-linux-gnu:/home/jetpack/SEAME-Cluster-24-25/JetRacer/install/pca9685_driver/lib:/usr/local/lib/aarch64-linux-gnu:/home/jetpack/SEAME-Cluster-24-25/JetRacer/install/ina219_driver/lib:/usr/local/lib/aarch64-linux-gnu:/home/jetpack/SEAME-Cluster-24-25/JetRacer/install/can_interface/lib:/usr/local/lib/aarch64-linux-gnu:/home/jetpack/SEAME-Cluster-24-25/JetRacer/install/custom_msgs/lib:/usr/local/lib/aarch64-linux-gnu:/opt/ros/jazzy/opt/rviz_ogre_vendor/lib:/usr/local/lib/aarch64-linux-gnu:/opt/ros/jazzy/lib/aarch64-linux-gnu:/usr/local/lib/aarch64-linux-gnu:/opt/ros/jazzy/opt/gz_math_vendor/lib:/usr/local/lib/aarch64-linux-gnu:/opt/ros/jazzy/opt/gz_utils_vendor/lib:/usr/local/lib/aarch64-linux-gnu:/opt/ros/jazzy/opt/gz_cmake_vendor/lib:/usr/local/lib/aarch64-linux-gnu:/opt/ros/jazzy/lib:/usr/local/lib/aarch64-linux-gnu:', 'SHLVL': '1', 'HOME': '/home/jetpack', 'SSH_TTY': '/dev/pts/2', 'ROS_PYTHON_VERSION': '3', 'DBUS_SESSION_BUS_ADDRESS': 'unix:path=/run/user/1002/bus', 'ROS_DISTRO': 'jazzy', 'OMF_PATH': '/home/jetpack/.local/share/omf', 'COLCON_PREFIX_PATH': '/home/jetpack/SEAME-Cluster-24-25/JetRacer/install:/home/jetpack/ros2_v4l2/install', 'LOGNAME': 'jetpack', 'XDG_SESSION_CLASS': 'user', 'ROS_VERSION': '2', 'TERM': 'xterm-256color', 'XDG_SESSION_ID': '9', 'PATH': '/opt/ros/jazzy/bin:/home/jetpack/miniconda3/bin:/Users/Axel/.local/bin:/Users/Axel/.local/share/nvim/mason/bin:usr/bin:/Users/Axel/.fzf/bin:/usr/local/sbin:/usr/local/bin:/usr/sbin:/usr/bin:/sbin:/bin:/usr/games:/usr/local/games:/snap/bin', 'XDG_RUNTIME_DIR': '/run/user/1002', 'LANG': 'C.UTF-8', 'AMENT_PREFIX_PATH': '/home/jetpack/SEAME-Cluster-24-25/JetRacer/install/camera:/home/jetpack/ros2_v4l2/install/image_transport_plugins:/home/jetpack/ros2_v4l2/install/zstd_image_transport:/home/jetpack/ros2_v4l2/install/v4l2_camera:/home/jetpack/ros2_v4l2/install/theora_image_transport:/home/jetpack/ros2_v4l2/install/compressed_image_transport:/home/jetpack/ros2_v4l2/install/compressed_depth_image_transport:/home/jetpack/ros2_v4l2/install/image_transport:/home/jetpack/ros2_v4l2/install/cv_bridge:/home/jetpack/ros2_v4l2/install/camera_info_manager:/home/jetpack/ros2_v4l2/install/camera_calibration_parsers:/opt/ros/jazzy', 'SHELL': '/usr/bin/fish', 'LIBCAMERA_IPA_DIR': '/usr/local/lib/aarch64-linux-gnu/libcamera/', 'WIFI_SSID': 'MEO-BD8310', 'ROS_AUTOMATIC_DISCOVERY_RANGE': 'SUBNET', 'PWD': '/home/jetpack/SEAME-Cluster-24-25/JetRacer/build/camera', 'SSH_CONNECTION': '192.168.1.80 55414 192.168.1.84 22', 'OMF_CONFIG': '/home/jetpack/.config/omf', 'XDG_DATA_DIRS': '/usr/local/share:/usr/share:/var/lib/snapd/desktop', 'STARSHIP_SESSION_KEY': '1050730524138171', 'PYTHONPATH': '/home/jetpack/ros2_v4l2/install/theora_image_transport/lib/python3.12/site-packages:/home/jetpack/ros2_v4l2/install/cv_bridge/lib/python3.12/site-packages:/opt/ros/jazzy/lib/python3.12/site-packages', 'COLCON': '1', 'WARP_THEMES_DIR': '/home/jetpack/.warp/themes', 'EDITOR': 'nvim', 'CMAKE_PREFIX_PATH': '/home/jetpack/SEAME-Cluster-24-25/JetRacer/install/camera:/home/jetpack/ros2_v4l2/install/image_transport_plugins:/home/jetpack/ros2_v4l2/install/zstd_image_transport:/home/jetpack/ros2_v4l2/install/v4l2_camera:/home/jetpack/ros2_v4l2/install/theora_image_transport:/home/jetpack/ros2_v4l2/install/compressed_image_transport:/home/jetpack/ros2_v4l2/install/compressed_depth_image_transport:/home/jetpack/ros2_v4l2/install/image_transport:/home/jetpack/ros2_v4l2/install/cv_bridge:/home/jetpack/ros2_v4l2/install/camera_info_manager:/home/jetpack/ros2_v4l2/install/camera_calibration_parsers:/opt/ros/jazzy/opt/gz_math_vendor:/opt/ros/jazzy/opt/gz_utils_vendor:/opt/ros/jazzy/opt/gz_cmake_vendor:/opt/ros/jazzy', 'WIFI_PASSWORD': '9f24731014'}), 'shell': False}
[34.359631] (-) TimerEvent: {}
[34.375981] (camera) StdoutLine: {'line': b'-- Install configuration: ""\n'}
[34.377285] (camera) StdoutLine: {'line': b'-- Installing: /home/jetpack/SEAME-Cluster-24-25/JetRacer/install/camera/lib/camera/camera_node\n'}
[34.388184] (camera) StdoutLine: {'line': b'-- Set non-toolchain portion of runtime path of "/home/jetpack/SEAME-Cluster-24-25/JetRacer/install/camera/lib/camera/camera_node" to ""\n'}
[34.388939] (camera) StdoutLine: {'line': b'-- Up-to-date: /home/jetpack/SEAME-Cluster-24-25/JetRacer/install/camera/share/ament_index/resource_index/package_run_dependencies/camera\n'}
[34.389500] (camera) StdoutLine: {'line': b'-- Up-to-date: /home/jetpack/SEAME-Cluster-24-25/JetRacer/install/camera/share/ament_index/resource_index/parent_prefix_path/camera\n'}
[34.390099] (camera) StdoutLine: {'line': b'-- Up-to-date: /home/jetpack/SEAME-Cluster-24-25/JetRacer/install/camera/share/camera/environment/ament_prefix_path.sh\n'}
[34.390557] (camera) StdoutLine: {'line': b'-- Up-to-date: /home/jetpack/SEAME-Cluster-24-25/JetRacer/install/camera/share/camera/environment/ament_prefix_path.dsv\n'}
[34.391033] (camera) StdoutLine: {'line': b'-- Up-to-date: /home/jetpack/SEAME-Cluster-24-25/JetRacer/install/camera/share/camera/environment/path.sh\n'}
[34.391398] (camera) StdoutLine: {'line': b'-- Up-to-date: /home/jetpack/SEAME-Cluster-24-25/JetRacer/install/camera/share/camera/environment/path.dsv\n'}
[34.391951] (camera) StdoutLine: {'line': b'-- Up-to-date: /home/jetpack/SEAME-Cluster-24-25/JetRacer/install/camera/share/camera/local_setup.bash\n'}
[34.392328] (camera) StdoutLine: {'line': b'-- Up-to-date: /home/jetpack/SEAME-Cluster-24-25/JetRacer/install/camera/share/camera/local_setup.sh\n'}
[34.392862] (camera) StdoutLine: {'line': b'-- Up-to-date: /home/jetpack/SEAME-Cluster-24-25/JetRacer/install/camera/share/camera/local_setup.zsh\n'}
[34.393234] (camera) StdoutLine: {'line': b'-- Up-to-date: /home/jetpack/SEAME-Cluster-24-25/JetRacer/install/camera/share/camera/local_setup.dsv\n'}
[34.393617] (camera) StdoutLine: {'line': b'-- Installing: /home/jetpack/SEAME-Cluster-24-25/JetRacer/install/camera/share/camera/package.dsv\n'}
[34.394171] (camera) StdoutLine: {'line': b'-- Up-to-date: /home/jetpack/SEAME-Cluster-24-25/JetRacer/install/camera/share/ament_index/resource_index/packages/camera\n'}
[34.394661] (camera) StdoutLine: {'line': b'-- Up-to-date: /home/jetpack/SEAME-Cluster-24-25/JetRacer/install/camera/share/camera/cmake/cameraConfig.cmake\n'}
[34.395132] (camera) StdoutLine: {'line': b'-- Up-to-date: /home/jetpack/SEAME-Cluster-24-25/JetRacer/install/camera/share/camera/cmake/cameraConfig-version.cmake\n'}
[34.395695] (camera) StdoutLine: {'line': b'-- Up-to-date: /home/jetpack/SEAME-Cluster-24-25/JetRacer/install/camera/share/camera/package.xml\n'}
[34.402159] (camera) CommandEnded: {'returncode': 0}
[34.460918] (-) TimerEvent: {}
[34.474359] (camera) JobEnded: {'identifier': 'camera', 'rc': 0}
[34.477133] (-) EventReactorShutdown: {}
