[0.688s] DEBUG:colcon:Command line arguments: ['/usr/bin/colcon', 'build', '--packages-select', 'camera']
[0.689s] DEBUG:colcon:Parsed command line arguments: Namespace(log_base=None, log_level=None, verb_name='build', build_base='build', install_base='install', merge_install=False, symlink_install=False, test_result_base=None, continue_on_error=False, executor='parallel', parallel_workers=4, event_handlers=None, ignore_user_meta=False, metas=['./colcon.meta'], base_paths=['.'], packages_ignore=None, packages_ignore_regex=None, paths=None, packages_up_to=None, packages_up_to_regex=None, packages_above=None, packages_above_and_dependencies=None, packages_above_depth=None, packages_select_by_dep=None, packages_skip_by_dep=None, packages_skip_up_to=None, packages_select_build_failed=False, packages_skip_build_finished=False, packages_select_test_failures=False, packages_skip_test_passed=False, packages_select=['camera'], packages_skip=None, packages_select_regex=None, packages_skip_regex=None, packages_start=None, packages_end=None, allow_overriding=[], cmake_args=None, cmake_target=None, cmake_target_skip_unavailable=False, cmake_clean_cache=False, cmake_clean_first=False, cmake_force_configure=False, ament_cmake_args=None, catkin_cmake_args=None, catkin_skip_building_tests=False, mixin_files=None, mixin=None, verb_parser=<colcon_mixin.mixin.mixin_argument.MixinArgumentDecorator object at 0xffffb5cc0080>, verb_extension=<colcon_core.verb.build.BuildVerb object at 0xffffb5e744a0>, main=<bound method BuildVerb.main of <colcon_core.verb.build.BuildVerb object at 0xffffb5e744a0>>, mixin_verb=('build',))
[0.980s] Level 1:colcon.colcon_core.package_discovery:discover_packages(colcon_meta) check parameters
[0.981s] Level 1:colcon.colcon_core.package_discovery:discover_packages(recursive) check parameters
[0.981s] Level 1:colcon.colcon_core.package_discovery:discover_packages(ignore) check parameters
[0.981s] Level 1:colcon.colcon_core.package_discovery:discover_packages(path) check parameters
[0.981s] Level 1:colcon.colcon_core.package_discovery:discover_packages(colcon_meta) discover
[0.982s] Level 1:colcon.colcon_core.package_discovery:discover_packages(recursive) discover
[0.982s] INFO:colcon.colcon_core.package_discovery:Crawling recursively for packages in '/home/jetpack/SEAME-Cluster-24-25/JetRacer'
[0.982s] Level 1:colcon.colcon_core.package_identification:_identify(.) by extensions ['ignore', 'ignore_ament_install']
[0.983s] Level 1:colcon.colcon_core.package_identification:_identify(.) by extension 'ignore'
[0.983s] Level 1:colcon.colcon_core.package_identification:_identify(.) by extension 'ignore_ament_install'
[0.984s] Level 1:colcon.colcon_core.package_identification:_identify(.) by extensions ['colcon_pkg']
[0.984s] Level 1:colcon.colcon_core.package_identification:_identify(.) by extension 'colcon_pkg'
[0.984s] Level 1:colcon.colcon_core.package_identification:_identify(.) by extensions ['colcon_meta']
[0.984s] Level 1:colcon.colcon_core.package_identification:_identify(.) by extension 'colcon_meta'
[0.984s] Level 1:colcon.colcon_core.package_identification:_identify(.) by extensions ['ros']
[0.984s] Level 1:colcon.colcon_core.package_identification:_identify(.) by extension 'ros'
[1.097s] Level 1:colcon.colcon_core.package_identification:_identify(.) by extensions ['cmake', 'python']
[1.097s] Level 1:colcon.colcon_core.package_identification:_identify(.) by extension 'cmake'
[1.098s] Level 1:colcon.colcon_core.package_identification:_identify(.) by extension 'python'
[1.098s] Level 1:colcon.colcon_core.package_identification:_identify(.) by extensions ['python_setup_py']
[1.098s] Level 1:colcon.colcon_core.package_identification:_identify(.) by extension 'python_setup_py'
[1.098s] Level 1:colcon.colcon_core.package_identification:_identify(build) by extensions ['ignore', 'ignore_ament_install']
[1.099s] Level 1:colcon.colcon_core.package_identification:_identify(build) by extension 'ignore'
[1.099s] Level 1:colcon.colcon_core.package_identification:_identify(build) ignored
[1.099s] Level 1:colcon.colcon_core.package_identification:_identify(install) by extensions ['ignore', 'ignore_ament_install']
[1.100s] Level 1:colcon.colcon_core.package_identification:_identify(install) by extension 'ignore'
[1.100s] Level 1:colcon.colcon_core.package_identification:_identify(install) ignored
[1.100s] Level 1:colcon.colcon_core.package_identification:_identify(launch) by extensions ['ignore', 'ignore_ament_install']
[1.101s] Level 1:colcon.colcon_core.package_identification:_identify(launch) by extension 'ignore'
[1.101s] Level 1:colcon.colcon_core.package_identification:_identify(launch) by extension 'ignore_ament_install'
[1.101s] Level 1:colcon.colcon_core.package_identification:_identify(launch) by extensions ['colcon_pkg']
[1.101s] Level 1:colcon.colcon_core.package_identification:_identify(launch) by extension 'colcon_pkg'
[1.101s] Level 1:colcon.colcon_core.package_identification:_identify(launch) by extensions ['colcon_meta']
[1.101s] Level 1:colcon.colcon_core.package_identification:_identify(launch) by extension 'colcon_meta'
[1.102s] Level 1:colcon.colcon_core.package_identification:_identify(launch) by extensions ['ros']
[1.102s] Level 1:colcon.colcon_core.package_identification:_identify(launch) by extension 'ros'
[1.102s] Level 1:colcon.colcon_core.package_identification:_identify(launch) by extensions ['cmake', 'python']
[1.102s] Level 1:colcon.colcon_core.package_identification:_identify(launch) by extension 'cmake'
[1.102s] Level 1:colcon.colcon_core.package_identification:_identify(launch) by extension 'python'
[1.103s] Level 1:colcon.colcon_core.package_identification:_identify(launch) by extensions ['python_setup_py']
[1.103s] Level 1:colcon.colcon_core.package_identification:_identify(launch) by extension 'python_setup_py'
[1.103s] Level 1:colcon.colcon_core.package_identification:_identify(launch/__pycache__) by extensions ['ignore', 'ignore_ament_install']
[1.103s] Level 1:colcon.colcon_core.package_identification:_identify(launch/__pycache__) by extension 'ignore'
[1.103s] Level 1:colcon.colcon_core.package_identification:_identify(launch/__pycache__) by extension 'ignore_ament_install'
[1.104s] Level 1:colcon.colcon_core.package_identification:_identify(launch/__pycache__) by extensions ['colcon_pkg']
[1.104s] Level 1:colcon.colcon_core.package_identification:_identify(launch/__pycache__) by extension 'colcon_pkg'
[1.104s] Level 1:colcon.colcon_core.package_identification:_identify(launch/__pycache__) by extensions ['colcon_meta']
[1.104s] Level 1:colcon.colcon_core.package_identification:_identify(launch/__pycache__) by extension 'colcon_meta'
[1.104s] Level 1:colcon.colcon_core.package_identification:_identify(launch/__pycache__) by extensions ['ros']
[1.104s] Level 1:colcon.colcon_core.package_identification:_identify(launch/__pycache__) by extension 'ros'
[1.105s] Level 1:colcon.colcon_core.package_identification:_identify(launch/__pycache__) by extensions ['cmake', 'python']
[1.105s] Level 1:colcon.colcon_core.package_identification:_identify(launch/__pycache__) by extension 'cmake'
[1.105s] Level 1:colcon.colcon_core.package_identification:_identify(launch/__pycache__) by extension 'python'
[1.105s] Level 1:colcon.colcon_core.package_identification:_identify(launch/__pycache__) by extensions ['python_setup_py']
[1.105s] Level 1:colcon.colcon_core.package_identification:_identify(launch/__pycache__) by extension 'python_setup_py'
[1.106s] Level 1:colcon.colcon_core.package_identification:_identify(log) by extensions ['ignore', 'ignore_ament_install']
[1.106s] Level 1:colcon.colcon_core.package_identification:_identify(log) by extension 'ignore'
[1.106s] Level 1:colcon.colcon_core.package_identification:_identify(log) ignored
[1.107s] Level 1:colcon.colcon_core.package_identification:_identify(src) by extensions ['ignore', 'ignore_ament_install']
[1.107s] Level 1:colcon.colcon_core.package_identification:_identify(src) by extension 'ignore'
[1.107s] Level 1:colcon.colcon_core.package_identification:_identify(src) by extension 'ignore_ament_install'
[1.107s] Level 1:colcon.colcon_core.package_identification:_identify(src) by extensions ['colcon_pkg']
[1.108s] Level 1:colcon.colcon_core.package_identification:_identify(src) by extension 'colcon_pkg'
[1.108s] Level 1:colcon.colcon_core.package_identification:_identify(src) by extensions ['colcon_meta']
[1.108s] Level 1:colcon.colcon_core.package_identification:_identify(src) by extension 'colcon_meta'
[1.108s] Level 1:colcon.colcon_core.package_identification:_identify(src) by extensions ['ros']
[1.108s] Level 1:colcon.colcon_core.package_identification:_identify(src) by extension 'ros'
[1.108s] Level 1:colcon.colcon_core.package_identification:_identify(src) by extensions ['cmake', 'python']
[1.108s] Level 1:colcon.colcon_core.package_identification:_identify(src) by extension 'cmake'
[1.109s] Level 1:colcon.colcon_core.package_identification:_identify(src) by extension 'python'
[1.109s] Level 1:colcon.colcon_core.package_identification:_identify(src) by extensions ['python_setup_py']
[1.109s] Level 1:colcon.colcon_core.package_identification:_identify(src) by extension 'python_setup_py'
[1.109s] Level 1:colcon.colcon_core.package_identification:_identify(src/bus_interfaces) by extensions ['ignore', 'ignore_ament_install']
[1.110s] Level 1:colcon.colcon_core.package_identification:_identify(src/bus_interfaces) by extension 'ignore'
[1.110s] Level 1:colcon.colcon_core.package_identification:_identify(src/bus_interfaces) by extension 'ignore_ament_install'
[1.110s] Level 1:colcon.colcon_core.package_identification:_identify(src/bus_interfaces) by extensions ['colcon_pkg']
[1.110s] Level 1:colcon.colcon_core.package_identification:_identify(src/bus_interfaces) by extension 'colcon_pkg'
[1.111s] Level 1:colcon.colcon_core.package_identification:_identify(src/bus_interfaces) by extensions ['colcon_meta']
[1.111s] Level 1:colcon.colcon_core.package_identification:_identify(src/bus_interfaces) by extension 'colcon_meta'
[1.111s] Level 1:colcon.colcon_core.package_identification:_identify(src/bus_interfaces) by extensions ['ros']
[1.111s] Level 1:colcon.colcon_core.package_identification:_identify(src/bus_interfaces) by extension 'ros'
[1.111s] Level 1:colcon.colcon_core.package_identification:_identify(src/bus_interfaces) by extensions ['cmake', 'python']
[1.111s] Level 1:colcon.colcon_core.package_identification:_identify(src/bus_interfaces) by extension 'cmake'
[1.112s] Level 1:colcon.colcon_core.package_identification:_identify(src/bus_interfaces) by extension 'python'
[1.112s] Level 1:colcon.colcon_core.package_identification:_identify(src/bus_interfaces) by extensions ['python_setup_py']
[1.112s] Level 1:colcon.colcon_core.package_identification:_identify(src/bus_interfaces) by extension 'python_setup_py'
[1.112s] Level 1:colcon.colcon_core.package_identification:_identify(src/bus_interfaces/can_interface) by extensions ['ignore', 'ignore_ament_install']
[1.113s] Level 1:colcon.colcon_core.package_identification:_identify(src/bus_interfaces/can_interface) by extension 'ignore'
[1.113s] Level 1:colcon.colcon_core.package_identification:_identify(src/bus_interfaces/can_interface) by extension 'ignore_ament_install'
[1.113s] Level 1:colcon.colcon_core.package_identification:_identify(src/bus_interfaces/can_interface) by extensions ['colcon_pkg']
[1.113s] Level 1:colcon.colcon_core.package_identification:_identify(src/bus_interfaces/can_interface) by extension 'colcon_pkg'
[1.113s] Level 1:colcon.colcon_core.package_identification:_identify(src/bus_interfaces/can_interface) by extensions ['colcon_meta']
[1.114s] Level 1:colcon.colcon_core.package_identification:_identify(src/bus_interfaces/can_interface) by extension 'colcon_meta'
[1.114s] Level 1:colcon.colcon_core.package_identification:_identify(src/bus_interfaces/can_interface) by extensions ['ros']
[1.114s] Level 1:colcon.colcon_core.package_identification:_identify(src/bus_interfaces/can_interface) by extension 'ros'
[1.131s] DEBUG:colcon.colcon_core.package_identification:Package 'src/bus_interfaces/can_interface' with type 'ros.ament_cmake' and name 'can_interface'
[1.131s] Level 1:colcon.colcon_core.package_identification:_identify(src/bus_interfaces/i2c_interface) by extensions ['ignore', 'ignore_ament_install']
[1.132s] Level 1:colcon.colcon_core.package_identification:_identify(src/bus_interfaces/i2c_interface) by extension 'ignore'
[1.132s] Level 1:colcon.colcon_core.package_identification:_identify(src/bus_interfaces/i2c_interface) by extension 'ignore_ament_install'
[1.132s] Level 1:colcon.colcon_core.package_identification:_identify(src/bus_interfaces/i2c_interface) by extensions ['colcon_pkg']
[1.133s] Level 1:colcon.colcon_core.package_identification:_identify(src/bus_interfaces/i2c_interface) by extension 'colcon_pkg'
[1.133s] Level 1:colcon.colcon_core.package_identification:_identify(src/bus_interfaces/i2c_interface) by extensions ['colcon_meta']
[1.133s] Level 1:colcon.colcon_core.package_identification:_identify(src/bus_interfaces/i2c_interface) by extension 'colcon_meta'
[1.133s] Level 1:colcon.colcon_core.package_identification:_identify(src/bus_interfaces/i2c_interface) by extensions ['ros']
[1.133s] Level 1:colcon.colcon_core.package_identification:_identify(src/bus_interfaces/i2c_interface) by extension 'ros'
[1.137s] DEBUG:colcon.colcon_core.package_identification:Package 'src/bus_interfaces/i2c_interface' with type 'ros.ament_cmake' and name 'i2c_interface'
[1.137s] Level 1:colcon.colcon_core.package_identification:_identify(src/head_unit) by extensions ['ignore', 'ignore_ament_install']
[1.138s] Level 1:colcon.colcon_core.package_identification:_identify(src/head_unit) by extension 'ignore'
[1.138s] Level 1:colcon.colcon_core.package_identification:_identify(src/head_unit) by extension 'ignore_ament_install'
[1.138s] Level 1:colcon.colcon_core.package_identification:_identify(src/head_unit) by extensions ['colcon_pkg']
[1.138s] Level 1:colcon.colcon_core.package_identification:_identify(src/head_unit) by extension 'colcon_pkg'
[1.139s] Level 1:colcon.colcon_core.package_identification:_identify(src/head_unit) by extensions ['colcon_meta']
[1.139s] Level 1:colcon.colcon_core.package_identification:_identify(src/head_unit) by extension 'colcon_meta'
[1.139s] Level 1:colcon.colcon_core.package_identification:_identify(src/head_unit) by extensions ['ros']
[1.139s] Level 1:colcon.colcon_core.package_identification:_identify(src/head_unit) by extension 'ros'
[1.140s] Level 1:colcon.colcon_core.package_identification:_identify(src/head_unit) by extensions ['cmake', 'python']
[1.140s] Level 1:colcon.colcon_core.package_identification:_identify(src/head_unit) by extension 'cmake'
[1.140s] Level 1:colcon.colcon_core.package_identification:_identify(src/head_unit) by extension 'python'
[1.140s] Level 1:colcon.colcon_core.package_identification:_identify(src/head_unit) by extensions ['python_setup_py']
[1.140s] Level 1:colcon.colcon_core.package_identification:_identify(src/head_unit) by extension 'python_setup_py'
[1.141s] Level 1:colcon.colcon_core.package_identification:_identify(src/head_unit/display_routine) by extensions ['ignore', 'ignore_ament_install']
[1.141s] Level 1:colcon.colcon_core.package_identification:_identify(src/head_unit/display_routine) by extension 'ignore'
[1.141s] Level 1:colcon.colcon_core.package_identification:_identify(src/head_unit/display_routine) by extension 'ignore_ament_install'
[1.142s] Level 1:colcon.colcon_core.package_identification:_identify(src/head_unit/display_routine) by extensions ['colcon_pkg']
[1.142s] Level 1:colcon.colcon_core.package_identification:_identify(src/head_unit/display_routine) by extension 'colcon_pkg'
[1.142s] Level 1:colcon.colcon_core.package_identification:_identify(src/head_unit/display_routine) by extensions ['colcon_meta']
[1.142s] Level 1:colcon.colcon_core.package_identification:_identify(src/head_unit/display_routine) by extension 'colcon_meta'
[1.142s] Level 1:colcon.colcon_core.package_identification:_identify(src/head_unit/display_routine) by extensions ['ros']
[1.143s] Level 1:colcon.colcon_core.package_identification:_identify(src/head_unit/display_routine) by extension 'ros'
[1.146s] DEBUG:colcon.colcon_core.package_identification:Package 'src/head_unit/display_routine' with type 'ros.ament_cmake' and name 'display_routine'
[1.146s] Level 1:colcon.colcon_core.package_identification:_identify(src/head_unit/tests) by extensions ['ignore', 'ignore_ament_install']
[1.147s] Level 1:colcon.colcon_core.package_identification:_identify(src/head_unit/tests) by extension 'ignore'
[1.147s] Level 1:colcon.colcon_core.package_identification:_identify(src/head_unit/tests) by extension 'ignore_ament_install'
[1.147s] Level 1:colcon.colcon_core.package_identification:_identify(src/head_unit/tests) by extensions ['colcon_pkg']
[1.147s] Level 1:colcon.colcon_core.package_identification:_identify(src/head_unit/tests) by extension 'colcon_pkg'
[1.147s] Level 1:colcon.colcon_core.package_identification:_identify(src/head_unit/tests) by extensions ['colcon_meta']
[1.148s] Level 1:colcon.colcon_core.package_identification:_identify(src/head_unit/tests) by extension 'colcon_meta'
[1.148s] Level 1:colcon.colcon_core.package_identification:_identify(src/head_unit/tests) by extensions ['ros']
[1.148s] Level 1:colcon.colcon_core.package_identification:_identify(src/head_unit/tests) by extension 'ros'
[1.148s] Level 1:colcon.colcon_core.package_identification:_identify(src/head_unit/tests) by extensions ['cmake', 'python']
[1.148s] Level 1:colcon.colcon_core.package_identification:_identify(src/head_unit/tests) by extension 'cmake'
[1.149s] Level 1:colcon.colcon_core.package_identification:_identify(src/head_unit/tests) by extension 'python'
[1.149s] Level 1:colcon.colcon_core.package_identification:_identify(src/head_unit/tests) by extensions ['python_setup_py']
[1.149s] Level 1:colcon.colcon_core.package_identification:_identify(src/head_unit/tests) by extension 'python_setup_py'
[1.149s] Level 1:colcon.colcon_core.package_identification:_identify(src/head_unit/tests/i2c_peripheral_stress_test) by extensions ['ignore', 'ignore_ament_install']
[1.150s] Level 1:colcon.colcon_core.package_identification:_identify(src/head_unit/tests/i2c_peripheral_stress_test) by extension 'ignore'
[1.150s] Level 1:colcon.colcon_core.package_identification:_identify(src/head_unit/tests/i2c_peripheral_stress_test) by extension 'ignore_ament_install'
[1.150s] Level 1:colcon.colcon_core.package_identification:_identify(src/head_unit/tests/i2c_peripheral_stress_test) by extensions ['colcon_pkg']
[1.150s] Level 1:colcon.colcon_core.package_identification:_identify(src/head_unit/tests/i2c_peripheral_stress_test) by extension 'colcon_pkg'
[1.151s] Level 1:colcon.colcon_core.package_identification:_identify(src/head_unit/tests/i2c_peripheral_stress_test) by extensions ['colcon_meta']
[1.151s] Level 1:colcon.colcon_core.package_identification:_identify(src/head_unit/tests/i2c_peripheral_stress_test) by extension 'colcon_meta'
[1.151s] Level 1:colcon.colcon_core.package_identification:_identify(src/head_unit/tests/i2c_peripheral_stress_test) by extensions ['ros']
[1.151s] Level 1:colcon.colcon_core.package_identification:_identify(src/head_unit/tests/i2c_peripheral_stress_test) by extension 'ros'
[1.154s] DEBUG:colcon.colcon_core.package_identification:Package 'src/head_unit/tests/i2c_peripheral_stress_test' with type 'ros.ament_cmake' and name 'i2c_peripheral_stress_test'
[1.155s] Level 1:colcon.colcon_core.package_identification:_identify(src/peripherals) by extensions ['ignore', 'ignore_ament_install']
[1.155s] Level 1:colcon.colcon_core.package_identification:_identify(src/peripherals) by extension 'ignore'
[1.156s] Level 1:colcon.colcon_core.package_identification:_identify(src/peripherals) by extension 'ignore_ament_install'
[1.156s] Level 1:colcon.colcon_core.package_identification:_identify(src/peripherals) by extensions ['colcon_pkg']
[1.156s] Level 1:colcon.colcon_core.package_identification:_identify(src/peripherals) by extension 'colcon_pkg'
[1.156s] Level 1:colcon.colcon_core.package_identification:_identify(src/peripherals) by extensions ['colcon_meta']
[1.156s] Level 1:colcon.colcon_core.package_identification:_identify(src/peripherals) by extension 'colcon_meta'
[1.156s] Level 1:colcon.colcon_core.package_identification:_identify(src/peripherals) by extensions ['ros']
[1.157s] Level 1:colcon.colcon_core.package_identification:_identify(src/peripherals) by extension 'ros'
[1.157s] Level 1:colcon.colcon_core.package_identification:_identify(src/peripherals) by extensions ['cmake', 'python']
[1.157s] Level 1:colcon.colcon_core.package_identification:_identify(src/peripherals) by extension 'cmake'
[1.157s] Level 1:colcon.colcon_core.package_identification:_identify(src/peripherals) by extension 'python'
[1.158s] Level 1:colcon.colcon_core.package_identification:_identify(src/peripherals) by extensions ['python_setup_py']
[1.158s] Level 1:colcon.colcon_core.package_identification:_identify(src/peripherals) by extension 'python_setup_py'
[1.158s] Level 1:colcon.colcon_core.package_identification:_identify(src/peripherals/battery) by extensions ['ignore', 'ignore_ament_install']
[1.159s] Level 1:colcon.colcon_core.package_identification:_identify(src/peripherals/battery) by extension 'ignore'
[1.159s] Level 1:colcon.colcon_core.package_identification:_identify(src/peripherals/battery) by extension 'ignore_ament_install'
[1.159s] Level 1:colcon.colcon_core.package_identification:_identify(src/peripherals/battery) by extensions ['colcon_pkg']
[1.159s] Level 1:colcon.colcon_core.package_identification:_identify(src/peripherals/battery) by extension 'colcon_pkg'
[1.159s] Level 1:colcon.colcon_core.package_identification:_identify(src/peripherals/battery) by extensions ['colcon_meta']
[1.160s] Level 1:colcon.colcon_core.package_identification:_identify(src/peripherals/battery) by extension 'colcon_meta'
[1.160s] Level 1:colcon.colcon_core.package_identification:_identify(src/peripherals/battery) by extensions ['ros']
[1.160s] Level 1:colcon.colcon_core.package_identification:_identify(src/peripherals/battery) by extension 'ros'
[1.163s] DEBUG:colcon.colcon_core.package_identification:Package 'src/peripherals/battery' with type 'ros.ament_cmake' and name 'battery'
[1.164s] Level 1:colcon.colcon_core.package_identification:_identify(src/peripherals/camera) by extensions ['ignore', 'ignore_ament_install']
[1.164s] Level 1:colcon.colcon_core.package_identification:_identify(src/peripherals/camera) by extension 'ignore'
[1.164s] Level 1:colcon.colcon_core.package_identification:_identify(src/peripherals/camera) by extension 'ignore_ament_install'
[1.165s] Level 1:colcon.colcon_core.package_identification:_identify(src/peripherals/camera) by extensions ['colcon_pkg']
[1.165s] Level 1:colcon.colcon_core.package_identification:_identify(src/peripherals/camera) by extension 'colcon_pkg'
[1.165s] Level 1:colcon.colcon_core.package_identification:_identify(src/peripherals/camera) by extensions ['colcon_meta']
[1.165s] Level 1:colcon.colcon_core.package_identification:_identify(src/peripherals/camera) by extension 'colcon_meta'
[1.165s] Level 1:colcon.colcon_core.package_identification:_identify(src/peripherals/camera) by extensions ['ros']
[1.165s] Level 1:colcon.colcon_core.package_identification:_identify(src/peripherals/camera) by extension 'ros'
[1.168s] DEBUG:colcon.colcon_core.package_identification:Package 'src/peripherals/camera' with type 'ros.ament_cmake' and name 'camera'
[1.169s] Level 1:colcon.colcon_core.package_identification:_identify(src/peripherals/dc_motors) by extensions ['ignore', 'ignore_ament_install']
[1.169s] Level 1:colcon.colcon_core.package_identification:_identify(src/peripherals/dc_motors) by extension 'ignore'
[1.170s] Level 1:colcon.colcon_core.package_identification:_identify(src/peripherals/dc_motors) by extension 'ignore_ament_install'
[1.170s] Level 1:colcon.colcon_core.package_identification:_identify(src/peripherals/dc_motors) by extensions ['colcon_pkg']
[1.170s] Level 1:colcon.colcon_core.package_identification:_identify(src/peripherals/dc_motors) by extension 'colcon_pkg'
[1.170s] Level 1:colcon.colcon_core.package_identification:_identify(src/peripherals/dc_motors) by extensions ['colcon_meta']
[1.170s] Level 1:colcon.colcon_core.package_identification:_identify(src/peripherals/dc_motors) by extension 'colcon_meta'
[1.171s] Level 1:colcon.colcon_core.package_identification:_identify(src/peripherals/dc_motors) by extensions ['ros']
[1.171s] Level 1:colcon.colcon_core.package_identification:_identify(src/peripherals/dc_motors) by extension 'ros'
[1.174s] DEBUG:colcon.colcon_core.package_identification:Package 'src/peripherals/dc_motors' with type 'ros.ament_cmake' and name 'dc_motors'
[1.174s] Level 1:colcon.colcon_core.package_identification:_identify(src/peripherals/oled_display) by extensions ['ignore', 'ignore_ament_install']
[1.175s] Level 1:colcon.colcon_core.package_identification:_identify(src/peripherals/oled_display) by extension 'ignore'
[1.175s] Level 1:colcon.colcon_core.package_identification:_identify(src/peripherals/oled_display) by extension 'ignore_ament_install'
[1.175s] Level 1:colcon.colcon_core.package_identification:_identify(src/peripherals/oled_display) by extensions ['colcon_pkg']
[1.175s] Level 1:colcon.colcon_core.package_identification:_identify(src/peripherals/oled_display) by extension 'colcon_pkg'
[1.175s] Level 1:colcon.colcon_core.package_identification:_identify(src/peripherals/oled_display) by extensions ['colcon_meta']
[1.176s] Level 1:colcon.colcon_core.package_identification:_identify(src/peripherals/oled_display) by extension 'colcon_meta'
[1.176s] Level 1:colcon.colcon_core.package_identification:_identify(src/peripherals/oled_display) by extensions ['ros']
[1.176s] Level 1:colcon.colcon_core.package_identification:_identify(src/peripherals/oled_display) by extension 'ros'
[1.179s] DEBUG:colcon.colcon_core.package_identification:Package 'src/peripherals/oled_display' with type 'ros.ament_cmake' and name 'oled_display'
[1.179s] Level 1:colcon.colcon_core.package_identification:_identify(src/peripherals/servo_motor) by extensions ['ignore', 'ignore_ament_install']
[1.180s] Level 1:colcon.colcon_core.package_identification:_identify(src/peripherals/servo_motor) by extension 'ignore'
[1.180s] Level 1:colcon.colcon_core.package_identification:_identify(src/peripherals/servo_motor) by extension 'ignore_ament_install'
[1.180s] Level 1:colcon.colcon_core.package_identification:_identify(src/peripherals/servo_motor) by extensions ['colcon_pkg']
[1.180s] Level 1:colcon.colcon_core.package_identification:_identify(src/peripherals/servo_motor) by extension 'colcon_pkg'
[1.180s] Level 1:colcon.colcon_core.package_identification:_identify(src/peripherals/servo_motor) by extensions ['colcon_meta']
[1.181s] Level 1:colcon.colcon_core.package_identification:_identify(src/peripherals/servo_motor) by extension 'colcon_meta'
[1.181s] Level 1:colcon.colcon_core.package_identification:_identify(src/peripherals/servo_motor) by extensions ['ros']
[1.181s] Level 1:colcon.colcon_core.package_identification:_identify(src/peripherals/servo_motor) by extension 'ros'
[1.184s] DEBUG:colcon.colcon_core.package_identification:Package 'src/peripherals/servo_motor' with type 'ros.ament_cmake' and name 'servo_motor'
[1.185s] Level 1:colcon.colcon_core.package_identification:_identify(src/peripherals/speed_sensor) by extensions ['ignore', 'ignore_ament_install']
[1.185s] Level 1:colcon.colcon_core.package_identification:_identify(src/peripherals/speed_sensor) by extension 'ignore'
[1.185s] Level 1:colcon.colcon_core.package_identification:_identify(src/peripherals/speed_sensor) by extension 'ignore_ament_install'
[1.186s] Level 1:colcon.colcon_core.package_identification:_identify(src/peripherals/speed_sensor) by extensions ['colcon_pkg']
[1.186s] Level 1:colcon.colcon_core.package_identification:_identify(src/peripherals/speed_sensor) by extension 'colcon_pkg'
[1.186s] Level 1:colcon.colcon_core.package_identification:_identify(src/peripherals/speed_sensor) by extensions ['colcon_meta']
[1.186s] Level 1:colcon.colcon_core.package_identification:_identify(src/peripherals/speed_sensor) by extension 'colcon_meta'
[1.186s] Level 1:colcon.colcon_core.package_identification:_identify(src/peripherals/speed_sensor) by extensions ['ros']
[1.186s] Level 1:colcon.colcon_core.package_identification:_identify(src/peripherals/speed_sensor) by extension 'ros'
[1.190s] DEBUG:colcon.colcon_core.package_identification:Package 'src/peripherals/speed_sensor' with type 'ros.ament_cmake' and name 'speed_sensor'
[1.190s] Level 1:colcon.colcon_core.package_identification:_identify(src/utils) by extensions ['ignore', 'ignore_ament_install']
[1.191s] Level 1:colcon.colcon_core.package_identification:_identify(src/utils) by extension 'ignore'
[1.191s] Level 1:colcon.colcon_core.package_identification:_identify(src/utils) by extension 'ignore_ament_install'
[1.191s] Level 1:colcon.colcon_core.package_identification:_identify(src/utils) by extensions ['colcon_pkg']
[1.191s] Level 1:colcon.colcon_core.package_identification:_identify(src/utils) by extension 'colcon_pkg'
[1.192s] Level 1:colcon.colcon_core.package_identification:_identify(src/utils) by extensions ['colcon_meta']
[1.192s] Level 1:colcon.colcon_core.package_identification:_identify(src/utils) by extension 'colcon_meta'
[1.192s] Level 1:colcon.colcon_core.package_identification:_identify(src/utils) by extensions ['ros']
[1.192s] Level 1:colcon.colcon_core.package_identification:_identify(src/utils) by extension 'ros'
[1.192s] Level 1:colcon.colcon_core.package_identification:_identify(src/utils) by extensions ['cmake', 'python']
[1.193s] Level 1:colcon.colcon_core.package_identification:_identify(src/utils) by extension 'cmake'
[1.193s] Level 1:colcon.colcon_core.package_identification:_identify(src/utils) by extension 'python'
[1.193s] Level 1:colcon.colcon_core.package_identification:_identify(src/utils) by extensions ['python_setup_py']
[1.193s] Level 1:colcon.colcon_core.package_identification:_identify(src/utils) by extension 'python_setup_py'
[1.194s] Level 1:colcon.colcon_core.package_identification:_identify(src/utils/custom_msgs) by extensions ['ignore', 'ignore_ament_install']
[1.194s] Level 1:colcon.colcon_core.package_identification:_identify(src/utils/custom_msgs) by extension 'ignore'
[1.194s] Level 1:colcon.colcon_core.package_identification:_identify(src/utils/custom_msgs) by extension 'ignore_ament_install'
[1.194s] Level 1:colcon.colcon_core.package_identification:_identify(src/utils/custom_msgs) by extensions ['colcon_pkg']
[1.194s] Level 1:colcon.colcon_core.package_identification:_identify(src/utils/custom_msgs) by extension 'colcon_pkg'
[1.195s] Level 1:colcon.colcon_core.package_identification:_identify(src/utils/custom_msgs) by extensions ['colcon_meta']
[1.195s] Level 1:colcon.colcon_core.package_identification:_identify(src/utils/custom_msgs) by extension 'colcon_meta'
[1.195s] Level 1:colcon.colcon_core.package_identification:_identify(src/utils/custom_msgs) by extensions ['ros']
[1.195s] Level 1:colcon.colcon_core.package_identification:_identify(src/utils/custom_msgs) by extension 'ros'
[1.198s] DEBUG:colcon.colcon_core.package_identification:Package 'src/utils/custom_msgs' with type 'ros.ament_cmake' and name 'custom_msgs'
[1.198s] Level 1:colcon.colcon_core.package_identification:_identify(src/utils/ina219_driver) by extensions ['ignore', 'ignore_ament_install']
[1.199s] Level 1:colcon.colcon_core.package_identification:_identify(src/utils/ina219_driver) by extension 'ignore'
[1.199s] Level 1:colcon.colcon_core.package_identification:_identify(src/utils/ina219_driver) by extension 'ignore_ament_install'
[1.199s] Level 1:colcon.colcon_core.package_identification:_identify(src/utils/ina219_driver) by extensions ['colcon_pkg']
[1.199s] Level 1:colcon.colcon_core.package_identification:_identify(src/utils/ina219_driver) by extension 'colcon_pkg'
[1.199s] Level 1:colcon.colcon_core.package_identification:_identify(src/utils/ina219_driver) by extensions ['colcon_meta']
[1.199s] Level 1:colcon.colcon_core.package_identification:_identify(src/utils/ina219_driver) by extension 'colcon_meta'
[1.200s] Level 1:colcon.colcon_core.package_identification:_identify(src/utils/ina219_driver) by extensions ['ros']
[1.200s] Level 1:colcon.colcon_core.package_identification:_identify(src/utils/ina219_driver) by extension 'ros'
[1.203s] DEBUG:colcon.colcon_core.package_identification:Package 'src/utils/ina219_driver' with type 'ros.ament_cmake' and name 'ina219_driver'
[1.203s] Level 1:colcon.colcon_core.package_identification:_identify(src/utils/pca9685_driver) by extensions ['ignore', 'ignore_ament_install']
[1.204s] Level 1:colcon.colcon_core.package_identification:_identify(src/utils/pca9685_driver) by extension 'ignore'
[1.204s] Level 1:colcon.colcon_core.package_identification:_identify(src/utils/pca9685_driver) by extension 'ignore_ament_install'
[1.204s] Level 1:colcon.colcon_core.package_identification:_identify(src/utils/pca9685_driver) by extensions ['colcon_pkg']
[1.204s] Level 1:colcon.colcon_core.package_identification:_identify(src/utils/pca9685_driver) by extension 'colcon_pkg'
[1.205s] Level 1:colcon.colcon_core.package_identification:_identify(src/utils/pca9685_driver) by extensions ['colcon_meta']
[1.205s] Level 1:colcon.colcon_core.package_identification:_identify(src/utils/pca9685_driver) by extension 'colcon_meta'
[1.205s] Level 1:colcon.colcon_core.package_identification:_identify(src/utils/pca9685_driver) by extensions ['ros']
[1.205s] Level 1:colcon.colcon_core.package_identification:_identify(src/utils/pca9685_driver) by extension 'ros'
[1.208s] DEBUG:colcon.colcon_core.package_identification:Package 'src/utils/pca9685_driver' with type 'ros.ament_cmake' and name 'pca9685_driver'
[1.208s] Level 1:colcon.colcon_core.package_discovery:discover_packages(recursive) using defaults
[1.208s] Level 1:colcon.colcon_core.package_discovery:discover_packages(ignore) discover
[1.208s] Level 1:colcon.colcon_core.package_discovery:discover_packages(ignore) using defaults
[1.208s] Level 1:colcon.colcon_core.package_discovery:discover_packages(path) discover
[1.208s] Level 1:colcon.colcon_core.package_discovery:discover_packages(path) using defaults
[1.320s] INFO:colcon.colcon_core.package_selection:Skipping not selected package 'custom_msgs' in 'src/utils/custom_msgs'
[1.320s] INFO:colcon.colcon_core.package_selection:Skipping not selected package 'display_routine' in 'src/head_unit/display_routine'
[1.320s] INFO:colcon.colcon_core.package_selection:Skipping not selected package 'i2c_peripheral_stress_test' in 'src/head_unit/tests/i2c_peripheral_stress_test'
[1.320s] INFO:colcon.colcon_core.package_selection:Skipping not selected package 'can_interface' in 'src/bus_interfaces/can_interface'
[1.320s] INFO:colcon.colcon_core.package_selection:Skipping not selected package 'i2c_interface' in 'src/bus_interfaces/i2c_interface'
[1.321s] INFO:colcon.colcon_core.package_selection:Skipping not selected package 'ina219_driver' in 'src/utils/ina219_driver'
[1.321s] INFO:colcon.colcon_core.package_selection:Skipping not selected package 'oled_display' in 'src/peripherals/oled_display'
[1.321s] INFO:colcon.colcon_core.package_selection:Skipping not selected package 'pca9685_driver' in 'src/utils/pca9685_driver'
[1.321s] INFO:colcon.colcon_core.package_selection:Skipping not selected package 'speed_sensor' in 'src/peripherals/speed_sensor'
[1.321s] INFO:colcon.colcon_core.package_selection:Skipping not selected package 'battery' in 'src/peripherals/battery'
[1.321s] INFO:colcon.colcon_core.package_selection:Skipping not selected package 'dc_motors' in 'src/peripherals/dc_motors'
[1.321s] INFO:colcon.colcon_core.package_selection:Skipping not selected package 'servo_motor' in 'src/peripherals/servo_motor'
[1.324s] Level 1:colcon.colcon_core.package_discovery:discover_packages(prefix_path) check parameters
[1.324s] Level 1:colcon.colcon_core.package_discovery:discover_packages(prefix_path) discover
[1.331s] WARNING:colcon.colcon_ros.prefix_path.ament:The path '/home/jetpack/SEAME-Cluster-24-25/JetRacer/install/speed_sensor' in the environment variable AMENT_PREFIX_PATH doesn't exist
[1.332s] WARNING:colcon.colcon_ros.prefix_path.ament:The path '/home/jetpack/SEAME-Cluster-24-25/JetRacer/install/servo_motor' in the environment variable AMENT_PREFIX_PATH doesn't exist
[1.332s] WARNING:colcon.colcon_ros.prefix_path.ament:The path '/home/jetpack/SEAME-Cluster-24-25/JetRacer/install/dc_motors' in the environment variable AMENT_PREFIX_PATH doesn't exist
[1.332s] WARNING:colcon.colcon_ros.prefix_path.ament:The path '/home/jetpack/SEAME-Cluster-24-25/JetRacer/install/pca9685_driver' in the environment variable AMENT_PREFIX_PATH doesn't exist
[1.333s] WARNING:colcon.colcon_ros.prefix_path.ament:The path '/home/jetpack/SEAME-Cluster-24-25/JetRacer/install/oled_display' in the environment variable AMENT_PREFIX_PATH doesn't exist
[1.333s] WARNING:colcon.colcon_ros.prefix_path.ament:The path '/home/jetpack/SEAME-Cluster-24-25/JetRacer/install/battery' in the environment variable AMENT_PREFIX_PATH doesn't exist
[1.333s] WARNING:colcon.colcon_ros.prefix_path.ament:The path '/home/jetpack/SEAME-Cluster-24-25/JetRacer/install/ina219_driver' in the environment variable AMENT_PREFIX_PATH doesn't exist
[1.333s] WARNING:colcon.colcon_ros.prefix_path.ament:The path '/home/jetpack/SEAME-Cluster-24-25/JetRacer/install/i2c_peripheral_stress_test' in the environment variable AMENT_PREFIX_PATH doesn't exist
[1.333s] WARNING:colcon.colcon_ros.prefix_path.ament:The path '/home/jetpack/SEAME-Cluster-24-25/JetRacer/install/i2c_interface' in the environment variable AMENT_PREFIX_PATH doesn't exist
[1.334s] WARNING:colcon.colcon_ros.prefix_path.ament:The path '/home/jetpack/SEAME-Cluster-24-25/JetRacer/install/display_routine' in the environment variable AMENT_PREFIX_PATH doesn't exist
[1.334s] WARNING:colcon.colcon_ros.prefix_path.ament:The path '/home/jetpack/SEAME-Cluster-24-25/JetRacer/install/can_interface' in the environment variable AMENT_PREFIX_PATH doesn't exist
[1.334s] WARNING:colcon.colcon_ros.prefix_path.ament:The path '/home/jetpack/SEAME-Cluster-24-25/JetRacer/install/custom_msgs' in the environment variable AMENT_PREFIX_PATH doesn't exist
[1.334s] WARNING:colcon.colcon_ros.prefix_path.ament:The path '/home/jetpack/SEAME-Cluster-24-25/JetRacer/install/camera' in the environment variable AMENT_PREFIX_PATH doesn't exist
[1.338s] WARNING:colcon.colcon_ros.prefix_path.catkin:The path '/home/jetpack/SEAME-Cluster-24-25/JetRacer/install/speed_sensor' in the environment variable CMAKE_PREFIX_PATH doesn't exist
[1.338s] WARNING:colcon.colcon_ros.prefix_path.catkin:The path '/home/jetpack/SEAME-Cluster-24-25/JetRacer/install/servo_motor' in the environment variable CMAKE_PREFIX_PATH doesn't exist
[1.338s] WARNING:colcon.colcon_ros.prefix_path.catkin:The path '/home/jetpack/SEAME-Cluster-24-25/JetRacer/install/dc_motors' in the environment variable CMAKE_PREFIX_PATH doesn't exist
[1.339s] WARNING:colcon.colcon_ros.prefix_path.catkin:The path '/home/jetpack/SEAME-Cluster-24-25/JetRacer/install/pca9685_driver' in the environment variable CMAKE_PREFIX_PATH doesn't exist
[1.339s] WARNING:colcon.colcon_ros.prefix_path.catkin:The path '/home/jetpack/SEAME-Cluster-24-25/JetRacer/install/oled_display' in the environment variable CMAKE_PREFIX_PATH doesn't exist
[1.339s] WARNING:colcon.colcon_ros.prefix_path.catkin:The path '/home/jetpack/SEAME-Cluster-24-25/JetRacer/install/battery' in the environment variable CMAKE_PREFIX_PATH doesn't exist
[1.339s] WARNING:colcon.colcon_ros.prefix_path.catkin:The path '/home/jetpack/SEAME-Cluster-24-25/JetRacer/install/ina219_driver' in the environment variable CMAKE_PREFIX_PATH doesn't exist
[1.340s] WARNING:colcon.colcon_ros.prefix_path.catkin:The path '/home/jetpack/SEAME-Cluster-24-25/JetRacer/install/i2c_peripheral_stress_test' in the environment variable CMAKE_PREFIX_PATH doesn't exist
[1.340s] WARNING:colcon.colcon_ros.prefix_path.catkin:The path '/home/jetpack/SEAME-Cluster-24-25/JetRacer/install/i2c_interface' in the environment variable CMAKE_PREFIX_PATH doesn't exist
[1.340s] WARNING:colcon.colcon_ros.prefix_path.catkin:The path '/home/jetpack/SEAME-Cluster-24-25/JetRacer/install/display_routine' in the environment variable CMAKE_PREFIX_PATH doesn't exist
[1.340s] WARNING:colcon.colcon_ros.prefix_path.catkin:The path '/home/jetpack/SEAME-Cluster-24-25/JetRacer/install/can_interface' in the environment variable CMAKE_PREFIX_PATH doesn't exist
[1.340s] WARNING:colcon.colcon_ros.prefix_path.catkin:The path '/home/jetpack/SEAME-Cluster-24-25/JetRacer/install/custom_msgs' in the environment variable CMAKE_PREFIX_PATH doesn't exist
[1.341s] WARNING:colcon.colcon_ros.prefix_path.catkin:The path '/home/jetpack/SEAME-Cluster-24-25/JetRacer/install/camera' in the environment variable CMAKE_PREFIX_PATH doesn't exist
[1.346s] DEBUG:colcon.colcon_installed_package_information.package_discovery:Found 0 installed packages in /home/jetpack/SEAME-Cluster-24-25/JetRacer/install
[1.350s] DEBUG:colcon.colcon_installed_package_information.package_discovery:Found 10 installed packages in /home/jetpack/ros2_v4l2/install
[1.361s] DEBUG:colcon.colcon_installed_package_information.package_discovery:Found 291 installed packages in /opt/ros/jazzy
[1.367s] Level 1:colcon.colcon_core.package_discovery:discover_packages(prefix_path) using defaults
[1.602s] Level 5:colcon.colcon_core.verb:set package 'camera' build argument 'cmake_args' from command line to 'None'
[1.602s] Level 5:colcon.colcon_core.verb:set package 'camera' build argument 'cmake_target' from command line to 'None'
[1.602s] Level 5:colcon.colcon_core.verb:set package 'camera' build argument 'cmake_target_skip_unavailable' from command line to 'False'
[1.602s] Level 5:colcon.colcon_core.verb:set package 'camera' build argument 'cmake_clean_cache' from command line to 'False'
[1.602s] Level 5:colcon.colcon_core.verb:set package 'camera' build argument 'cmake_clean_first' from command line to 'False'
[1.603s] Level 5:colcon.colcon_core.verb:set package 'camera' build argument 'cmake_force_configure' from command line to 'False'
[1.603s] Level 5:colcon.colcon_core.verb:set package 'camera' build argument 'ament_cmake_args' from command line to 'None'
[1.603s] Level 5:colcon.colcon_core.verb:set package 'camera' build argument 'catkin_cmake_args' from command line to 'None'
[1.603s] Level 5:colcon.colcon_core.verb:set package 'camera' build argument 'catkin_skip_building_tests' from command line to 'False'
[1.603s] DEBUG:colcon.colcon_core.verb:Building package 'camera' with the following arguments: {'ament_cmake_args': None, 'build_base': '/home/jetpack/SEAME-Cluster-24-25/JetRacer/build/camera', 'catkin_cmake_args': None, 'catkin_skip_building_tests': False, 'cmake_args': None, 'cmake_clean_cache': False, 'cmake_clean_first': False, 'cmake_force_configure': False, 'cmake_target': None, 'cmake_target_skip_unavailable': False, 'install_base': '/home/jetpack/SEAME-Cluster-24-25/JetRacer/install/camera', 'merge_install': False, 'path': '/home/jetpack/SEAME-Cluster-24-25/JetRacer/src/peripherals/camera', 'symlink_install': False, 'test_result_base': None}
[1.603s] INFO:colcon.colcon_core.executor:Executing jobs using 'parallel' executor
[1.607s] DEBUG:colcon.colcon_parallel_executor.executor.parallel:run_until_complete
[1.608s] INFO:colcon.colcon_ros.task.ament_cmake.build:Building ROS package in '/home/jetpack/SEAME-Cluster-24-25/JetRacer/src/peripherals/camera' with build type 'ament_cmake'
[1.609s] INFO:colcon.colcon_cmake.task.cmake.build:Building CMake package in '/home/jetpack/SEAME-Cluster-24-25/JetRacer/src/peripherals/camera'
[1.630s] INFO:colcon.colcon_core.plugin_system:Skipping extension 'colcon_core.shell.bat': Not used on non-Windows systems
[1.631s] INFO:colcon.colcon_core.shell:Skip shell extension 'powershell' for command environment: Not usable outside of PowerShell
[1.632s] DEBUG:colcon.colcon_core.shell:Skip shell extension 'dsv' for command environment
[1.681s] DEBUG:colcon.colcon_core.event_handler.log_command:Invoking command in '/home/jetpack/SEAME-Cluster-24-25/JetRacer/build/camera': CMAKE_PREFIX_PATH=${CMAKE_PREFIX_PATH}:/opt/ros/jazzy /usr/bin/cmake /home/jetpack/SEAME-Cluster-24-25/JetRacer/src/peripherals/camera -DCMAKE_INSTALL_PREFIX=/home/jetpack/SEAME-Cluster-24-25/JetRacer/install/camera
[10.412s] DEBUG:colcon.colcon_core.event_handler.log_command:Invoked command in '/home/jetpack/SEAME-Cluster-24-25/JetRacer/build/camera' returned '0': CMAKE_PREFIX_PATH=${CMAKE_PREFIX_PATH}:/opt/ros/jazzy /usr/bin/cmake /home/jetpack/SEAME-Cluster-24-25/JetRacer/src/peripherals/camera -DCMAKE_INSTALL_PREFIX=/home/jetpack/SEAME-Cluster-24-25/JetRacer/install/camera
[10.419s] DEBUG:colcon.colcon_core.event_handler.log_command:Invoking command in '/home/jetpack/SEAME-Cluster-24-25/JetRacer/build/camera': CMAKE_PREFIX_PATH=${CMAKE_PREFIX_PATH}:/opt/ros/jazzy /usr/bin/cmake --build /home/jetpack/SEAME-Cluster-24-25/JetRacer/build/camera -- -j4 -l4
[45.462s] DEBUG:colcon.colcon_core.event_handler.log_command:Invoked command in '/home/jetpack/SEAME-Cluster-24-25/JetRacer/build/camera' returned '0': CMAKE_PREFIX_PATH=${CMAKE_PREFIX_PATH}:/opt/ros/jazzy /usr/bin/cmake --build /home/jetpack/SEAME-Cluster-24-25/JetRacer/build/camera -- -j4 -l4
[45.526s] DEBUG:colcon.colcon_core.event_handler.log_command:Invoking command in '/home/jetpack/SEAME-Cluster-24-25/JetRacer/build/camera': CMAKE_PREFIX_PATH=${CMAKE_PREFIX_PATH}:/opt/ros/jazzy /usr/bin/cmake --install /home/jetpack/SEAME-Cluster-24-25/JetRacer/build/camera
[45.613s] Level 1:colcon.colcon_core.environment:create_environment_scripts_only(camera)
[45.615s] DEBUG:colcon.colcon_core.event_handler.log_command:Invoked command in '/home/jetpack/SEAME-Cluster-24-25/JetRacer/build/camera' returned '0': CMAKE_PREFIX_PATH=${CMAKE_PREFIX_PATH}:/opt/ros/jazzy /usr/bin/cmake --install /home/jetpack/SEAME-Cluster-24-25/JetRacer/build/camera
[45.642s] Level 1:colcon.colcon_core.environment:checking '/home/jetpack/SEAME-Cluster-24-25/JetRacer/install/camera' for CMake module files
[45.647s] Level 1:colcon.colcon_core.environment:checking '/home/jetpack/SEAME-Cluster-24-25/JetRacer/install/camera' for CMake config files
[45.648s] Level 1:colcon.colcon_core.shell:create_environment_hook('camera', 'cmake_prefix_path')
[45.649s] INFO:colcon.colcon_core.shell:Creating environment hook '/home/jetpack/SEAME-Cluster-24-25/JetRacer/install/camera/share/camera/hook/cmake_prefix_path.ps1'
[45.653s] INFO:colcon.colcon_core.shell:Creating environment descriptor '/home/jetpack/SEAME-Cluster-24-25/JetRacer/install/camera/share/camera/hook/cmake_prefix_path.dsv'
[45.655s] INFO:colcon.colcon_core.shell:Creating environment hook '/home/jetpack/SEAME-Cluster-24-25/JetRacer/install/camera/share/camera/hook/cmake_prefix_path.sh'
[45.659s] Level 1:colcon.colcon_core.environment:checking '/home/jetpack/SEAME-Cluster-24-25/JetRacer/install/camera/lib'
[45.660s] Level 1:colcon.colcon_core.environment:checking '/home/jetpack/SEAME-Cluster-24-25/JetRacer/install/camera/bin'
[45.660s] Level 1:colcon.colcon_core.environment:checking '/home/jetpack/SEAME-Cluster-24-25/JetRacer/install/camera/lib/pkgconfig/camera.pc'
[45.661s] Level 1:colcon.colcon_core.environment:checking '/home/jetpack/SEAME-Cluster-24-25/JetRacer/install/camera/lib/python3.12/site-packages'
[45.662s] Level 1:colcon.colcon_core.environment:checking '/home/jetpack/SEAME-Cluster-24-25/JetRacer/install/camera/bin'
[45.663s] INFO:colcon.colcon_core.shell:Creating package script '/home/jetpack/SEAME-Cluster-24-25/JetRacer/install/camera/share/camera/package.ps1'
[45.667s] INFO:colcon.colcon_core.shell:Creating package descriptor '/home/jetpack/SEAME-Cluster-24-25/JetRacer/install/camera/share/camera/package.dsv'
[45.670s] INFO:colcon.colcon_core.shell:Creating package script '/home/jetpack/SEAME-Cluster-24-25/JetRacer/install/camera/share/camera/package.sh'
[45.673s] INFO:colcon.colcon_core.shell:Creating package script '/home/jetpack/SEAME-Cluster-24-25/JetRacer/install/camera/share/camera/package.bash'
[45.676s] INFO:colcon.colcon_core.shell:Creating package script '/home/jetpack/SEAME-Cluster-24-25/JetRacer/install/camera/share/camera/package.zsh'
[45.679s] Level 1:colcon.colcon_core.environment:create_file_with_runtime_dependencies(/home/jetpack/SEAME-Cluster-24-25/JetRacer/install/camera/share/colcon-core/packages/camera)
[45.682s] Level 1:colcon.colcon_core.environment:create_environment_scripts_only(camera)
[45.683s] Level 1:colcon.colcon_core.environment:checking '/home/jetpack/SEAME-Cluster-24-25/JetRacer/install/camera' for CMake module files
[45.686s] Level 1:colcon.colcon_core.environment:checking '/home/jetpack/SEAME-Cluster-24-25/JetRacer/install/camera' for CMake config files
[45.687s] Level 1:colcon.colcon_core.shell:create_environment_hook('camera', 'cmake_prefix_path')
[45.688s] INFO:colcon.colcon_core.shell:Creating environment hook '/home/jetpack/SEAME-Cluster-24-25/JetRacer/install/camera/share/camera/hook/cmake_prefix_path.ps1'
[45.690s] INFO:colcon.colcon_core.shell:Creating environment descriptor '/home/jetpack/SEAME-Cluster-24-25/JetRacer/install/camera/share/camera/hook/cmake_prefix_path.dsv'
[45.691s] INFO:colcon.colcon_core.shell:Creating environment hook '/home/jetpack/SEAME-Cluster-24-25/JetRacer/install/camera/share/camera/hook/cmake_prefix_path.sh'
[45.694s] Level 1:colcon.colcon_core.environment:checking '/home/jetpack/SEAME-Cluster-24-25/JetRacer/install/camera/lib'
[45.694s] Level 1:colcon.colcon_core.environment:checking '/home/jetpack/SEAME-Cluster-24-25/JetRacer/install/camera/bin'
[45.695s] Level 1:colcon.colcon_core.environment:checking '/home/jetpack/SEAME-Cluster-24-25/JetRacer/install/camera/lib/pkgconfig/camera.pc'
[45.695s] Level 1:colcon.colcon_core.environment:checking '/home/jetpack/SEAME-Cluster-24-25/JetRacer/install/camera/lib/python3.12/site-packages'
[45.696s] Level 1:colcon.colcon_core.environment:checking '/home/jetpack/SEAME-Cluster-24-25/JetRacer/install/camera/bin'
[45.697s] INFO:colcon.colcon_core.shell:Creating package script '/home/jetpack/SEAME-Cluster-24-25/JetRacer/install/camera/share/camera/package.ps1'
[45.700s] INFO:colcon.colcon_core.shell:Creating package descriptor '/home/jetpack/SEAME-Cluster-24-25/JetRacer/install/camera/share/camera/package.dsv'
[45.702s] INFO:colcon.colcon_core.shell:Creating package script '/home/jetpack/SEAME-Cluster-24-25/JetRacer/install/camera/share/camera/package.sh'
[45.704s] INFO:colcon.colcon_core.shell:Creating package script '/home/jetpack/SEAME-Cluster-24-25/JetRacer/install/camera/share/camera/package.bash'
[45.705s] INFO:colcon.colcon_core.shell:Creating package script '/home/jetpack/SEAME-Cluster-24-25/JetRacer/install/camera/share/camera/package.zsh'
[45.707s] Level 1:colcon.colcon_core.environment:create_file_with_runtime_dependencies(/home/jetpack/SEAME-Cluster-24-25/JetRacer/install/camera/share/colcon-core/packages/camera)
[45.708s] DEBUG:colcon.colcon_parallel_executor.executor.parallel:closing loop
[45.710s] DEBUG:colcon.colcon_parallel_executor.executor.parallel:loop closed
[45.710s] DEBUG:colcon.colcon_parallel_executor.executor.parallel:run_until_complete finished with '0'
[45.710s] DEBUG:colcon.colcon_core.event_reactor:joining thread
[45.742s] INFO:colcon.colcon_core.plugin_system:Skipping extension 'colcon_notification.desktop_notification.terminal_notifier': Not used on non-Darwin systems
[45.743s] INFO:colcon.colcon_core.plugin_system:Skipping extension 'colcon_notification.desktop_notification.win32': Not used on non-Windows systems
[45.743s] INFO:colcon.colcon_notification.desktop_notification:Sending desktop notification using 'notify2'
[45.748s] DEBUG:colcon.colcon_notification.desktop_notification.notify2:Failed to initialize notify2: org.freedesktop.DBus.Error.ServiceUnknown: The name org.freedesktop.Notifications was not provided by any .service files
[45.748s] DEBUG:colcon.colcon_core.event_reactor:joined thread
[45.749s] INFO:colcon.colcon_core.shell:Creating prefix script '/home/jetpack/SEAME-Cluster-24-25/JetRacer/install/local_setup.ps1'
[45.753s] INFO:colcon.colcon_core.shell:Creating prefix util module '/home/jetpack/SEAME-Cluster-24-25/JetRacer/install/_local_setup_util_ps1.py'
[45.759s] INFO:colcon.colcon_core.shell:Creating prefix chain script '/home/jetpack/SEAME-Cluster-24-25/JetRacer/install/setup.ps1'
[45.768s] INFO:colcon.colcon_core.shell:Creating prefix script '/home/jetpack/SEAME-Cluster-24-25/JetRacer/install/local_setup.sh'
[45.771s] INFO:colcon.colcon_core.shell:Creating prefix util module '/home/jetpack/SEAME-Cluster-24-25/JetRacer/install/_local_setup_util_sh.py'
[45.773s] INFO:colcon.colcon_core.shell:Creating prefix chain script '/home/jetpack/SEAME-Cluster-24-25/JetRacer/install/setup.sh'
[45.782s] INFO:colcon.colcon_core.shell:Creating prefix script '/home/jetpack/SEAME-Cluster-24-25/JetRacer/install/local_setup.bash'
[45.784s] INFO:colcon.colcon_core.shell:Creating prefix chain script '/home/jetpack/SEAME-Cluster-24-25/JetRacer/install/setup.bash'
[45.792s] INFO:colcon.colcon_core.shell:Creating prefix script '/home/jetpack/SEAME-Cluster-24-25/JetRacer/install/local_setup.zsh'
[45.795s] INFO:colcon.colcon_core.shell:Creating prefix chain script '/home/jetpack/SEAME-Cluster-24-25/JetRacer/install/setup.zsh'
