[100%] Built target SSD1306Driver
-- Install configuration: ""
-- Execute custom install script
-- Up-to-date symlink: /home/jetpack/SEAME-Cluster-24-25/JetRacer/install/ssd1306_driver/lib/libSSD1306Driver.so
-- Up-to-date symlink: /home/jetpack/SEAME-Cluster-24-25/JetRacer/install/ssd1306_driver/include/SSD1306Driver.hpp
-- Up-to-date symlink: /home/jetpack/SEAME-Cluster-24-25/JetRacer/install/ssd1306_driver/include/font.hpp
-- Up-to-date symlink: /home/jetpack/SEAME-Cluster-24-25/JetRacer/install/ssd1306_driver/include/ssd1306.hpp
-- Up-to-date symlink: /home/jetpack/SEAME-Cluster-24-25/JetRacer/install/ssd1306_driver/share/ament_index/resource_index/package_run_dependencies/ssd1306_driver
-- Up-to-date symlink: /home/jetpack/SEAME-Cluster-24-25/JetRacer/install/ssd1306_driver/share/ament_index/resource_index/parent_prefix_path/ssd1306_driver
-- Up-to-date symlink: /home/jetpack/SEAME-Cluster-24-25/JetRacer/install/ssd1306_driver/share/ssd1306_driver/environment/ament_prefix_path.sh
-- Up-to-date symlink: /home/jetpack/SEAME-Cluster-24-25/JetRacer/install/ssd1306_driver/share/ssd1306_driver/environment/ament_prefix_path.dsv
-- Up-to-date symlink: /home/jetpack/SEAME-Cluster-24-25/JetRacer/install/ssd1306_driver/share/ssd1306_driver/environment/path.sh
-- Up-to-date symlink: /home/jetpack/SEAME-Cluster-24-25/JetRacer/install/ssd1306_driver/share/ssd1306_driver/environment/path.dsv
-- Up-to-date symlink: /home/jetpack/SEAME-Cluster-24-25/JetRacer/install/ssd1306_driver/share/ssd1306_driver/local_setup.bash
-- Up-to-date symlink: /home/jetpack/SEAME-Cluster-24-25/JetRacer/install/ssd1306_driver/share/ssd1306_driver/local_setup.sh
-- Up-to-date symlink: /home/jetpack/SEAME-Cluster-24-25/JetRacer/install/ssd1306_driver/share/ssd1306_driver/local_setup.zsh
-- Up-to-date symlink: /home/jetpack/SEAME-Cluster-24-25/JetRacer/install/ssd1306_driver/share/ssd1306_driver/local_setup.dsv
-- Symlinking: /home/jetpack/SEAME-Cluster-24-25/JetRacer/install/ssd1306_driver/share/ssd1306_driver/package.dsv
-- Up-to-date symlink: /home/jetpack/SEAME-Cluster-24-25/JetRacer/install/ssd1306_driver/share/ament_index/resource_index/packages/ssd1306_driver
-- Up-to-date symlink: /home/jetpack/SEAME-Cluster-24-25/JetRacer/install/ssd1306_driver/share/ssd1306_driver/cmake/ssd1306_driverConfig.cmake
-- Up-to-date symlink: /home/jetpack/SEAME-Cluster-24-25/JetRacer/install/ssd1306_driver/share/ssd1306_driver/cmake/ssd1306_driverConfig-version.cmake
-- Up-to-date symlink: /home/jetpack/SEAME-Cluster-24-25/JetRacer/install/ssd1306_driver/share/ssd1306_driver/package.xml
