[0.091s] Invoking command in '/home/jetpack/SEAME-Cluster-24-25/JetRacer/build/teleop': CMAKE_PREFIX_PATH=${CMAKE_PREFIX_PATH}:/opt/ros/jazzy /usr/bin/cmake --build /home/jetpack/SEAME-Cluster-24-25/JetRacer/build/teleop -- -j4 -l4
[0.585s] [100%] Built target teleop_node
[0.675s] Invoked command in '/home/jetpack/SEAME-Cluster-24-25/JetRacer/build/teleop' returned '0': CMAKE_PREFIX_PATH=${CMAKE_PREFIX_PATH}:/opt/ros/jazzy /usr/bin/cmake --build /home/jetpack/SEAME-Cluster-24-25/JetRacer/build/teleop -- -j4 -l4
[0.760s] Invoking command in '/home/jetpack/SEAME-Cluster-24-25/JetRacer/build/teleop': CMAKE_PREFIX_PATH=${CMAKE_PREFIX_PATH}:/opt/ros/jazzy /usr/bin/cmake --install /home/jetpack/SEAME-Cluster-24-25/JetRacer/build/teleop
[0.831s] -- Install configuration: ""
[0.839s] -- Execute custom install script
[0.846s] -- Up-to-date symlink: /home/jetpack/SEAME-Cluster-24-25/JetRacer/install/teleop/lib/teleop/teleop_node
[0.853s] -- Up-to-date symlink: /home/jetpack/SEAME-Cluster-24-25/JetRacer/install/teleop/share/ament_index/resource_index/package_run_dependencies/teleop
[0.855s] -- Up-to-date symlink: /home/jetpack/SEAME-Cluster-24-25/JetRacer/install/teleop/share/ament_index/resource_index/parent_prefix_path/teleop
[0.861s] -- Up-to-date symlink: /home/jetpack/SEAME-Cluster-24-25/JetRacer/install/teleop/share/teleop/environment/ament_prefix_path.sh
[0.867s] -- Up-to-date symlink: /home/jetpack/SEAME-Cluster-24-25/JetRacer/install/teleop/share/teleop/environment/ament_prefix_path.dsv
[0.876s] -- Up-to-date symlink: /home/jetpack/SEAME-Cluster-24-25/JetRacer/install/teleop/share/teleop/environment/path.sh
[0.883s] -- Up-to-date symlink: /home/jetpack/SEAME-Cluster-24-25/JetRacer/install/teleop/share/teleop/environment/path.dsv
[0.884s] -- Up-to-date symlink: /home/jetpack/SEAME-Cluster-24-25/JetRacer/install/teleop/share/teleop/local_setup.bash
[0.891s] -- Up-to-date symlink: /home/jetpack/SEAME-Cluster-24-25/JetRacer/install/teleop/share/teleop/local_setup.sh
[0.898s] -- Up-to-date symlink: /home/jetpack/SEAME-Cluster-24-25/JetRacer/install/teleop/share/teleop/local_setup.zsh
[0.900s] -- Up-to-date symlink: /home/jetpack/SEAME-Cluster-24-25/JetRacer/install/teleop/share/teleop/local_setup.dsv
[0.910s] -- Symlinking: /home/jetpack/SEAME-Cluster-24-25/JetRacer/install/teleop/share/teleop/package.dsv
[1.012s] -- Up-to-date symlink: /home/jetpack/SEAME-Cluster-24-25/JetRacer/install/teleop/share/ament_index/resource_index/packages/teleop
[1.023s] -- Up-to-date symlink: /home/jetpack/SEAME-Cluster-24-25/JetRacer/install/teleop/share/teleop/cmake/teleopConfig.cmake
[1.030s] -- Up-to-date symlink: /home/jetpack/SEAME-Cluster-24-25/JetRacer/install/teleop/share/teleop/cmake/teleopConfig-version.cmake
[1.032s] -- Up-to-date symlink: /home/jetpack/SEAME-Cluster-24-25/JetRacer/install/teleop/share/teleop/package.xml
[1.068s] Invoked command in '/home/jetpack/SEAME-Cluster-24-25/JetRacer/build/teleop' returned '0': CMAKE_PREFIX_PATH=${CMAKE_PREFIX_PATH}:/opt/ros/jazzy /usr/bin/cmake --install /home/jetpack/SEAME-Cluster-24-25/JetRacer/build/teleop
