[0.084s] Invoking command in '/home/jetpack/SEAME-Cluster-24-25/JetRacer/build/pca9685_driver': AMENT_PREFIX_PATH=/home/jetpack/SEAME-Cluster-24-25/JetRacer/install/custom_msgs:${AMENT_PREFIX_PATH} CMAKE_PREFIX_PATH=/home/jetpack/SEAME-Cluster-24-25/JetRacer/install/custom_msgs:/opt/ros/jazzy LD_LIBRARY_PATH=/home/jetpack/SEAME-Cluster-24-25/JetRacer/install/custom_msgs/lib:${LD_LIBRARY_PATH} PYTHONPATH=/home/jetpack/SEAME-Cluster-24-25/JetRacer/install/custom_msgs/lib/python3.12/site-packages:${PYTHONPATH} /usr/bin/cmake --build /home/jetpack/SEAME-Cluster-24-25/JetRacer/build/pca9685_driver -- -j4 -l4
[0.420s] [100%] Built target PCA9685Driver
[0.479s] Invoked command in '/home/jetpack/SEAME-Cluster-24-25/JetRacer/build/pca9685_driver' returned '0': AMENT_PREFIX_PATH=/home/jetpack/SEAME-Cluster-24-25/JetRacer/install/custom_msgs:${AMENT_PREFIX_PATH} CMAKE_PREFIX_PATH=/home/jetpack/SEAME-Cluster-24-25/JetRacer/install/custom_msgs:/opt/ros/jazzy LD_LIBRARY_PATH=/home/jetpack/SEAME-Cluster-24-25/JetRacer/install/custom_msgs/lib:${LD_LIBRARY_PATH} PYTHONPATH=/home/jetpack/SEAME-Cluster-24-25/JetRacer/install/custom_msgs/lib/python3.12/site-packages:${PYTHONPATH} /usr/bin/cmake --build /home/jetpack/SEAME-Cluster-24-25/JetRacer/build/pca9685_driver -- -j4 -l4
[0.489s] Invoking command in '/home/jetpack/SEAME-Cluster-24-25/JetRacer/build/pca9685_driver': AMENT_PREFIX_PATH=/home/jetpack/SEAME-Cluster-24-25/JetRacer/install/custom_msgs:${AMENT_PREFIX_PATH} CMAKE_PREFIX_PATH=/home/jetpack/SEAME-Cluster-24-25/JetRacer/install/custom_msgs:/opt/ros/jazzy LD_LIBRARY_PATH=/home/jetpack/SEAME-Cluster-24-25/JetRacer/install/custom_msgs/lib:${LD_LIBRARY_PATH} PYTHONPATH=/home/jetpack/SEAME-Cluster-24-25/JetRacer/install/custom_msgs/lib/python3.12/site-packages:${PYTHONPATH} /usr/bin/cmake --install /home/jetpack/SEAME-Cluster-24-25/JetRacer/build/pca9685_driver
[0.540s] -- Install configuration: ""
[0.542s] -- Execute custom install script
[0.546s] -- Up-to-date symlink: /home/jetpack/SEAME-Cluster-24-25/JetRacer/install/pca9685_driver/lib/libPCA9685Driver.so
[0.551s] -- Up-to-date symlink: /home/jetpack/SEAME-Cluster-24-25/JetRacer/install/pca9685_driver/include/PCA9685Driver.hpp
[0.556s] -- Up-to-date symlink: /home/jetpack/SEAME-Cluster-24-25/JetRacer/install/pca9685_driver/share/ament_index/resource_index/package_run_dependencies/pca9685_driver
[0.559s] -- Up-to-date symlink: /home/jetpack/SEAME-Cluster-24-25/JetRacer/install/pca9685_driver/share/ament_index/resource_index/parent_prefix_path/pca9685_driver
[0.559s] -- Up-to-date symlink: /home/jetpack/SEAME-Cluster-24-25/JetRacer/install/pca9685_driver/share/pca9685_driver/environment/ament_prefix_path.sh
[0.562s] -- Up-to-date symlink: /home/jetpack/SEAME-Cluster-24-25/JetRacer/install/pca9685_driver/share/pca9685_driver/environment/ament_prefix_path.dsv
[0.573s] -- Up-to-date symlink: /home/jetpack/SEAME-Cluster-24-25/JetRacer/install/pca9685_driver/share/pca9685_driver/environment/path.sh
[0.574s] -- Up-to-date symlink: /home/jetpack/SEAME-Cluster-24-25/JetRacer/install/pca9685_driver/share/pca9685_driver/environment/path.dsv
[0.575s] -- Up-to-date symlink: /home/jetpack/SEAME-Cluster-24-25/JetRacer/install/pca9685_driver/share/pca9685_driver/local_setup.bash
[0.579s] -- Up-to-date symlink: /home/jetpack/SEAME-Cluster-24-25/JetRacer/install/pca9685_driver/share/pca9685_driver/local_setup.sh
[0.579s] -- Up-to-date symlink: /home/jetpack/SEAME-Cluster-24-25/JetRacer/install/pca9685_driver/share/pca9685_driver/local_setup.zsh
[0.581s] -- Up-to-date symlink: /home/jetpack/SEAME-Cluster-24-25/JetRacer/install/pca9685_driver/share/pca9685_driver/local_setup.dsv
[0.583s] -- Symlinking: /home/jetpack/SEAME-Cluster-24-25/JetRacer/install/pca9685_driver/share/pca9685_driver/package.dsv
[0.619s] -- Up-to-date symlink: /home/jetpack/SEAME-Cluster-24-25/JetRacer/install/pca9685_driver/share/ament_index/resource_index/packages/pca9685_driver
[0.624s] -- Up-to-date symlink: /home/jetpack/SEAME-Cluster-24-25/JetRacer/install/pca9685_driver/share/pca9685_driver/cmake/pca9685_driverConfig.cmake
[0.625s] -- Up-to-date symlink: /home/jetpack/SEAME-Cluster-24-25/JetRacer/install/pca9685_driver/share/pca9685_driver/cmake/pca9685_driverConfig-version.cmake
[0.626s] -- Up-to-date symlink: /home/jetpack/SEAME-Cluster-24-25/JetRacer/install/pca9685_driver/share/pca9685_driver/package.xml
[0.641s] Invoked command in '/home/jetpack/SEAME-Cluster-24-25/JetRacer/build/pca9685_driver' returned '0': AMENT_PREFIX_PATH=/home/jetpack/SEAME-Cluster-24-25/JetRacer/install/custom_msgs:${AMENT_PREFIX_PATH} CMAKE_PREFIX_PATH=/home/jetpack/SEAME-Cluster-24-25/JetRacer/install/custom_msgs:/opt/ros/jazzy LD_LIBRARY_PATH=/home/jetpack/SEAME-Cluster-24-25/JetRacer/install/custom_msgs/lib:${LD_LIBRARY_PATH} PYTHONPATH=/home/jetpack/SEAME-Cluster-24-25/JetRacer/install/custom_msgs/lib/python3.12/site-packages:${PYTHONPATH} /usr/bin/cmake --install /home/jetpack/SEAME-Cluster-24-25/JetRacer/build/pca9685_driver
