[0.000000] (-) TimerEvent: {}
[0.000892] (-) JobUnselected: {'identifier': 'battery'}
[0.001643] (-) JobUnselected: {'identifier': 'can_interface'}
[0.001726] (-) JobUnselected: {'identifier': 'custom_msgs'}
[0.001789] (-) JobUnselected: {'identifier': 'dc_motors'}
[0.001850] (-) JobUnselected: {'identifier': 'display_routine'}
[0.001912] (-) JobUnselected: {'identifier': 'i2c_interface'}
[0.001971] (-) JobUnselected: {'identifier': 'i2c_peripheral_stress_test'}
[0.002029] (-) JobUnselected: {'identifier': 'ina219_driver'}
[0.002087] (-) JobUnselected: {'identifier': 'oled_display'}
[0.002145] (-) JobUnselected: {'identifier': 'pca9685_driver'}
[0.002203] (-) JobUnselected: {'identifier': 'servo_motor'}
[0.002262] (-) JobUnselected: {'identifier': 'speed_sensor'}
[0.002326] (camera) JobQueued: {'identifier': 'camera', 'dependencies': OrderedDict()}
[0.002395] (camera) JobStarted: {'identifier': 'camera'}
[0.049674] (camera) JobProgress: {'identifier': 'camera', 'progress': 'cmake'}
[0.052326] (camera) JobProgress: {'identifier': 'camera', 'progress': 'build'}
[0.054700] (camera) Command: {'cmd': ['/usr/bin/cmake', '--build', '/home/jetpack/SEAME-Cluster-24-25/JetRacer/build/camera', '--', '-j4', '-l4'], 'cwd': '/home/jetpack/SEAME-Cluster-24-25/JetRacer/build/camera', 'env': OrderedDict({'USER': 'jetpack', 'SSH_CLIENT': '192.168.1.80 56444 22', 'STARSHIP_SHELL': 'fish', 'XDG_SESSION_TYPE': 'tty', 'LD_LIBRARY_PATH': '/usr/local/lib/aarch64-linux-gnu/libcamera/:/home/jetpack/ros2_v4l2/install/zstd_image_transport/lib:/home/jetpack/ros2_v4l2/install/v4l2_camera/lib:/home/jetpack/ros2_v4l2/install/theora_image_transport/lib:/home/jetpack/ros2_v4l2/install/compressed_image_transport/lib:/home/jetpack/ros2_v4l2/install/compressed_depth_image_transport/lib:/home/jetpack/ros2_v4l2/install/image_transport/lib:/home/jetpack/ros2_v4l2/install/cv_bridge/lib:/home/jetpack/ros2_v4l2/install/camera_info_manager/lib:/home/jetpack/ros2_v4l2/install/camera_calibration_parsers/lib:/usr/local/lib/aarch64-linux-gnu:/usr/local/lib/aarch64-linux-gnu:/home/jetpack/SEAME-Cluster-24-25/JetRacer/install/pca9685_driver/lib:/usr/local/lib/aarch64-linux-gnu:/home/jetpack/SEAME-Cluster-24-25/JetRacer/install/ina219_driver/lib:/usr/local/lib/aarch64-linux-gnu:/home/jetpack/SEAME-Cluster-24-25/JetRacer/install/can_interface/lib:/usr/local/lib/aarch64-linux-gnu:/home/jetpack/SEAME-Cluster-24-25/JetRacer/install/custom_msgs/lib:/usr/local/lib/aarch64-linux-gnu:/opt/ros/jazzy/opt/rviz_ogre_vendor/lib:/usr/local/lib/aarch64-linux-gnu:/opt/ros/jazzy/lib/aarch64-linux-gnu:/usr/local/lib/aarch64-linux-gnu:/opt/ros/jazzy/opt/gz_math_vendor/lib:/usr/local/lib/aarch64-linux-gnu:/opt/ros/jazzy/opt/gz_utils_vendor/lib:/usr/local/lib/aarch64-linux-gnu:/opt/ros/jazzy/opt/gz_cmake_vendor/lib:/usr/local/lib/aarch64-linux-gnu:/opt/ros/jazzy/lib:/usr/local/lib/aarch64-linux-gnu:', 'SHLVL': '1', 'HOME': '/home/jetpack', 'SSH_TTY': '/dev/pts/0', 'ROS_PYTHON_VERSION': '3', 'DBUS_SESSION_BUS_ADDRESS': 'unix:path=/run/user/1002/bus', 'ROS_DISTRO': 'jazzy', 'OMF_PATH': '/home/jetpack/.local/share/omf', 'COLCON_PREFIX_PATH': '/home/jetpack/SEAME-Cluster-24-25/JetRacer/install:/home/jetpack/ros2_v4l2/install', 'LOGNAME': 'jetpack', 'XDG_SESSION_CLASS': 'user', 'ROS_VERSION': '2', 'TERM': 'xterm-256color', 'XDG_SESSION_ID': '2', 'PATH': '/opt/ros/jazzy/bin:/home/jetpack/miniconda3/bin:/Users/Axel/.local/bin:/Users/Axel/.local/share/nvim/mason/bin:usr/bin:/Users/Axel/.fzf/bin:/usr/local/sbin:/usr/local/bin:/usr/sbin:/usr/bin:/sbin:/bin:/usr/games:/usr/local/games:/snap/bin', 'XDG_RUNTIME_DIR': '/run/user/1002', 'LANG': 'C.UTF-8', 'AMENT_PREFIX_PATH': '/home/jetpack/SEAME-Cluster-24-25/JetRacer/install/camera:/home/jetpack/ros2_v4l2/install/image_transport_plugins:/home/jetpack/ros2_v4l2/install/zstd_image_transport:/home/jetpack/ros2_v4l2/install/v4l2_camera:/home/jetpack/ros2_v4l2/install/theora_image_transport:/home/jetpack/ros2_v4l2/install/compressed_image_transport:/home/jetpack/ros2_v4l2/install/compressed_depth_image_transport:/home/jetpack/ros2_v4l2/install/image_transport:/home/jetpack/ros2_v4l2/install/cv_bridge:/home/jetpack/ros2_v4l2/install/camera_info_manager:/home/jetpack/ros2_v4l2/install/camera_calibration_parsers:/opt/ros/jazzy', 'SHELL': '/usr/bin/fish', 'LIBCAMERA_IPA_DIR': '/usr/local/lib/aarch64-linux-gnu/libcamera/', 'WIFI_SSID': 'MEO-BD8310', 'ROS_AUTOMATIC_DISCOVERY_RANGE': 'SUBNET', 'PWD': '/home/jetpack/SEAME-Cluster-24-25/JetRacer/build/camera', 'SSH_CONNECTION': '192.168.1.80 56444 192.168.1.84 22', 'OMF_CONFIG': '/home/jetpack/.config/omf', 'XDG_DATA_DIRS': '/usr/local/share:/usr/share:/var/lib/snapd/desktop', 'STARSHIP_SESSION_KEY': '2839413176262831', 'PYTHONPATH': '/home/jetpack/ros2_v4l2/install/theora_image_transport/lib/python3.12/site-packages:/home/jetpack/ros2_v4l2/install/cv_bridge/lib/python3.12/site-packages:/opt/ros/jazzy/lib/python3.12/site-packages', 'COLCON': '1', 'WARP_THEMES_DIR': '/home/jetpack/.warp/themes', 'EDITOR': 'nvim', 'CMAKE_PREFIX_PATH': '/home/jetpack/SEAME-Cluster-24-25/JetRacer/install/camera:/home/jetpack/ros2_v4l2/install/image_transport_plugins:/home/jetpack/ros2_v4l2/install/zstd_image_transport:/home/jetpack/ros2_v4l2/install/v4l2_camera:/home/jetpack/ros2_v4l2/install/theora_image_transport:/home/jetpack/ros2_v4l2/install/compressed_image_transport:/home/jetpack/ros2_v4l2/install/compressed_depth_image_transport:/home/jetpack/ros2_v4l2/install/image_transport:/home/jetpack/ros2_v4l2/install/cv_bridge:/home/jetpack/ros2_v4l2/install/camera_info_manager:/home/jetpack/ros2_v4l2/install/camera_calibration_parsers:/opt/ros/jazzy/opt/gz_math_vendor:/opt/ros/jazzy/opt/gz_utils_vendor:/opt/ros/jazzy/opt/gz_cmake_vendor:/opt/ros/jazzy', 'WIFI_PASSWORD': '9f24731014'}), 'shell': False}
[0.099232] (-) TimerEvent: {}
[0.199929] (-) TimerEvent: {}
[0.300578] (-) TimerEvent: {}
[0.401208] (-) TimerEvent: {}
[0.449756] (camera) StdoutLine: {'line': b'[ 33%] \x1b[32mBuilding CXX object CMakeFiles/camera_node.dir/src/CameraNode.cpp.o\x1b[0m\n'}
[0.501513] (-) TimerEvent: {}
[0.602263] (-) TimerEvent: {}
[0.702921] (-) TimerEvent: {}
[0.803519] (-) TimerEvent: {}
[0.904088] (-) TimerEvent: {}
[1.004691] (-) TimerEvent: {}
[1.105262] (-) TimerEvent: {}
[1.205907] (-) TimerEvent: {}
[1.306497] (-) TimerEvent: {}
[1.407082] (-) TimerEvent: {}
[1.507685] (-) TimerEvent: {}
[1.608249] (-) TimerEvent: {}
[1.708868] (-) TimerEvent: {}
[1.809503] (-) TimerEvent: {}
[1.910060] (-) TimerEvent: {}
[2.010631] (-) TimerEvent: {}
[2.111254] (-) TimerEvent: {}
[2.211971] (-) TimerEvent: {}
[2.312609] (-) TimerEvent: {}
[2.413306] (-) TimerEvent: {}
[2.514052] (-) TimerEvent: {}
[2.614676] (-) TimerEvent: {}
[2.715310] (-) TimerEvent: {}
[2.816047] (-) TimerEvent: {}
[2.916719] (-) TimerEvent: {}
[3.017333] (-) TimerEvent: {}
[3.117993] (-) TimerEvent: {}
[3.218710] (-) TimerEvent: {}
[3.319344] (-) TimerEvent: {}
[3.420000] (-) TimerEvent: {}
[3.520646] (-) TimerEvent: {}
[3.621260] (-) TimerEvent: {}
[3.721934] (-) TimerEvent: {}
[3.822562] (-) TimerEvent: {}
[3.923156] (-) TimerEvent: {}
[4.023820] (-) TimerEvent: {}
[4.124475] (-) TimerEvent: {}
[4.225266] (-) TimerEvent: {}
[4.325939] (-) TimerEvent: {}
[4.426556] (-) TimerEvent: {}
[4.527155] (-) TimerEvent: {}
[4.627816] (-) TimerEvent: {}
[4.728477] (-) TimerEvent: {}
[4.829093] (-) TimerEvent: {}
[4.929780] (-) TimerEvent: {}
[5.030470] (-) TimerEvent: {}
[5.131106] (-) TimerEvent: {}
[5.231780] (-) TimerEvent: {}
[5.332403] (-) TimerEvent: {}
[5.433067] (-) TimerEvent: {}
[5.533763] (-) TimerEvent: {}
[5.634507] (-) TimerEvent: {}
[5.735210] (-) TimerEvent: {}
[5.835970] (-) TimerEvent: {}
[5.936625] (-) TimerEvent: {}
[6.037243] (-) TimerEvent: {}
[6.137885] (-) TimerEvent: {}
[6.238553] (-) TimerEvent: {}
[6.339247] (-) TimerEvent: {}
[6.439916] (-) TimerEvent: {}
[6.540551] (-) TimerEvent: {}
[6.641161] (-) TimerEvent: {}
[6.741813] (-) TimerEvent: {}
[6.842497] (-) TimerEvent: {}
[6.943108] (-) TimerEvent: {}
[7.043744] (-) TimerEvent: {}
[7.144392] (-) TimerEvent: {}
[7.245067] (-) TimerEvent: {}
[7.345727] (-) TimerEvent: {}
[7.446347] (-) TimerEvent: {}
[7.547005] (-) TimerEvent: {}
[7.647662] (-) TimerEvent: {}
[7.748335] (-) TimerEvent: {}
[7.849005] (-) TimerEvent: {}
[7.949619] (-) TimerEvent: {}
[8.050239] (-) TimerEvent: {}
[8.150902] (-) TimerEvent: {}
[8.251552] (-) TimerEvent: {}
[8.352178] (-) TimerEvent: {}
[8.452916] (-) TimerEvent: {}
[8.553567] (-) TimerEvent: {}
[8.654184] (-) TimerEvent: {}
[8.754863] (-) TimerEvent: {}
[8.855528] (-) TimerEvent: {}
[8.956157] (-) TimerEvent: {}
[9.056850] (-) TimerEvent: {}
[9.157560] (-) TimerEvent: {}
[9.258262] (-) TimerEvent: {}
[9.359134] (-) TimerEvent: {}
[9.459873] (-) TimerEvent: {}
[9.560707] (-) TimerEvent: {}
[9.661367] (-) TimerEvent: {}
[9.762049] (-) TimerEvent: {}
[9.862745] (-) TimerEvent: {}
[9.963369] (-) TimerEvent: {}
[10.064064] (-) TimerEvent: {}
[10.164765] (-) TimerEvent: {}
[10.265404] (-) TimerEvent: {}
[10.366066] (-) TimerEvent: {}
[10.466749] (-) TimerEvent: {}
[10.567362] (-) TimerEvent: {}
[10.668035] (-) TimerEvent: {}
[10.768730] (-) TimerEvent: {}
[10.869353] (-) TimerEvent: {}
[10.970010] (-) TimerEvent: {}
[11.070673] (-) TimerEvent: {}
[11.171299] (-) TimerEvent: {}
[11.271978] (-) TimerEvent: {}
[11.372590] (-) TimerEvent: {}
[11.473236] (-) TimerEvent: {}
[11.573949] (-) TimerEvent: {}
[11.674724] (-) TimerEvent: {}
[11.775352] (-) TimerEvent: {}
[11.876009] (-) TimerEvent: {}
[11.976669] (-) TimerEvent: {}
[12.077272] (-) TimerEvent: {}
[12.177940] (-) TimerEvent: {}
[12.278581] (-) TimerEvent: {}
[12.379194] (-) TimerEvent: {}
[12.479857] (-) TimerEvent: {}
[12.580551] (-) TimerEvent: {}
[12.681211] (-) TimerEvent: {}
[12.781977] (-) TimerEvent: {}
[12.882622] (-) TimerEvent: {}
[12.983272] (-) TimerEvent: {}
[13.083966] (-) TimerEvent: {}
[13.184607] (-) TimerEvent: {}
[13.285242] (-) TimerEvent: {}
[13.385906] (-) TimerEvent: {}
[13.486568] (-) TimerEvent: {}
[13.587191] (-) TimerEvent: {}
[13.687880] (-) TimerEvent: {}
[13.788567] (-) TimerEvent: {}
[13.889197] (-) TimerEvent: {}
[13.989909] (-) TimerEvent: {}
[14.090573] (-) TimerEvent: {}
[14.191200] (-) TimerEvent: {}
[14.291894] (-) TimerEvent: {}
[14.392582] (-) TimerEvent: {}
[14.493321] (-) TimerEvent: {}
[14.594076] (-) TimerEvent: {}
[14.694772] (-) TimerEvent: {}
[14.795402] (-) TimerEvent: {}
[14.896061] (-) TimerEvent: {}
[14.996713] (-) TimerEvent: {}
[15.097338] (-) TimerEvent: {}
[15.198012] (-) TimerEvent: {}
[15.298723] (-) TimerEvent: {}
[15.399375] (-) TimerEvent: {}
[15.500033] (-) TimerEvent: {}
[15.600682] (-) TimerEvent: {}
[15.701385] (-) TimerEvent: {}
[15.802019] (-) TimerEvent: {}
[15.902615] (-) TimerEvent: {}
[16.003258] (-) TimerEvent: {}
[16.104047] (-) TimerEvent: {}
[16.204729] (-) TimerEvent: {}
[16.305362] (-) TimerEvent: {}
[16.406048] (-) TimerEvent: {}
[16.506739] (-) TimerEvent: {}
[16.607392] (-) TimerEvent: {}
[16.708088] (-) TimerEvent: {}
[16.808819] (-) TimerEvent: {}
[16.909573] (-) TimerEvent: {}
[17.010309] (-) TimerEvent: {}
[17.111139] (-) TimerEvent: {}
[17.211839] (-) TimerEvent: {}
[17.312492] (-) TimerEvent: {}
[17.413112] (-) TimerEvent: {}
[17.513819] (-) TimerEvent: {}
[17.614488] (-) TimerEvent: {}
[17.715111] (-) TimerEvent: {}
[17.815792] (-) TimerEvent: {}
[17.916412] (-) TimerEvent: {}
[18.017086] (-) TimerEvent: {}
[18.117759] (-) TimerEvent: {}
[18.218417] (-) TimerEvent: {}
[18.319128] (-) TimerEvent: {}
[18.419826] (-) TimerEvent: {}
[18.520490] (-) TimerEvent: {}
[18.621114] (-) TimerEvent: {}
[18.721794] (-) TimerEvent: {}
[18.822403] (-) TimerEvent: {}
[18.923085] (-) TimerEvent: {}
[19.023804] (-) TimerEvent: {}
[19.124470] (-) TimerEvent: {}
[19.225084] (-) TimerEvent: {}
[19.325772] (-) TimerEvent: {}
[19.426406] (-) TimerEvent: {}
[19.527076] (-) TimerEvent: {}
[19.627798] (-) TimerEvent: {}
[19.728516] (-) TimerEvent: {}
[19.829138] (-) TimerEvent: {}
[19.929804] (-) TimerEvent: {}
[20.030462] (-) TimerEvent: {}
[20.131084] (-) TimerEvent: {}
[20.231759] (-) TimerEvent: {}
[20.332361] (-) TimerEvent: {}
[20.433049] (-) TimerEvent: {}
[20.533719] (-) TimerEvent: {}
[20.634326] (-) TimerEvent: {}
[20.734973] (-) TimerEvent: {}
[20.835596] (-) TimerEvent: {}
[20.936212] (-) TimerEvent: {}
[21.036887] (-) TimerEvent: {}
[21.137564] (-) TimerEvent: {}
[21.238182] (-) TimerEvent: {}
[21.338877] (-) TimerEvent: {}
[21.439574] (-) TimerEvent: {}
[21.540191] (-) TimerEvent: {}
[21.640884] (-) TimerEvent: {}
[21.741549] (-) TimerEvent: {}
[21.842175] (-) TimerEvent: {}
[21.942860] (-) TimerEvent: {}
[22.043553] (-) TimerEvent: {}
[22.144163] (-) TimerEvent: {}
[22.244883] (-) TimerEvent: {}
[22.345672] (-) TimerEvent: {}
[22.446259] (-) TimerEvent: {}
[22.546916] (-) TimerEvent: {}
[22.647580] (-) TimerEvent: {}
[22.748282] (-) TimerEvent: {}
[22.849121] (-) TimerEvent: {}
[22.949879] (-) TimerEvent: {}
[23.050949] (-) TimerEvent: {}
[23.151579] (-) TimerEvent: {}
[23.252193] (-) TimerEvent: {}
[23.352855] (-) TimerEvent: {}
[23.453566] (-) TimerEvent: {}
[23.554333] (-) TimerEvent: {}
[23.655000] (-) TimerEvent: {}
[23.755630] (-) TimerEvent: {}
[23.856256] (-) TimerEvent: {}
[23.956964] (-) TimerEvent: {}
[24.057569] (-) TimerEvent: {}
[24.158192] (-) TimerEvent: {}
[24.258941] (-) TimerEvent: {}
[24.359785] (-) TimerEvent: {}
[24.460410] (-) TimerEvent: {}
[24.561066] (-) TimerEvent: {}
[24.661740] (-) TimerEvent: {}
[24.762360] (-) TimerEvent: {}
[24.863006] (-) TimerEvent: {}
[24.963623] (-) TimerEvent: {}
[25.064210] (-) TimerEvent: {}
[25.164863] (-) TimerEvent: {}
[25.265525] (-) TimerEvent: {}
[25.366126] (-) TimerEvent: {}
[25.466774] (-) TimerEvent: {}
[25.567388] (-) TimerEvent: {}
[25.668045] (-) TimerEvent: {}
[25.768690] (-) TimerEvent: {}
[25.869305] (-) TimerEvent: {}
[25.969995] (-) TimerEvent: {}
[26.070611] (-) TimerEvent: {}
[26.171269] (-) TimerEvent: {}
[26.272036] (-) TimerEvent: {}
[26.372794] (-) TimerEvent: {}
[26.473477] (-) TimerEvent: {}
[26.574120] (-) TimerEvent: {}
[26.674797] (-) TimerEvent: {}
[26.775629] (-) TimerEvent: {}
[26.876642] (-) TimerEvent: {}
[26.939538] (camera) StdoutLine: {'line': b'[ 66%] \x1b[32m\x1b[1mLinking CXX executable camera_node\x1b[0m\n'}
[26.976877] (-) TimerEvent: {}
[27.077605] (-) TimerEvent: {}
[27.178552] (-) TimerEvent: {}
[27.279366] (-) TimerEvent: {}
[27.380110] (-) TimerEvent: {}
[27.481021] (-) TimerEvent: {}
[27.582058] (-) TimerEvent: {}
[27.682812] (-) TimerEvent: {}
[27.783539] (-) TimerEvent: {}
[27.884252] (-) TimerEvent: {}
[27.985054] (-) TimerEvent: {}
[28.085796] (-) TimerEvent: {}
[28.186579] (-) TimerEvent: {}
[28.287394] (-) TimerEvent: {}
[28.388391] (-) TimerEvent: {}
[28.489576] (-) TimerEvent: {}
[28.590696] (-) TimerEvent: {}
[28.691801] (-) TimerEvent: {}
[28.792993] (-) TimerEvent: {}
[28.894106] (-) TimerEvent: {}
[28.994916] (-) TimerEvent: {}
[29.095637] (-) TimerEvent: {}
[29.196323] (-) TimerEvent: {}
[29.297187] (-) TimerEvent: {}
[29.398192] (-) TimerEvent: {}
[29.499010] (-) TimerEvent: {}
[29.599815] (-) TimerEvent: {}
[29.700534] (-) TimerEvent: {}
[29.801388] (-) TimerEvent: {}
[29.902094] (-) TimerEvent: {}
[30.002793] (-) TimerEvent: {}
[30.103484] (-) TimerEvent: {}
[30.204122] (-) TimerEvent: {}
[30.211821] (camera) StdoutLine: {'line': b'[100%] Built target camera_node\n'}
[30.274268] (camera) CommandEnded: {'returncode': 0}
[30.276026] (camera) JobProgress: {'identifier': 'camera', 'progress': 'install'}
[30.304295] (-) TimerEvent: {}
[30.328725] (camera) Command: {'cmd': ['/usr/bin/cmake', '--install', '/home/jetpack/SEAME-Cluster-24-25/JetRacer/build/camera'], 'cwd': '/home/jetpack/SEAME-Cluster-24-25/JetRacer/build/camera', 'env': OrderedDict({'USER': 'jetpack', 'SSH_CLIENT': '192.168.1.80 56444 22', 'STARSHIP_SHELL': 'fish', 'XDG_SESSION_TYPE': 'tty', 'LD_LIBRARY_PATH': '/usr/local/lib/aarch64-linux-gnu/libcamera/:/home/jetpack/ros2_v4l2/install/zstd_image_transport/lib:/home/jetpack/ros2_v4l2/install/v4l2_camera/lib:/home/jetpack/ros2_v4l2/install/theora_image_transport/lib:/home/jetpack/ros2_v4l2/install/compressed_image_transport/lib:/home/jetpack/ros2_v4l2/install/compressed_depth_image_transport/lib:/home/jetpack/ros2_v4l2/install/image_transport/lib:/home/jetpack/ros2_v4l2/install/cv_bridge/lib:/home/jetpack/ros2_v4l2/install/camera_info_manager/lib:/home/jetpack/ros2_v4l2/install/camera_calibration_parsers/lib:/usr/local/lib/aarch64-linux-gnu:/usr/local/lib/aarch64-linux-gnu:/home/jetpack/SEAME-Cluster-24-25/JetRacer/install/pca9685_driver/lib:/usr/local/lib/aarch64-linux-gnu:/home/jetpack/SEAME-Cluster-24-25/JetRacer/install/ina219_driver/lib:/usr/local/lib/aarch64-linux-gnu:/home/jetpack/SEAME-Cluster-24-25/JetRacer/install/can_interface/lib:/usr/local/lib/aarch64-linux-gnu:/home/jetpack/SEAME-Cluster-24-25/JetRacer/install/custom_msgs/lib:/usr/local/lib/aarch64-linux-gnu:/opt/ros/jazzy/opt/rviz_ogre_vendor/lib:/usr/local/lib/aarch64-linux-gnu:/opt/ros/jazzy/lib/aarch64-linux-gnu:/usr/local/lib/aarch64-linux-gnu:/opt/ros/jazzy/opt/gz_math_vendor/lib:/usr/local/lib/aarch64-linux-gnu:/opt/ros/jazzy/opt/gz_utils_vendor/lib:/usr/local/lib/aarch64-linux-gnu:/opt/ros/jazzy/opt/gz_cmake_vendor/lib:/usr/local/lib/aarch64-linux-gnu:/opt/ros/jazzy/lib:/usr/local/lib/aarch64-linux-gnu:', 'SHLVL': '1', 'HOME': '/home/jetpack', 'SSH_TTY': '/dev/pts/0', 'ROS_PYTHON_VERSION': '3', 'DBUS_SESSION_BUS_ADDRESS': 'unix:path=/run/user/1002/bus', 'ROS_DISTRO': 'jazzy', 'OMF_PATH': '/home/jetpack/.local/share/omf', 'COLCON_PREFIX_PATH': '/home/jetpack/SEAME-Cluster-24-25/JetRacer/install:/home/jetpack/ros2_v4l2/install', 'LOGNAME': 'jetpack', 'XDG_SESSION_CLASS': 'user', 'ROS_VERSION': '2', 'TERM': 'xterm-256color', 'XDG_SESSION_ID': '2', 'PATH': '/opt/ros/jazzy/bin:/home/jetpack/miniconda3/bin:/Users/Axel/.local/bin:/Users/Axel/.local/share/nvim/mason/bin:usr/bin:/Users/Axel/.fzf/bin:/usr/local/sbin:/usr/local/bin:/usr/sbin:/usr/bin:/sbin:/bin:/usr/games:/usr/local/games:/snap/bin', 'XDG_RUNTIME_DIR': '/run/user/1002', 'LANG': 'C.UTF-8', 'AMENT_PREFIX_PATH': '/home/jetpack/SEAME-Cluster-24-25/JetRacer/install/camera:/home/jetpack/ros2_v4l2/install/image_transport_plugins:/home/jetpack/ros2_v4l2/install/zstd_image_transport:/home/jetpack/ros2_v4l2/install/v4l2_camera:/home/jetpack/ros2_v4l2/install/theora_image_transport:/home/jetpack/ros2_v4l2/install/compressed_image_transport:/home/jetpack/ros2_v4l2/install/compressed_depth_image_transport:/home/jetpack/ros2_v4l2/install/image_transport:/home/jetpack/ros2_v4l2/install/cv_bridge:/home/jetpack/ros2_v4l2/install/camera_info_manager:/home/jetpack/ros2_v4l2/install/camera_calibration_parsers:/opt/ros/jazzy', 'SHELL': '/usr/bin/fish', 'LIBCAMERA_IPA_DIR': '/usr/local/lib/aarch64-linux-gnu/libcamera/', 'WIFI_SSID': 'MEO-BD8310', 'ROS_AUTOMATIC_DISCOVERY_RANGE': 'SUBNET', 'PWD': '/home/jetpack/SEAME-Cluster-24-25/JetRacer/build/camera', 'SSH_CONNECTION': '192.168.1.80 56444 192.168.1.84 22', 'OMF_CONFIG': '/home/jetpack/.config/omf', 'XDG_DATA_DIRS': '/usr/local/share:/usr/share:/var/lib/snapd/desktop', 'STARSHIP_SESSION_KEY': '2839413176262831', 'PYTHONPATH': '/home/jetpack/ros2_v4l2/install/theora_image_transport/lib/python3.12/site-packages:/home/jetpack/ros2_v4l2/install/cv_bridge/lib/python3.12/site-packages:/opt/ros/jazzy/lib/python3.12/site-packages', 'COLCON': '1', 'WARP_THEMES_DIR': '/home/jetpack/.warp/themes', 'EDITOR': 'nvim', 'CMAKE_PREFIX_PATH': '/home/jetpack/SEAME-Cluster-24-25/JetRacer/install/camera:/home/jetpack/ros2_v4l2/install/image_transport_plugins:/home/jetpack/ros2_v4l2/install/zstd_image_transport:/home/jetpack/ros2_v4l2/install/v4l2_camera:/home/jetpack/ros2_v4l2/install/theora_image_transport:/home/jetpack/ros2_v4l2/install/compressed_image_transport:/home/jetpack/ros2_v4l2/install/compressed_depth_image_transport:/home/jetpack/ros2_v4l2/install/image_transport:/home/jetpack/ros2_v4l2/install/cv_bridge:/home/jetpack/ros2_v4l2/install/camera_info_manager:/home/jetpack/ros2_v4l2/install/camera_calibration_parsers:/opt/ros/jazzy/opt/gz_math_vendor:/opt/ros/jazzy/opt/gz_utils_vendor:/opt/ros/jazzy/opt/gz_cmake_vendor:/opt/ros/jazzy', 'WIFI_PASSWORD': '9f24731014'}), 'shell': False}
[30.380172] (camera) StdoutLine: {'line': b'-- Install configuration: ""\n'}
[30.381378] (camera) StdoutLine: {'line': b'-- Installing: /home/jetpack/SEAME-Cluster-24-25/JetRacer/install/camera/lib/camera/camera_node\n'}
[30.391008] (camera) StdoutLine: {'line': b'-- Set non-toolchain portion of runtime path of "/home/jetpack/SEAME-Cluster-24-25/JetRacer/install/camera/lib/camera/camera_node" to ""\n'}
[30.391660] (camera) StdoutLine: {'line': b'-- Up-to-date: /home/jetpack/SEAME-Cluster-24-25/JetRacer/install/camera/share/ament_index/resource_index/package_run_dependencies/camera\n'}
[30.392145] (camera) StdoutLine: {'line': b'-- Up-to-date: /home/jetpack/SEAME-Cluster-24-25/JetRacer/install/camera/share/ament_index/resource_index/parent_prefix_path/camera\n'}
[30.392662] (camera) StdoutLine: {'line': b'-- Up-to-date: /home/jetpack/SEAME-Cluster-24-25/JetRacer/install/camera/share/camera/environment/ament_prefix_path.sh\n'}
[30.393048] (camera) StdoutLine: {'line': b'-- Up-to-date: /home/jetpack/SEAME-Cluster-24-25/JetRacer/install/camera/share/camera/environment/ament_prefix_path.dsv\n'}
[30.393495] (camera) StdoutLine: {'line': b'-- Up-to-date: /home/jetpack/SEAME-Cluster-24-25/JetRacer/install/camera/share/camera/environment/path.sh\n'}
[30.393970] (camera) StdoutLine: {'line': b'-- Up-to-date: /home/jetpack/SEAME-Cluster-24-25/JetRacer/install/camera/share/camera/environment/path.dsv\n'}
[30.394411] (camera) StdoutLine: {'line': b'-- Up-to-date: /home/jetpack/SEAME-Cluster-24-25/JetRacer/install/camera/share/camera/local_setup.bash\n'}
[30.394827] (camera) StdoutLine: {'line': b'-- Up-to-date: /home/jetpack/SEAME-Cluster-24-25/JetRacer/install/camera/share/camera/local_setup.sh\n'}
[30.395173] (camera) StdoutLine: {'line': b'-- Up-to-date: /home/jetpack/SEAME-Cluster-24-25/JetRacer/install/camera/share/camera/local_setup.zsh\n'}
[30.395677] (camera) StdoutLine: {'line': b'-- Up-to-date: /home/jetpack/SEAME-Cluster-24-25/JetRacer/install/camera/share/camera/local_setup.dsv\n'}
[30.396037] (camera) StdoutLine: {'line': b'-- Installing: /home/jetpack/SEAME-Cluster-24-25/JetRacer/install/camera/share/camera/package.dsv\n'}
[30.396478] (camera) StdoutLine: {'line': b'-- Up-to-date: /home/jetpack/SEAME-Cluster-24-25/JetRacer/install/camera/share/ament_index/resource_index/packages/camera\n'}
[30.396999] (camera) StdoutLine: {'line': b'-- Up-to-date: /home/jetpack/SEAME-Cluster-24-25/JetRacer/install/camera/share/camera/cmake/cameraConfig.cmake\n'}
[30.397458] (camera) StdoutLine: {'line': b'-- Up-to-date: /home/jetpack/SEAME-Cluster-24-25/JetRacer/install/camera/share/camera/cmake/cameraConfig-version.cmake\n'}
[30.397874] (camera) StdoutLine: {'line': b'-- Up-to-date: /home/jetpack/SEAME-Cluster-24-25/JetRacer/install/camera/share/camera/package.xml\n'}
[30.403525] (camera) CommandEnded: {'returncode': 0}
[30.405057] (-) TimerEvent: {}
[30.471666] (camera) JobEnded: {'identifier': 'camera', 'rc': 0}
[30.474684] (-) EventReactorShutdown: {}
