[0.074s] Invoking command in '/home/jetpack/SEAME-Cluster-24-25/JetRacer/build/camera': CMAKE_PREFIX_PATH=${CMAKE_PREFIX_PATH}:/opt/ros/jazzy /usr/bin/cmake --build /home/jetpack/SEAME-Cluster-24-25/JetRacer/build/camera -- -j4 -l4
[0.716s] [ 33%] [32mBuilding CXX object CMakeFiles/camera_node.dir/src/main.cpp.o[0m
[0.741s] [ 66%] [32mBuilding CXX object CMakeFiles/camera_node.dir/src/CameraNode.cpp.o[0m
[31.582s] [100%] [32m[1mLinking CXX executable camera_node[0m
[35.843s] [100%] Built target camera_node
[35.906s] Invoked command in '/home/jetpack/SEAME-Cluster-24-25/JetRacer/build/camera' returned '0': CMAKE_PREFIX_PATH=${CMAKE_PREFIX_PATH}:/opt/ros/jazzy /usr/bin/cmake --build /home/jetpack/SEAME-Cluster-24-25/JetRacer/build/camera -- -j4 -l4
[35.967s] Invoking command in '/home/jetpack/SEAME-Cluster-24-25/JetRacer/build/camera': CMAKE_PREFIX_PATH=${CMAKE_PREFIX_PATH}:/opt/ros/jazzy /usr/bin/cmake --install /home/jetpack/SEAME-Cluster-24-25/JetRacer/build/camera
[36.016s] -- Install configuration: ""
[36.021s] -- Installing: /home/jetpack/SEAME-Cluster-24-25/JetRacer/install/camera/lib/camera/camera_node
[36.031s] -- Set non-toolchain portion of runtime path of "/home/jetpack/SEAME-Cluster-24-25/JetRacer/install/camera/lib/camera/camera_node" to ""
[36.032s] -- Up-to-date: /home/jetpack/SEAME-Cluster-24-25/JetRacer/install/camera/share/ament_index/resource_index/package_run_dependencies/camera
[36.032s] -- Up-to-date: /home/jetpack/SEAME-Cluster-24-25/JetRacer/install/camera/share/ament_index/resource_index/parent_prefix_path/camera
[36.033s] -- Up-to-date: /home/jetpack/SEAME-Cluster-24-25/JetRacer/install/camera/share/camera/environment/ament_prefix_path.sh
[36.033s] -- Up-to-date: /home/jetpack/SEAME-Cluster-24-25/JetRacer/install/camera/share/camera/environment/ament_prefix_path.dsv
[36.034s] -- Up-to-date: /home/jetpack/SEAME-Cluster-24-25/JetRacer/install/camera/share/camera/environment/path.sh
[36.034s] -- Up-to-date: /home/jetpack/SEAME-Cluster-24-25/JetRacer/install/camera/share/camera/environment/path.dsv
[36.035s] -- Up-to-date: /home/jetpack/SEAME-Cluster-24-25/JetRacer/install/camera/share/camera/local_setup.bash
[36.035s] -- Up-to-date: /home/jetpack/SEAME-Cluster-24-25/JetRacer/install/camera/share/camera/local_setup.sh
[36.036s] -- Up-to-date: /home/jetpack/SEAME-Cluster-24-25/JetRacer/install/camera/share/camera/local_setup.zsh
[36.036s] -- Up-to-date: /home/jetpack/SEAME-Cluster-24-25/JetRacer/install/camera/share/camera/local_setup.dsv
[36.037s] -- Installing: /home/jetpack/SEAME-Cluster-24-25/JetRacer/install/camera/share/camera/package.dsv
[36.038s] -- Up-to-date: /home/jetpack/SEAME-Cluster-24-25/JetRacer/install/camera/share/ament_index/resource_index/packages/camera
[36.038s] -- Up-to-date: /home/jetpack/SEAME-Cluster-24-25/JetRacer/install/camera/share/camera/cmake/cameraConfig.cmake
[36.039s] -- Up-to-date: /home/jetpack/SEAME-Cluster-24-25/JetRacer/install/camera/share/camera/cmake/cameraConfig-version.cmake
[36.039s] -- Up-to-date: /home/jetpack/SEAME-Cluster-24-25/JetRacer/install/camera/share/camera/package.xml
[36.046s] Invoked command in '/home/jetpack/SEAME-Cluster-24-25/JetRacer/build/camera' returned '0': CMAKE_PREFIX_PATH=${CMAKE_PREFIX_PATH}:/opt/ros/jazzy /usr/bin/cmake --install /home/jetpack/SEAME-Cluster-24-25/JetRacer/build/camera
