[0.000000] (-) TimerEvent: {}
[0.001037] (-) JobUnselected: {'identifier': 'battery'}
[0.001170] (-) JobUnselected: {'identifier': 'can_interface'}
[0.001242] (-) JobUnselected: {'identifier': 'custom_msgs'}
[0.001306] (-) JobUnselected: {'identifier': 'dc_motors'}
[0.001370] (-) JobUnselected: {'identifier': 'display_routine'}
[0.001432] (-) JobUnselected: {'identifier': 'i2c_interface'}
[0.001492] (-) JobUnselected: {'identifier': 'i2c_peripheral_stress_test'}
[0.001552] (-) JobUnselected: {'identifier': 'ina219_driver'}
[0.001613] (-) JobUnselected: {'identifier': 'oled_display'}
[0.001688] (-) JobUnselected: {'identifier': 'pca9685_driver'}
[0.001757] (-) JobUnselected: {'identifier': 'servo_motor'}
[0.001818] (-) JobUnselected: {'identifier': 'speed_sensor'}
[0.001885] (camera) JobQueued: {'identifier': 'camera', 'dependencies': OrderedDict()}
[0.002622] (camera) JobStarted: {'identifier': 'camera'}
[0.053800] (camera) JobProgress: {'identifier': 'camera', 'progress': 'cmake'}
[0.057287] (camera) JobProgress: {'identifier': 'camera', 'progress': 'build'}
[0.060221] (camera) Command: {'cmd': ['/usr/bin/cmake', '--build', '/home/jetpack/SEAME-Cluster-24-25/JetRacer/build/camera', '--', '-j4', '-l4'], 'cwd': '/home/jetpack/SEAME-Cluster-24-25/JetRacer/build/camera', 'env': OrderedDict({'USER': 'jetpack', 'SSH_CLIENT': '192.168.1.80 55414 22', 'STARSHIP_SHELL': 'fish', 'XDG_SESSION_TYPE': 'tty', 'LD_LIBRARY_PATH': '/usr/local/lib/aarch64-linux-gnu/libcamera/:/home/jetpack/ros2_v4l2/install/zstd_image_transport/lib:/home/jetpack/ros2_v4l2/install/v4l2_camera/lib:/home/jetpack/ros2_v4l2/install/theora_image_transport/lib:/home/jetpack/ros2_v4l2/install/compressed_image_transport/lib:/home/jetpack/ros2_v4l2/install/compressed_depth_image_transport/lib:/home/jetpack/ros2_v4l2/install/image_transport/lib:/home/jetpack/ros2_v4l2/install/cv_bridge/lib:/home/jetpack/ros2_v4l2/install/camera_info_manager/lib:/home/jetpack/ros2_v4l2/install/camera_calibration_parsers/lib:/usr/local/lib/aarch64-linux-gnu:/usr/local/lib/aarch64-linux-gnu:/home/jetpack/SEAME-Cluster-24-25/JetRacer/install/pca9685_driver/lib:/usr/local/lib/aarch64-linux-gnu:/home/jetpack/SEAME-Cluster-24-25/JetRacer/install/ina219_driver/lib:/usr/local/lib/aarch64-linux-gnu:/home/jetpack/SEAME-Cluster-24-25/JetRacer/install/can_interface/lib:/usr/local/lib/aarch64-linux-gnu:/home/jetpack/SEAME-Cluster-24-25/JetRacer/install/custom_msgs/lib:/usr/local/lib/aarch64-linux-gnu:/opt/ros/jazzy/opt/rviz_ogre_vendor/lib:/usr/local/lib/aarch64-linux-gnu:/opt/ros/jazzy/lib/aarch64-linux-gnu:/usr/local/lib/aarch64-linux-gnu:/opt/ros/jazzy/opt/gz_math_vendor/lib:/usr/local/lib/aarch64-linux-gnu:/opt/ros/jazzy/opt/gz_utils_vendor/lib:/usr/local/lib/aarch64-linux-gnu:/opt/ros/jazzy/opt/gz_cmake_vendor/lib:/usr/local/lib/aarch64-linux-gnu:/opt/ros/jazzy/lib:/usr/local/lib/aarch64-linux-gnu:', 'SHLVL': '1', 'HOME': '/home/jetpack', 'SSH_TTY': '/dev/pts/2', 'ROS_PYTHON_VERSION': '3', 'DBUS_SESSION_BUS_ADDRESS': 'unix:path=/run/user/1002/bus', 'ROS_DISTRO': 'jazzy', 'OMF_PATH': '/home/jetpack/.local/share/omf', 'COLCON_PREFIX_PATH': '/home/jetpack/SEAME-Cluster-24-25/JetRacer/install:/home/jetpack/ros2_v4l2/install', 'LOGNAME': 'jetpack', 'XDG_SESSION_CLASS': 'user', 'ROS_VERSION': '2', 'TERM': 'xterm-256color', 'XDG_SESSION_ID': '9', 'PATH': '/opt/ros/jazzy/bin:/home/jetpack/miniconda3/bin:/Users/Axel/.local/bin:/Users/Axel/.local/share/nvim/mason/bin:usr/bin:/Users/Axel/.fzf/bin:/usr/local/sbin:/usr/local/bin:/usr/sbin:/usr/bin:/sbin:/bin:/usr/games:/usr/local/games:/snap/bin', 'XDG_RUNTIME_DIR': '/run/user/1002', 'LANG': 'C.UTF-8', 'AMENT_PREFIX_PATH': '/home/jetpack/SEAME-Cluster-24-25/JetRacer/install/camera:/home/jetpack/ros2_v4l2/install/image_transport_plugins:/home/jetpack/ros2_v4l2/install/zstd_image_transport:/home/jetpack/ros2_v4l2/install/v4l2_camera:/home/jetpack/ros2_v4l2/install/theora_image_transport:/home/jetpack/ros2_v4l2/install/compressed_image_transport:/home/jetpack/ros2_v4l2/install/compressed_depth_image_transport:/home/jetpack/ros2_v4l2/install/image_transport:/home/jetpack/ros2_v4l2/install/cv_bridge:/home/jetpack/ros2_v4l2/install/camera_info_manager:/home/jetpack/ros2_v4l2/install/camera_calibration_parsers:/opt/ros/jazzy', 'SHELL': '/usr/bin/fish', 'LIBCAMERA_IPA_DIR': '/usr/local/lib/aarch64-linux-gnu/libcamera/', 'WIFI_SSID': 'MEO-BD8310', 'ROS_AUTOMATIC_DISCOVERY_RANGE': 'SUBNET', 'PWD': '/home/jetpack/SEAME-Cluster-24-25/JetRacer/build/camera', 'SSH_CONNECTION': '192.168.1.80 55414 192.168.1.84 22', 'OMF_CONFIG': '/home/jetpack/.config/omf', 'XDG_DATA_DIRS': '/usr/local/share:/usr/share:/var/lib/snapd/desktop', 'STARSHIP_SESSION_KEY': '1050730524138171', 'PYTHONPATH': '/home/jetpack/ros2_v4l2/install/theora_image_transport/lib/python3.12/site-packages:/home/jetpack/ros2_v4l2/install/cv_bridge/lib/python3.12/site-packages:/opt/ros/jazzy/lib/python3.12/site-packages', 'COLCON': '1', 'WARP_THEMES_DIR': '/home/jetpack/.warp/themes', 'EDITOR': 'nvim', 'CMAKE_PREFIX_PATH': '/home/jetpack/SEAME-Cluster-24-25/JetRacer/install/camera:/home/jetpack/ros2_v4l2/install/image_transport_plugins:/home/jetpack/ros2_v4l2/install/zstd_image_transport:/home/jetpack/ros2_v4l2/install/v4l2_camera:/home/jetpack/ros2_v4l2/install/theora_image_transport:/home/jetpack/ros2_v4l2/install/compressed_image_transport:/home/jetpack/ros2_v4l2/install/compressed_depth_image_transport:/home/jetpack/ros2_v4l2/install/image_transport:/home/jetpack/ros2_v4l2/install/cv_bridge:/home/jetpack/ros2_v4l2/install/camera_info_manager:/home/jetpack/ros2_v4l2/install/camera_calibration_parsers:/opt/ros/jazzy/opt/gz_math_vendor:/opt/ros/jazzy/opt/gz_utils_vendor:/opt/ros/jazzy/opt/gz_cmake_vendor:/opt/ros/jazzy', 'WIFI_PASSWORD': '9f24731014'}), 'shell': False}
[0.099176] (-) TimerEvent: {}
[0.199829] (-) TimerEvent: {}
[0.300491] (-) TimerEvent: {}
[0.401178] (-) TimerEvent: {}
[0.491443] (camera) StdoutLine: {'line': b'[ 33%] \x1b[32mBuilding CXX object CMakeFiles/camera_node.dir/src/main.cpp.o\x1b[0m\n'}
[0.499545] (camera) StdoutLine: {'line': b'[ 66%] \x1b[32mBuilding CXX object CMakeFiles/camera_node.dir/src/CameraNode.cpp.o\x1b[0m\n'}
[0.501371] (-) TimerEvent: {}
[0.602146] (-) TimerEvent: {}
[0.702786] (-) TimerEvent: {}
[0.803404] (-) TimerEvent: {}
[0.904065] (-) TimerEvent: {}
[1.004714] (-) TimerEvent: {}
[1.105317] (-) TimerEvent: {}
[1.205958] (-) TimerEvent: {}
[1.306589] (-) TimerEvent: {}
[1.407237] (-) TimerEvent: {}
[1.507926] (-) TimerEvent: {}
[1.608559] (-) TimerEvent: {}
[1.709246] (-) TimerEvent: {}
[1.809903] (-) TimerEvent: {}
[1.910506] (-) TimerEvent: {}
[2.011244] (-) TimerEvent: {}
[2.112115] (-) TimerEvent: {}
[2.212832] (-) TimerEvent: {}
[2.313458] (-) TimerEvent: {}
[2.414226] (-) TimerEvent: {}
[2.514846] (-) TimerEvent: {}
[2.615562] (-) TimerEvent: {}
[2.716439] (-) TimerEvent: {}
[2.817255] (-) TimerEvent: {}
[2.918224] (-) TimerEvent: {}
[3.019262] (-) TimerEvent: {}
[3.120147] (-) TimerEvent: {}
[3.220937] (-) TimerEvent: {}
[3.321878] (-) TimerEvent: {}
[3.422720] (-) TimerEvent: {}
[3.523435] (-) TimerEvent: {}
[3.624222] (-) TimerEvent: {}
[3.725161] (-) TimerEvent: {}
[3.825970] (-) TimerEvent: {}
[3.926793] (-) TimerEvent: {}
[4.027508] (-) TimerEvent: {}
[4.128429] (-) TimerEvent: {}
[4.229193] (-) TimerEvent: {}
[4.329976] (-) TimerEvent: {}
[4.430971] (-) TimerEvent: {}
[4.531742] (-) TimerEvent: {}
[4.632437] (-) TimerEvent: {}
[4.733363] (-) TimerEvent: {}
[4.834239] (-) TimerEvent: {}
[4.935015] (-) TimerEvent: {}
[5.035788] (-) TimerEvent: {}
[5.136505] (-) TimerEvent: {}
[5.237312] (-) TimerEvent: {}
[5.338199] (-) TimerEvent: {}
[5.439121] (-) TimerEvent: {}
[5.539996] (-) TimerEvent: {}
[5.640772] (-) TimerEvent: {}
[5.741627] (-) TimerEvent: {}
[5.842438] (-) TimerEvent: {}
[5.943284] (-) TimerEvent: {}
[6.044090] (-) TimerEvent: {}
[6.145005] (-) TimerEvent: {}
[6.245947] (-) TimerEvent: {}
[6.346801] (-) TimerEvent: {}
[6.447614] (-) TimerEvent: {}
[6.548506] (-) TimerEvent: {}
[6.649299] (-) TimerEvent: {}
[6.750130] (-) TimerEvent: {}
[6.850893] (-) TimerEvent: {}
[6.951752] (-) TimerEvent: {}
[7.052497] (-) TimerEvent: {}
[7.153414] (-) TimerEvent: {}
[7.254390] (-) TimerEvent: {}
[7.355243] (-) TimerEvent: {}
[7.456066] (-) TimerEvent: {}
[7.557016] (-) TimerEvent: {}
[7.657842] (-) TimerEvent: {}
[7.758728] (-) TimerEvent: {}
[7.859468] (-) TimerEvent: {}
[7.960382] (-) TimerEvent: {}
[8.061177] (-) TimerEvent: {}
[8.161949] (-) TimerEvent: {}
[8.262723] (-) TimerEvent: {}
[8.363439] (-) TimerEvent: {}
[8.464213] (-) TimerEvent: {}
[8.564987] (-) TimerEvent: {}
[8.665776] (-) TimerEvent: {}
[8.766544] (-) TimerEvent: {}
[8.867349] (-) TimerEvent: {}
[8.968168] (-) TimerEvent: {}
[9.068931] (-) TimerEvent: {}
[9.169721] (-) TimerEvent: {}
[9.270445] (-) TimerEvent: {}
[9.371221] (-) TimerEvent: {}
[9.472008] (-) TimerEvent: {}
[9.572829] (-) TimerEvent: {}
[9.673832] (-) TimerEvent: {}
[9.774829] (-) TimerEvent: {}
[9.875569] (-) TimerEvent: {}
[9.976385] (-) TimerEvent: {}
[10.077188] (-) TimerEvent: {}
[10.178002] (-) TimerEvent: {}
[10.278964] (-) TimerEvent: {}
[10.379766] (-) TimerEvent: {}
[10.480550] (-) TimerEvent: {}
[10.581420] (-) TimerEvent: {}
[10.682343] (-) TimerEvent: {}
[10.783132] (-) TimerEvent: {}
[10.883942] (-) TimerEvent: {}
[10.984734] (-) TimerEvent: {}
[11.085502] (-) TimerEvent: {}
[11.186326] (-) TimerEvent: {}
[11.287230] (-) TimerEvent: {}
[11.388103] (-) TimerEvent: {}
[11.488826] (-) TimerEvent: {}
[11.589800] (-) TimerEvent: {}
[11.690682] (-) TimerEvent: {}
[11.791416] (-) TimerEvent: {}
[11.892228] (-) TimerEvent: {}
[11.993099] (-) TimerEvent: {}
[12.093987] (-) TimerEvent: {}
[12.194802] (-) TimerEvent: {}
[12.295553] (-) TimerEvent: {}
[12.396346] (-) TimerEvent: {}
[12.497155] (-) TimerEvent: {}
[12.597958] (-) TimerEvent: {}
[12.698732] (-) TimerEvent: {}
[12.799435] (-) TimerEvent: {}
[12.901850] (-) TimerEvent: {}
[13.002801] (-) TimerEvent: {}
[13.103551] (-) TimerEvent: {}
[13.204382] (-) TimerEvent: {}
[13.305228] (-) TimerEvent: {}
[13.405996] (-) TimerEvent: {}
[13.506796] (-) TimerEvent: {}
[13.607549] (-) TimerEvent: {}
[13.708323] (-) TimerEvent: {}
[13.809125] (-) TimerEvent: {}
[13.909908] (-) TimerEvent: {}
[14.010753] (-) TimerEvent: {}
[14.111509] (-) TimerEvent: {}
[14.212311] (-) TimerEvent: {}
[14.313099] (-) TimerEvent: {}
[14.413844] (-) TimerEvent: {}
[14.514630] (-) TimerEvent: {}
[14.615424] (-) TimerEvent: {}
[14.716286] (-) TimerEvent: {}
[14.817111] (-) TimerEvent: {}
[14.917951] (-) TimerEvent: {}
[15.018782] (-) TimerEvent: {}
[15.119561] (-) TimerEvent: {}
[15.220356] (-) TimerEvent: {}
[15.321142] (-) TimerEvent: {}
[15.421844] (-) TimerEvent: {}
[15.522567] (-) TimerEvent: {}
[15.623368] (-) TimerEvent: {}
[15.724168] (-) TimerEvent: {}
[15.824971] (-) TimerEvent: {}
[15.925770] (-) TimerEvent: {}
[16.026498] (-) TimerEvent: {}
[16.127315] (-) TimerEvent: {}
[16.228088] (-) TimerEvent: {}
[16.328812] (-) TimerEvent: {}
[16.429553] (-) TimerEvent: {}
[16.530337] (-) TimerEvent: {}
[16.631138] (-) TimerEvent: {}
[16.731931] (-) TimerEvent: {}
[16.832806] (-) TimerEvent: {}
[16.933558] (-) TimerEvent: {}
[17.034418] (-) TimerEvent: {}
[17.135280] (-) TimerEvent: {}
[17.236134] (-) TimerEvent: {}
[17.336911] (-) TimerEvent: {}
[17.437633] (-) TimerEvent: {}
[17.538414] (-) TimerEvent: {}
[17.639252] (-) TimerEvent: {}
[17.740019] (-) TimerEvent: {}
[17.840812] (-) TimerEvent: {}
[17.941556] (-) TimerEvent: {}
[18.042352] (-) TimerEvent: {}
[18.143150] (-) TimerEvent: {}
[18.243921] (-) TimerEvent: {}
[18.344724] (-) TimerEvent: {}
[18.445560] (-) TimerEvent: {}
[18.546505] (-) TimerEvent: {}
[18.647460] (-) TimerEvent: {}
[18.748180] (-) TimerEvent: {}
[18.848887] (-) TimerEvent: {}
[18.949553] (-) TimerEvent: {}
[19.050260] (-) TimerEvent: {}
[19.150990] (-) TimerEvent: {}
[19.251704] (-) TimerEvent: {}
[19.352458] (-) TimerEvent: {}
[19.453281] (-) TimerEvent: {}
[19.554107] (-) TimerEvent: {}
[19.654800] (-) TimerEvent: {}
[19.755461] (-) TimerEvent: {}
[19.856277] (-) TimerEvent: {}
[19.957018] (-) TimerEvent: {}
[20.057727] (-) TimerEvent: {}
[20.158359] (-) TimerEvent: {}
[20.259064] (-) TimerEvent: {}
[20.359781] (-) TimerEvent: {}
[20.460481] (-) TimerEvent: {}
[20.561240] (-) TimerEvent: {}
[20.662122] (-) TimerEvent: {}
[20.762922] (-) TimerEvent: {}
[20.863719] (-) TimerEvent: {}
[20.964429] (-) TimerEvent: {}
[21.065138] (-) TimerEvent: {}
[21.165782] (-) TimerEvent: {}
[21.266432] (-) TimerEvent: {}
[21.367162] (-) TimerEvent: {}
[21.467814] (-) TimerEvent: {}
[21.568467] (-) TimerEvent: {}
[21.669173] (-) TimerEvent: {}
[21.769831] (-) TimerEvent: {}
[21.870484] (-) TimerEvent: {}
[21.971196] (-) TimerEvent: {}
[22.071871] (-) TimerEvent: {}
[22.172541] (-) TimerEvent: {}
[22.273259] (-) TimerEvent: {}
[22.373999] (-) TimerEvent: {}
[22.474694] (-) TimerEvent: {}
[22.575342] (-) TimerEvent: {}
[22.676071] (-) TimerEvent: {}
[22.776752] (-) TimerEvent: {}
[22.877411] (-) TimerEvent: {}
[22.978117] (-) TimerEvent: {}
[23.078783] (-) TimerEvent: {}
[23.179409] (-) TimerEvent: {}
[23.280136] (-) TimerEvent: {}
[23.380794] (-) TimerEvent: {}
[23.481459] (-) TimerEvent: {}
[23.582156] (-) TimerEvent: {}
[23.682795] (-) TimerEvent: {}
[23.783440] (-) TimerEvent: {}
[23.884150] (-) TimerEvent: {}
[23.984797] (-) TimerEvent: {}
[24.085436] (-) TimerEvent: {}
[24.186143] (-) TimerEvent: {}
[24.286784] (-) TimerEvent: {}
[24.387431] (-) TimerEvent: {}
[24.488151] (-) TimerEvent: {}
[24.588812] (-) TimerEvent: {}
[24.689484] (-) TimerEvent: {}
[24.790241] (-) TimerEvent: {}
[24.891080] (-) TimerEvent: {}
[24.991802] (-) TimerEvent: {}
[25.092466] (-) TimerEvent: {}
[25.193183] (-) TimerEvent: {}
[25.293827] (-) TimerEvent: {}
[25.394478] (-) TimerEvent: {}
[25.495180] (-) TimerEvent: {}
[25.595867] (-) TimerEvent: {}
[25.696791] (-) TimerEvent: {}
[25.797443] (-) TimerEvent: {}
[25.898160] (-) TimerEvent: {}
[25.998795] (-) TimerEvent: {}
[26.099431] (-) TimerEvent: {}
[26.200122] (-) TimerEvent: {}
[26.300778] (-) TimerEvent: {}
[26.401432] (-) TimerEvent: {}
[26.502157] (-) TimerEvent: {}
[26.602808] (-) TimerEvent: {}
[26.703472] (-) TimerEvent: {}
[26.804186] (-) TimerEvent: {}
[26.904952] (-) TimerEvent: {}
[27.005956] (-) TimerEvent: {}
[27.106616] (-) TimerEvent: {}
[27.207321] (-) TimerEvent: {}
[27.308082] (-) TimerEvent: {}
[27.408781] (-) TimerEvent: {}
[27.509455] (-) TimerEvent: {}
[27.610118] (-) TimerEvent: {}
[27.710797] (-) TimerEvent: {}
[27.811409] (-) TimerEvent: {}
[27.912132] (-) TimerEvent: {}
[28.012795] (-) TimerEvent: {}
[28.113422] (-) TimerEvent: {}
[28.214147] (-) TimerEvent: {}
[28.314806] (-) TimerEvent: {}
[28.415435] (-) TimerEvent: {}
[28.516122] (-) TimerEvent: {}
[28.616784] (-) TimerEvent: {}
[28.717454] (-) TimerEvent: {}
[28.818145] (-) TimerEvent: {}
[28.918788] (-) TimerEvent: {}
[29.019435] (-) TimerEvent: {}
[29.120116] (-) TimerEvent: {}
[29.220794] (-) TimerEvent: {}
[29.321434] (-) TimerEvent: {}
[29.422131] (-) TimerEvent: {}
[29.522795] (-) TimerEvent: {}
[29.623431] (-) TimerEvent: {}
[29.724137] (-) TimerEvent: {}
[29.824779] (-) TimerEvent: {}
[29.925413] (-) TimerEvent: {}
[30.026140] (-) TimerEvent: {}
[30.126877] (-) TimerEvent: {}
[30.227832] (-) TimerEvent: {}
[30.328623] (-) TimerEvent: {}
[30.429336] (-) TimerEvent: {}
[30.530076] (-) TimerEvent: {}
[30.630786] (-) TimerEvent: {}
[30.731531] (-) TimerEvent: {}
[30.832365] (-) TimerEvent: {}
[30.859945] (camera) StdoutLine: {'line': b'[100%] \x1b[32m\x1b[1mLinking CXX executable camera_node\x1b[0m\n'}
[30.932577] (-) TimerEvent: {}
[31.033469] (-) TimerEvent: {}
[31.134352] (-) TimerEvent: {}
[31.235136] (-) TimerEvent: {}
[31.335845] (-) TimerEvent: {}
[31.436612] (-) TimerEvent: {}
[31.537428] (-) TimerEvent: {}
[31.638362] (-) TimerEvent: {}
[31.739188] (-) TimerEvent: {}
[31.840107] (-) TimerEvent: {}
[31.941242] (-) TimerEvent: {}
[32.042225] (-) TimerEvent: {}
[32.143398] (-) TimerEvent: {}
[32.244454] (-) TimerEvent: {}
[32.345632] (-) TimerEvent: {}
[32.446800] (-) TimerEvent: {}
[32.547730] (-) TimerEvent: {}
[32.648912] (-) TimerEvent: {}
[32.749972] (-) TimerEvent: {}
[32.850965] (-) TimerEvent: {}
[32.952220] (-) TimerEvent: {}
[33.053501] (-) TimerEvent: {}
[33.154710] (-) TimerEvent: {}
[33.255588] (-) TimerEvent: {}
[33.356873] (-) TimerEvent: {}
[33.457859] (-) TimerEvent: {}
[33.558612] (-) TimerEvent: {}
[33.659575] (-) TimerEvent: {}
[33.760375] (-) TimerEvent: {}
[33.861142] (-) TimerEvent: {}
[33.961831] (-) TimerEvent: {}
[34.062529] (-) TimerEvent: {}
[34.163407] (-) TimerEvent: {}
[34.264143] (-) TimerEvent: {}
[34.364848] (-) TimerEvent: {}
[34.378683] (camera) StdoutLine: {'line': b'[100%] Built target camera_node\n'}
[34.452520] (camera) CommandEnded: {'returncode': 0}
[34.454351] (camera) JobProgress: {'identifier': 'camera', 'progress': 'install'}
[34.465016] (-) TimerEvent: {}
[34.513896] (camera) Command: {'cmd': ['/usr/bin/cmake', '--install', '/home/jetpack/SEAME-Cluster-24-25/JetRacer/build/camera'], 'cwd': '/home/jetpack/SEAME-Cluster-24-25/JetRacer/build/camera', 'env': OrderedDict({'USER': 'jetpack', 'SSH_CLIENT': '192.168.1.80 55414 22', 'STARSHIP_SHELL': 'fish', 'XDG_SESSION_TYPE': 'tty', 'LD_LIBRARY_PATH': '/usr/local/lib/aarch64-linux-gnu/libcamera/:/home/jetpack/ros2_v4l2/install/zstd_image_transport/lib:/home/jetpack/ros2_v4l2/install/v4l2_camera/lib:/home/jetpack/ros2_v4l2/install/theora_image_transport/lib:/home/jetpack/ros2_v4l2/install/compressed_image_transport/lib:/home/jetpack/ros2_v4l2/install/compressed_depth_image_transport/lib:/home/jetpack/ros2_v4l2/install/image_transport/lib:/home/jetpack/ros2_v4l2/install/cv_bridge/lib:/home/jetpack/ros2_v4l2/install/camera_info_manager/lib:/home/jetpack/ros2_v4l2/install/camera_calibration_parsers/lib:/usr/local/lib/aarch64-linux-gnu:/usr/local/lib/aarch64-linux-gnu:/home/jetpack/SEAME-Cluster-24-25/JetRacer/install/pca9685_driver/lib:/usr/local/lib/aarch64-linux-gnu:/home/jetpack/SEAME-Cluster-24-25/JetRacer/install/ina219_driver/lib:/usr/local/lib/aarch64-linux-gnu:/home/jetpack/SEAME-Cluster-24-25/JetRacer/install/can_interface/lib:/usr/local/lib/aarch64-linux-gnu:/home/jetpack/SEAME-Cluster-24-25/JetRacer/install/custom_msgs/lib:/usr/local/lib/aarch64-linux-gnu:/opt/ros/jazzy/opt/rviz_ogre_vendor/lib:/usr/local/lib/aarch64-linux-gnu:/opt/ros/jazzy/lib/aarch64-linux-gnu:/usr/local/lib/aarch64-linux-gnu:/opt/ros/jazzy/opt/gz_math_vendor/lib:/usr/local/lib/aarch64-linux-gnu:/opt/ros/jazzy/opt/gz_utils_vendor/lib:/usr/local/lib/aarch64-linux-gnu:/opt/ros/jazzy/opt/gz_cmake_vendor/lib:/usr/local/lib/aarch64-linux-gnu:/opt/ros/jazzy/lib:/usr/local/lib/aarch64-linux-gnu:', 'SHLVL': '1', 'HOME': '/home/jetpack', 'SSH_TTY': '/dev/pts/2', 'ROS_PYTHON_VERSION': '3', 'DBUS_SESSION_BUS_ADDRESS': 'unix:path=/run/user/1002/bus', 'ROS_DISTRO': 'jazzy', 'OMF_PATH': '/home/jetpack/.local/share/omf', 'COLCON_PREFIX_PATH': '/home/jetpack/SEAME-Cluster-24-25/JetRacer/install:/home/jetpack/ros2_v4l2/install', 'LOGNAME': 'jetpack', 'XDG_SESSION_CLASS': 'user', 'ROS_VERSION': '2', 'TERM': 'xterm-256color', 'XDG_SESSION_ID': '9', 'PATH': '/opt/ros/jazzy/bin:/home/jetpack/miniconda3/bin:/Users/Axel/.local/bin:/Users/Axel/.local/share/nvim/mason/bin:usr/bin:/Users/Axel/.fzf/bin:/usr/local/sbin:/usr/local/bin:/usr/sbin:/usr/bin:/sbin:/bin:/usr/games:/usr/local/games:/snap/bin', 'XDG_RUNTIME_DIR': '/run/user/1002', 'LANG': 'C.UTF-8', 'AMENT_PREFIX_PATH': '/home/jetpack/SEAME-Cluster-24-25/JetRacer/install/camera:/home/jetpack/ros2_v4l2/install/image_transport_plugins:/home/jetpack/ros2_v4l2/install/zstd_image_transport:/home/jetpack/ros2_v4l2/install/v4l2_camera:/home/jetpack/ros2_v4l2/install/theora_image_transport:/home/jetpack/ros2_v4l2/install/compressed_image_transport:/home/jetpack/ros2_v4l2/install/compressed_depth_image_transport:/home/jetpack/ros2_v4l2/install/image_transport:/home/jetpack/ros2_v4l2/install/cv_bridge:/home/jetpack/ros2_v4l2/install/camera_info_manager:/home/jetpack/ros2_v4l2/install/camera_calibration_parsers:/opt/ros/jazzy', 'SHELL': '/usr/bin/fish', 'LIBCAMERA_IPA_DIR': '/usr/local/lib/aarch64-linux-gnu/libcamera/', 'WIFI_SSID': 'MEO-BD8310', 'ROS_AUTOMATIC_DISCOVERY_RANGE': 'SUBNET', 'PWD': '/home/jetpack/SEAME-Cluster-24-25/JetRacer/build/camera', 'SSH_CONNECTION': '192.168.1.80 55414 192.168.1.84 22', 'OMF_CONFIG': '/home/jetpack/.config/omf', 'XDG_DATA_DIRS': '/usr/local/share:/usr/share:/var/lib/snapd/desktop', 'STARSHIP_SESSION_KEY': '1050730524138171', 'PYTHONPATH': '/home/jetpack/ros2_v4l2/install/theora_image_transport/lib/python3.12/site-packages:/home/jetpack/ros2_v4l2/install/cv_bridge/lib/python3.12/site-packages:/opt/ros/jazzy/lib/python3.12/site-packages', 'COLCON': '1', 'WARP_THEMES_DIR': '/home/jetpack/.warp/themes', 'EDITOR': 'nvim', 'CMAKE_PREFIX_PATH': '/home/jetpack/SEAME-Cluster-24-25/JetRacer/install/camera:/home/jetpack/ros2_v4l2/install/image_transport_plugins:/home/jetpack/ros2_v4l2/install/zstd_image_transport:/home/jetpack/ros2_v4l2/install/v4l2_camera:/home/jetpack/ros2_v4l2/install/theora_image_transport:/home/jetpack/ros2_v4l2/install/compressed_image_transport:/home/jetpack/ros2_v4l2/install/compressed_depth_image_transport:/home/jetpack/ros2_v4l2/install/image_transport:/home/jetpack/ros2_v4l2/install/cv_bridge:/home/jetpack/ros2_v4l2/install/camera_info_manager:/home/jetpack/ros2_v4l2/install/camera_calibration_parsers:/opt/ros/jazzy/opt/gz_math_vendor:/opt/ros/jazzy/opt/gz_utils_vendor:/opt/ros/jazzy/opt/gz_cmake_vendor:/opt/ros/jazzy', 'WIFI_PASSWORD': '9f24731014'}), 'shell': False}
[34.565201] (-) TimerEvent: {}
[34.570919] (camera) StdoutLine: {'line': b'-- Install configuration: ""\n'}
[34.572306] (camera) StdoutLine: {'line': b'-- Installing: /home/jetpack/SEAME-Cluster-24-25/JetRacer/install/camera/lib/camera/camera_node\n'}
[34.583162] (camera) StdoutLine: {'line': b'-- Set non-toolchain portion of runtime path of "/home/jetpack/SEAME-Cluster-24-25/JetRacer/install/camera/lib/camera/camera_node" to ""\n'}
[34.583862] (camera) StdoutLine: {'line': b'-- Up-to-date: /home/jetpack/SEAME-Cluster-24-25/JetRacer/install/camera/share/ament_index/resource_index/package_run_dependencies/camera\n'}
[34.584367] (camera) StdoutLine: {'line': b'-- Up-to-date: /home/jetpack/SEAME-Cluster-24-25/JetRacer/install/camera/share/ament_index/resource_index/parent_prefix_path/camera\n'}
[34.584843] (camera) StdoutLine: {'line': b'-- Up-to-date: /home/jetpack/SEAME-Cluster-24-25/JetRacer/install/camera/share/camera/environment/ament_prefix_path.sh\n'}
[34.585319] (camera) StdoutLine: {'line': b'-- Up-to-date: /home/jetpack/SEAME-Cluster-24-25/JetRacer/install/camera/share/camera/environment/ament_prefix_path.dsv\n'}
[34.585879] (camera) StdoutLine: {'line': b'-- Up-to-date: /home/jetpack/SEAME-Cluster-24-25/JetRacer/install/camera/share/camera/environment/path.sh\n'}
[34.586403] (camera) StdoutLine: {'line': b'-- Up-to-date: /home/jetpack/SEAME-Cluster-24-25/JetRacer/install/camera/share/camera/environment/path.dsv\n'}
[34.586797] (camera) StdoutLine: {'line': b'-- Up-to-date: /home/jetpack/SEAME-Cluster-24-25/JetRacer/install/camera/share/camera/local_setup.bash\n'}
[34.587175] (camera) StdoutLine: {'line': b'-- Up-to-date: /home/jetpack/SEAME-Cluster-24-25/JetRacer/install/camera/share/camera/local_setup.sh\n'}
[34.587629] (camera) StdoutLine: {'line': b'-- Up-to-date: /home/jetpack/SEAME-Cluster-24-25/JetRacer/install/camera/share/camera/local_setup.zsh\n'}
[34.588146] (camera) StdoutLine: {'line': b'-- Up-to-date: /home/jetpack/SEAME-Cluster-24-25/JetRacer/install/camera/share/camera/local_setup.dsv\n'}
[34.588491] (camera) StdoutLine: {'line': b'-- Installing: /home/jetpack/SEAME-Cluster-24-25/JetRacer/install/camera/share/camera/package.dsv\n'}
[34.589110] (camera) StdoutLine: {'line': b'-- Up-to-date: /home/jetpack/SEAME-Cluster-24-25/JetRacer/install/camera/share/ament_index/resource_index/packages/camera\n'}
[34.589600] (camera) StdoutLine: {'line': b'-- Up-to-date: /home/jetpack/SEAME-Cluster-24-25/JetRacer/install/camera/share/camera/cmake/cameraConfig.cmake\n'}
[34.590090] (camera) StdoutLine: {'line': b'-- Up-to-date: /home/jetpack/SEAME-Cluster-24-25/JetRacer/install/camera/share/camera/cmake/cameraConfig-version.cmake\n'}
[34.590544] (camera) StdoutLine: {'line': b'-- Up-to-date: /home/jetpack/SEAME-Cluster-24-25/JetRacer/install/camera/share/camera/package.xml\n'}
[34.597156] (camera) CommandEnded: {'returncode': 0}
[34.665417] (-) TimerEvent: {}
[34.669619] (camera) JobEnded: {'identifier': 'camera', 'rc': 0}
[34.672424] (-) EventReactorShutdown: {}
