[0.471s] DEBUG:colcon:Command line arguments: ['/usr/bin/colcon', 'build', '--packages-select', 'camera']
[0.471s] DEBUG:colcon:Parsed command line arguments: Namespace(log_base=None, log_level=None, verb_name='build', build_base='build', install_base='install', merge_install=False, symlink_install=False, test_result_base=None, continue_on_error=False, executor='parallel', parallel_workers=4, event_handlers=None, ignore_user_meta=False, metas=['./colcon.meta'], base_paths=['.'], packages_ignore=None, packages_ignore_regex=None, paths=None, packages_up_to=None, packages_up_to_regex=None, packages_above=None, packages_above_and_dependencies=None, packages_above_depth=None, packages_select_by_dep=None, packages_skip_by_dep=None, packages_skip_up_to=None, packages_select_build_failed=False, packages_skip_build_finished=False, packages_select_test_failures=False, packages_skip_test_passed=False, packages_select=['camera'], packages_skip=None, packages_select_regex=None, packages_skip_regex=None, packages_start=None, packages_end=None, allow_overriding=[], cmake_args=None, cmake_target=None, cmake_target_skip_unavailable=False, cmake_clean_cache=False, cmake_clean_first=False, cmake_force_configure=False, ament_cmake_args=None, catkin_cmake_args=None, catkin_skip_building_tests=False, mixin_files=None, mixin=None, verb_parser=<colcon_mixin.mixin.mixin_argument.MixinArgumentDecorator object at 0xffffbc093cb0>, verb_extension=<colcon_core.verb.build.BuildVerb object at 0xffffbc274200>, main=<bound method BuildVerb.main of <colcon_core.verb.build.BuildVerb object at 0xffffbc274200>>, mixin_verb=('build',))
[0.647s] Level 1:colcon.colcon_core.package_discovery:discover_packages(colcon_meta) check parameters
[0.648s] Level 1:colcon.colcon_core.package_discovery:discover_packages(recursive) check parameters
[0.648s] Level 1:colcon.colcon_core.package_discovery:discover_packages(ignore) check parameters
[0.648s] Level 1:colcon.colcon_core.package_discovery:discover_packages(path) check parameters
[0.648s] Level 1:colcon.colcon_core.package_discovery:discover_packages(colcon_meta) discover
[0.648s] Level 1:colcon.colcon_core.package_discovery:discover_packages(recursive) discover
[0.648s] INFO:colcon.colcon_core.package_discovery:Crawling recursively for packages in '/home/jetpack/SEAME-Cluster-24-25/JetRacer'
[0.649s] Level 1:colcon.colcon_core.package_identification:_identify(.) by extensions ['ignore', 'ignore_ament_install']
[0.649s] Level 1:colcon.colcon_core.package_identification:_identify(.) by extension 'ignore'
[0.649s] Level 1:colcon.colcon_core.package_identification:_identify(.) by extension 'ignore_ament_install'
[0.650s] Level 1:colcon.colcon_core.package_identification:_identify(.) by extensions ['colcon_pkg']
[0.650s] Level 1:colcon.colcon_core.package_identification:_identify(.) by extension 'colcon_pkg'
[0.650s] Level 1:colcon.colcon_core.package_identification:_identify(.) by extensions ['colcon_meta']
[0.650s] Level 1:colcon.colcon_core.package_identification:_identify(.) by extension 'colcon_meta'
[0.650s] Level 1:colcon.colcon_core.package_identification:_identify(.) by extensions ['ros']
[0.650s] Level 1:colcon.colcon_core.package_identification:_identify(.) by extension 'ros'
[0.758s] Level 1:colcon.colcon_core.package_identification:_identify(.) by extensions ['cmake', 'python']
[0.759s] Level 1:colcon.colcon_core.package_identification:_identify(.) by extension 'cmake'
[0.759s] Level 1:colcon.colcon_core.package_identification:_identify(.) by extension 'python'
[0.759s] Level 1:colcon.colcon_core.package_identification:_identify(.) by extensions ['python_setup_py']
[0.759s] Level 1:colcon.colcon_core.package_identification:_identify(.) by extension 'python_setup_py'
[0.760s] Level 1:colcon.colcon_core.package_identification:_identify(build) by extensions ['ignore', 'ignore_ament_install']
[0.760s] Level 1:colcon.colcon_core.package_identification:_identify(build) by extension 'ignore'
[0.760s] Level 1:colcon.colcon_core.package_identification:_identify(build) ignored
[0.761s] Level 1:colcon.colcon_core.package_identification:_identify(install) by extensions ['ignore', 'ignore_ament_install']
[0.761s] Level 1:colcon.colcon_core.package_identification:_identify(install) by extension 'ignore'
[0.761s] Level 1:colcon.colcon_core.package_identification:_identify(install) ignored
[0.762s] Level 1:colcon.colcon_core.package_identification:_identify(launch) by extensions ['ignore', 'ignore_ament_install']
[0.762s] Level 1:colcon.colcon_core.package_identification:_identify(launch) by extension 'ignore'
[0.762s] Level 1:colcon.colcon_core.package_identification:_identify(launch) by extension 'ignore_ament_install'
[0.762s] Level 1:colcon.colcon_core.package_identification:_identify(launch) by extensions ['colcon_pkg']
[0.762s] Level 1:colcon.colcon_core.package_identification:_identify(launch) by extension 'colcon_pkg'
[0.763s] Level 1:colcon.colcon_core.package_identification:_identify(launch) by extensions ['colcon_meta']
[0.763s] Level 1:colcon.colcon_core.package_identification:_identify(launch) by extension 'colcon_meta'
[0.763s] Level 1:colcon.colcon_core.package_identification:_identify(launch) by extensions ['ros']
[0.763s] Level 1:colcon.colcon_core.package_identification:_identify(launch) by extension 'ros'
[0.763s] Level 1:colcon.colcon_core.package_identification:_identify(launch) by extensions ['cmake', 'python']
[0.763s] Level 1:colcon.colcon_core.package_identification:_identify(launch) by extension 'cmake'
[0.763s] Level 1:colcon.colcon_core.package_identification:_identify(launch) by extension 'python'
[0.764s] Level 1:colcon.colcon_core.package_identification:_identify(launch) by extensions ['python_setup_py']
[0.764s] Level 1:colcon.colcon_core.package_identification:_identify(launch) by extension 'python_setup_py'
[0.764s] Level 1:colcon.colcon_core.package_identification:_identify(launch/__pycache__) by extensions ['ignore', 'ignore_ament_install']
[0.764s] Level 1:colcon.colcon_core.package_identification:_identify(launch/__pycache__) by extension 'ignore'
[0.765s] Level 1:colcon.colcon_core.package_identification:_identify(launch/__pycache__) by extension 'ignore_ament_install'
[0.765s] Level 1:colcon.colcon_core.package_identification:_identify(launch/__pycache__) by extensions ['colcon_pkg']
[0.765s] Level 1:colcon.colcon_core.package_identification:_identify(launch/__pycache__) by extension 'colcon_pkg'
[0.765s] Level 1:colcon.colcon_core.package_identification:_identify(launch/__pycache__) by extensions ['colcon_meta']
[0.765s] Level 1:colcon.colcon_core.package_identification:_identify(launch/__pycache__) by extension 'colcon_meta'
[0.765s] Level 1:colcon.colcon_core.package_identification:_identify(launch/__pycache__) by extensions ['ros']
[0.766s] Level 1:colcon.colcon_core.package_identification:_identify(launch/__pycache__) by extension 'ros'
[0.766s] Level 1:colcon.colcon_core.package_identification:_identify(launch/__pycache__) by extensions ['cmake', 'python']
[0.766s] Level 1:colcon.colcon_core.package_identification:_identify(launch/__pycache__) by extension 'cmake'
[0.766s] Level 1:colcon.colcon_core.package_identification:_identify(launch/__pycache__) by extension 'python'
[0.766s] Level 1:colcon.colcon_core.package_identification:_identify(launch/__pycache__) by extensions ['python_setup_py']
[0.766s] Level 1:colcon.colcon_core.package_identification:_identify(launch/__pycache__) by extension 'python_setup_py'
[0.767s] Level 1:colcon.colcon_core.package_identification:_identify(log) by extensions ['ignore', 'ignore_ament_install']
[0.767s] Level 1:colcon.colcon_core.package_identification:_identify(log) by extension 'ignore'
[0.767s] Level 1:colcon.colcon_core.package_identification:_identify(log) ignored
[0.768s] Level 1:colcon.colcon_core.package_identification:_identify(src) by extensions ['ignore', 'ignore_ament_install']
[0.768s] Level 1:colcon.colcon_core.package_identification:_identify(src) by extension 'ignore'
[0.768s] Level 1:colcon.colcon_core.package_identification:_identify(src) by extension 'ignore_ament_install'
[0.768s] Level 1:colcon.colcon_core.package_identification:_identify(src) by extensions ['colcon_pkg']
[0.768s] Level 1:colcon.colcon_core.package_identification:_identify(src) by extension 'colcon_pkg'
[0.769s] Level 1:colcon.colcon_core.package_identification:_identify(src) by extensions ['colcon_meta']
[0.769s] Level 1:colcon.colcon_core.package_identification:_identify(src) by extension 'colcon_meta'
[0.769s] Level 1:colcon.colcon_core.package_identification:_identify(src) by extensions ['ros']
[0.769s] Level 1:colcon.colcon_core.package_identification:_identify(src) by extension 'ros'
[0.769s] Level 1:colcon.colcon_core.package_identification:_identify(src) by extensions ['cmake', 'python']
[0.769s] Level 1:colcon.colcon_core.package_identification:_identify(src) by extension 'cmake'
[0.770s] Level 1:colcon.colcon_core.package_identification:_identify(src) by extension 'python'
[0.770s] Level 1:colcon.colcon_core.package_identification:_identify(src) by extensions ['python_setup_py']
[0.770s] Level 1:colcon.colcon_core.package_identification:_identify(src) by extension 'python_setup_py'
[0.770s] Level 1:colcon.colcon_core.package_identification:_identify(src/bus_interfaces) by extensions ['ignore', 'ignore_ament_install']
[0.770s] Level 1:colcon.colcon_core.package_identification:_identify(src/bus_interfaces) by extension 'ignore'
[0.771s] Level 1:colcon.colcon_core.package_identification:_identify(src/bus_interfaces) by extension 'ignore_ament_install'
[0.771s] Level 1:colcon.colcon_core.package_identification:_identify(src/bus_interfaces) by extensions ['colcon_pkg']
[0.771s] Level 1:colcon.colcon_core.package_identification:_identify(src/bus_interfaces) by extension 'colcon_pkg'
[0.771s] Level 1:colcon.colcon_core.package_identification:_identify(src/bus_interfaces) by extensions ['colcon_meta']
[0.771s] Level 1:colcon.colcon_core.package_identification:_identify(src/bus_interfaces) by extension 'colcon_meta'
[0.771s] Level 1:colcon.colcon_core.package_identification:_identify(src/bus_interfaces) by extensions ['ros']
[0.772s] Level 1:colcon.colcon_core.package_identification:_identify(src/bus_interfaces) by extension 'ros'
[0.772s] Level 1:colcon.colcon_core.package_identification:_identify(src/bus_interfaces) by extensions ['cmake', 'python']
[0.772s] Level 1:colcon.colcon_core.package_identification:_identify(src/bus_interfaces) by extension 'cmake'
[0.772s] Level 1:colcon.colcon_core.package_identification:_identify(src/bus_interfaces) by extension 'python'
[0.772s] Level 1:colcon.colcon_core.package_identification:_identify(src/bus_interfaces) by extensions ['python_setup_py']
[0.772s] Level 1:colcon.colcon_core.package_identification:_identify(src/bus_interfaces) by extension 'python_setup_py'
[0.773s] Level 1:colcon.colcon_core.package_identification:_identify(src/bus_interfaces/can_interface) by extensions ['ignore', 'ignore_ament_install']
[0.773s] Level 1:colcon.colcon_core.package_identification:_identify(src/bus_interfaces/can_interface) by extension 'ignore'
[0.773s] Level 1:colcon.colcon_core.package_identification:_identify(src/bus_interfaces/can_interface) by extension 'ignore_ament_install'
[0.774s] Level 1:colcon.colcon_core.package_identification:_identify(src/bus_interfaces/can_interface) by extensions ['colcon_pkg']
[0.774s] Level 1:colcon.colcon_core.package_identification:_identify(src/bus_interfaces/can_interface) by extension 'colcon_pkg'
[0.774s] Level 1:colcon.colcon_core.package_identification:_identify(src/bus_interfaces/can_interface) by extensions ['colcon_meta']
[0.774s] Level 1:colcon.colcon_core.package_identification:_identify(src/bus_interfaces/can_interface) by extension 'colcon_meta'
[0.774s] Level 1:colcon.colcon_core.package_identification:_identify(src/bus_interfaces/can_interface) by extensions ['ros']
[0.774s] Level 1:colcon.colcon_core.package_identification:_identify(src/bus_interfaces/can_interface) by extension 'ros'
[0.783s] DEBUG:colcon.colcon_core.package_identification:Package 'src/bus_interfaces/can_interface' with type 'ros.ament_cmake' and name 'can_interface'
[0.784s] Level 1:colcon.colcon_core.package_identification:_identify(src/bus_interfaces/i2c_interface) by extensions ['ignore', 'ignore_ament_install']
[0.784s] Level 1:colcon.colcon_core.package_identification:_identify(src/bus_interfaces/i2c_interface) by extension 'ignore'
[0.784s] Level 1:colcon.colcon_core.package_identification:_identify(src/bus_interfaces/i2c_interface) by extension 'ignore_ament_install'
[0.785s] Level 1:colcon.colcon_core.package_identification:_identify(src/bus_interfaces/i2c_interface) by extensions ['colcon_pkg']
[0.785s] Level 1:colcon.colcon_core.package_identification:_identify(src/bus_interfaces/i2c_interface) by extension 'colcon_pkg'
[0.785s] Level 1:colcon.colcon_core.package_identification:_identify(src/bus_interfaces/i2c_interface) by extensions ['colcon_meta']
[0.785s] Level 1:colcon.colcon_core.package_identification:_identify(src/bus_interfaces/i2c_interface) by extension 'colcon_meta'
[0.785s] Level 1:colcon.colcon_core.package_identification:_identify(src/bus_interfaces/i2c_interface) by extensions ['ros']
[0.785s] Level 1:colcon.colcon_core.package_identification:_identify(src/bus_interfaces/i2c_interface) by extension 'ros'
[0.787s] DEBUG:colcon.colcon_core.package_identification:Package 'src/bus_interfaces/i2c_interface' with type 'ros.ament_cmake' and name 'i2c_interface'
[0.788s] Level 1:colcon.colcon_core.package_identification:_identify(src/head_unit) by extensions ['ignore', 'ignore_ament_install']
[0.788s] Level 1:colcon.colcon_core.package_identification:_identify(src/head_unit) by extension 'ignore'
[0.788s] Level 1:colcon.colcon_core.package_identification:_identify(src/head_unit) by extension 'ignore_ament_install'
[0.789s] Level 1:colcon.colcon_core.package_identification:_identify(src/head_unit) by extensions ['colcon_pkg']
[0.789s] Level 1:colcon.colcon_core.package_identification:_identify(src/head_unit) by extension 'colcon_pkg'
[0.789s] Level 1:colcon.colcon_core.package_identification:_identify(src/head_unit) by extensions ['colcon_meta']
[0.789s] Level 1:colcon.colcon_core.package_identification:_identify(src/head_unit) by extension 'colcon_meta'
[0.789s] Level 1:colcon.colcon_core.package_identification:_identify(src/head_unit) by extensions ['ros']
[0.789s] Level 1:colcon.colcon_core.package_identification:_identify(src/head_unit) by extension 'ros'
[0.790s] Level 1:colcon.colcon_core.package_identification:_identify(src/head_unit) by extensions ['cmake', 'python']
[0.790s] Level 1:colcon.colcon_core.package_identification:_identify(src/head_unit) by extension 'cmake'
[0.790s] Level 1:colcon.colcon_core.package_identification:_identify(src/head_unit) by extension 'python'
[0.790s] Level 1:colcon.colcon_core.package_identification:_identify(src/head_unit) by extensions ['python_setup_py']
[0.790s] Level 1:colcon.colcon_core.package_identification:_identify(src/head_unit) by extension 'python_setup_py'
[0.791s] Level 1:colcon.colcon_core.package_identification:_identify(src/head_unit/display_routine) by extensions ['ignore', 'ignore_ament_install']
[0.791s] Level 1:colcon.colcon_core.package_identification:_identify(src/head_unit/display_routine) by extension 'ignore'
[0.791s] Level 1:colcon.colcon_core.package_identification:_identify(src/head_unit/display_routine) by extension 'ignore_ament_install'
[0.791s] Level 1:colcon.colcon_core.package_identification:_identify(src/head_unit/display_routine) by extensions ['colcon_pkg']
[0.791s] Level 1:colcon.colcon_core.package_identification:_identify(src/head_unit/display_routine) by extension 'colcon_pkg'
[0.792s] Level 1:colcon.colcon_core.package_identification:_identify(src/head_unit/display_routine) by extensions ['colcon_meta']
[0.792s] Level 1:colcon.colcon_core.package_identification:_identify(src/head_unit/display_routine) by extension 'colcon_meta'
[0.792s] Level 1:colcon.colcon_core.package_identification:_identify(src/head_unit/display_routine) by extensions ['ros']
[0.792s] Level 1:colcon.colcon_core.package_identification:_identify(src/head_unit/display_routine) by extension 'ros'
[0.794s] DEBUG:colcon.colcon_core.package_identification:Package 'src/head_unit/display_routine' with type 'ros.ament_cmake' and name 'display_routine'
[0.794s] Level 1:colcon.colcon_core.package_identification:_identify(src/head_unit/tests) by extensions ['ignore', 'ignore_ament_install']
[0.795s] Level 1:colcon.colcon_core.package_identification:_identify(src/head_unit/tests) by extension 'ignore'
[0.795s] Level 1:colcon.colcon_core.package_identification:_identify(src/head_unit/tests) by extension 'ignore_ament_install'
[0.795s] Level 1:colcon.colcon_core.package_identification:_identify(src/head_unit/tests) by extensions ['colcon_pkg']
[0.795s] Level 1:colcon.colcon_core.package_identification:_identify(src/head_unit/tests) by extension 'colcon_pkg'
[0.796s] Level 1:colcon.colcon_core.package_identification:_identify(src/head_unit/tests) by extensions ['colcon_meta']
[0.796s] Level 1:colcon.colcon_core.package_identification:_identify(src/head_unit/tests) by extension 'colcon_meta'
[0.796s] Level 1:colcon.colcon_core.package_identification:_identify(src/head_unit/tests) by extensions ['ros']
[0.796s] Level 1:colcon.colcon_core.package_identification:_identify(src/head_unit/tests) by extension 'ros'
[0.796s] Level 1:colcon.colcon_core.package_identification:_identify(src/head_unit/tests) by extensions ['cmake', 'python']
[0.796s] Level 1:colcon.colcon_core.package_identification:_identify(src/head_unit/tests) by extension 'cmake'
[0.797s] Level 1:colcon.colcon_core.package_identification:_identify(src/head_unit/tests) by extension 'python'
[0.797s] Level 1:colcon.colcon_core.package_identification:_identify(src/head_unit/tests) by extensions ['python_setup_py']
[0.797s] Level 1:colcon.colcon_core.package_identification:_identify(src/head_unit/tests) by extension 'python_setup_py'
[0.797s] Level 1:colcon.colcon_core.package_identification:_identify(src/head_unit/tests/i2c_peripheral_stress_test) by extensions ['ignore', 'ignore_ament_install']
[0.798s] Level 1:colcon.colcon_core.package_identification:_identify(src/head_unit/tests/i2c_peripheral_stress_test) by extension 'ignore'
[0.798s] Level 1:colcon.colcon_core.package_identification:_identify(src/head_unit/tests/i2c_peripheral_stress_test) by extension 'ignore_ament_install'
[0.798s] Level 1:colcon.colcon_core.package_identification:_identify(src/head_unit/tests/i2c_peripheral_stress_test) by extensions ['colcon_pkg']
[0.798s] Level 1:colcon.colcon_core.package_identification:_identify(src/head_unit/tests/i2c_peripheral_stress_test) by extension 'colcon_pkg'
[0.798s] Level 1:colcon.colcon_core.package_identification:_identify(src/head_unit/tests/i2c_peripheral_stress_test) by extensions ['colcon_meta']
[0.798s] Level 1:colcon.colcon_core.package_identification:_identify(src/head_unit/tests/i2c_peripheral_stress_test) by extension 'colcon_meta'
[0.799s] Level 1:colcon.colcon_core.package_identification:_identify(src/head_unit/tests/i2c_peripheral_stress_test) by extensions ['ros']
[0.799s] Level 1:colcon.colcon_core.package_identification:_identify(src/head_unit/tests/i2c_peripheral_stress_test) by extension 'ros'
[0.801s] DEBUG:colcon.colcon_core.package_identification:Package 'src/head_unit/tests/i2c_peripheral_stress_test' with type 'ros.ament_cmake' and name 'i2c_peripheral_stress_test'
[0.801s] Level 1:colcon.colcon_core.package_identification:_identify(src/peripherals) by extensions ['ignore', 'ignore_ament_install']
[0.802s] Level 1:colcon.colcon_core.package_identification:_identify(src/peripherals) by extension 'ignore'
[0.802s] Level 1:colcon.colcon_core.package_identification:_identify(src/peripherals) by extension 'ignore_ament_install'
[0.802s] Level 1:colcon.colcon_core.package_identification:_identify(src/peripherals) by extensions ['colcon_pkg']
[0.803s] Level 1:colcon.colcon_core.package_identification:_identify(src/peripherals) by extension 'colcon_pkg'
[0.803s] Level 1:colcon.colcon_core.package_identification:_identify(src/peripherals) by extensions ['colcon_meta']
[0.803s] Level 1:colcon.colcon_core.package_identification:_identify(src/peripherals) by extension 'colcon_meta'
[0.803s] Level 1:colcon.colcon_core.package_identification:_identify(src/peripherals) by extensions ['ros']
[0.803s] Level 1:colcon.colcon_core.package_identification:_identify(src/peripherals) by extension 'ros'
[0.803s] Level 1:colcon.colcon_core.package_identification:_identify(src/peripherals) by extensions ['cmake', 'python']
[0.804s] Level 1:colcon.colcon_core.package_identification:_identify(src/peripherals) by extension 'cmake'
[0.804s] Level 1:colcon.colcon_core.package_identification:_identify(src/peripherals) by extension 'python'
[0.804s] Level 1:colcon.colcon_core.package_identification:_identify(src/peripherals) by extensions ['python_setup_py']
[0.804s] Level 1:colcon.colcon_core.package_identification:_identify(src/peripherals) by extension 'python_setup_py'
[0.804s] Level 1:colcon.colcon_core.package_identification:_identify(src/peripherals/battery) by extensions ['ignore', 'ignore_ament_install']
[0.805s] Level 1:colcon.colcon_core.package_identification:_identify(src/peripherals/battery) by extension 'ignore'
[0.805s] Level 1:colcon.colcon_core.package_identification:_identify(src/peripherals/battery) by extension 'ignore_ament_install'
[0.805s] Level 1:colcon.colcon_core.package_identification:_identify(src/peripherals/battery) by extensions ['colcon_pkg']
[0.805s] Level 1:colcon.colcon_core.package_identification:_identify(src/peripherals/battery) by extension 'colcon_pkg'
[0.805s] Level 1:colcon.colcon_core.package_identification:_identify(src/peripherals/battery) by extensions ['colcon_meta']
[0.806s] Level 1:colcon.colcon_core.package_identification:_identify(src/peripherals/battery) by extension 'colcon_meta'
[0.806s] Level 1:colcon.colcon_core.package_identification:_identify(src/peripherals/battery) by extensions ['ros']
[0.806s] Level 1:colcon.colcon_core.package_identification:_identify(src/peripherals/battery) by extension 'ros'
[0.808s] DEBUG:colcon.colcon_core.package_identification:Package 'src/peripherals/battery' with type 'ros.ament_cmake' and name 'battery'
[0.809s] Level 1:colcon.colcon_core.package_identification:_identify(src/peripherals/camera) by extensions ['ignore', 'ignore_ament_install']
[0.809s] Level 1:colcon.colcon_core.package_identification:_identify(src/peripherals/camera) by extension 'ignore'
[0.809s] Level 1:colcon.colcon_core.package_identification:_identify(src/peripherals/camera) by extension 'ignore_ament_install'
[0.810s] Level 1:colcon.colcon_core.package_identification:_identify(src/peripherals/camera) by extensions ['colcon_pkg']
[0.810s] Level 1:colcon.colcon_core.package_identification:_identify(src/peripherals/camera) by extension 'colcon_pkg'
[0.810s] Level 1:colcon.colcon_core.package_identification:_identify(src/peripherals/camera) by extensions ['colcon_meta']
[0.810s] Level 1:colcon.colcon_core.package_identification:_identify(src/peripherals/camera) by extension 'colcon_meta'
[0.810s] Level 1:colcon.colcon_core.package_identification:_identify(src/peripherals/camera) by extensions ['ros']
[0.810s] Level 1:colcon.colcon_core.package_identification:_identify(src/peripherals/camera) by extension 'ros'
[0.812s] DEBUG:colcon.colcon_core.package_identification:Package 'src/peripherals/camera' with type 'ros.ament_cmake' and name 'camera'
[0.813s] Level 1:colcon.colcon_core.package_identification:_identify(src/peripherals/dc_motors) by extensions ['ignore', 'ignore_ament_install']
[0.813s] Level 1:colcon.colcon_core.package_identification:_identify(src/peripherals/dc_motors) by extension 'ignore'
[0.814s] Level 1:colcon.colcon_core.package_identification:_identify(src/peripherals/dc_motors) by extension 'ignore_ament_install'
[0.814s] Level 1:colcon.colcon_core.package_identification:_identify(src/peripherals/dc_motors) by extensions ['colcon_pkg']
[0.814s] Level 1:colcon.colcon_core.package_identification:_identify(src/peripherals/dc_motors) by extension 'colcon_pkg'
[0.814s] Level 1:colcon.colcon_core.package_identification:_identify(src/peripherals/dc_motors) by extensions ['colcon_meta']
[0.814s] Level 1:colcon.colcon_core.package_identification:_identify(src/peripherals/dc_motors) by extension 'colcon_meta'
[0.814s] Level 1:colcon.colcon_core.package_identification:_identify(src/peripherals/dc_motors) by extensions ['ros']
[0.814s] Level 1:colcon.colcon_core.package_identification:_identify(src/peripherals/dc_motors) by extension 'ros'
[0.817s] DEBUG:colcon.colcon_core.package_identification:Package 'src/peripherals/dc_motors' with type 'ros.ament_cmake' and name 'dc_motors'
[0.817s] Level 1:colcon.colcon_core.package_identification:_identify(src/peripherals/oled_display) by extensions ['ignore', 'ignore_ament_install']
[0.818s] Level 1:colcon.colcon_core.package_identification:_identify(src/peripherals/oled_display) by extension 'ignore'
[0.818s] Level 1:colcon.colcon_core.package_identification:_identify(src/peripherals/oled_display) by extension 'ignore_ament_install'
[0.818s] Level 1:colcon.colcon_core.package_identification:_identify(src/peripherals/oled_display) by extensions ['colcon_pkg']
[0.818s] Level 1:colcon.colcon_core.package_identification:_identify(src/peripherals/oled_display) by extension 'colcon_pkg'
[0.819s] Level 1:colcon.colcon_core.package_identification:_identify(src/peripherals/oled_display) by extensions ['colcon_meta']
[0.819s] Level 1:colcon.colcon_core.package_identification:_identify(src/peripherals/oled_display) by extension 'colcon_meta'
[0.819s] Level 1:colcon.colcon_core.package_identification:_identify(src/peripherals/oled_display) by extensions ['ros']
[0.819s] Level 1:colcon.colcon_core.package_identification:_identify(src/peripherals/oled_display) by extension 'ros'
[0.821s] DEBUG:colcon.colcon_core.package_identification:Package 'src/peripherals/oled_display' with type 'ros.ament_cmake' and name 'oled_display'
[0.822s] Level 1:colcon.colcon_core.package_identification:_identify(src/peripherals/servo_motor) by extensions ['ignore', 'ignore_ament_install']
[0.822s] Level 1:colcon.colcon_core.package_identification:_identify(src/peripherals/servo_motor) by extension 'ignore'
[0.822s] Level 1:colcon.colcon_core.package_identification:_identify(src/peripherals/servo_motor) by extension 'ignore_ament_install'
[0.822s] Level 1:colcon.colcon_core.package_identification:_identify(src/peripherals/servo_motor) by extensions ['colcon_pkg']
[0.822s] Level 1:colcon.colcon_core.package_identification:_identify(src/peripherals/servo_motor) by extension 'colcon_pkg'
[0.823s] Level 1:colcon.colcon_core.package_identification:_identify(src/peripherals/servo_motor) by extensions ['colcon_meta']
[0.823s] Level 1:colcon.colcon_core.package_identification:_identify(src/peripherals/servo_motor) by extension 'colcon_meta'
[0.823s] Level 1:colcon.colcon_core.package_identification:_identify(src/peripherals/servo_motor) by extensions ['ros']
[0.823s] Level 1:colcon.colcon_core.package_identification:_identify(src/peripherals/servo_motor) by extension 'ros'
[0.825s] DEBUG:colcon.colcon_core.package_identification:Package 'src/peripherals/servo_motor' with type 'ros.ament_cmake' and name 'servo_motor'
[0.826s] Level 1:colcon.colcon_core.package_identification:_identify(src/peripherals/speed_sensor) by extensions ['ignore', 'ignore_ament_install']
[0.826s] Level 1:colcon.colcon_core.package_identification:_identify(src/peripherals/speed_sensor) by extension 'ignore'
[0.826s] Level 1:colcon.colcon_core.package_identification:_identify(src/peripherals/speed_sensor) by extension 'ignore_ament_install'
[0.827s] Level 1:colcon.colcon_core.package_identification:_identify(src/peripherals/speed_sensor) by extensions ['colcon_pkg']
[0.827s] Level 1:colcon.colcon_core.package_identification:_identify(src/peripherals/speed_sensor) by extension 'colcon_pkg'
[0.827s] Level 1:colcon.colcon_core.package_identification:_identify(src/peripherals/speed_sensor) by extensions ['colcon_meta']
[0.827s] Level 1:colcon.colcon_core.package_identification:_identify(src/peripherals/speed_sensor) by extension 'colcon_meta'
[0.827s] Level 1:colcon.colcon_core.package_identification:_identify(src/peripherals/speed_sensor) by extensions ['ros']
[0.827s] Level 1:colcon.colcon_core.package_identification:_identify(src/peripherals/speed_sensor) by extension 'ros'
[0.830s] DEBUG:colcon.colcon_core.package_identification:Package 'src/peripherals/speed_sensor' with type 'ros.ament_cmake' and name 'speed_sensor'
[0.830s] Level 1:colcon.colcon_core.package_identification:_identify(src/utils) by extensions ['ignore', 'ignore_ament_install']
[0.831s] Level 1:colcon.colcon_core.package_identification:_identify(src/utils) by extension 'ignore'
[0.831s] Level 1:colcon.colcon_core.package_identification:_identify(src/utils) by extension 'ignore_ament_install'
[0.831s] Level 1:colcon.colcon_core.package_identification:_identify(src/utils) by extensions ['colcon_pkg']
[0.831s] Level 1:colcon.colcon_core.package_identification:_identify(src/utils) by extension 'colcon_pkg'
[0.831s] Level 1:colcon.colcon_core.package_identification:_identify(src/utils) by extensions ['colcon_meta']
[0.832s] Level 1:colcon.colcon_core.package_identification:_identify(src/utils) by extension 'colcon_meta'
[0.832s] Level 1:colcon.colcon_core.package_identification:_identify(src/utils) by extensions ['ros']
[0.832s] Level 1:colcon.colcon_core.package_identification:_identify(src/utils) by extension 'ros'
[0.832s] Level 1:colcon.colcon_core.package_identification:_identify(src/utils) by extensions ['cmake', 'python']
[0.832s] Level 1:colcon.colcon_core.package_identification:_identify(src/utils) by extension 'cmake'
[0.832s] Level 1:colcon.colcon_core.package_identification:_identify(src/utils) by extension 'python'
[0.833s] Level 1:colcon.colcon_core.package_identification:_identify(src/utils) by extensions ['python_setup_py']
[0.833s] Level 1:colcon.colcon_core.package_identification:_identify(src/utils) by extension 'python_setup_py'
[0.833s] Level 1:colcon.colcon_core.package_identification:_identify(src/utils/custom_msgs) by extensions ['ignore', 'ignore_ament_install']
[0.833s] Level 1:colcon.colcon_core.package_identification:_identify(src/utils/custom_msgs) by extension 'ignore'
[0.834s] Level 1:colcon.colcon_core.package_identification:_identify(src/utils/custom_msgs) by extension 'ignore_ament_install'
[0.834s] Level 1:colcon.colcon_core.package_identification:_identify(src/utils/custom_msgs) by extensions ['colcon_pkg']
[0.834s] Level 1:colcon.colcon_core.package_identification:_identify(src/utils/custom_msgs) by extension 'colcon_pkg'
[0.834s] Level 1:colcon.colcon_core.package_identification:_identify(src/utils/custom_msgs) by extensions ['colcon_meta']
[0.834s] Level 1:colcon.colcon_core.package_identification:_identify(src/utils/custom_msgs) by extension 'colcon_meta'
[0.835s] Level 1:colcon.colcon_core.package_identification:_identify(src/utils/custom_msgs) by extensions ['ros']
[0.835s] Level 1:colcon.colcon_core.package_identification:_identify(src/utils/custom_msgs) by extension 'ros'
[0.836s] DEBUG:colcon.colcon_core.package_identification:Package 'src/utils/custom_msgs' with type 'ros.ament_cmake' and name 'custom_msgs'
[0.837s] Level 1:colcon.colcon_core.package_identification:_identify(src/utils/ina219_driver) by extensions ['ignore', 'ignore_ament_install']
[0.837s] Level 1:colcon.colcon_core.package_identification:_identify(src/utils/ina219_driver) by extension 'ignore'
[0.838s] Level 1:colcon.colcon_core.package_identification:_identify(src/utils/ina219_driver) by extension 'ignore_ament_install'
[0.838s] Level 1:colcon.colcon_core.package_identification:_identify(src/utils/ina219_driver) by extensions ['colcon_pkg']
[0.838s] Level 1:colcon.colcon_core.package_identification:_identify(src/utils/ina219_driver) by extension 'colcon_pkg'
[0.838s] Level 1:colcon.colcon_core.package_identification:_identify(src/utils/ina219_driver) by extensions ['colcon_meta']
[0.838s] Level 1:colcon.colcon_core.package_identification:_identify(src/utils/ina219_driver) by extension 'colcon_meta'
[0.838s] Level 1:colcon.colcon_core.package_identification:_identify(src/utils/ina219_driver) by extensions ['ros']
[0.838s] Level 1:colcon.colcon_core.package_identification:_identify(src/utils/ina219_driver) by extension 'ros'
[0.841s] DEBUG:colcon.colcon_core.package_identification:Package 'src/utils/ina219_driver' with type 'ros.ament_cmake' and name 'ina219_driver'
[0.841s] Level 1:colcon.colcon_core.package_identification:_identify(src/utils/pca9685_driver) by extensions ['ignore', 'ignore_ament_install']
[0.842s] Level 1:colcon.colcon_core.package_identification:_identify(src/utils/pca9685_driver) by extension 'ignore'
[0.842s] Level 1:colcon.colcon_core.package_identification:_identify(src/utils/pca9685_driver) by extension 'ignore_ament_install'
[0.842s] Level 1:colcon.colcon_core.package_identification:_identify(src/utils/pca9685_driver) by extensions ['colcon_pkg']
[0.842s] Level 1:colcon.colcon_core.package_identification:_identify(src/utils/pca9685_driver) by extension 'colcon_pkg'
[0.842s] Level 1:colcon.colcon_core.package_identification:_identify(src/utils/pca9685_driver) by extensions ['colcon_meta']
[0.842s] Level 1:colcon.colcon_core.package_identification:_identify(src/utils/pca9685_driver) by extension 'colcon_meta'
[0.843s] Level 1:colcon.colcon_core.package_identification:_identify(src/utils/pca9685_driver) by extensions ['ros']
[0.843s] Level 1:colcon.colcon_core.package_identification:_identify(src/utils/pca9685_driver) by extension 'ros'
[0.845s] DEBUG:colcon.colcon_core.package_identification:Package 'src/utils/pca9685_driver' with type 'ros.ament_cmake' and name 'pca9685_driver'
[0.845s] Level 1:colcon.colcon_core.package_discovery:discover_packages(recursive) using defaults
[0.845s] Level 1:colcon.colcon_core.package_discovery:discover_packages(ignore) discover
[0.845s] Level 1:colcon.colcon_core.package_discovery:discover_packages(ignore) using defaults
[0.845s] Level 1:colcon.colcon_core.package_discovery:discover_packages(path) discover
[0.845s] Level 1:colcon.colcon_core.package_discovery:discover_packages(path) using defaults
[0.926s] INFO:colcon.colcon_core.package_selection:Skipping not selected package 'custom_msgs' in 'src/utils/custom_msgs'
[0.926s] INFO:colcon.colcon_core.package_selection:Skipping not selected package 'display_routine' in 'src/head_unit/display_routine'
[0.926s] INFO:colcon.colcon_core.package_selection:Skipping not selected package 'i2c_peripheral_stress_test' in 'src/head_unit/tests/i2c_peripheral_stress_test'
[0.926s] INFO:colcon.colcon_core.package_selection:Skipping not selected package 'can_interface' in 'src/bus_interfaces/can_interface'
[0.926s] INFO:colcon.colcon_core.package_selection:Skipping not selected package 'i2c_interface' in 'src/bus_interfaces/i2c_interface'
[0.927s] INFO:colcon.colcon_core.package_selection:Skipping not selected package 'ina219_driver' in 'src/utils/ina219_driver'
[0.927s] INFO:colcon.colcon_core.package_selection:Skipping not selected package 'oled_display' in 'src/peripherals/oled_display'
[0.927s] INFO:colcon.colcon_core.package_selection:Skipping not selected package 'pca9685_driver' in 'src/utils/pca9685_driver'
[0.927s] INFO:colcon.colcon_core.package_selection:Skipping not selected package 'speed_sensor' in 'src/peripherals/speed_sensor'
[0.927s] INFO:colcon.colcon_core.package_selection:Skipping not selected package 'battery' in 'src/peripherals/battery'
[0.927s] INFO:colcon.colcon_core.package_selection:Skipping not selected package 'dc_motors' in 'src/peripherals/dc_motors'
[0.927s] INFO:colcon.colcon_core.package_selection:Skipping not selected package 'servo_motor' in 'src/peripherals/servo_motor'
[0.929s] Level 1:colcon.colcon_core.package_discovery:discover_packages(prefix_path) check parameters
[0.929s] Level 1:colcon.colcon_core.package_discovery:discover_packages(prefix_path) discover
[0.940s] DEBUG:colcon.colcon_installed_package_information.package_discovery:Found 1 installed packages in /home/jetpack/SEAME-Cluster-24-25/JetRacer/install
[0.943s] DEBUG:colcon.colcon_installed_package_information.package_discovery:Found 10 installed packages in /home/jetpack/ros2_v4l2/install
[0.954s] DEBUG:colcon.colcon_installed_package_information.package_discovery:Found 291 installed packages in /opt/ros/jazzy
[0.959s] Level 1:colcon.colcon_core.package_discovery:discover_packages(prefix_path) using defaults
[1.158s] Level 5:colcon.colcon_core.verb:set package 'camera' build argument 'cmake_args' from command line to 'None'
[1.159s] Level 5:colcon.colcon_core.verb:set package 'camera' build argument 'cmake_target' from command line to 'None'
[1.159s] Level 5:colcon.colcon_core.verb:set package 'camera' build argument 'cmake_target_skip_unavailable' from command line to 'False'
[1.159s] Level 5:colcon.colcon_core.verb:set package 'camera' build argument 'cmake_clean_cache' from command line to 'False'
[1.159s] Level 5:colcon.colcon_core.verb:set package 'camera' build argument 'cmake_clean_first' from command line to 'False'
[1.159s] Level 5:colcon.colcon_core.verb:set package 'camera' build argument 'cmake_force_configure' from command line to 'False'
[1.159s] Level 5:colcon.colcon_core.verb:set package 'camera' build argument 'ament_cmake_args' from command line to 'None'
[1.159s] Level 5:colcon.colcon_core.verb:set package 'camera' build argument 'catkin_cmake_args' from command line to 'None'
[1.159s] Level 5:colcon.colcon_core.verb:set package 'camera' build argument 'catkin_skip_building_tests' from command line to 'False'
[1.160s] DEBUG:colcon.colcon_core.verb:Building package 'camera' with the following arguments: {'ament_cmake_args': None, 'build_base': '/home/jetpack/SEAME-Cluster-24-25/JetRacer/build/camera', 'catkin_cmake_args': None, 'catkin_skip_building_tests': False, 'cmake_args': None, 'cmake_clean_cache': False, 'cmake_clean_first': False, 'cmake_force_configure': False, 'cmake_target': None, 'cmake_target_skip_unavailable': False, 'install_base': '/home/jetpack/SEAME-Cluster-24-25/JetRacer/install/camera', 'merge_install': False, 'path': '/home/jetpack/SEAME-Cluster-24-25/JetRacer/src/peripherals/camera', 'symlink_install': False, 'test_result_base': None}
[1.160s] INFO:colcon.colcon_core.executor:Executing jobs using 'parallel' executor
[1.163s] DEBUG:colcon.colcon_parallel_executor.executor.parallel:run_until_complete
[1.165s] INFO:colcon.colcon_ros.task.ament_cmake.build:Building ROS package in '/home/jetpack/SEAME-Cluster-24-25/JetRacer/src/peripherals/camera' with build type 'ament_cmake'
[1.166s] INFO:colcon.colcon_cmake.task.cmake.build:Building CMake package in '/home/jetpack/SEAME-Cluster-24-25/JetRacer/src/peripherals/camera'
[1.174s] INFO:colcon.colcon_core.plugin_system:Skipping extension 'colcon_core.shell.bat': Not used on non-Windows systems
[1.174s] INFO:colcon.colcon_core.shell:Skip shell extension 'powershell' for command environment: Not usable outside of PowerShell
[1.175s] DEBUG:colcon.colcon_core.shell:Skip shell extension 'dsv' for command environment
[1.233s] DEBUG:colcon.colcon_core.event_handler.log_command:Invoking command in '/home/jetpack/SEAME-Cluster-24-25/JetRacer/build/camera': CMAKE_PREFIX_PATH=${CMAKE_PREFIX_PATH}:/opt/ros/jazzy /usr/bin/cmake --build /home/jetpack/SEAME-Cluster-24-25/JetRacer/build/camera -- -j4 -l4
[35.616s] DEBUG:colcon.colcon_core.event_handler.log_command:Invoked command in '/home/jetpack/SEAME-Cluster-24-25/JetRacer/build/camera' returned '0': CMAKE_PREFIX_PATH=${CMAKE_PREFIX_PATH}:/opt/ros/jazzy /usr/bin/cmake --build /home/jetpack/SEAME-Cluster-24-25/JetRacer/build/camera -- -j4 -l4
[35.680s] DEBUG:colcon.colcon_core.event_handler.log_command:Invoking command in '/home/jetpack/SEAME-Cluster-24-25/JetRacer/build/camera': CMAKE_PREFIX_PATH=${CMAKE_PREFIX_PATH}:/opt/ros/jazzy /usr/bin/cmake --install /home/jetpack/SEAME-Cluster-24-25/JetRacer/build/camera
[35.760s] Level 1:colcon.colcon_core.environment:create_environment_scripts_only(camera)
[35.761s] DEBUG:colcon.colcon_core.event_handler.log_command:Invoked command in '/home/jetpack/SEAME-Cluster-24-25/JetRacer/build/camera' returned '0': CMAKE_PREFIX_PATH=${CMAKE_PREFIX_PATH}:/opt/ros/jazzy /usr/bin/cmake --install /home/jetpack/SEAME-Cluster-24-25/JetRacer/build/camera
[35.773s] Level 1:colcon.colcon_core.environment:checking '/home/jetpack/SEAME-Cluster-24-25/JetRacer/install/camera' for CMake module files
[35.777s] Level 1:colcon.colcon_core.environment:checking '/home/jetpack/SEAME-Cluster-24-25/JetRacer/install/camera' for CMake config files
[35.779s] Level 1:colcon.colcon_core.shell:create_environment_hook('camera', 'cmake_prefix_path')
[35.779s] INFO:colcon.colcon_core.shell:Creating environment hook '/home/jetpack/SEAME-Cluster-24-25/JetRacer/install/camera/share/camera/hook/cmake_prefix_path.ps1'
[35.782s] INFO:colcon.colcon_core.shell:Creating environment descriptor '/home/jetpack/SEAME-Cluster-24-25/JetRacer/install/camera/share/camera/hook/cmake_prefix_path.dsv'
[35.784s] INFO:colcon.colcon_core.shell:Creating environment hook '/home/jetpack/SEAME-Cluster-24-25/JetRacer/install/camera/share/camera/hook/cmake_prefix_path.sh'
[35.787s] Level 1:colcon.colcon_core.environment:checking '/home/jetpack/SEAME-Cluster-24-25/JetRacer/install/camera/lib'
[35.788s] Level 1:colcon.colcon_core.environment:checking '/home/jetpack/SEAME-Cluster-24-25/JetRacer/install/camera/bin'
[35.788s] Level 1:colcon.colcon_core.environment:checking '/home/jetpack/SEAME-Cluster-24-25/JetRacer/install/camera/lib/pkgconfig/camera.pc'
[35.789s] Level 1:colcon.colcon_core.environment:checking '/home/jetpack/SEAME-Cluster-24-25/JetRacer/install/camera/lib/python3.12/site-packages'
[35.789s] Level 1:colcon.colcon_core.environment:checking '/home/jetpack/SEAME-Cluster-24-25/JetRacer/install/camera/bin'
[35.790s] INFO:colcon.colcon_core.shell:Creating package script '/home/jetpack/SEAME-Cluster-24-25/JetRacer/install/camera/share/camera/package.ps1'
[35.793s] INFO:colcon.colcon_core.shell:Creating package descriptor '/home/jetpack/SEAME-Cluster-24-25/JetRacer/install/camera/share/camera/package.dsv'
[35.795s] INFO:colcon.colcon_core.shell:Creating package script '/home/jetpack/SEAME-Cluster-24-25/JetRacer/install/camera/share/camera/package.sh'
[35.798s] INFO:colcon.colcon_core.shell:Creating package script '/home/jetpack/SEAME-Cluster-24-25/JetRacer/install/camera/share/camera/package.bash'
[35.801s] INFO:colcon.colcon_core.shell:Creating package script '/home/jetpack/SEAME-Cluster-24-25/JetRacer/install/camera/share/camera/package.zsh'
[35.803s] Level 1:colcon.colcon_core.environment:create_file_with_runtime_dependencies(/home/jetpack/SEAME-Cluster-24-25/JetRacer/install/camera/share/colcon-core/packages/camera)
[35.805s] Level 1:colcon.colcon_core.environment:create_environment_scripts_only(camera)
[35.806s] Level 1:colcon.colcon_core.environment:checking '/home/jetpack/SEAME-Cluster-24-25/JetRacer/install/camera' for CMake module files
[35.809s] Level 1:colcon.colcon_core.environment:checking '/home/jetpack/SEAME-Cluster-24-25/JetRacer/install/camera' for CMake config files
[35.810s] Level 1:colcon.colcon_core.shell:create_environment_hook('camera', 'cmake_prefix_path')
[35.811s] INFO:colcon.colcon_core.shell:Creating environment hook '/home/jetpack/SEAME-Cluster-24-25/JetRacer/install/camera/share/camera/hook/cmake_prefix_path.ps1'
[35.813s] INFO:colcon.colcon_core.shell:Creating environment descriptor '/home/jetpack/SEAME-Cluster-24-25/JetRacer/install/camera/share/camera/hook/cmake_prefix_path.dsv'
[35.814s] INFO:colcon.colcon_core.shell:Creating environment hook '/home/jetpack/SEAME-Cluster-24-25/JetRacer/install/camera/share/camera/hook/cmake_prefix_path.sh'
[35.817s] Level 1:colcon.colcon_core.environment:checking '/home/jetpack/SEAME-Cluster-24-25/JetRacer/install/camera/lib'
[35.817s] Level 1:colcon.colcon_core.environment:checking '/home/jetpack/SEAME-Cluster-24-25/JetRacer/install/camera/bin'
[35.817s] Level 1:colcon.colcon_core.environment:checking '/home/jetpack/SEAME-Cluster-24-25/JetRacer/install/camera/lib/pkgconfig/camera.pc'
[35.818s] Level 1:colcon.colcon_core.environment:checking '/home/jetpack/SEAME-Cluster-24-25/JetRacer/install/camera/lib/python3.12/site-packages'
[35.819s] Level 1:colcon.colcon_core.environment:checking '/home/jetpack/SEAME-Cluster-24-25/JetRacer/install/camera/bin'
[35.820s] INFO:colcon.colcon_core.shell:Creating package script '/home/jetpack/SEAME-Cluster-24-25/JetRacer/install/camera/share/camera/package.ps1'
[35.822s] INFO:colcon.colcon_core.shell:Creating package descriptor '/home/jetpack/SEAME-Cluster-24-25/JetRacer/install/camera/share/camera/package.dsv'
[35.824s] INFO:colcon.colcon_core.shell:Creating package script '/home/jetpack/SEAME-Cluster-24-25/JetRacer/install/camera/share/camera/package.sh'
[35.826s] INFO:colcon.colcon_core.shell:Creating package script '/home/jetpack/SEAME-Cluster-24-25/JetRacer/install/camera/share/camera/package.bash'
[35.828s] INFO:colcon.colcon_core.shell:Creating package script '/home/jetpack/SEAME-Cluster-24-25/JetRacer/install/camera/share/camera/package.zsh'
[35.831s] Level 1:colcon.colcon_core.environment:create_file_with_runtime_dependencies(/home/jetpack/SEAME-Cluster-24-25/JetRacer/install/camera/share/colcon-core/packages/camera)
[35.832s] DEBUG:colcon.colcon_parallel_executor.executor.parallel:closing loop
[35.834s] DEBUG:colcon.colcon_parallel_executor.executor.parallel:loop closed
[35.834s] DEBUG:colcon.colcon_parallel_executor.executor.parallel:run_until_complete finished with '0'
[35.834s] DEBUG:colcon.colcon_core.event_reactor:joining thread
[35.860s] INFO:colcon.colcon_core.plugin_system:Skipping extension 'colcon_notification.desktop_notification.terminal_notifier': Not used on non-Darwin systems
[35.860s] INFO:colcon.colcon_core.plugin_system:Skipping extension 'colcon_notification.desktop_notification.win32': Not used on non-Windows systems
[35.860s] INFO:colcon.colcon_notification.desktop_notification:Sending desktop notification using 'notify2'
[35.865s] DEBUG:colcon.colcon_notification.desktop_notification.notify2:Failed to initialize notify2: org.freedesktop.DBus.Error.ServiceUnknown: The name org.freedesktop.Notifications was not provided by any .service files
[35.866s] DEBUG:colcon.colcon_core.event_reactor:joined thread
[35.867s] INFO:colcon.colcon_core.shell:Creating prefix script '/home/jetpack/SEAME-Cluster-24-25/JetRacer/install/local_setup.ps1'
[35.870s] INFO:colcon.colcon_core.shell:Creating prefix util module '/home/jetpack/SEAME-Cluster-24-25/JetRacer/install/_local_setup_util_ps1.py'
[35.876s] INFO:colcon.colcon_core.shell:Creating prefix chain script '/home/jetpack/SEAME-Cluster-24-25/JetRacer/install/setup.ps1'
[35.883s] INFO:colcon.colcon_core.shell:Creating prefix script '/home/jetpack/SEAME-Cluster-24-25/JetRacer/install/local_setup.sh'
[35.885s] INFO:colcon.colcon_core.shell:Creating prefix util module '/home/jetpack/SEAME-Cluster-24-25/JetRacer/install/_local_setup_util_sh.py'
[35.888s] INFO:colcon.colcon_core.shell:Creating prefix chain script '/home/jetpack/SEAME-Cluster-24-25/JetRacer/install/setup.sh'
[35.895s] INFO:colcon.colcon_core.shell:Creating prefix script '/home/jetpack/SEAME-Cluster-24-25/JetRacer/install/local_setup.bash'
[35.897s] INFO:colcon.colcon_core.shell:Creating prefix chain script '/home/jetpack/SEAME-Cluster-24-25/JetRacer/install/setup.bash'
[35.904s] INFO:colcon.colcon_core.shell:Creating prefix script '/home/jetpack/SEAME-Cluster-24-25/JetRacer/install/local_setup.zsh'
[35.906s] INFO:colcon.colcon_core.shell:Creating prefix chain script '/home/jetpack/SEAME-Cluster-24-25/JetRacer/install/setup.zsh'
